[2026-06-25T03:20:44.937+0000] {processor.py:186} INFO - Started process (PID=19431) to work on /opt/airflow/dags/competition_gold_dag.py
[2026-06-25T03:20:44.939+0000] {processor.py:914} INFO - Processing file /opt/airflow/dags/competition_gold_dag.py for tasks to queue
[2026-06-25T03:20:44.941+0000] {logging_mixin.py:190} INFO - [2026-06-25T03:20:44.941+0000] {dagbag.py:588} INFO - Filling up the DagBag from /opt/airflow/dags/competition_gold_dag.py
[2026-06-25T03:20:45.529+0000] {processor.py:925} INFO - DAG(s) 'competition_gold_dag' retrieved from /opt/airflow/dags/competition_gold_dag.py
[2026-06-25T03:20:45.546+0000] {logging_mixin.py:190} INFO - [2026-06-25T03:20:45.546+0000] {dag.py:3239} INFO - Sync 1 DAGs
[2026-06-25T03:20:45.560+0000] {logging_mixin.py:190} INFO - [2026-06-25T03:20:45.560+0000] {dag.py:4180} INFO - Setting next_dagrun for competition_gold_dag to 2026-06-25 00:00:00+00:00, run_after=2026-06-26 00:00:00+00:00
[2026-06-25T03:20:45.580+0000] {processor.py:208} INFO - Processing /opt/airflow/dags/competition_gold_dag.py took 0.649 seconds
[2026-06-25T03:21:16.566+0000] {processor.py:186} INFO - Started process (PID=19448) to work on /opt/airflow/dags/competition_gold_dag.py
[2026-06-25T03:21:16.568+0000] {processor.py:914} INFO - Processing file /opt/airflow/dags/competition_gold_dag.py for tasks to queue
[2026-06-25T03:21:16.571+0000] {logging_mixin.py:190} INFO - [2026-06-25T03:21:16.570+0000] {dagbag.py:588} INFO - Filling up the DagBag from /opt/airflow/dags/competition_gold_dag.py
[2026-06-25T03:21:17.283+0000] {processor.py:925} INFO - DAG(s) 'competition_gold_dag' retrieved from /opt/airflow/dags/competition_gold_dag.py
[2026-06-25T03:21:17.299+0000] {logging_mixin.py:190} INFO - [2026-06-25T03:21:17.298+0000] {dag.py:3239} INFO - Sync 1 DAGs
[2026-06-25T03:21:17.315+0000] {logging_mixin.py:190} INFO - [2026-06-25T03:21:17.314+0000] {dag.py:4180} INFO - Setting next_dagrun for competition_gold_dag to 2026-06-25 00:00:00+00:00, run_after=2026-06-26 00:00:00+00:00
[2026-06-25T03:21:17.343+0000] {processor.py:208} INFO - Processing /opt/airflow/dags/competition_gold_dag.py took 0.784 seconds
[2026-06-25T03:21:48.892+0000] {processor.py:186} INFO - Started process (PID=19465) to work on /opt/airflow/dags/competition_gold_dag.py
[2026-06-25T03:21:48.894+0000] {processor.py:914} INFO - Processing file /opt/airflow/dags/competition_gold_dag.py for tasks to queue
[2026-06-25T03:21:48.896+0000] {logging_mixin.py:190} INFO - [2026-06-25T03:21:48.895+0000] {dagbag.py:588} INFO - Filling up the DagBag from /opt/airflow/dags/competition_gold_dag.py
[2026-06-25T03:21:49.539+0000] {processor.py:925} INFO - DAG(s) 'competition_gold_dag' retrieved from /opt/airflow/dags/competition_gold_dag.py
[2026-06-25T03:21:49.555+0000] {logging_mixin.py:190} INFO - [2026-06-25T03:21:49.554+0000] {dag.py:3239} INFO - Sync 1 DAGs
[2026-06-25T03:21:49.571+0000] {logging_mixin.py:190} INFO - [2026-06-25T03:21:49.571+0000] {dag.py:4180} INFO - Setting next_dagrun for competition_gold_dag to 2026-06-25 00:00:00+00:00, run_after=2026-06-26 00:00:00+00:00
[2026-06-25T03:21:49.594+0000] {processor.py:208} INFO - Processing /opt/airflow/dags/competition_gold_dag.py took 0.707 seconds
[2026-06-25T03:22:21.240+0000] {processor.py:186} INFO - Started process (PID=19482) to work on /opt/airflow/dags/competition_gold_dag.py
[2026-06-25T03:22:21.242+0000] {processor.py:914} INFO - Processing file /opt/airflow/dags/competition_gold_dag.py for tasks to queue
[2026-06-25T03:22:21.245+0000] {logging_mixin.py:190} INFO - [2026-06-25T03:22:21.245+0000] {dagbag.py:588} INFO - Filling up the DagBag from /opt/airflow/dags/competition_gold_dag.py
[2026-06-25T03:22:22.152+0000] {processor.py:925} INFO - DAG(s) 'competition_gold_dag' retrieved from /opt/airflow/dags/competition_gold_dag.py
[2026-06-25T03:22:22.167+0000] {logging_mixin.py:190} INFO - [2026-06-25T03:22:22.167+0000] {dag.py:3239} INFO - Sync 1 DAGs
[2026-06-25T03:22:22.182+0000] {logging_mixin.py:190} INFO - [2026-06-25T03:22:22.181+0000] {dag.py:4180} INFO - Setting next_dagrun for competition_gold_dag to 2026-06-25 00:00:00+00:00, run_after=2026-06-26 00:00:00+00:00
[2026-06-25T03:22:22.204+0000] {processor.py:208} INFO - Processing /opt/airflow/dags/competition_gold_dag.py took 0.969 seconds
[2026-06-25T03:22:53.734+0000] {processor.py:186} INFO - Started process (PID=19499) to work on /opt/airflow/dags/competition_gold_dag.py
[2026-06-25T03:22:53.737+0000] {processor.py:914} INFO - Processing file /opt/airflow/dags/competition_gold_dag.py for tasks to queue
[2026-06-25T03:22:53.742+0000] {logging_mixin.py:190} INFO - [2026-06-25T03:22:53.741+0000] {dagbag.py:588} INFO - Filling up the DagBag from /opt/airflow/dags/competition_gold_dag.py
[2026-06-25T03:22:54.807+0000] {processor.py:925} INFO - DAG(s) 'competition_gold_dag' retrieved from /opt/airflow/dags/competition_gold_dag.py
[2026-06-25T03:22:54.847+0000] {logging_mixin.py:190} INFO - [2026-06-25T03:22:54.846+0000] {dag.py:3239} INFO - Sync 1 DAGs
[2026-06-25T03:22:54.873+0000] {logging_mixin.py:190} INFO - [2026-06-25T03:22:54.873+0000] {dag.py:4180} INFO - Setting next_dagrun for competition_gold_dag to 2026-06-25 00:00:00+00:00, run_after=2026-06-26 00:00:00+00:00
[2026-06-25T03:22:54.908+0000] {processor.py:208} INFO - Processing /opt/airflow/dags/competition_gold_dag.py took 1.183 seconds
[2026-06-25T03:23:26.558+0000] {processor.py:186} INFO - Started process (PID=19516) to work on /opt/airflow/dags/competition_gold_dag.py
[2026-06-25T03:23:26.560+0000] {processor.py:914} INFO - Processing file /opt/airflow/dags/competition_gold_dag.py for tasks to queue
[2026-06-25T03:23:26.563+0000] {logging_mixin.py:190} INFO - [2026-06-25T03:23:26.562+0000] {dagbag.py:588} INFO - Filling up the DagBag from /opt/airflow/dags/competition_gold_dag.py
[2026-06-25T03:23:27.272+0000] {processor.py:925} INFO - DAG(s) 'competition_gold_dag' retrieved from /opt/airflow/dags/competition_gold_dag.py
[2026-06-25T03:23:27.287+0000] {logging_mixin.py:190} INFO - [2026-06-25T03:23:27.287+0000] {dag.py:3239} INFO - Sync 1 DAGs
[2026-06-25T03:23:27.304+0000] {logging_mixin.py:190} INFO - [2026-06-25T03:23:27.304+0000] {dag.py:4180} INFO - Setting next_dagrun for competition_gold_dag to 2026-06-25 00:00:00+00:00, run_after=2026-06-26 00:00:00+00:00
[2026-06-25T03:23:27.330+0000] {processor.py:208} INFO - Processing /opt/airflow/dags/competition_gold_dag.py took 0.778 seconds
[2026-06-25T03:23:59.258+0000] {processor.py:186} INFO - Started process (PID=19533) to work on /opt/airflow/dags/competition_gold_dag.py
[2026-06-25T03:23:59.260+0000] {processor.py:914} INFO - Processing file /opt/airflow/dags/competition_gold_dag.py for tasks to queue
[2026-06-25T03:23:59.262+0000] {logging_mixin.py:190} INFO - [2026-06-25T03:23:59.261+0000] {dagbag.py:588} INFO - Filling up the DagBag from /opt/airflow/dags/competition_gold_dag.py
[2026-06-25T03:23:59.987+0000] {processor.py:925} INFO - DAG(s) 'competition_gold_dag' retrieved from /opt/airflow/dags/competition_gold_dag.py
[2026-06-25T03:24:00.003+0000] {logging_mixin.py:190} INFO - [2026-06-25T03:24:00.002+0000] {dag.py:3239} INFO - Sync 1 DAGs
[2026-06-25T03:24:00.026+0000] {logging_mixin.py:190} INFO - [2026-06-25T03:24:00.026+0000] {dag.py:4180} INFO - Setting next_dagrun for competition_gold_dag to 2026-06-25 00:00:00+00:00, run_after=2026-06-26 00:00:00+00:00
[2026-06-25T03:24:00.062+0000] {processor.py:208} INFO - Processing /opt/airflow/dags/competition_gold_dag.py took 0.811 seconds
[2026-06-25T03:24:31.885+0000] {processor.py:186} INFO - Started process (PID=19550) to work on /opt/airflow/dags/competition_gold_dag.py
[2026-06-25T03:24:31.888+0000] {processor.py:914} INFO - Processing file /opt/airflow/dags/competition_gold_dag.py for tasks to queue
[2026-06-25T03:24:31.890+0000] {logging_mixin.py:190} INFO - [2026-06-25T03:24:31.890+0000] {dagbag.py:588} INFO - Filling up the DagBag from /opt/airflow/dags/competition_gold_dag.py
[2026-06-25T03:24:32.682+0000] {processor.py:925} INFO - DAG(s) 'competition_gold_dag' retrieved from /opt/airflow/dags/competition_gold_dag.py
[2026-06-25T03:24:32.705+0000] {logging_mixin.py:190} INFO - [2026-06-25T03:24:32.703+0000] {dag.py:3239} INFO - Sync 1 DAGs
[2026-06-25T03:24:32.723+0000] {logging_mixin.py:190} INFO - [2026-06-25T03:24:32.723+0000] {dag.py:4180} INFO - Setting next_dagrun for competition_gold_dag to 2026-06-25 00:00:00+00:00, run_after=2026-06-26 00:00:00+00:00
[2026-06-25T03:24:32.756+0000] {processor.py:208} INFO - Processing /opt/airflow/dags/competition_gold_dag.py took 0.877 seconds
[2026-06-25T03:25:04.353+0000] {processor.py:186} INFO - Started process (PID=19567) to work on /opt/airflow/dags/competition_gold_dag.py
[2026-06-25T03:25:04.355+0000] {processor.py:914} INFO - Processing file /opt/airflow/dags/competition_gold_dag.py for tasks to queue
[2026-06-25T03:25:04.357+0000] {logging_mixin.py:190} INFO - [2026-06-25T03:25:04.357+0000] {dagbag.py:588} INFO - Filling up the DagBag from /opt/airflow/dags/competition_gold_dag.py
[2026-06-25T03:25:05.069+0000] {processor.py:925} INFO - DAG(s) 'competition_gold_dag' retrieved from /opt/airflow/dags/competition_gold_dag.py
[2026-06-25T03:25:05.095+0000] {logging_mixin.py:190} INFO - [2026-06-25T03:25:05.094+0000] {dag.py:3239} INFO - Sync 1 DAGs
[2026-06-25T03:25:05.125+0000] {logging_mixin.py:190} INFO - [2026-06-25T03:25:05.124+0000] {dag.py:4180} INFO - Setting next_dagrun for competition_gold_dag to 2026-06-25 00:00:00+00:00, run_after=2026-06-26 00:00:00+00:00
[2026-06-25T03:25:05.153+0000] {processor.py:208} INFO - Processing /opt/airflow/dags/competition_gold_dag.py took 0.807 seconds
[2026-06-25T03:25:37.222+0000] {processor.py:186} INFO - Started process (PID=19584) to work on /opt/airflow/dags/competition_gold_dag.py
[2026-06-25T03:25:37.225+0000] {processor.py:914} INFO - Processing file /opt/airflow/dags/competition_gold_dag.py for tasks to queue
[2026-06-25T03:25:37.228+0000] {logging_mixin.py:190} INFO - [2026-06-25T03:25:37.228+0000] {dagbag.py:588} INFO - Filling up the DagBag from /opt/airflow/dags/competition_gold_dag.py
[2026-06-25T03:25:38.074+0000] {processor.py:925} INFO - DAG(s) 'competition_gold_dag' retrieved from /opt/airflow/dags/competition_gold_dag.py
[2026-06-25T03:25:38.098+0000] {logging_mixin.py:190} INFO - [2026-06-25T03:25:38.097+0000] {dag.py:3239} INFO - Sync 1 DAGs
[2026-06-25T03:25:38.122+0000] {logging_mixin.py:190} INFO - [2026-06-25T03:25:38.122+0000] {dag.py:4180} INFO - Setting next_dagrun for competition_gold_dag to 2026-06-25 00:00:00+00:00, run_after=2026-06-26 00:00:00+00:00
[2026-06-25T03:25:38.150+0000] {processor.py:208} INFO - Processing /opt/airflow/dags/competition_gold_dag.py took 0.934 seconds
[2026-06-25T03:26:12.770+0000] {processor.py:186} INFO - Started process (PID=19601) to work on /opt/airflow/dags/competition_gold_dag.py
[2026-06-25T03:26:12.774+0000] {processor.py:914} INFO - Processing file /opt/airflow/dags/competition_gold_dag.py for tasks to queue
[2026-06-25T03:26:12.777+0000] {logging_mixin.py:190} INFO - [2026-06-25T03:26:12.776+0000] {dagbag.py:588} INFO - Filling up the DagBag from /opt/airflow/dags/competition_gold_dag.py
[2026-06-25T03:26:13.496+0000] {processor.py:925} INFO - DAG(s) 'competition_gold_dag' retrieved from /opt/airflow/dags/competition_gold_dag.py
[2026-06-25T03:26:13.509+0000] {logging_mixin.py:190} INFO - [2026-06-25T03:26:13.509+0000] {dag.py:3239} INFO - Sync 1 DAGs
[2026-06-25T03:26:13.524+0000] {logging_mixin.py:190} INFO - [2026-06-25T03:26:13.524+0000] {dag.py:4180} INFO - Setting next_dagrun for competition_gold_dag to 2026-06-25 00:00:00+00:00, run_after=2026-06-26 00:00:00+00:00
[2026-06-25T03:26:13.546+0000] {processor.py:208} INFO - Processing /opt/airflow/dags/competition_gold_dag.py took 0.783 seconds
[2026-06-25T03:26:44.243+0000] {processor.py:186} INFO - Started process (PID=19618) to work on /opt/airflow/dags/competition_gold_dag.py
[2026-06-25T03:26:44.245+0000] {processor.py:914} INFO - Processing file /opt/airflow/dags/competition_gold_dag.py for tasks to queue
[2026-06-25T03:26:44.247+0000] {logging_mixin.py:190} INFO - [2026-06-25T03:26:44.246+0000] {dagbag.py:588} INFO - Filling up the DagBag from /opt/airflow/dags/competition_gold_dag.py
[2026-06-25T03:26:44.921+0000] {processor.py:925} INFO - DAG(s) 'competition_gold_dag' retrieved from /opt/airflow/dags/competition_gold_dag.py
[2026-06-25T03:26:44.937+0000] {logging_mixin.py:190} INFO - [2026-06-25T03:26:44.937+0000] {dag.py:3239} INFO - Sync 1 DAGs
[2026-06-25T03:26:44.952+0000] {logging_mixin.py:190} INFO - [2026-06-25T03:26:44.952+0000] {dag.py:4180} INFO - Setting next_dagrun for competition_gold_dag to 2026-06-25 00:00:00+00:00, run_after=2026-06-26 00:00:00+00:00
[2026-06-25T03:26:44.976+0000] {processor.py:208} INFO - Processing /opt/airflow/dags/competition_gold_dag.py took 0.740 seconds
[2026-06-25T03:27:15.295+0000] {processor.py:186} INFO - Started process (PID=19635) to work on /opt/airflow/dags/competition_gold_dag.py
[2026-06-25T03:27:15.296+0000] {processor.py:914} INFO - Processing file /opt/airflow/dags/competition_gold_dag.py for tasks to queue
[2026-06-25T03:27:15.299+0000] {logging_mixin.py:190} INFO - [2026-06-25T03:27:15.299+0000] {dagbag.py:588} INFO - Filling up the DagBag from /opt/airflow/dags/competition_gold_dag.py
[2026-06-25T03:27:16.020+0000] {processor.py:925} INFO - DAG(s) 'competition_gold_dag' retrieved from /opt/airflow/dags/competition_gold_dag.py
[2026-06-25T03:27:16.046+0000] {logging_mixin.py:190} INFO - [2026-06-25T03:27:16.045+0000] {dag.py:3239} INFO - Sync 1 DAGs
[2026-06-25T03:27:16.067+0000] {logging_mixin.py:190} INFO - [2026-06-25T03:27:16.067+0000] {dag.py:4180} INFO - Setting next_dagrun for competition_gold_dag to 2026-06-25 00:00:00+00:00, run_after=2026-06-26 00:00:00+00:00
[2026-06-25T03:27:16.097+0000] {processor.py:208} INFO - Processing /opt/airflow/dags/competition_gold_dag.py took 0.808 seconds
[2026-06-25T03:27:47.253+0000] {processor.py:186} INFO - Started process (PID=19652) to work on /opt/airflow/dags/competition_gold_dag.py
[2026-06-25T03:27:47.255+0000] {processor.py:914} INFO - Processing file /opt/airflow/dags/competition_gold_dag.py for tasks to queue
[2026-06-25T03:27:47.258+0000] {logging_mixin.py:190} INFO - [2026-06-25T03:27:47.257+0000] {dagbag.py:588} INFO - Filling up the DagBag from /opt/airflow/dags/competition_gold_dag.py
[2026-06-25T03:27:48.039+0000] {processor.py:925} INFO - DAG(s) 'competition_gold_dag' retrieved from /opt/airflow/dags/competition_gold_dag.py
[2026-06-25T03:27:48.055+0000] {logging_mixin.py:190} INFO - [2026-06-25T03:27:48.054+0000] {dag.py:3239} INFO - Sync 1 DAGs
[2026-06-25T03:27:48.071+0000] {logging_mixin.py:190} INFO - [2026-06-25T03:27:48.070+0000] {dag.py:4180} INFO - Setting next_dagrun for competition_gold_dag to 2026-06-25 00:00:00+00:00, run_after=2026-06-26 00:00:00+00:00
[2026-06-25T03:27:48.093+0000] {processor.py:208} INFO - Processing /opt/airflow/dags/competition_gold_dag.py took 0.846 seconds
[2026-06-25T03:28:19.096+0000] {processor.py:186} INFO - Started process (PID=19669) to work on /opt/airflow/dags/competition_gold_dag.py
[2026-06-25T03:28:19.099+0000] {processor.py:914} INFO - Processing file /opt/airflow/dags/competition_gold_dag.py for tasks to queue
[2026-06-25T03:28:19.101+0000] {logging_mixin.py:190} INFO - [2026-06-25T03:28:19.101+0000] {dagbag.py:588} INFO - Filling up the DagBag from /opt/airflow/dags/competition_gold_dag.py
[2026-06-25T03:28:19.690+0000] {processor.py:925} INFO - DAG(s) 'competition_gold_dag' retrieved from /opt/airflow/dags/competition_gold_dag.py
[2026-06-25T03:28:19.705+0000] {logging_mixin.py:190} INFO - [2026-06-25T03:28:19.704+0000] {dag.py:3239} INFO - Sync 1 DAGs
[2026-06-25T03:28:19.719+0000] {logging_mixin.py:190} INFO - [2026-06-25T03:28:19.719+0000] {dag.py:4180} INFO - Setting next_dagrun for competition_gold_dag to 2026-06-25 00:00:00+00:00, run_after=2026-06-26 00:00:00+00:00
[2026-06-25T03:28:19.738+0000] {processor.py:208} INFO - Processing /opt/airflow/dags/competition_gold_dag.py took 0.650 seconds
[2026-06-25T03:28:51.019+0000] {processor.py:186} INFO - Started process (PID=19686) to work on /opt/airflow/dags/competition_gold_dag.py
[2026-06-25T03:28:51.021+0000] {processor.py:914} INFO - Processing file /opt/airflow/dags/competition_gold_dag.py for tasks to queue
[2026-06-25T03:28:51.024+0000] {logging_mixin.py:190} INFO - [2026-06-25T03:28:51.023+0000] {dagbag.py:588} INFO - Filling up the DagBag from /opt/airflow/dags/competition_gold_dag.py
[2026-06-25T03:28:51.701+0000] {processor.py:925} INFO - DAG(s) 'competition_gold_dag' retrieved from /opt/airflow/dags/competition_gold_dag.py
[2026-06-25T03:28:51.718+0000] {logging_mixin.py:190} INFO - [2026-06-25T03:28:51.718+0000] {dag.py:3239} INFO - Sync 1 DAGs
[2026-06-25T03:28:51.739+0000] {logging_mixin.py:190} INFO - [2026-06-25T03:28:51.739+0000] {dag.py:4180} INFO - Setting next_dagrun for competition_gold_dag to 2026-06-25 00:00:00+00:00, run_after=2026-06-26 00:00:00+00:00
[2026-06-25T03:28:51.758+0000] {processor.py:208} INFO - Processing /opt/airflow/dags/competition_gold_dag.py took 0.745 seconds
[2026-06-25T03:29:23.332+0000] {processor.py:186} INFO - Started process (PID=19703) to work on /opt/airflow/dags/competition_gold_dag.py
[2026-06-25T03:29:23.334+0000] {processor.py:914} INFO - Processing file /opt/airflow/dags/competition_gold_dag.py for tasks to queue
[2026-06-25T03:29:23.336+0000] {logging_mixin.py:190} INFO - [2026-06-25T03:29:23.336+0000] {dagbag.py:588} INFO - Filling up the DagBag from /opt/airflow/dags/competition_gold_dag.py
[2026-06-25T03:29:24.017+0000] {processor.py:925} INFO - DAG(s) 'competition_gold_dag' retrieved from /opt/airflow/dags/competition_gold_dag.py
[2026-06-25T03:29:24.039+0000] {logging_mixin.py:190} INFO - [2026-06-25T03:29:24.039+0000] {dag.py:3239} INFO - Sync 1 DAGs
[2026-06-25T03:29:24.068+0000] {logging_mixin.py:190} INFO - [2026-06-25T03:29:24.068+0000] {dag.py:4180} INFO - Setting next_dagrun for competition_gold_dag to 2026-06-25 00:00:00+00:00, run_after=2026-06-26 00:00:00+00:00
[2026-06-25T03:29:24.099+0000] {processor.py:208} INFO - Processing /opt/airflow/dags/competition_gold_dag.py took 0.773 seconds
[2026-06-25T03:29:55.650+0000] {processor.py:186} INFO - Started process (PID=19720) to work on /opt/airflow/dags/competition_gold_dag.py
[2026-06-25T03:29:55.653+0000] {processor.py:914} INFO - Processing file /opt/airflow/dags/competition_gold_dag.py for tasks to queue
[2026-06-25T03:29:55.657+0000] {logging_mixin.py:190} INFO - [2026-06-25T03:29:55.656+0000] {dagbag.py:588} INFO - Filling up the DagBag from /opt/airflow/dags/competition_gold_dag.py
[2026-06-25T03:29:56.374+0000] {processor.py:925} INFO - DAG(s) 'competition_gold_dag' retrieved from /opt/airflow/dags/competition_gold_dag.py
[2026-06-25T03:29:56.394+0000] {logging_mixin.py:190} INFO - [2026-06-25T03:29:56.393+0000] {dag.py:3239} INFO - Sync 1 DAGs
[2026-06-25T03:29:56.413+0000] {logging_mixin.py:190} INFO - [2026-06-25T03:29:56.412+0000] {dag.py:4180} INFO - Setting next_dagrun for competition_gold_dag to 2026-06-25 00:00:00+00:00, run_after=2026-06-26 00:00:00+00:00
[2026-06-25T03:29:56.435+0000] {processor.py:208} INFO - Processing /opt/airflow/dags/competition_gold_dag.py took 0.794 seconds
[2026-06-25T03:30:28.022+0000] {processor.py:186} INFO - Started process (PID=19737) to work on /opt/airflow/dags/competition_gold_dag.py
[2026-06-25T03:30:28.024+0000] {processor.py:914} INFO - Processing file /opt/airflow/dags/competition_gold_dag.py for tasks to queue
[2026-06-25T03:30:28.026+0000] {logging_mixin.py:190} INFO - [2026-06-25T03:30:28.025+0000] {dagbag.py:588} INFO - Filling up the DagBag from /opt/airflow/dags/competition_gold_dag.py
[2026-06-25T03:30:28.672+0000] {processor.py:925} INFO - DAG(s) 'competition_gold_dag' retrieved from /opt/airflow/dags/competition_gold_dag.py
[2026-06-25T03:30:28.687+0000] {logging_mixin.py:190} INFO - [2026-06-25T03:30:28.687+0000] {dag.py:3239} INFO - Sync 1 DAGs
[2026-06-25T03:30:28.702+0000] {logging_mixin.py:190} INFO - [2026-06-25T03:30:28.702+0000] {dag.py:4180} INFO - Setting next_dagrun for competition_gold_dag to 2026-06-25 00:00:00+00:00, run_after=2026-06-26 00:00:00+00:00
[2026-06-25T03:30:28.719+0000] {processor.py:208} INFO - Processing /opt/airflow/dags/competition_gold_dag.py took 0.706 seconds
[2026-06-25T03:31:01.146+0000] {processor.py:186} INFO - Started process (PID=19754) to work on /opt/airflow/dags/competition_gold_dag.py
[2026-06-25T03:31:01.150+0000] {processor.py:914} INFO - Processing file /opt/airflow/dags/competition_gold_dag.py for tasks to queue
[2026-06-25T03:31:01.155+0000] {logging_mixin.py:190} INFO - [2026-06-25T03:31:01.154+0000] {dagbag.py:588} INFO - Filling up the DagBag from /opt/airflow/dags/competition_gold_dag.py
[2026-06-25T03:31:01.963+0000] {processor.py:925} INFO - DAG(s) 'competition_gold_dag' retrieved from /opt/airflow/dags/competition_gold_dag.py
[2026-06-25T03:31:01.982+0000] {logging_mixin.py:190} INFO - [2026-06-25T03:31:01.981+0000] {dag.py:3239} INFO - Sync 1 DAGs
[2026-06-25T03:31:01.999+0000] {logging_mixin.py:190} INFO - [2026-06-25T03:31:01.999+0000] {dag.py:4180} INFO - Setting next_dagrun for competition_gold_dag to 2026-06-25 00:00:00+00:00, run_after=2026-06-26 00:00:00+00:00
[2026-06-25T03:31:02.022+0000] {processor.py:208} INFO - Processing /opt/airflow/dags/competition_gold_dag.py took 0.883 seconds
[2026-06-25T03:31:33.661+0000] {processor.py:186} INFO - Started process (PID=19771) to work on /opt/airflow/dags/competition_gold_dag.py
[2026-06-25T03:31:33.663+0000] {processor.py:914} INFO - Processing file /opt/airflow/dags/competition_gold_dag.py for tasks to queue
[2026-06-25T03:31:33.665+0000] {logging_mixin.py:190} INFO - [2026-06-25T03:31:33.665+0000] {dagbag.py:588} INFO - Filling up the DagBag from /opt/airflow/dags/competition_gold_dag.py
[2026-06-25T03:31:34.342+0000] {processor.py:925} INFO - DAG(s) 'competition_gold_dag' retrieved from /opt/airflow/dags/competition_gold_dag.py
[2026-06-25T03:31:34.363+0000] {logging_mixin.py:190} INFO - [2026-06-25T03:31:34.363+0000] {dag.py:3239} INFO - Sync 1 DAGs
[2026-06-25T03:31:34.379+0000] {logging_mixin.py:190} INFO - [2026-06-25T03:31:34.379+0000] {dag.py:4180} INFO - Setting next_dagrun for competition_gold_dag to 2026-06-25 00:00:00+00:00, run_after=2026-06-26 00:00:00+00:00
[2026-06-25T03:31:34.399+0000] {processor.py:208} INFO - Processing /opt/airflow/dags/competition_gold_dag.py took 0.748 seconds
[2026-06-25T03:32:06.294+0000] {processor.py:186} INFO - Started process (PID=19788) to work on /opt/airflow/dags/competition_gold_dag.py
[2026-06-25T03:32:06.296+0000] {processor.py:914} INFO - Processing file /opt/airflow/dags/competition_gold_dag.py for tasks to queue
[2026-06-25T03:32:06.298+0000] {logging_mixin.py:190} INFO - [2026-06-25T03:32:06.298+0000] {dagbag.py:588} INFO - Filling up the DagBag from /opt/airflow/dags/competition_gold_dag.py
[2026-06-25T03:32:06.985+0000] {processor.py:925} INFO - DAG(s) 'competition_gold_dag' retrieved from /opt/airflow/dags/competition_gold_dag.py
[2026-06-25T03:32:06.999+0000] {logging_mixin.py:190} INFO - [2026-06-25T03:32:06.999+0000] {dag.py:3239} INFO - Sync 1 DAGs
[2026-06-25T03:32:07.016+0000] {logging_mixin.py:190} INFO - [2026-06-25T03:32:07.016+0000] {dag.py:4180} INFO - Setting next_dagrun for competition_gold_dag to 2026-06-25 00:00:00+00:00, run_after=2026-06-26 00:00:00+00:00
[2026-06-25T03:32:07.039+0000] {processor.py:208} INFO - Processing /opt/airflow/dags/competition_gold_dag.py took 0.751 seconds
[2026-06-25T03:32:38.534+0000] {processor.py:186} INFO - Started process (PID=19805) to work on /opt/airflow/dags/competition_gold_dag.py
[2026-06-25T03:32:38.536+0000] {processor.py:914} INFO - Processing file /opt/airflow/dags/competition_gold_dag.py for tasks to queue
[2026-06-25T03:32:38.538+0000] {logging_mixin.py:190} INFO - [2026-06-25T03:32:38.538+0000] {dagbag.py:588} INFO - Filling up the DagBag from /opt/airflow/dags/competition_gold_dag.py
[2026-06-25T03:32:39.263+0000] {processor.py:925} INFO - DAG(s) 'competition_gold_dag' retrieved from /opt/airflow/dags/competition_gold_dag.py
[2026-06-25T03:32:39.283+0000] {logging_mixin.py:190} INFO - [2026-06-25T03:32:39.283+0000] {dag.py:3239} INFO - Sync 1 DAGs
[2026-06-25T03:32:39.302+0000] {logging_mixin.py:190} INFO - [2026-06-25T03:32:39.301+0000] {dag.py:4180} INFO - Setting next_dagrun for competition_gold_dag to 2026-06-25 00:00:00+00:00, run_after=2026-06-26 00:00:00+00:00
[2026-06-25T03:32:39.322+0000] {processor.py:208} INFO - Processing /opt/airflow/dags/competition_gold_dag.py took 0.796 seconds
[2026-06-25T03:33:11.397+0000] {processor.py:186} INFO - Started process (PID=19822) to work on /opt/airflow/dags/competition_gold_dag.py
[2026-06-25T03:33:11.399+0000] {processor.py:914} INFO - Processing file /opt/airflow/dags/competition_gold_dag.py for tasks to queue
[2026-06-25T03:33:11.402+0000] {logging_mixin.py:190} INFO - [2026-06-25T03:33:11.401+0000] {dagbag.py:588} INFO - Filling up the DagBag from /opt/airflow/dags/competition_gold_dag.py
[2026-06-25T03:33:12.118+0000] {processor.py:925} INFO - DAG(s) 'competition_gold_dag' retrieved from /opt/airflow/dags/competition_gold_dag.py
[2026-06-25T03:33:12.141+0000] {logging_mixin.py:190} INFO - [2026-06-25T03:33:12.140+0000] {dag.py:3239} INFO - Sync 1 DAGs
[2026-06-25T03:33:12.160+0000] {logging_mixin.py:190} INFO - [2026-06-25T03:33:12.160+0000] {dag.py:4180} INFO - Setting next_dagrun for competition_gold_dag to 2026-06-25 00:00:00+00:00, run_after=2026-06-26 00:00:00+00:00
[2026-06-25T03:33:12.185+0000] {processor.py:208} INFO - Processing /opt/airflow/dags/competition_gold_dag.py took 0.796 seconds
[2026-06-25T03:33:43.910+0000] {processor.py:186} INFO - Started process (PID=19839) to work on /opt/airflow/dags/competition_gold_dag.py
[2026-06-25T03:33:43.913+0000] {processor.py:914} INFO - Processing file /opt/airflow/dags/competition_gold_dag.py for tasks to queue
[2026-06-25T03:33:43.915+0000] {logging_mixin.py:190} INFO - [2026-06-25T03:33:43.915+0000] {dagbag.py:588} INFO - Filling up the DagBag from /opt/airflow/dags/competition_gold_dag.py
[2026-06-25T03:33:44.675+0000] {processor.py:925} INFO - DAG(s) 'competition_gold_dag' retrieved from /opt/airflow/dags/competition_gold_dag.py
[2026-06-25T03:33:44.690+0000] {logging_mixin.py:190} INFO - [2026-06-25T03:33:44.689+0000] {dag.py:3239} INFO - Sync 1 DAGs
[2026-06-25T03:33:44.706+0000] {logging_mixin.py:190} INFO - [2026-06-25T03:33:44.705+0000] {dag.py:4180} INFO - Setting next_dagrun for competition_gold_dag to 2026-06-25 00:00:00+00:00, run_after=2026-06-26 00:00:00+00:00
[2026-06-25T03:33:44.724+0000] {processor.py:208} INFO - Processing /opt/airflow/dags/competition_gold_dag.py took 0.821 seconds
[2026-06-25T03:34:16.685+0000] {processor.py:186} INFO - Started process (PID=19856) to work on /opt/airflow/dags/competition_gold_dag.py
[2026-06-25T03:34:16.689+0000] {processor.py:914} INFO - Processing file /opt/airflow/dags/competition_gold_dag.py for tasks to queue
[2026-06-25T03:34:16.694+0000] {logging_mixin.py:190} INFO - [2026-06-25T03:34:16.693+0000] {dagbag.py:588} INFO - Filling up the DagBag from /opt/airflow/dags/competition_gold_dag.py
[2026-06-25T03:34:17.447+0000] {processor.py:925} INFO - DAG(s) 'competition_gold_dag' retrieved from /opt/airflow/dags/competition_gold_dag.py
[2026-06-25T03:34:17.463+0000] {logging_mixin.py:190} INFO - [2026-06-25T03:34:17.463+0000] {dag.py:3239} INFO - Sync 1 DAGs
[2026-06-25T03:34:17.478+0000] {logging_mixin.py:190} INFO - [2026-06-25T03:34:17.477+0000] {dag.py:4180} INFO - Setting next_dagrun for competition_gold_dag to 2026-06-25 00:00:00+00:00, run_after=2026-06-26 00:00:00+00:00
[2026-06-25T03:34:17.504+0000] {processor.py:208} INFO - Processing /opt/airflow/dags/competition_gold_dag.py took 0.828 seconds
[2026-06-25T03:34:49.253+0000] {processor.py:186} INFO - Started process (PID=19873) to work on /opt/airflow/dags/competition_gold_dag.py
[2026-06-25T03:34:49.256+0000] {processor.py:914} INFO - Processing file /opt/airflow/dags/competition_gold_dag.py for tasks to queue
[2026-06-25T03:34:49.259+0000] {logging_mixin.py:190} INFO - [2026-06-25T03:34:49.259+0000] {dagbag.py:588} INFO - Filling up the DagBag from /opt/airflow/dags/competition_gold_dag.py
[2026-06-25T03:34:49.970+0000] {processor.py:925} INFO - DAG(s) 'competition_gold_dag' retrieved from /opt/airflow/dags/competition_gold_dag.py
[2026-06-25T03:34:49.987+0000] {logging_mixin.py:190} INFO - [2026-06-25T03:34:49.987+0000] {dag.py:3239} INFO - Sync 1 DAGs
[2026-06-25T03:34:50.007+0000] {logging_mixin.py:190} INFO - [2026-06-25T03:34:50.006+0000] {dag.py:4180} INFO - Setting next_dagrun for competition_gold_dag to 2026-06-25 00:00:00+00:00, run_after=2026-06-26 00:00:00+00:00
[2026-06-25T03:34:50.033+0000] {processor.py:208} INFO - Processing /opt/airflow/dags/competition_gold_dag.py took 0.790 seconds
[2026-06-25T03:35:23.488+0000] {processor.py:186} INFO - Started process (PID=19890) to work on /opt/airflow/dags/competition_gold_dag.py
[2026-06-25T03:35:23.490+0000] {processor.py:914} INFO - Processing file /opt/airflow/dags/competition_gold_dag.py for tasks to queue
[2026-06-25T03:35:23.494+0000] {logging_mixin.py:190} INFO - [2026-06-25T03:35:23.493+0000] {dagbag.py:588} INFO - Filling up the DagBag from /opt/airflow/dags/competition_gold_dag.py
[2026-06-25T03:35:24.337+0000] {processor.py:925} INFO - DAG(s) 'competition_gold_dag' retrieved from /opt/airflow/dags/competition_gold_dag.py
[2026-06-25T03:35:24.354+0000] {logging_mixin.py:190} INFO - [2026-06-25T03:35:24.353+0000] {dag.py:3239} INFO - Sync 1 DAGs
[2026-06-25T03:35:24.374+0000] {logging_mixin.py:190} INFO - [2026-06-25T03:35:24.373+0000] {dag.py:4180} INFO - Setting next_dagrun for competition_gold_dag to 2026-06-25 00:00:00+00:00, run_after=2026-06-26 00:00:00+00:00
[2026-06-25T03:35:24.402+0000] {processor.py:208} INFO - Processing /opt/airflow/dags/competition_gold_dag.py took 0.922 seconds
[2026-06-25T03:35:54.894+0000] {processor.py:186} INFO - Started process (PID=19907) to work on /opt/airflow/dags/competition_gold_dag.py
[2026-06-25T03:35:54.896+0000] {processor.py:914} INFO - Processing file /opt/airflow/dags/competition_gold_dag.py for tasks to queue
[2026-06-25T03:35:54.899+0000] {logging_mixin.py:190} INFO - [2026-06-25T03:35:54.898+0000] {dagbag.py:588} INFO - Filling up the DagBag from /opt/airflow/dags/competition_gold_dag.py
[2026-06-25T03:35:55.651+0000] {processor.py:925} INFO - DAG(s) 'competition_gold_dag' retrieved from /opt/airflow/dags/competition_gold_dag.py
[2026-06-25T03:35:55.668+0000] {logging_mixin.py:190} INFO - [2026-06-25T03:35:55.667+0000] {dag.py:3239} INFO - Sync 1 DAGs
[2026-06-25T03:35:55.685+0000] {logging_mixin.py:190} INFO - [2026-06-25T03:35:55.684+0000] {dag.py:4180} INFO - Setting next_dagrun for competition_gold_dag to 2026-06-25 00:00:00+00:00, run_after=2026-06-26 00:00:00+00:00
[2026-06-25T03:35:55.706+0000] {processor.py:208} INFO - Processing /opt/airflow/dags/competition_gold_dag.py took 0.818 seconds
[2026-06-25T03:36:26.028+0000] {processor.py:186} INFO - Started process (PID=19924) to work on /opt/airflow/dags/competition_gold_dag.py
[2026-06-25T03:36:26.032+0000] {processor.py:914} INFO - Processing file /opt/airflow/dags/competition_gold_dag.py for tasks to queue
[2026-06-25T03:36:26.035+0000] {logging_mixin.py:190} INFO - [2026-06-25T03:36:26.034+0000] {dagbag.py:588} INFO - Filling up the DagBag from /opt/airflow/dags/competition_gold_dag.py
[2026-06-25T03:36:26.845+0000] {processor.py:925} INFO - DAG(s) 'competition_gold_dag' retrieved from /opt/airflow/dags/competition_gold_dag.py
[2026-06-25T03:36:26.861+0000] {logging_mixin.py:190} INFO - [2026-06-25T03:36:26.861+0000] {dag.py:3239} INFO - Sync 1 DAGs
[2026-06-25T03:36:26.877+0000] {logging_mixin.py:190} INFO - [2026-06-25T03:36:26.877+0000] {dag.py:4180} INFO - Setting next_dagrun for competition_gold_dag to 2026-06-25 00:00:00+00:00, run_after=2026-06-26 00:00:00+00:00
[2026-06-25T03:36:26.900+0000] {processor.py:208} INFO - Processing /opt/airflow/dags/competition_gold_dag.py took 0.879 seconds
[2026-06-25T03:37:02.942+0000] {processor.py:186} INFO - Started process (PID=19941) to work on /opt/airflow/dags/competition_gold_dag.py
[2026-06-25T03:37:02.944+0000] {processor.py:914} INFO - Processing file /opt/airflow/dags/competition_gold_dag.py for tasks to queue
[2026-06-25T03:37:02.946+0000] {logging_mixin.py:190} INFO - [2026-06-25T03:37:02.946+0000] {dagbag.py:588} INFO - Filling up the DagBag from /opt/airflow/dags/competition_gold_dag.py
[2026-06-25T03:37:03.788+0000] {processor.py:925} INFO - DAG(s) 'competition_gold_dag' retrieved from /opt/airflow/dags/competition_gold_dag.py
[2026-06-25T03:37:03.810+0000] {logging_mixin.py:190} INFO - [2026-06-25T03:37:03.809+0000] {dag.py:3239} INFO - Sync 1 DAGs
[2026-06-25T03:37:03.827+0000] {logging_mixin.py:190} INFO - [2026-06-25T03:37:03.826+0000] {dag.py:4180} INFO - Setting next_dagrun for competition_gold_dag to 2026-06-25 00:00:00+00:00, run_after=2026-06-26 00:00:00+00:00
[2026-06-25T03:37:03.846+0000] {processor.py:208} INFO - Processing /opt/airflow/dags/competition_gold_dag.py took 0.912 seconds
[2026-06-25T03:37:34.779+0000] {processor.py:186} INFO - Started process (PID=19958) to work on /opt/airflow/dags/competition_gold_dag.py
[2026-06-25T03:37:34.781+0000] {processor.py:914} INFO - Processing file /opt/airflow/dags/competition_gold_dag.py for tasks to queue
[2026-06-25T03:37:34.786+0000] {logging_mixin.py:190} INFO - [2026-06-25T03:37:34.784+0000] {dagbag.py:588} INFO - Filling up the DagBag from /opt/airflow/dags/competition_gold_dag.py
[2026-06-25T03:37:35.585+0000] {processor.py:925} INFO - DAG(s) 'competition_gold_dag' retrieved from /opt/airflow/dags/competition_gold_dag.py
[2026-06-25T03:37:35.603+0000] {logging_mixin.py:190} INFO - [2026-06-25T03:37:35.603+0000] {dag.py:3239} INFO - Sync 1 DAGs
[2026-06-25T03:37:35.623+0000] {logging_mixin.py:190} INFO - [2026-06-25T03:37:35.623+0000] {dag.py:4180} INFO - Setting next_dagrun for competition_gold_dag to 2026-06-25 00:00:00+00:00, run_after=2026-06-26 00:00:00+00:00
[2026-06-25T03:37:35.647+0000] {processor.py:208} INFO - Processing /opt/airflow/dags/competition_gold_dag.py took 0.875 seconds
[2026-06-25T03:38:06.402+0000] {processor.py:186} INFO - Started process (PID=19975) to work on /opt/airflow/dags/competition_gold_dag.py
[2026-06-25T03:38:06.405+0000] {processor.py:914} INFO - Processing file /opt/airflow/dags/competition_gold_dag.py for tasks to queue
[2026-06-25T03:38:06.408+0000] {logging_mixin.py:190} INFO - [2026-06-25T03:38:06.408+0000] {dagbag.py:588} INFO - Filling up the DagBag from /opt/airflow/dags/competition_gold_dag.py
[2026-06-25T03:38:07.202+0000] {processor.py:925} INFO - DAG(s) 'competition_gold_dag' retrieved from /opt/airflow/dags/competition_gold_dag.py
[2026-06-25T03:38:07.221+0000] {logging_mixin.py:190} INFO - [2026-06-25T03:38:07.221+0000] {dag.py:3239} INFO - Sync 1 DAGs
[2026-06-25T03:38:07.239+0000] {logging_mixin.py:190} INFO - [2026-06-25T03:38:07.239+0000] {dag.py:4180} INFO - Setting next_dagrun for competition_gold_dag to 2026-06-25 00:00:00+00:00, run_after=2026-06-26 00:00:00+00:00
[2026-06-25T03:38:07.263+0000] {processor.py:208} INFO - Processing /opt/airflow/dags/competition_gold_dag.py took 0.870 seconds
[2026-06-25T03:38:39.375+0000] {processor.py:186} INFO - Started process (PID=19992) to work on /opt/airflow/dags/competition_gold_dag.py
[2026-06-25T03:38:39.377+0000] {processor.py:914} INFO - Processing file /opt/airflow/dags/competition_gold_dag.py for tasks to queue
[2026-06-25T03:38:39.381+0000] {logging_mixin.py:190} INFO - [2026-06-25T03:38:39.380+0000] {dagbag.py:588} INFO - Filling up the DagBag from /opt/airflow/dags/competition_gold_dag.py
[2026-06-25T03:38:40.220+0000] {processor.py:925} INFO - DAG(s) 'competition_gold_dag' retrieved from /opt/airflow/dags/competition_gold_dag.py
[2026-06-25T03:38:40.240+0000] {logging_mixin.py:190} INFO - [2026-06-25T03:38:40.239+0000] {dag.py:3239} INFO - Sync 1 DAGs
[2026-06-25T03:38:40.257+0000] {logging_mixin.py:190} INFO - [2026-06-25T03:38:40.257+0000] {dag.py:4180} INFO - Setting next_dagrun for competition_gold_dag to 2026-06-25 00:00:00+00:00, run_after=2026-06-26 00:00:00+00:00
[2026-06-25T03:38:40.276+0000] {processor.py:208} INFO - Processing /opt/airflow/dags/competition_gold_dag.py took 0.909 seconds
[2026-06-25T03:39:12.014+0000] {processor.py:186} INFO - Started process (PID=20009) to work on /opt/airflow/dags/competition_gold_dag.py
[2026-06-25T03:39:12.016+0000] {processor.py:914} INFO - Processing file /opt/airflow/dags/competition_gold_dag.py for tasks to queue
[2026-06-25T03:39:12.019+0000] {logging_mixin.py:190} INFO - [2026-06-25T03:39:12.019+0000] {dagbag.py:588} INFO - Filling up the DagBag from /opt/airflow/dags/competition_gold_dag.py
[2026-06-25T03:39:12.812+0000] {processor.py:925} INFO - DAG(s) 'competition_gold_dag' retrieved from /opt/airflow/dags/competition_gold_dag.py
[2026-06-25T03:39:12.831+0000] {logging_mixin.py:190} INFO - [2026-06-25T03:39:12.830+0000] {dag.py:3239} INFO - Sync 1 DAGs
[2026-06-25T03:39:12.852+0000] {logging_mixin.py:190} INFO - [2026-06-25T03:39:12.852+0000] {dag.py:4180} INFO - Setting next_dagrun for competition_gold_dag to 2026-06-25 00:00:00+00:00, run_after=2026-06-26 00:00:00+00:00
[2026-06-25T03:39:12.875+0000] {processor.py:208} INFO - Processing /opt/airflow/dags/competition_gold_dag.py took 0.869 seconds
[2026-06-25T03:39:45.891+0000] {processor.py:186} INFO - Started process (PID=20026) to work on /opt/airflow/dags/competition_gold_dag.py
[2026-06-25T03:39:45.894+0000] {processor.py:914} INFO - Processing file /opt/airflow/dags/competition_gold_dag.py for tasks to queue
[2026-06-25T03:39:45.896+0000] {logging_mixin.py:190} INFO - [2026-06-25T03:39:45.896+0000] {dagbag.py:588} INFO - Filling up the DagBag from /opt/airflow/dags/competition_gold_dag.py
[2026-06-25T03:39:46.660+0000] {processor.py:925} INFO - DAG(s) 'competition_gold_dag' retrieved from /opt/airflow/dags/competition_gold_dag.py
[2026-06-25T03:39:46.677+0000] {logging_mixin.py:190} INFO - [2026-06-25T03:39:46.677+0000] {dag.py:3239} INFO - Sync 1 DAGs
[2026-06-25T03:39:46.695+0000] {logging_mixin.py:190} INFO - [2026-06-25T03:39:46.695+0000] {dag.py:4180} INFO - Setting next_dagrun for competition_gold_dag to 2026-06-25 00:00:00+00:00, run_after=2026-06-26 00:00:00+00:00
[2026-06-25T03:39:46.720+0000] {processor.py:208} INFO - Processing /opt/airflow/dags/competition_gold_dag.py took 0.839 seconds
[2026-06-25T03:40:19.751+0000] {processor.py:186} INFO - Started process (PID=20043) to work on /opt/airflow/dags/competition_gold_dag.py
[2026-06-25T03:40:19.754+0000] {processor.py:914} INFO - Processing file /opt/airflow/dags/competition_gold_dag.py for tasks to queue
[2026-06-25T03:40:19.757+0000] {logging_mixin.py:190} INFO - [2026-06-25T03:40:19.757+0000] {dagbag.py:588} INFO - Filling up the DagBag from /opt/airflow/dags/competition_gold_dag.py
[2026-06-25T03:40:20.594+0000] {processor.py:925} INFO - DAG(s) 'competition_gold_dag' retrieved from /opt/airflow/dags/competition_gold_dag.py
[2026-06-25T03:40:20.631+0000] {logging_mixin.py:190} INFO - [2026-06-25T03:40:20.630+0000] {dag.py:3239} INFO - Sync 1 DAGs
[2026-06-25T03:40:20.661+0000] {logging_mixin.py:190} INFO - [2026-06-25T03:40:20.661+0000] {dag.py:4180} INFO - Setting next_dagrun for competition_gold_dag to 2026-06-25 00:00:00+00:00, run_after=2026-06-26 00:00:00+00:00
[2026-06-25T03:40:20.702+0000] {processor.py:208} INFO - Processing /opt/airflow/dags/competition_gold_dag.py took 0.959 seconds
[2026-06-25T03:40:51.492+0000] {processor.py:186} INFO - Started process (PID=20060) to work on /opt/airflow/dags/competition_gold_dag.py
[2026-06-25T03:40:51.494+0000] {processor.py:914} INFO - Processing file /opt/airflow/dags/competition_gold_dag.py for tasks to queue
[2026-06-25T03:40:51.498+0000] {logging_mixin.py:190} INFO - [2026-06-25T03:40:51.498+0000] {dagbag.py:588} INFO - Filling up the DagBag from /opt/airflow/dags/competition_gold_dag.py
[2026-06-25T03:40:52.370+0000] {processor.py:925} INFO - DAG(s) 'competition_gold_dag' retrieved from /opt/airflow/dags/competition_gold_dag.py
[2026-06-25T03:40:52.388+0000] {logging_mixin.py:190} INFO - [2026-06-25T03:40:52.388+0000] {dag.py:3239} INFO - Sync 1 DAGs
[2026-06-25T03:40:52.407+0000] {logging_mixin.py:190} INFO - [2026-06-25T03:40:52.406+0000] {dag.py:4180} INFO - Setting next_dagrun for competition_gold_dag to 2026-06-25 00:00:00+00:00, run_after=2026-06-26 00:00:00+00:00
[2026-06-25T03:40:52.427+0000] {processor.py:208} INFO - Processing /opt/airflow/dags/competition_gold_dag.py took 0.946 seconds
[2026-06-25T03:41:23.688+0000] {processor.py:186} INFO - Started process (PID=20077) to work on /opt/airflow/dags/competition_gold_dag.py
[2026-06-25T03:41:23.690+0000] {processor.py:914} INFO - Processing file /opt/airflow/dags/competition_gold_dag.py for tasks to queue
[2026-06-25T03:41:23.695+0000] {logging_mixin.py:190} INFO - [2026-06-25T03:41:23.694+0000] {dagbag.py:588} INFO - Filling up the DagBag from /opt/airflow/dags/competition_gold_dag.py
[2026-06-25T03:41:24.485+0000] {processor.py:925} INFO - DAG(s) 'competition_gold_dag' retrieved from /opt/airflow/dags/competition_gold_dag.py
[2026-06-25T03:41:24.502+0000] {logging_mixin.py:190} INFO - [2026-06-25T03:41:24.502+0000] {dag.py:3239} INFO - Sync 1 DAGs
[2026-06-25T03:41:24.534+0000] {logging_mixin.py:190} INFO - [2026-06-25T03:41:24.533+0000] {dag.py:4180} INFO - Setting next_dagrun for competition_gold_dag to 2026-06-25 00:00:00+00:00, run_after=2026-06-26 00:00:00+00:00
[2026-06-25T03:41:24.562+0000] {processor.py:208} INFO - Processing /opt/airflow/dags/competition_gold_dag.py took 0.881 seconds
[2026-06-25T03:41:56.967+0000] {processor.py:186} INFO - Started process (PID=20094) to work on /opt/airflow/dags/competition_gold_dag.py
[2026-06-25T03:41:56.970+0000] {processor.py:914} INFO - Processing file /opt/airflow/dags/competition_gold_dag.py for tasks to queue
[2026-06-25T03:41:56.972+0000] {logging_mixin.py:190} INFO - [2026-06-25T03:41:56.972+0000] {dagbag.py:588} INFO - Filling up the DagBag from /opt/airflow/dags/competition_gold_dag.py
[2026-06-25T03:41:57.793+0000] {processor.py:925} INFO - DAG(s) 'competition_gold_dag' retrieved from /opt/airflow/dags/competition_gold_dag.py
[2026-06-25T03:41:57.818+0000] {logging_mixin.py:190} INFO - [2026-06-25T03:41:57.817+0000] {dag.py:3239} INFO - Sync 1 DAGs
[2026-06-25T03:41:57.837+0000] {logging_mixin.py:190} INFO - [2026-06-25T03:41:57.836+0000] {dag.py:4180} INFO - Setting next_dagrun for competition_gold_dag to 2026-06-25 00:00:00+00:00, run_after=2026-06-26 00:00:00+00:00
[2026-06-25T03:41:57.867+0000] {processor.py:208} INFO - Processing /opt/airflow/dags/competition_gold_dag.py took 0.907 seconds
[2026-06-25T03:42:29.497+0000] {processor.py:186} INFO - Started process (PID=20111) to work on /opt/airflow/dags/competition_gold_dag.py
[2026-06-25T03:42:29.499+0000] {processor.py:914} INFO - Processing file /opt/airflow/dags/competition_gold_dag.py for tasks to queue
[2026-06-25T03:42:29.503+0000] {logging_mixin.py:190} INFO - [2026-06-25T03:42:29.503+0000] {dagbag.py:588} INFO - Filling up the DagBag from /opt/airflow/dags/competition_gold_dag.py
[2026-06-25T03:42:30.305+0000] {processor.py:925} INFO - DAG(s) 'competition_gold_dag' retrieved from /opt/airflow/dags/competition_gold_dag.py
[2026-06-25T03:42:30.325+0000] {logging_mixin.py:190} INFO - [2026-06-25T03:42:30.325+0000] {dag.py:3239} INFO - Sync 1 DAGs
[2026-06-25T03:42:30.344+0000] {logging_mixin.py:190} INFO - [2026-06-25T03:42:30.344+0000] {dag.py:4180} INFO - Setting next_dagrun for competition_gold_dag to 2026-06-25 00:00:00+00:00, run_after=2026-06-26 00:00:00+00:00
[2026-06-25T03:42:30.367+0000] {processor.py:208} INFO - Processing /opt/airflow/dags/competition_gold_dag.py took 0.879 seconds
[2026-06-25T03:43:01.835+0000] {processor.py:186} INFO - Started process (PID=20128) to work on /opt/airflow/dags/competition_gold_dag.py
[2026-06-25T03:43:01.838+0000] {processor.py:914} INFO - Processing file /opt/airflow/dags/competition_gold_dag.py for tasks to queue
[2026-06-25T03:43:01.843+0000] {logging_mixin.py:190} INFO - [2026-06-25T03:43:01.842+0000] {dagbag.py:588} INFO - Filling up the DagBag from /opt/airflow/dags/competition_gold_dag.py
[2026-06-25T03:43:02.627+0000] {processor.py:925} INFO - DAG(s) 'competition_gold_dag' retrieved from /opt/airflow/dags/competition_gold_dag.py
[2026-06-25T03:43:02.644+0000] {logging_mixin.py:190} INFO - [2026-06-25T03:43:02.644+0000] {dag.py:3239} INFO - Sync 1 DAGs
[2026-06-25T03:43:02.662+0000] {logging_mixin.py:190} INFO - [2026-06-25T03:43:02.662+0000] {dag.py:4180} INFO - Setting next_dagrun for competition_gold_dag to 2026-06-25 00:00:00+00:00, run_after=2026-06-26 00:00:00+00:00
[2026-06-25T03:43:02.688+0000] {processor.py:208} INFO - Processing /opt/airflow/dags/competition_gold_dag.py took 0.864 seconds
[2026-06-25T03:43:34.257+0000] {processor.py:186} INFO - Started process (PID=20145) to work on /opt/airflow/dags/competition_gold_dag.py
[2026-06-25T03:43:34.259+0000] {processor.py:914} INFO - Processing file /opt/airflow/dags/competition_gold_dag.py for tasks to queue
[2026-06-25T03:43:34.263+0000] {logging_mixin.py:190} INFO - [2026-06-25T03:43:34.262+0000] {dagbag.py:588} INFO - Filling up the DagBag from /opt/airflow/dags/competition_gold_dag.py
[2026-06-25T03:43:35.077+0000] {processor.py:925} INFO - DAG(s) 'competition_gold_dag' retrieved from /opt/airflow/dags/competition_gold_dag.py
[2026-06-25T03:43:35.094+0000] {logging_mixin.py:190} INFO - [2026-06-25T03:43:35.093+0000] {dag.py:3239} INFO - Sync 1 DAGs
[2026-06-25T03:43:35.115+0000] {logging_mixin.py:190} INFO - [2026-06-25T03:43:35.114+0000] {dag.py:4180} INFO - Setting next_dagrun for competition_gold_dag to 2026-06-25 00:00:00+00:00, run_after=2026-06-26 00:00:00+00:00
[2026-06-25T03:43:35.138+0000] {processor.py:208} INFO - Processing /opt/airflow/dags/competition_gold_dag.py took 0.889 seconds
[2026-06-25T03:44:05.932+0000] {processor.py:186} INFO - Started process (PID=20162) to work on /opt/airflow/dags/competition_gold_dag.py
[2026-06-25T03:44:05.934+0000] {processor.py:914} INFO - Processing file /opt/airflow/dags/competition_gold_dag.py for tasks to queue
[2026-06-25T03:44:05.936+0000] {logging_mixin.py:190} INFO - [2026-06-25T03:44:05.936+0000] {dagbag.py:588} INFO - Filling up the DagBag from /opt/airflow/dags/competition_gold_dag.py
[2026-06-25T03:44:06.761+0000] {processor.py:925} INFO - DAG(s) 'competition_gold_dag' retrieved from /opt/airflow/dags/competition_gold_dag.py
[2026-06-25T03:44:06.777+0000] {logging_mixin.py:190} INFO - [2026-06-25T03:44:06.777+0000] {dag.py:3239} INFO - Sync 1 DAGs
[2026-06-25T03:44:06.795+0000] {logging_mixin.py:190} INFO - [2026-06-25T03:44:06.795+0000] {dag.py:4180} INFO - Setting next_dagrun for competition_gold_dag to 2026-06-25 00:00:00+00:00, run_after=2026-06-26 00:00:00+00:00
[2026-06-25T03:44:06.821+0000] {processor.py:208} INFO - Processing /opt/airflow/dags/competition_gold_dag.py took 0.896 seconds
[2026-06-25T03:44:38.738+0000] {processor.py:186} INFO - Started process (PID=20179) to work on /opt/airflow/dags/competition_gold_dag.py
[2026-06-25T03:44:38.740+0000] {processor.py:914} INFO - Processing file /opt/airflow/dags/competition_gold_dag.py for tasks to queue
[2026-06-25T03:44:38.742+0000] {logging_mixin.py:190} INFO - [2026-06-25T03:44:38.742+0000] {dagbag.py:588} INFO - Filling up the DagBag from /opt/airflow/dags/competition_gold_dag.py
[2026-06-25T03:44:39.916+0000] {processor.py:925} INFO - DAG(s) 'competition_gold_dag' retrieved from /opt/airflow/dags/competition_gold_dag.py
[2026-06-25T03:44:39.943+0000] {logging_mixin.py:190} INFO - [2026-06-25T03:44:39.942+0000] {dag.py:3239} INFO - Sync 1 DAGs
[2026-06-25T03:44:39.972+0000] {logging_mixin.py:190} INFO - [2026-06-25T03:44:39.972+0000] {dag.py:4180} INFO - Setting next_dagrun for competition_gold_dag to 2026-06-25 00:00:00+00:00, run_after=2026-06-26 00:00:00+00:00
[2026-06-25T03:44:40.052+0000] {processor.py:208} INFO - Processing /opt/airflow/dags/competition_gold_dag.py took 1.320 seconds
[2026-06-25T03:45:11.044+0000] {processor.py:186} INFO - Started process (PID=20196) to work on /opt/airflow/dags/competition_gold_dag.py
[2026-06-25T03:45:11.046+0000] {processor.py:914} INFO - Processing file /opt/airflow/dags/competition_gold_dag.py for tasks to queue
[2026-06-25T03:45:11.048+0000] {logging_mixin.py:190} INFO - [2026-06-25T03:45:11.048+0000] {dagbag.py:588} INFO - Filling up the DagBag from /opt/airflow/dags/competition_gold_dag.py
[2026-06-25T03:45:11.810+0000] {processor.py:925} INFO - DAG(s) 'competition_gold_dag' retrieved from /opt/airflow/dags/competition_gold_dag.py
[2026-06-25T03:45:11.831+0000] {logging_mixin.py:190} INFO - [2026-06-25T03:45:11.831+0000] {dag.py:3239} INFO - Sync 1 DAGs
[2026-06-25T03:45:11.849+0000] {logging_mixin.py:190} INFO - [2026-06-25T03:45:11.849+0000] {dag.py:4180} INFO - Setting next_dagrun for competition_gold_dag to 2026-06-25 00:00:00+00:00, run_after=2026-06-26 00:00:00+00:00
[2026-06-25T03:45:11.871+0000] {processor.py:208} INFO - Processing /opt/airflow/dags/competition_gold_dag.py took 0.834 seconds
[2026-06-25T03:45:42.177+0000] {processor.py:186} INFO - Started process (PID=20213) to work on /opt/airflow/dags/competition_gold_dag.py
[2026-06-25T03:45:42.179+0000] {processor.py:914} INFO - Processing file /opt/airflow/dags/competition_gold_dag.py for tasks to queue
[2026-06-25T03:45:42.181+0000] {logging_mixin.py:190} INFO - [2026-06-25T03:45:42.181+0000] {dagbag.py:588} INFO - Filling up the DagBag from /opt/airflow/dags/competition_gold_dag.py
[2026-06-25T03:45:43.280+0000] {processor.py:925} INFO - DAG(s) 'competition_gold_dag' retrieved from /opt/airflow/dags/competition_gold_dag.py
[2026-06-25T03:45:43.314+0000] {logging_mixin.py:190} INFO - [2026-06-25T03:45:43.313+0000] {dag.py:3239} INFO - Sync 1 DAGs
[2026-06-25T03:45:43.347+0000] {logging_mixin.py:190} INFO - [2026-06-25T03:45:43.347+0000] {dag.py:4180} INFO - Setting next_dagrun for competition_gold_dag to 2026-06-25 00:00:00+00:00, run_after=2026-06-26 00:00:00+00:00
[2026-06-25T03:45:43.391+0000] {processor.py:208} INFO - Processing /opt/airflow/dags/competition_gold_dag.py took 1.221 seconds
[2026-06-25T03:46:15.072+0000] {processor.py:186} INFO - Started process (PID=20230) to work on /opt/airflow/dags/competition_gold_dag.py
[2026-06-25T03:46:15.074+0000] {processor.py:914} INFO - Processing file /opt/airflow/dags/competition_gold_dag.py for tasks to queue
[2026-06-25T03:46:15.077+0000] {logging_mixin.py:190} INFO - [2026-06-25T03:46:15.076+0000] {dagbag.py:588} INFO - Filling up the DagBag from /opt/airflow/dags/competition_gold_dag.py
[2026-06-25T03:46:15.726+0000] {processor.py:925} INFO - DAG(s) 'competition_gold_dag' retrieved from /opt/airflow/dags/competition_gold_dag.py
[2026-06-25T03:46:15.742+0000] {logging_mixin.py:190} INFO - [2026-06-25T03:46:15.742+0000] {dag.py:3239} INFO - Sync 1 DAGs
[2026-06-25T03:46:15.757+0000] {logging_mixin.py:190} INFO - [2026-06-25T03:46:15.757+0000] {dag.py:4180} INFO - Setting next_dagrun for competition_gold_dag to 2026-06-25 00:00:00+00:00, run_after=2026-06-26 00:00:00+00:00
[2026-06-25T03:46:15.780+0000] {processor.py:208} INFO - Processing /opt/airflow/dags/competition_gold_dag.py took 0.714 seconds
[2026-06-25T03:46:47.454+0000] {processor.py:186} INFO - Started process (PID=20247) to work on /opt/airflow/dags/competition_gold_dag.py
[2026-06-25T03:46:47.456+0000] {processor.py:914} INFO - Processing file /opt/airflow/dags/competition_gold_dag.py for tasks to queue
[2026-06-25T03:46:47.458+0000] {logging_mixin.py:190} INFO - [2026-06-25T03:46:47.458+0000] {dagbag.py:588} INFO - Filling up the DagBag from /opt/airflow/dags/competition_gold_dag.py
[2026-06-25T03:46:48.159+0000] {processor.py:925} INFO - DAG(s) 'competition_gold_dag' retrieved from /opt/airflow/dags/competition_gold_dag.py
[2026-06-25T03:46:48.176+0000] {logging_mixin.py:190} INFO - [2026-06-25T03:46:48.176+0000] {dag.py:3239} INFO - Sync 1 DAGs
[2026-06-25T03:46:48.200+0000] {logging_mixin.py:190} INFO - [2026-06-25T03:46:48.199+0000] {dag.py:4180} INFO - Setting next_dagrun for competition_gold_dag to 2026-06-25 00:00:00+00:00, run_after=2026-06-26 00:00:00+00:00
[2026-06-25T03:46:48.224+0000] {processor.py:208} INFO - Processing /opt/airflow/dags/competition_gold_dag.py took 0.777 seconds
[2026-06-25T03:47:18.340+0000] {processor.py:186} INFO - Started process (PID=20264) to work on /opt/airflow/dags/competition_gold_dag.py
[2026-06-25T03:47:18.343+0000] {processor.py:914} INFO - Processing file /opt/airflow/dags/competition_gold_dag.py for tasks to queue
[2026-06-25T03:47:18.346+0000] {logging_mixin.py:190} INFO - [2026-06-25T03:47:18.346+0000] {dagbag.py:588} INFO - Filling up the DagBag from /opt/airflow/dags/competition_gold_dag.py
[2026-06-25T03:47:19.149+0000] {processor.py:925} INFO - DAG(s) 'competition_gold_dag' retrieved from /opt/airflow/dags/competition_gold_dag.py
[2026-06-25T03:47:19.165+0000] {logging_mixin.py:190} INFO - [2026-06-25T03:47:19.165+0000] {dag.py:3239} INFO - Sync 1 DAGs
[2026-06-25T03:47:19.182+0000] {logging_mixin.py:190} INFO - [2026-06-25T03:47:19.182+0000] {dag.py:4180} INFO - Setting next_dagrun for competition_gold_dag to 2026-06-25 00:00:00+00:00, run_after=2026-06-26 00:00:00+00:00
[2026-06-25T03:47:19.202+0000] {processor.py:208} INFO - Processing /opt/airflow/dags/competition_gold_dag.py took 0.870 seconds
[2026-06-25T03:47:52.152+0000] {processor.py:186} INFO - Started process (PID=20281) to work on /opt/airflow/dags/competition_gold_dag.py
[2026-06-25T03:47:52.154+0000] {processor.py:914} INFO - Processing file /opt/airflow/dags/competition_gold_dag.py for tasks to queue
[2026-06-25T03:47:52.158+0000] {logging_mixin.py:190} INFO - [2026-06-25T03:47:52.157+0000] {dagbag.py:588} INFO - Filling up the DagBag from /opt/airflow/dags/competition_gold_dag.py
[2026-06-25T03:47:52.896+0000] {processor.py:925} INFO - DAG(s) 'competition_gold_dag' retrieved from /opt/airflow/dags/competition_gold_dag.py
[2026-06-25T03:47:52.915+0000] {logging_mixin.py:190} INFO - [2026-06-25T03:47:52.915+0000] {dag.py:3239} INFO - Sync 1 DAGs
[2026-06-25T03:47:52.935+0000] {logging_mixin.py:190} INFO - [2026-06-25T03:47:52.934+0000] {dag.py:4180} INFO - Setting next_dagrun for competition_gold_dag to 2026-06-25 00:00:00+00:00, run_after=2026-06-26 00:00:00+00:00
[2026-06-25T03:47:52.983+0000] {processor.py:208} INFO - Processing /opt/airflow/dags/competition_gold_dag.py took 0.843 seconds
[2026-06-25T03:48:25.717+0000] {processor.py:186} INFO - Started process (PID=20298) to work on /opt/airflow/dags/competition_gold_dag.py
[2026-06-25T03:48:25.719+0000] {processor.py:914} INFO - Processing file /opt/airflow/dags/competition_gold_dag.py for tasks to queue
[2026-06-25T03:48:25.723+0000] {logging_mixin.py:190} INFO - [2026-06-25T03:48:25.722+0000] {dagbag.py:588} INFO - Filling up the DagBag from /opt/airflow/dags/competition_gold_dag.py
[2026-06-25T03:48:26.409+0000] {processor.py:925} INFO - DAG(s) 'competition_gold_dag' retrieved from /opt/airflow/dags/competition_gold_dag.py
[2026-06-25T03:48:26.429+0000] {logging_mixin.py:190} INFO - [2026-06-25T03:48:26.429+0000] {dag.py:3239} INFO - Sync 1 DAGs
[2026-06-25T03:48:26.446+0000] {logging_mixin.py:190} INFO - [2026-06-25T03:48:26.445+0000] {dag.py:4180} INFO - Setting next_dagrun for competition_gold_dag to 2026-06-25 00:00:00+00:00, run_after=2026-06-26 00:00:00+00:00
[2026-06-25T03:48:26.468+0000] {processor.py:208} INFO - Processing /opt/airflow/dags/competition_gold_dag.py took 0.761 seconds
[2026-06-25T03:48:57.728+0000] {processor.py:186} INFO - Started process (PID=20315) to work on /opt/airflow/dags/competition_gold_dag.py
[2026-06-25T03:48:57.729+0000] {processor.py:914} INFO - Processing file /opt/airflow/dags/competition_gold_dag.py for tasks to queue
[2026-06-25T03:48:57.732+0000] {logging_mixin.py:190} INFO - [2026-06-25T03:48:57.731+0000] {dagbag.py:588} INFO - Filling up the DagBag from /opt/airflow/dags/competition_gold_dag.py
[2026-06-25T03:48:58.360+0000] {processor.py:925} INFO - DAG(s) 'competition_gold_dag' retrieved from /opt/airflow/dags/competition_gold_dag.py
[2026-06-25T03:48:58.376+0000] {logging_mixin.py:190} INFO - [2026-06-25T03:48:58.376+0000] {dag.py:3239} INFO - Sync 1 DAGs
[2026-06-25T03:48:58.392+0000] {logging_mixin.py:190} INFO - [2026-06-25T03:48:58.392+0000] {dag.py:4180} INFO - Setting next_dagrun for competition_gold_dag to 2026-06-25 00:00:00+00:00, run_after=2026-06-26 00:00:00+00:00
[2026-06-25T03:48:58.414+0000] {processor.py:208} INFO - Processing /opt/airflow/dags/competition_gold_dag.py took 0.693 seconds
[2026-06-25T03:49:29.490+0000] {processor.py:186} INFO - Started process (PID=20332) to work on /opt/airflow/dags/competition_gold_dag.py
[2026-06-25T03:49:29.493+0000] {processor.py:914} INFO - Processing file /opt/airflow/dags/competition_gold_dag.py for tasks to queue
[2026-06-25T03:49:29.496+0000] {logging_mixin.py:190} INFO - [2026-06-25T03:49:29.496+0000] {dagbag.py:588} INFO - Filling up the DagBag from /opt/airflow/dags/competition_gold_dag.py
[2026-06-25T03:49:30.210+0000] {processor.py:925} INFO - DAG(s) 'competition_gold_dag' retrieved from /opt/airflow/dags/competition_gold_dag.py
[2026-06-25T03:49:30.227+0000] {logging_mixin.py:190} INFO - [2026-06-25T03:49:30.226+0000] {dag.py:3239} INFO - Sync 1 DAGs
[2026-06-25T03:49:30.243+0000] {logging_mixin.py:190} INFO - [2026-06-25T03:49:30.243+0000] {dag.py:4180} INFO - Setting next_dagrun for competition_gold_dag to 2026-06-25 00:00:00+00:00, run_after=2026-06-26 00:00:00+00:00
[2026-06-25T03:49:30.268+0000] {processor.py:208} INFO - Processing /opt/airflow/dags/competition_gold_dag.py took 0.788 seconds
[2026-06-25T03:50:01.423+0000] {processor.py:186} INFO - Started process (PID=20349) to work on /opt/airflow/dags/competition_gold_dag.py
[2026-06-25T03:50:01.425+0000] {processor.py:914} INFO - Processing file /opt/airflow/dags/competition_gold_dag.py for tasks to queue
[2026-06-25T03:50:01.428+0000] {logging_mixin.py:190} INFO - [2026-06-25T03:50:01.427+0000] {dagbag.py:588} INFO - Filling up the DagBag from /opt/airflow/dags/competition_gold_dag.py
[2026-06-25T03:50:02.209+0000] {processor.py:925} INFO - DAG(s) 'competition_gold_dag' retrieved from /opt/airflow/dags/competition_gold_dag.py
[2026-06-25T03:50:02.234+0000] {logging_mixin.py:190} INFO - [2026-06-25T03:50:02.234+0000] {dag.py:3239} INFO - Sync 1 DAGs
[2026-06-25T03:50:02.259+0000] {logging_mixin.py:190} INFO - [2026-06-25T03:50:02.259+0000] {dag.py:4180} INFO - Setting next_dagrun for competition_gold_dag to 2026-06-25 00:00:00+00:00, run_after=2026-06-26 00:00:00+00:00
[2026-06-25T03:50:02.291+0000] {processor.py:208} INFO - Processing /opt/airflow/dags/competition_gold_dag.py took 0.874 seconds
[2026-06-25T03:50:33.758+0000] {processor.py:186} INFO - Started process (PID=20366) to work on /opt/airflow/dags/competition_gold_dag.py
[2026-06-25T03:50:33.760+0000] {processor.py:914} INFO - Processing file /opt/airflow/dags/competition_gold_dag.py for tasks to queue
[2026-06-25T03:50:33.763+0000] {logging_mixin.py:190} INFO - [2026-06-25T03:50:33.762+0000] {dagbag.py:588} INFO - Filling up the DagBag from /opt/airflow/dags/competition_gold_dag.py
[2026-06-25T03:50:34.578+0000] {processor.py:925} INFO - DAG(s) 'competition_gold_dag' retrieved from /opt/airflow/dags/competition_gold_dag.py
[2026-06-25T03:50:34.592+0000] {logging_mixin.py:190} INFO - [2026-06-25T03:50:34.591+0000] {dag.py:3239} INFO - Sync 1 DAGs
[2026-06-25T03:50:34.606+0000] {logging_mixin.py:190} INFO - [2026-06-25T03:50:34.606+0000] {dag.py:4180} INFO - Setting next_dagrun for competition_gold_dag to 2026-06-25 00:00:00+00:00, run_after=2026-06-26 00:00:00+00:00
[2026-06-25T03:50:34.630+0000] {processor.py:208} INFO - Processing /opt/airflow/dags/competition_gold_dag.py took 0.882 seconds
[2026-06-25T03:51:05.203+0000] {processor.py:186} INFO - Started process (PID=20383) to work on /opt/airflow/dags/competition_gold_dag.py
[2026-06-25T03:51:05.206+0000] {processor.py:914} INFO - Processing file /opt/airflow/dags/competition_gold_dag.py for tasks to queue
[2026-06-25T03:51:05.210+0000] {logging_mixin.py:190} INFO - [2026-06-25T03:51:05.209+0000] {dagbag.py:588} INFO - Filling up the DagBag from /opt/airflow/dags/competition_gold_dag.py
[2026-06-25T03:51:05.900+0000] {processor.py:925} INFO - DAG(s) 'competition_gold_dag' retrieved from /opt/airflow/dags/competition_gold_dag.py
[2026-06-25T03:51:05.918+0000] {logging_mixin.py:190} INFO - [2026-06-25T03:51:05.917+0000] {dag.py:3239} INFO - Sync 1 DAGs
[2026-06-25T03:51:05.936+0000] {logging_mixin.py:190} INFO - [2026-06-25T03:51:05.935+0000] {dag.py:4180} INFO - Setting next_dagrun for competition_gold_dag to 2026-06-25 00:00:00+00:00, run_after=2026-06-26 00:00:00+00:00
[2026-06-25T03:51:05.959+0000] {processor.py:208} INFO - Processing /opt/airflow/dags/competition_gold_dag.py took 0.765 seconds
[2026-06-25T03:51:36.192+0000] {processor.py:186} INFO - Started process (PID=20400) to work on /opt/airflow/dags/competition_gold_dag.py
[2026-06-25T03:51:36.195+0000] {processor.py:914} INFO - Processing file /opt/airflow/dags/competition_gold_dag.py for tasks to queue
[2026-06-25T03:51:36.197+0000] {logging_mixin.py:190} INFO - [2026-06-25T03:51:36.196+0000] {dagbag.py:588} INFO - Filling up the DagBag from /opt/airflow/dags/competition_gold_dag.py
[2026-06-25T03:51:36.942+0000] {processor.py:925} INFO - DAG(s) 'competition_gold_dag' retrieved from /opt/airflow/dags/competition_gold_dag.py
[2026-06-25T03:51:36.958+0000] {logging_mixin.py:190} INFO - [2026-06-25T03:51:36.958+0000] {dag.py:3239} INFO - Sync 1 DAGs
[2026-06-25T03:51:36.976+0000] {logging_mixin.py:190} INFO - [2026-06-25T03:51:36.976+0000] {dag.py:4180} INFO - Setting next_dagrun for competition_gold_dag to 2026-06-25 00:00:00+00:00, run_after=2026-06-26 00:00:00+00:00
[2026-06-25T03:51:36.998+0000] {processor.py:208} INFO - Processing /opt/airflow/dags/competition_gold_dag.py took 0.812 seconds
[2026-06-25T03:52:09.595+0000] {processor.py:186} INFO - Started process (PID=20417) to work on /opt/airflow/dags/competition_gold_dag.py
[2026-06-25T03:52:09.597+0000] {processor.py:914} INFO - Processing file /opt/airflow/dags/competition_gold_dag.py for tasks to queue
[2026-06-25T03:52:09.601+0000] {logging_mixin.py:190} INFO - [2026-06-25T03:52:09.600+0000] {dagbag.py:588} INFO - Filling up the DagBag from /opt/airflow/dags/competition_gold_dag.py
[2026-06-25T03:52:10.308+0000] {processor.py:925} INFO - DAG(s) 'competition_gold_dag' retrieved from /opt/airflow/dags/competition_gold_dag.py
[2026-06-25T03:52:10.325+0000] {logging_mixin.py:190} INFO - [2026-06-25T03:52:10.325+0000] {dag.py:3239} INFO - Sync 1 DAGs
[2026-06-25T03:52:10.343+0000] {logging_mixin.py:190} INFO - [2026-06-25T03:52:10.343+0000] {dag.py:4180} INFO - Setting next_dagrun for competition_gold_dag to 2026-06-25 00:00:00+00:00, run_after=2026-06-26 00:00:00+00:00
[2026-06-25T03:52:10.367+0000] {processor.py:208} INFO - Processing /opt/airflow/dags/competition_gold_dag.py took 0.784 seconds
[2026-06-25T03:52:42.230+0000] {processor.py:186} INFO - Started process (PID=20434) to work on /opt/airflow/dags/competition_gold_dag.py
[2026-06-25T03:52:42.232+0000] {processor.py:914} INFO - Processing file /opt/airflow/dags/competition_gold_dag.py for tasks to queue
[2026-06-25T03:52:42.234+0000] {logging_mixin.py:190} INFO - [2026-06-25T03:52:42.233+0000] {dagbag.py:588} INFO - Filling up the DagBag from /opt/airflow/dags/competition_gold_dag.py
[2026-06-25T03:52:42.959+0000] {processor.py:925} INFO - DAG(s) 'competition_gold_dag' retrieved from /opt/airflow/dags/competition_gold_dag.py
[2026-06-25T03:52:42.977+0000] {logging_mixin.py:190} INFO - [2026-06-25T03:52:42.976+0000] {dag.py:3239} INFO - Sync 1 DAGs
[2026-06-25T03:52:42.993+0000] {logging_mixin.py:190} INFO - [2026-06-25T03:52:42.993+0000] {dag.py:4180} INFO - Setting next_dagrun for competition_gold_dag to 2026-06-25 00:00:00+00:00, run_after=2026-06-26 00:00:00+00:00
[2026-06-25T03:52:43.016+0000] {processor.py:208} INFO - Processing /opt/airflow/dags/competition_gold_dag.py took 0.793 seconds
[2026-06-25T03:53:13.237+0000] {processor.py:186} INFO - Started process (PID=20451) to work on /opt/airflow/dags/competition_gold_dag.py
[2026-06-25T03:53:13.239+0000] {processor.py:914} INFO - Processing file /opt/airflow/dags/competition_gold_dag.py for tasks to queue
[2026-06-25T03:53:13.241+0000] {logging_mixin.py:190} INFO - [2026-06-25T03:53:13.241+0000] {dagbag.py:588} INFO - Filling up the DagBag from /opt/airflow/dags/competition_gold_dag.py
[2026-06-25T03:53:13.919+0000] {processor.py:925} INFO - DAG(s) 'competition_gold_dag' retrieved from /opt/airflow/dags/competition_gold_dag.py
[2026-06-25T03:53:13.939+0000] {logging_mixin.py:190} INFO - [2026-06-25T03:53:13.939+0000] {dag.py:3239} INFO - Sync 1 DAGs
[2026-06-25T03:53:13.957+0000] {logging_mixin.py:190} INFO - [2026-06-25T03:53:13.957+0000] {dag.py:4180} INFO - Setting next_dagrun for competition_gold_dag to 2026-06-25 00:00:00+00:00, run_after=2026-06-26 00:00:00+00:00
[2026-06-25T03:53:13.981+0000] {processor.py:208} INFO - Processing /opt/airflow/dags/competition_gold_dag.py took 0.755 seconds
[2026-06-25T03:53:46.917+0000] {processor.py:186} INFO - Started process (PID=20468) to work on /opt/airflow/dags/competition_gold_dag.py
[2026-06-25T03:53:46.919+0000] {processor.py:914} INFO - Processing file /opt/airflow/dags/competition_gold_dag.py for tasks to queue
[2026-06-25T03:53:46.922+0000] {logging_mixin.py:190} INFO - [2026-06-25T03:53:46.922+0000] {dagbag.py:588} INFO - Filling up the DagBag from /opt/airflow/dags/competition_gold_dag.py
[2026-06-25T03:53:47.664+0000] {processor.py:925} INFO - DAG(s) 'competition_gold_dag' retrieved from /opt/airflow/dags/competition_gold_dag.py
[2026-06-25T03:53:47.681+0000] {logging_mixin.py:190} INFO - [2026-06-25T03:53:47.680+0000] {dag.py:3239} INFO - Sync 1 DAGs
[2026-06-25T03:53:47.705+0000] {logging_mixin.py:190} INFO - [2026-06-25T03:53:47.704+0000] {dag.py:4180} INFO - Setting next_dagrun for competition_gold_dag to 2026-06-25 00:00:00+00:00, run_after=2026-06-26 00:00:00+00:00
[2026-06-25T03:53:47.738+0000] {processor.py:208} INFO - Processing /opt/airflow/dags/competition_gold_dag.py took 0.829 seconds
[2026-06-25T03:54:19.029+0000] {processor.py:186} INFO - Started process (PID=20485) to work on /opt/airflow/dags/competition_gold_dag.py
[2026-06-25T03:54:19.035+0000] {processor.py:914} INFO - Processing file /opt/airflow/dags/competition_gold_dag.py for tasks to queue
[2026-06-25T03:54:19.039+0000] {logging_mixin.py:190} INFO - [2026-06-25T03:54:19.038+0000] {dagbag.py:588} INFO - Filling up the DagBag from /opt/airflow/dags/competition_gold_dag.py
[2026-06-25T03:54:19.802+0000] {processor.py:925} INFO - DAG(s) 'competition_gold_dag' retrieved from /opt/airflow/dags/competition_gold_dag.py
[2026-06-25T03:54:19.818+0000] {logging_mixin.py:190} INFO - [2026-06-25T03:54:19.818+0000] {dag.py:3239} INFO - Sync 1 DAGs
[2026-06-25T03:54:19.841+0000] {logging_mixin.py:190} INFO - [2026-06-25T03:54:19.840+0000] {dag.py:4180} INFO - Setting next_dagrun for competition_gold_dag to 2026-06-25 00:00:00+00:00, run_after=2026-06-26 00:00:00+00:00
[2026-06-25T03:54:19.864+0000] {processor.py:208} INFO - Processing /opt/airflow/dags/competition_gold_dag.py took 0.849 seconds
[2026-06-25T03:54:52.082+0000] {processor.py:186} INFO - Started process (PID=20502) to work on /opt/airflow/dags/competition_gold_dag.py
[2026-06-25T03:54:52.085+0000] {processor.py:914} INFO - Processing file /opt/airflow/dags/competition_gold_dag.py for tasks to queue
[2026-06-25T03:54:52.091+0000] {logging_mixin.py:190} INFO - [2026-06-25T03:54:52.089+0000] {dagbag.py:588} INFO - Filling up the DagBag from /opt/airflow/dags/competition_gold_dag.py
[2026-06-25T03:54:52.875+0000] {processor.py:925} INFO - DAG(s) 'competition_gold_dag' retrieved from /opt/airflow/dags/competition_gold_dag.py
[2026-06-25T03:54:52.902+0000] {logging_mixin.py:190} INFO - [2026-06-25T03:54:52.901+0000] {dag.py:3239} INFO - Sync 1 DAGs
[2026-06-25T03:54:52.935+0000] {logging_mixin.py:190} INFO - [2026-06-25T03:54:52.935+0000] {dag.py:4180} INFO - Setting next_dagrun for competition_gold_dag to 2026-06-25 00:00:00+00:00, run_after=2026-06-26 00:00:00+00:00
[2026-06-25T03:54:52.968+0000] {processor.py:208} INFO - Processing /opt/airflow/dags/competition_gold_dag.py took 0.897 seconds
[2026-06-25T03:55:24.870+0000] {processor.py:186} INFO - Started process (PID=20519) to work on /opt/airflow/dags/competition_gold_dag.py
[2026-06-25T03:55:24.872+0000] {processor.py:914} INFO - Processing file /opt/airflow/dags/competition_gold_dag.py for tasks to queue
[2026-06-25T03:55:24.875+0000] {logging_mixin.py:190} INFO - [2026-06-25T03:55:24.875+0000] {dagbag.py:588} INFO - Filling up the DagBag from /opt/airflow/dags/competition_gold_dag.py
[2026-06-25T03:55:25.663+0000] {processor.py:925} INFO - DAG(s) 'competition_gold_dag' retrieved from /opt/airflow/dags/competition_gold_dag.py
[2026-06-25T03:55:25.679+0000] {logging_mixin.py:190} INFO - [2026-06-25T03:55:25.678+0000] {dag.py:3239} INFO - Sync 1 DAGs
[2026-06-25T03:55:25.696+0000] {logging_mixin.py:190} INFO - [2026-06-25T03:55:25.695+0000] {dag.py:4180} INFO - Setting next_dagrun for competition_gold_dag to 2026-06-25 00:00:00+00:00, run_after=2026-06-26 00:00:00+00:00
[2026-06-25T03:55:25.720+0000] {processor.py:208} INFO - Processing /opt/airflow/dags/competition_gold_dag.py took 0.856 seconds
[2026-06-25T03:55:58.882+0000] {processor.py:186} INFO - Started process (PID=20536) to work on /opt/airflow/dags/competition_gold_dag.py
[2026-06-25T03:55:58.884+0000] {processor.py:914} INFO - Processing file /opt/airflow/dags/competition_gold_dag.py for tasks to queue
[2026-06-25T03:55:58.887+0000] {logging_mixin.py:190} INFO - [2026-06-25T03:55:58.886+0000] {dagbag.py:588} INFO - Filling up the DagBag from /opt/airflow/dags/competition_gold_dag.py
[2026-06-25T03:55:59.582+0000] {processor.py:925} INFO - DAG(s) 'competition_gold_dag' retrieved from /opt/airflow/dags/competition_gold_dag.py
[2026-06-25T03:55:59.597+0000] {logging_mixin.py:190} INFO - [2026-06-25T03:55:59.597+0000] {dag.py:3239} INFO - Sync 1 DAGs
[2026-06-25T03:55:59.618+0000] {logging_mixin.py:190} INFO - [2026-06-25T03:55:59.617+0000] {dag.py:4180} INFO - Setting next_dagrun for competition_gold_dag to 2026-06-25 00:00:00+00:00, run_after=2026-06-26 00:00:00+00:00
[2026-06-25T03:55:59.638+0000] {processor.py:208} INFO - Processing /opt/airflow/dags/competition_gold_dag.py took 0.763 seconds
[2026-06-25T03:56:30.358+0000] {processor.py:186} INFO - Started process (PID=20553) to work on /opt/airflow/dags/competition_gold_dag.py
[2026-06-25T03:56:30.360+0000] {processor.py:914} INFO - Processing file /opt/airflow/dags/competition_gold_dag.py for tasks to queue
[2026-06-25T03:56:30.363+0000] {logging_mixin.py:190} INFO - [2026-06-25T03:56:30.362+0000] {dagbag.py:588} INFO - Filling up the DagBag from /opt/airflow/dags/competition_gold_dag.py
[2026-06-25T03:56:31.113+0000] {processor.py:925} INFO - DAG(s) 'competition_gold_dag' retrieved from /opt/airflow/dags/competition_gold_dag.py
[2026-06-25T03:56:31.128+0000] {logging_mixin.py:190} INFO - [2026-06-25T03:56:31.127+0000] {dag.py:3239} INFO - Sync 1 DAGs
[2026-06-25T03:56:31.145+0000] {logging_mixin.py:190} INFO - [2026-06-25T03:56:31.145+0000] {dag.py:4180} INFO - Setting next_dagrun for competition_gold_dag to 2026-06-25 00:00:00+00:00, run_after=2026-06-26 00:00:00+00:00
[2026-06-25T03:56:31.165+0000] {processor.py:208} INFO - Processing /opt/airflow/dags/competition_gold_dag.py took 0.814 seconds
