[2026-06-25T03:20:46.223+0000] {processor.py:186} INFO - Started process (PID=19433) to work on /opt/airflow/dags/competition_silver_dag.py
[2026-06-25T03:20:46.225+0000] {processor.py:914} INFO - Processing file /opt/airflow/dags/competition_silver_dag.py for tasks to queue
[2026-06-25T03:20:46.231+0000] {logging_mixin.py:190} INFO - [2026-06-25T03:20:46.230+0000] {dagbag.py:588} INFO - Filling up the DagBag from /opt/airflow/dags/competition_silver_dag.py
[2026-06-25T03:20:47.474+0000] {processor.py:925} INFO - DAG(s) 'competition_silver_dag' retrieved from /opt/airflow/dags/competition_silver_dag.py
[2026-06-25T03:20:47.494+0000] {logging_mixin.py:190} INFO - [2026-06-25T03:20:47.493+0000] {dag.py:3239} INFO - Sync 1 DAGs
[2026-06-25T03:20:47.516+0000] {logging_mixin.py:190} INFO - [2026-06-25T03:20:47.516+0000] {dag.py:4180} INFO - Setting next_dagrun for competition_silver_dag to 2026-06-25 00:00:00+00:00, run_after=2026-06-26 00:00:00+00:00
[2026-06-25T03:20:47.543+0000] {processor.py:208} INFO - Processing /opt/airflow/dags/competition_silver_dag.py took 1.331 seconds
[2026-06-25T03:21:17.772+0000] {processor.py:186} INFO - Started process (PID=19450) to work on /opt/airflow/dags/competition_silver_dag.py
[2026-06-25T03:21:17.775+0000] {processor.py:914} INFO - Processing file /opt/airflow/dags/competition_silver_dag.py for tasks to queue
[2026-06-25T03:21:17.778+0000] {logging_mixin.py:190} INFO - [2026-06-25T03:21:17.777+0000] {dagbag.py:588} INFO - Filling up the DagBag from /opt/airflow/dags/competition_silver_dag.py
[2026-06-25T03:21:18.690+0000] {processor.py:925} INFO - DAG(s) 'competition_silver_dag' retrieved from /opt/airflow/dags/competition_silver_dag.py
[2026-06-25T03:21:18.706+0000] {logging_mixin.py:190} INFO - [2026-06-25T03:21:18.706+0000] {dag.py:3239} INFO - Sync 1 DAGs
[2026-06-25T03:21:18.724+0000] {logging_mixin.py:190} INFO - [2026-06-25T03:21:18.724+0000] {dag.py:4180} INFO - Setting next_dagrun for competition_silver_dag to 2026-06-25 00:00:00+00:00, run_after=2026-06-26 00:00:00+00:00
[2026-06-25T03:21:18.747+0000] {processor.py:208} INFO - Processing /opt/airflow/dags/competition_silver_dag.py took 0.983 seconds
[2026-06-25T03:21:50.773+0000] {processor.py:186} INFO - Started process (PID=19467) to work on /opt/airflow/dags/competition_silver_dag.py
[2026-06-25T03:21:50.775+0000] {processor.py:914} INFO - Processing file /opt/airflow/dags/competition_silver_dag.py for tasks to queue
[2026-06-25T03:21:50.778+0000] {logging_mixin.py:190} INFO - [2026-06-25T03:21:50.777+0000] {dagbag.py:588} INFO - Filling up the DagBag from /opt/airflow/dags/competition_silver_dag.py
[2026-06-25T03:21:51.641+0000] {processor.py:925} INFO - DAG(s) 'competition_silver_dag' retrieved from /opt/airflow/dags/competition_silver_dag.py
[2026-06-25T03:21:51.658+0000] {logging_mixin.py:190} INFO - [2026-06-25T03:21:51.657+0000] {dag.py:3239} INFO - Sync 1 DAGs
[2026-06-25T03:21:51.676+0000] {logging_mixin.py:190} INFO - [2026-06-25T03:21:51.676+0000] {dag.py:4180} INFO - Setting next_dagrun for competition_silver_dag to 2026-06-25 00:00:00+00:00, run_after=2026-06-26 00:00:00+00:00
[2026-06-25T03:21:51.701+0000] {processor.py:208} INFO - Processing /opt/airflow/dags/competition_silver_dag.py took 0.934 seconds
[2026-06-25T03:22:23.362+0000] {processor.py:186} INFO - Started process (PID=19484) to work on /opt/airflow/dags/competition_silver_dag.py
[2026-06-25T03:22:23.365+0000] {processor.py:914} INFO - Processing file /opt/airflow/dags/competition_silver_dag.py for tasks to queue
[2026-06-25T03:22:23.370+0000] {logging_mixin.py:190} INFO - [2026-06-25T03:22:23.369+0000] {dagbag.py:588} INFO - Filling up the DagBag from /opt/airflow/dags/competition_silver_dag.py
[2026-06-25T03:22:24.650+0000] {processor.py:925} INFO - DAG(s) 'competition_silver_dag' retrieved from /opt/airflow/dags/competition_silver_dag.py
[2026-06-25T03:22:24.677+0000] {logging_mixin.py:190} INFO - [2026-06-25T03:22:24.676+0000] {dag.py:3239} INFO - Sync 1 DAGs
[2026-06-25T03:22:24.699+0000] {logging_mixin.py:190} INFO - [2026-06-25T03:22:24.699+0000] {dag.py:4180} INFO - Setting next_dagrun for competition_silver_dag to 2026-06-25 00:00:00+00:00, run_after=2026-06-26 00:00:00+00:00
[2026-06-25T03:22:24.741+0000] {processor.py:208} INFO - Processing /opt/airflow/dags/competition_silver_dag.py took 1.393 seconds
[2026-06-25T03:22:56.088+0000] {processor.py:186} INFO - Started process (PID=19501) to work on /opt/airflow/dags/competition_silver_dag.py
[2026-06-25T03:22:56.092+0000] {processor.py:914} INFO - Processing file /opt/airflow/dags/competition_silver_dag.py for tasks to queue
[2026-06-25T03:22:56.096+0000] {logging_mixin.py:190} INFO - [2026-06-25T03:22:56.095+0000] {dagbag.py:588} INFO - Filling up the DagBag from /opt/airflow/dags/competition_silver_dag.py
[2026-06-25T03:22:57.399+0000] {processor.py:925} INFO - DAG(s) 'competition_silver_dag' retrieved from /opt/airflow/dags/competition_silver_dag.py
[2026-06-25T03:22:57.423+0000] {logging_mixin.py:190} INFO - [2026-06-25T03:22:57.422+0000] {dag.py:3239} INFO - Sync 1 DAGs
[2026-06-25T03:22:57.443+0000] {logging_mixin.py:190} INFO - [2026-06-25T03:22:57.443+0000] {dag.py:4180} INFO - Setting next_dagrun for competition_silver_dag to 2026-06-25 00:00:00+00:00, run_after=2026-06-26 00:00:00+00:00
[2026-06-25T03:22:57.472+0000] {processor.py:208} INFO - Processing /opt/airflow/dags/competition_silver_dag.py took 1.397 seconds
[2026-06-25T03:23:27.765+0000] {processor.py:186} INFO - Started process (PID=19518) to work on /opt/airflow/dags/competition_silver_dag.py
[2026-06-25T03:23:27.767+0000] {processor.py:914} INFO - Processing file /opt/airflow/dags/competition_silver_dag.py for tasks to queue
[2026-06-25T03:23:27.770+0000] {logging_mixin.py:190} INFO - [2026-06-25T03:23:27.769+0000] {dagbag.py:588} INFO - Filling up the DagBag from /opt/airflow/dags/competition_silver_dag.py
[2026-06-25T03:23:28.682+0000] {processor.py:925} INFO - DAG(s) 'competition_silver_dag' retrieved from /opt/airflow/dags/competition_silver_dag.py
[2026-06-25T03:23:28.702+0000] {logging_mixin.py:190} INFO - [2026-06-25T03:23:28.702+0000] {dag.py:3239} INFO - Sync 1 DAGs
[2026-06-25T03:23:28.722+0000] {logging_mixin.py:190} INFO - [2026-06-25T03:23:28.722+0000] {dag.py:4180} INFO - Setting next_dagrun for competition_silver_dag to 2026-06-25 00:00:00+00:00, run_after=2026-06-26 00:00:00+00:00
[2026-06-25T03:23:28.745+0000] {processor.py:208} INFO - Processing /opt/airflow/dags/competition_silver_dag.py took 0.987 seconds
[2026-06-25T03:24:01.256+0000] {processor.py:186} INFO - Started process (PID=19535) to work on /opt/airflow/dags/competition_silver_dag.py
[2026-06-25T03:24:01.258+0000] {processor.py:914} INFO - Processing file /opt/airflow/dags/competition_silver_dag.py for tasks to queue
[2026-06-25T03:24:01.260+0000] {logging_mixin.py:190} INFO - [2026-06-25T03:24:01.260+0000] {dagbag.py:588} INFO - Filling up the DagBag from /opt/airflow/dags/competition_silver_dag.py
[2026-06-25T03:24:02.248+0000] {processor.py:925} INFO - DAG(s) 'competition_silver_dag' retrieved from /opt/airflow/dags/competition_silver_dag.py
[2026-06-25T03:24:02.265+0000] {logging_mixin.py:190} INFO - [2026-06-25T03:24:02.265+0000] {dag.py:3239} INFO - Sync 1 DAGs
[2026-06-25T03:24:02.282+0000] {logging_mixin.py:190} INFO - [2026-06-25T03:24:02.282+0000] {dag.py:4180} INFO - Setting next_dagrun for competition_silver_dag to 2026-06-25 00:00:00+00:00, run_after=2026-06-26 00:00:00+00:00
[2026-06-25T03:24:02.306+0000] {processor.py:208} INFO - Processing /opt/airflow/dags/competition_silver_dag.py took 1.057 seconds
[2026-06-25T03:24:33.879+0000] {processor.py:186} INFO - Started process (PID=19552) to work on /opt/airflow/dags/competition_silver_dag.py
[2026-06-25T03:24:33.881+0000] {processor.py:914} INFO - Processing file /opt/airflow/dags/competition_silver_dag.py for tasks to queue
[2026-06-25T03:24:33.883+0000] {logging_mixin.py:190} INFO - [2026-06-25T03:24:33.883+0000] {dagbag.py:588} INFO - Filling up the DagBag from /opt/airflow/dags/competition_silver_dag.py
[2026-06-25T03:24:34.750+0000] {processor.py:925} INFO - DAG(s) 'competition_silver_dag' retrieved from /opt/airflow/dags/competition_silver_dag.py
[2026-06-25T03:24:34.767+0000] {logging_mixin.py:190} INFO - [2026-06-25T03:24:34.767+0000] {dag.py:3239} INFO - Sync 1 DAGs
[2026-06-25T03:24:34.789+0000] {logging_mixin.py:190} INFO - [2026-06-25T03:24:34.789+0000] {dag.py:4180} INFO - Setting next_dagrun for competition_silver_dag to 2026-06-25 00:00:00+00:00, run_after=2026-06-26 00:00:00+00:00
[2026-06-25T03:24:34.818+0000] {processor.py:208} INFO - Processing /opt/airflow/dags/competition_silver_dag.py took 0.947 seconds
[2026-06-25T03:25:06.345+0000] {processor.py:186} INFO - Started process (PID=19569) to work on /opt/airflow/dags/competition_silver_dag.py
[2026-06-25T03:25:06.347+0000] {processor.py:914} INFO - Processing file /opt/airflow/dags/competition_silver_dag.py for tasks to queue
[2026-06-25T03:25:06.351+0000] {logging_mixin.py:190} INFO - [2026-06-25T03:25:06.350+0000] {dagbag.py:588} INFO - Filling up the DagBag from /opt/airflow/dags/competition_silver_dag.py
[2026-06-25T03:25:07.213+0000] {processor.py:925} INFO - DAG(s) 'competition_silver_dag' retrieved from /opt/airflow/dags/competition_silver_dag.py
[2026-06-25T03:25:07.231+0000] {logging_mixin.py:190} INFO - [2026-06-25T03:25:07.230+0000] {dag.py:3239} INFO - Sync 1 DAGs
[2026-06-25T03:25:07.252+0000] {logging_mixin.py:190} INFO - [2026-06-25T03:25:07.252+0000] {dag.py:4180} INFO - Setting next_dagrun for competition_silver_dag to 2026-06-25 00:00:00+00:00, run_after=2026-06-26 00:00:00+00:00
[2026-06-25T03:25:07.279+0000] {processor.py:208} INFO - Processing /opt/airflow/dags/competition_silver_dag.py took 0.943 seconds
[2026-06-25T03:25:39.321+0000] {processor.py:186} INFO - Started process (PID=19586) to work on /opt/airflow/dags/competition_silver_dag.py
[2026-06-25T03:25:39.325+0000] {processor.py:914} INFO - Processing file /opt/airflow/dags/competition_silver_dag.py for tasks to queue
[2026-06-25T03:25:39.329+0000] {logging_mixin.py:190} INFO - [2026-06-25T03:25:39.328+0000] {dagbag.py:588} INFO - Filling up the DagBag from /opt/airflow/dags/competition_silver_dag.py
[2026-06-25T03:25:40.377+0000] {processor.py:925} INFO - DAG(s) 'competition_silver_dag' retrieved from /opt/airflow/dags/competition_silver_dag.py
[2026-06-25T03:25:40.399+0000] {logging_mixin.py:190} INFO - [2026-06-25T03:25:40.398+0000] {dag.py:3239} INFO - Sync 1 DAGs
[2026-06-25T03:25:40.421+0000] {logging_mixin.py:190} INFO - [2026-06-25T03:25:40.420+0000] {dag.py:4180} INFO - Setting next_dagrun for competition_silver_dag to 2026-06-25 00:00:00+00:00, run_after=2026-06-26 00:00:00+00:00
[2026-06-25T03:25:40.451+0000] {processor.py:208} INFO - Processing /opt/airflow/dags/competition_silver_dag.py took 1.139 seconds
[2026-06-25T03:26:14.216+0000] {processor.py:186} INFO - Started process (PID=19603) to work on /opt/airflow/dags/competition_silver_dag.py
[2026-06-25T03:26:14.221+0000] {processor.py:914} INFO - Processing file /opt/airflow/dags/competition_silver_dag.py for tasks to queue
[2026-06-25T03:26:14.224+0000] {logging_mixin.py:190} INFO - [2026-06-25T03:26:14.223+0000] {dagbag.py:588} INFO - Filling up the DagBag from /opt/airflow/dags/competition_silver_dag.py
[2026-06-25T03:26:15.691+0000] {processor.py:925} INFO - DAG(s) 'competition_silver_dag' retrieved from /opt/airflow/dags/competition_silver_dag.py
[2026-06-25T03:26:15.713+0000] {logging_mixin.py:190} INFO - [2026-06-25T03:26:15.712+0000] {dag.py:3239} INFO - Sync 1 DAGs
[2026-06-25T03:26:15.735+0000] {logging_mixin.py:190} INFO - [2026-06-25T03:26:15.735+0000] {dag.py:4180} INFO - Setting next_dagrun for competition_silver_dag to 2026-06-25 00:00:00+00:00, run_after=2026-06-26 00:00:00+00:00
[2026-06-25T03:26:15.765+0000] {processor.py:208} INFO - Processing /opt/airflow/dags/competition_silver_dag.py took 1.558 seconds
[2026-06-25T03:26:46.105+0000] {processor.py:186} INFO - Started process (PID=19620) to work on /opt/airflow/dags/competition_silver_dag.py
[2026-06-25T03:26:46.107+0000] {processor.py:914} INFO - Processing file /opt/airflow/dags/competition_silver_dag.py for tasks to queue
[2026-06-25T03:26:46.109+0000] {logging_mixin.py:190} INFO - [2026-06-25T03:26:46.109+0000] {dagbag.py:588} INFO - Filling up the DagBag from /opt/airflow/dags/competition_silver_dag.py
[2026-06-25T03:26:46.996+0000] {processor.py:925} INFO - DAG(s) 'competition_silver_dag' retrieved from /opt/airflow/dags/competition_silver_dag.py
[2026-06-25T03:26:47.027+0000] {logging_mixin.py:190} INFO - [2026-06-25T03:26:47.026+0000] {dag.py:3239} INFO - Sync 1 DAGs
[2026-06-25T03:26:47.056+0000] {logging_mixin.py:190} INFO - [2026-06-25T03:26:47.056+0000] {dag.py:4180} INFO - Setting next_dagrun for competition_silver_dag to 2026-06-25 00:00:00+00:00, run_after=2026-06-26 00:00:00+00:00
[2026-06-25T03:26:47.088+0000] {processor.py:208} INFO - Processing /opt/airflow/dags/competition_silver_dag.py took 0.991 seconds
[2026-06-25T03:27:17.289+0000] {processor.py:186} INFO - Started process (PID=19637) to work on /opt/airflow/dags/competition_silver_dag.py
[2026-06-25T03:27:17.292+0000] {processor.py:914} INFO - Processing file /opt/airflow/dags/competition_silver_dag.py for tasks to queue
[2026-06-25T03:27:17.295+0000] {logging_mixin.py:190} INFO - [2026-06-25T03:27:17.295+0000] {dagbag.py:588} INFO - Filling up the DagBag from /opt/airflow/dags/competition_silver_dag.py
[2026-06-25T03:27:18.129+0000] {processor.py:925} INFO - DAG(s) 'competition_silver_dag' retrieved from /opt/airflow/dags/competition_silver_dag.py
[2026-06-25T03:27:18.143+0000] {logging_mixin.py:190} INFO - [2026-06-25T03:27:18.142+0000] {dag.py:3239} INFO - Sync 1 DAGs
[2026-06-25T03:27:18.157+0000] {logging_mixin.py:190} INFO - [2026-06-25T03:27:18.156+0000] {dag.py:4180} INFO - Setting next_dagrun for competition_silver_dag to 2026-06-25 00:00:00+00:00, run_after=2026-06-26 00:00:00+00:00
[2026-06-25T03:27:18.186+0000] {processor.py:208} INFO - Processing /opt/airflow/dags/competition_silver_dag.py took 0.906 seconds
[2026-06-25T03:27:49.069+0000] {processor.py:186} INFO - Started process (PID=19654) to work on /opt/airflow/dags/competition_silver_dag.py
[2026-06-25T03:27:49.071+0000] {processor.py:914} INFO - Processing file /opt/airflow/dags/competition_silver_dag.py for tasks to queue
[2026-06-25T03:27:49.073+0000] {logging_mixin.py:190} INFO - [2026-06-25T03:27:49.073+0000] {dagbag.py:588} INFO - Filling up the DagBag from /opt/airflow/dags/competition_silver_dag.py
[2026-06-25T03:27:50.034+0000] {processor.py:925} INFO - DAG(s) 'competition_silver_dag' retrieved from /opt/airflow/dags/competition_silver_dag.py
[2026-06-25T03:27:50.056+0000] {logging_mixin.py:190} INFO - [2026-06-25T03:27:50.056+0000] {dag.py:3239} INFO - Sync 1 DAGs
[2026-06-25T03:27:50.078+0000] {logging_mixin.py:190} INFO - [2026-06-25T03:27:50.077+0000] {dag.py:4180} INFO - Setting next_dagrun for competition_silver_dag to 2026-06-25 00:00:00+00:00, run_after=2026-06-26 00:00:00+00:00
[2026-06-25T03:27:50.101+0000] {processor.py:208} INFO - Processing /opt/airflow/dags/competition_silver_dag.py took 1.039 seconds
[2026-06-25T03:28:20.867+0000] {processor.py:186} INFO - Started process (PID=19671) to work on /opt/airflow/dags/competition_silver_dag.py
[2026-06-25T03:28:20.868+0000] {processor.py:914} INFO - Processing file /opt/airflow/dags/competition_silver_dag.py for tasks to queue
[2026-06-25T03:28:20.871+0000] {logging_mixin.py:190} INFO - [2026-06-25T03:28:20.870+0000] {dagbag.py:588} INFO - Filling up the DagBag from /opt/airflow/dags/competition_silver_dag.py
[2026-06-25T03:28:21.701+0000] {processor.py:925} INFO - DAG(s) 'competition_silver_dag' retrieved from /opt/airflow/dags/competition_silver_dag.py
[2026-06-25T03:28:21.716+0000] {logging_mixin.py:190} INFO - [2026-06-25T03:28:21.716+0000] {dag.py:3239} INFO - Sync 1 DAGs
[2026-06-25T03:28:21.731+0000] {logging_mixin.py:190} INFO - [2026-06-25T03:28:21.731+0000] {dag.py:4180} INFO - Setting next_dagrun for competition_silver_dag to 2026-06-25 00:00:00+00:00, run_after=2026-06-26 00:00:00+00:00
[2026-06-25T03:28:21.751+0000] {processor.py:208} INFO - Processing /opt/airflow/dags/competition_silver_dag.py took 0.891 seconds
[2026-06-25T03:28:52.906+0000] {processor.py:186} INFO - Started process (PID=19688) to work on /opt/airflow/dags/competition_silver_dag.py
[2026-06-25T03:28:52.908+0000] {processor.py:914} INFO - Processing file /opt/airflow/dags/competition_silver_dag.py for tasks to queue
[2026-06-25T03:28:52.912+0000] {logging_mixin.py:190} INFO - [2026-06-25T03:28:52.911+0000] {dagbag.py:588} INFO - Filling up the DagBag from /opt/airflow/dags/competition_silver_dag.py
[2026-06-25T03:28:53.694+0000] {processor.py:925} INFO - DAG(s) 'competition_silver_dag' retrieved from /opt/airflow/dags/competition_silver_dag.py
[2026-06-25T03:28:53.709+0000] {logging_mixin.py:190} INFO - [2026-06-25T03:28:53.708+0000] {dag.py:3239} INFO - Sync 1 DAGs
[2026-06-25T03:28:53.724+0000] {logging_mixin.py:190} INFO - [2026-06-25T03:28:53.723+0000] {dag.py:4180} INFO - Setting next_dagrun for competition_silver_dag to 2026-06-25 00:00:00+00:00, run_after=2026-06-26 00:00:00+00:00
[2026-06-25T03:28:53.746+0000] {processor.py:208} INFO - Processing /opt/airflow/dags/competition_silver_dag.py took 0.848 seconds
[2026-06-25T03:29:25.233+0000] {processor.py:186} INFO - Started process (PID=19705) to work on /opt/airflow/dags/competition_silver_dag.py
[2026-06-25T03:29:25.235+0000] {processor.py:914} INFO - Processing file /opt/airflow/dags/competition_silver_dag.py for tasks to queue
[2026-06-25T03:29:25.238+0000] {logging_mixin.py:190} INFO - [2026-06-25T03:29:25.237+0000] {dagbag.py:588} INFO - Filling up the DagBag from /opt/airflow/dags/competition_silver_dag.py
[2026-06-25T03:29:26.098+0000] {processor.py:925} INFO - DAG(s) 'competition_silver_dag' retrieved from /opt/airflow/dags/competition_silver_dag.py
[2026-06-25T03:29:26.114+0000] {logging_mixin.py:190} INFO - [2026-06-25T03:29:26.113+0000] {dag.py:3239} INFO - Sync 1 DAGs
[2026-06-25T03:29:26.130+0000] {logging_mixin.py:190} INFO - [2026-06-25T03:29:26.130+0000] {dag.py:4180} INFO - Setting next_dagrun for competition_silver_dag to 2026-06-25 00:00:00+00:00, run_after=2026-06-26 00:00:00+00:00
[2026-06-25T03:29:26.151+0000] {processor.py:208} INFO - Processing /opt/airflow/dags/competition_silver_dag.py took 0.926 seconds
[2026-06-25T03:29:57.621+0000] {processor.py:186} INFO - Started process (PID=19722) to work on /opt/airflow/dags/competition_silver_dag.py
[2026-06-25T03:29:57.624+0000] {processor.py:914} INFO - Processing file /opt/airflow/dags/competition_silver_dag.py for tasks to queue
[2026-06-25T03:29:57.626+0000] {logging_mixin.py:190} INFO - [2026-06-25T03:29:57.626+0000] {dagbag.py:588} INFO - Filling up the DagBag from /opt/airflow/dags/competition_silver_dag.py
[2026-06-25T03:29:58.433+0000] {processor.py:925} INFO - DAG(s) 'competition_silver_dag' retrieved from /opt/airflow/dags/competition_silver_dag.py
[2026-06-25T03:29:58.448+0000] {logging_mixin.py:190} INFO - [2026-06-25T03:29:58.447+0000] {dag.py:3239} INFO - Sync 1 DAGs
[2026-06-25T03:29:58.463+0000] {logging_mixin.py:190} INFO - [2026-06-25T03:29:58.463+0000] {dag.py:4180} INFO - Setting next_dagrun for competition_silver_dag to 2026-06-25 00:00:00+00:00, run_after=2026-06-26 00:00:00+00:00
[2026-06-25T03:29:58.484+0000] {processor.py:208} INFO - Processing /opt/airflow/dags/competition_silver_dag.py took 0.871 seconds
[2026-06-25T03:30:29.903+0000] {processor.py:186} INFO - Started process (PID=19739) to work on /opt/airflow/dags/competition_silver_dag.py
[2026-06-25T03:30:29.905+0000] {processor.py:914} INFO - Processing file /opt/airflow/dags/competition_silver_dag.py for tasks to queue
[2026-06-25T03:30:29.908+0000] {logging_mixin.py:190} INFO - [2026-06-25T03:30:29.907+0000] {dagbag.py:588} INFO - Filling up the DagBag from /opt/airflow/dags/competition_silver_dag.py
[2026-06-25T03:30:30.782+0000] {processor.py:925} INFO - DAG(s) 'competition_silver_dag' retrieved from /opt/airflow/dags/competition_silver_dag.py
[2026-06-25T03:30:30.804+0000] {logging_mixin.py:190} INFO - [2026-06-25T03:30:30.804+0000] {dag.py:3239} INFO - Sync 1 DAGs
[2026-06-25T03:30:30.828+0000] {logging_mixin.py:190} INFO - [2026-06-25T03:30:30.828+0000] {dag.py:4180} INFO - Setting next_dagrun for competition_silver_dag to 2026-06-25 00:00:00+00:00, run_after=2026-06-26 00:00:00+00:00
[2026-06-25T03:30:30.857+0000] {processor.py:208} INFO - Processing /opt/airflow/dags/competition_silver_dag.py took 0.960 seconds
[2026-06-25T03:31:03.212+0000] {processor.py:186} INFO - Started process (PID=19756) to work on /opt/airflow/dags/competition_silver_dag.py
[2026-06-25T03:31:03.214+0000] {processor.py:914} INFO - Processing file /opt/airflow/dags/competition_silver_dag.py for tasks to queue
[2026-06-25T03:31:03.216+0000] {logging_mixin.py:190} INFO - [2026-06-25T03:31:03.216+0000] {dagbag.py:588} INFO - Filling up the DagBag from /opt/airflow/dags/competition_silver_dag.py
[2026-06-25T03:31:04.092+0000] {processor.py:925} INFO - DAG(s) 'competition_silver_dag' retrieved from /opt/airflow/dags/competition_silver_dag.py
[2026-06-25T03:31:04.110+0000] {logging_mixin.py:190} INFO - [2026-06-25T03:31:04.109+0000] {dag.py:3239} INFO - Sync 1 DAGs
[2026-06-25T03:31:04.128+0000] {logging_mixin.py:190} INFO - [2026-06-25T03:31:04.128+0000] {dag.py:4180} INFO - Setting next_dagrun for competition_silver_dag to 2026-06-25 00:00:00+00:00, run_after=2026-06-26 00:00:00+00:00
[2026-06-25T03:31:04.149+0000] {processor.py:208} INFO - Processing /opt/airflow/dags/competition_silver_dag.py took 0.946 seconds
[2026-06-25T03:31:35.532+0000] {processor.py:186} INFO - Started process (PID=19773) to work on /opt/airflow/dags/competition_silver_dag.py
[2026-06-25T03:31:35.534+0000] {processor.py:914} INFO - Processing file /opt/airflow/dags/competition_silver_dag.py for tasks to queue
[2026-06-25T03:31:35.537+0000] {logging_mixin.py:190} INFO - [2026-06-25T03:31:35.536+0000] {dagbag.py:588} INFO - Filling up the DagBag from /opt/airflow/dags/competition_silver_dag.py
[2026-06-25T03:31:36.410+0000] {processor.py:925} INFO - DAG(s) 'competition_silver_dag' retrieved from /opt/airflow/dags/competition_silver_dag.py
[2026-06-25T03:31:36.429+0000] {logging_mixin.py:190} INFO - [2026-06-25T03:31:36.429+0000] {dag.py:3239} INFO - Sync 1 DAGs
[2026-06-25T03:31:36.451+0000] {logging_mixin.py:190} INFO - [2026-06-25T03:31:36.451+0000] {dag.py:4180} INFO - Setting next_dagrun for competition_silver_dag to 2026-06-25 00:00:00+00:00, run_after=2026-06-26 00:00:00+00:00
[2026-06-25T03:31:36.474+0000] {processor.py:208} INFO - Processing /opt/airflow/dags/competition_silver_dag.py took 0.949 seconds
[2026-06-25T03:32:08.163+0000] {processor.py:186} INFO - Started process (PID=19790) to work on /opt/airflow/dags/competition_silver_dag.py
[2026-06-25T03:32:08.165+0000] {processor.py:914} INFO - Processing file /opt/airflow/dags/competition_silver_dag.py for tasks to queue
[2026-06-25T03:32:08.167+0000] {logging_mixin.py:190} INFO - [2026-06-25T03:32:08.167+0000] {dagbag.py:588} INFO - Filling up the DagBag from /opt/airflow/dags/competition_silver_dag.py
[2026-06-25T03:32:09.048+0000] {processor.py:925} INFO - DAG(s) 'competition_silver_dag' retrieved from /opt/airflow/dags/competition_silver_dag.py
[2026-06-25T03:32:09.066+0000] {logging_mixin.py:190} INFO - [2026-06-25T03:32:09.066+0000] {dag.py:3239} INFO - Sync 1 DAGs
[2026-06-25T03:32:09.083+0000] {logging_mixin.py:190} INFO - [2026-06-25T03:32:09.083+0000] {dag.py:4180} INFO - Setting next_dagrun for competition_silver_dag to 2026-06-25 00:00:00+00:00, run_after=2026-06-26 00:00:00+00:00
[2026-06-25T03:32:09.103+0000] {processor.py:208} INFO - Processing /opt/airflow/dags/competition_silver_dag.py took 0.947 seconds
[2026-06-25T03:32:40.508+0000] {processor.py:186} INFO - Started process (PID=19807) to work on /opt/airflow/dags/competition_silver_dag.py
[2026-06-25T03:32:40.510+0000] {processor.py:914} INFO - Processing file /opt/airflow/dags/competition_silver_dag.py for tasks to queue
[2026-06-25T03:32:40.514+0000] {logging_mixin.py:190} INFO - [2026-06-25T03:32:40.514+0000] {dagbag.py:588} INFO - Filling up the DagBag from /opt/airflow/dags/competition_silver_dag.py
[2026-06-25T03:32:41.373+0000] {processor.py:925} INFO - DAG(s) 'competition_silver_dag' retrieved from /opt/airflow/dags/competition_silver_dag.py
[2026-06-25T03:32:41.390+0000] {logging_mixin.py:190} INFO - [2026-06-25T03:32:41.389+0000] {dag.py:3239} INFO - Sync 1 DAGs
[2026-06-25T03:32:41.409+0000] {logging_mixin.py:190} INFO - [2026-06-25T03:32:41.408+0000] {dag.py:4180} INFO - Setting next_dagrun for competition_silver_dag to 2026-06-25 00:00:00+00:00, run_after=2026-06-26 00:00:00+00:00
[2026-06-25T03:32:41.439+0000] {processor.py:208} INFO - Processing /opt/airflow/dags/competition_silver_dag.py took 0.940 seconds
[2026-06-25T03:33:13.382+0000] {processor.py:186} INFO - Started process (PID=19824) to work on /opt/airflow/dags/competition_silver_dag.py
[2026-06-25T03:33:13.385+0000] {processor.py:914} INFO - Processing file /opt/airflow/dags/competition_silver_dag.py for tasks to queue
[2026-06-25T03:33:13.389+0000] {logging_mixin.py:190} INFO - [2026-06-25T03:33:13.388+0000] {dagbag.py:588} INFO - Filling up the DagBag from /opt/airflow/dags/competition_silver_dag.py
[2026-06-25T03:33:14.322+0000] {processor.py:925} INFO - DAG(s) 'competition_silver_dag' retrieved from /opt/airflow/dags/competition_silver_dag.py
[2026-06-25T03:33:14.342+0000] {logging_mixin.py:190} INFO - [2026-06-25T03:33:14.342+0000] {dag.py:3239} INFO - Sync 1 DAGs
[2026-06-25T03:33:14.360+0000] {logging_mixin.py:190} INFO - [2026-06-25T03:33:14.360+0000] {dag.py:4180} INFO - Setting next_dagrun for competition_silver_dag to 2026-06-25 00:00:00+00:00, run_after=2026-06-26 00:00:00+00:00
[2026-06-25T03:33:14.380+0000] {processor.py:208} INFO - Processing /opt/airflow/dags/competition_silver_dag.py took 1.006 seconds
[2026-06-25T03:33:45.869+0000] {processor.py:186} INFO - Started process (PID=19841) to work on /opt/airflow/dags/competition_silver_dag.py
[2026-06-25T03:33:45.870+0000] {processor.py:914} INFO - Processing file /opt/airflow/dags/competition_silver_dag.py for tasks to queue
[2026-06-25T03:33:45.872+0000] {logging_mixin.py:190} INFO - [2026-06-25T03:33:45.871+0000] {dagbag.py:588} INFO - Filling up the DagBag from /opt/airflow/dags/competition_silver_dag.py
[2026-06-25T03:33:46.731+0000] {processor.py:925} INFO - DAG(s) 'competition_silver_dag' retrieved from /opt/airflow/dags/competition_silver_dag.py
[2026-06-25T03:33:46.754+0000] {logging_mixin.py:190} INFO - [2026-06-25T03:33:46.753+0000] {dag.py:3239} INFO - Sync 1 DAGs
[2026-06-25T03:33:46.782+0000] {logging_mixin.py:190} INFO - [2026-06-25T03:33:46.782+0000] {dag.py:4180} INFO - Setting next_dagrun for competition_silver_dag to 2026-06-25 00:00:00+00:00, run_after=2026-06-26 00:00:00+00:00
[2026-06-25T03:33:46.811+0000] {processor.py:208} INFO - Processing /opt/airflow/dags/competition_silver_dag.py took 0.949 seconds
[2026-06-25T03:34:18.645+0000] {processor.py:186} INFO - Started process (PID=19858) to work on /opt/airflow/dags/competition_silver_dag.py
[2026-06-25T03:34:18.647+0000] {processor.py:914} INFO - Processing file /opt/airflow/dags/competition_silver_dag.py for tasks to queue
[2026-06-25T03:34:18.650+0000] {logging_mixin.py:190} INFO - [2026-06-25T03:34:18.649+0000] {dagbag.py:588} INFO - Filling up the DagBag from /opt/airflow/dags/competition_silver_dag.py
[2026-06-25T03:34:19.603+0000] {processor.py:925} INFO - DAG(s) 'competition_silver_dag' retrieved from /opt/airflow/dags/competition_silver_dag.py
[2026-06-25T03:34:19.626+0000] {logging_mixin.py:190} INFO - [2026-06-25T03:34:19.625+0000] {dag.py:3239} INFO - Sync 1 DAGs
[2026-06-25T03:34:19.645+0000] {logging_mixin.py:190} INFO - [2026-06-25T03:34:19.645+0000] {dag.py:4180} INFO - Setting next_dagrun for competition_silver_dag to 2026-06-25 00:00:00+00:00, run_after=2026-06-26 00:00:00+00:00
[2026-06-25T03:34:19.668+0000] {processor.py:208} INFO - Processing /opt/airflow/dags/competition_silver_dag.py took 1.029 seconds
[2026-06-25T03:34:51.260+0000] {processor.py:186} INFO - Started process (PID=19875) to work on /opt/airflow/dags/competition_silver_dag.py
[2026-06-25T03:34:51.263+0000] {processor.py:914} INFO - Processing file /opt/airflow/dags/competition_silver_dag.py for tasks to queue
[2026-06-25T03:34:51.268+0000] {logging_mixin.py:190} INFO - [2026-06-25T03:34:51.267+0000] {dagbag.py:588} INFO - Filling up the DagBag from /opt/airflow/dags/competition_silver_dag.py
[2026-06-25T03:34:52.144+0000] {processor.py:925} INFO - DAG(s) 'competition_silver_dag' retrieved from /opt/airflow/dags/competition_silver_dag.py
[2026-06-25T03:34:52.159+0000] {logging_mixin.py:190} INFO - [2026-06-25T03:34:52.159+0000] {dag.py:3239} INFO - Sync 1 DAGs
[2026-06-25T03:34:52.175+0000] {logging_mixin.py:190} INFO - [2026-06-25T03:34:52.175+0000] {dag.py:4180} INFO - Setting next_dagrun for competition_silver_dag to 2026-06-25 00:00:00+00:00, run_after=2026-06-26 00:00:00+00:00
[2026-06-25T03:34:52.197+0000] {processor.py:208} INFO - Processing /opt/airflow/dags/competition_silver_dag.py took 0.951 seconds
[2026-06-25T03:35:25.550+0000] {processor.py:186} INFO - Started process (PID=19892) to work on /opt/airflow/dags/competition_silver_dag.py
[2026-06-25T03:35:25.553+0000] {processor.py:914} INFO - Processing file /opt/airflow/dags/competition_silver_dag.py for tasks to queue
[2026-06-25T03:35:25.556+0000] {logging_mixin.py:190} INFO - [2026-06-25T03:35:25.555+0000] {dagbag.py:588} INFO - Filling up the DagBag from /opt/airflow/dags/competition_silver_dag.py
[2026-06-25T03:35:26.510+0000] {processor.py:925} INFO - DAG(s) 'competition_silver_dag' retrieved from /opt/airflow/dags/competition_silver_dag.py
[2026-06-25T03:35:26.528+0000] {logging_mixin.py:190} INFO - [2026-06-25T03:35:26.528+0000] {dag.py:3239} INFO - Sync 1 DAGs
[2026-06-25T03:35:26.548+0000] {logging_mixin.py:190} INFO - [2026-06-25T03:35:26.548+0000] {dag.py:4180} INFO - Setting next_dagrun for competition_silver_dag to 2026-06-25 00:00:00+00:00, run_after=2026-06-26 00:00:00+00:00
[2026-06-25T03:35:26.571+0000] {processor.py:208} INFO - Processing /opt/airflow/dags/competition_silver_dag.py took 1.034 seconds
[2026-06-25T03:35:56.871+0000] {processor.py:186} INFO - Started process (PID=19909) to work on /opt/airflow/dags/competition_silver_dag.py
[2026-06-25T03:35:56.873+0000] {processor.py:914} INFO - Processing file /opt/airflow/dags/competition_silver_dag.py for tasks to queue
[2026-06-25T03:35:56.875+0000] {logging_mixin.py:190} INFO - [2026-06-25T03:35:56.875+0000] {dagbag.py:588} INFO - Filling up the DagBag from /opt/airflow/dags/competition_silver_dag.py
[2026-06-25T03:35:57.725+0000] {processor.py:925} INFO - DAG(s) 'competition_silver_dag' retrieved from /opt/airflow/dags/competition_silver_dag.py
[2026-06-25T03:35:57.740+0000] {logging_mixin.py:190} INFO - [2026-06-25T03:35:57.740+0000] {dag.py:3239} INFO - Sync 1 DAGs
[2026-06-25T03:35:57.754+0000] {logging_mixin.py:190} INFO - [2026-06-25T03:35:57.754+0000] {dag.py:4180} INFO - Setting next_dagrun for competition_silver_dag to 2026-06-25 00:00:00+00:00, run_after=2026-06-26 00:00:00+00:00
[2026-06-25T03:35:57.779+0000] {processor.py:208} INFO - Processing /opt/airflow/dags/competition_silver_dag.py took 0.914 seconds
[2026-06-25T03:36:28.045+0000] {processor.py:186} INFO - Started process (PID=19926) to work on /opt/airflow/dags/competition_silver_dag.py
[2026-06-25T03:36:28.047+0000] {processor.py:914} INFO - Processing file /opt/airflow/dags/competition_silver_dag.py for tasks to queue
[2026-06-25T03:36:28.050+0000] {logging_mixin.py:190} INFO - [2026-06-25T03:36:28.050+0000] {dagbag.py:588} INFO - Filling up the DagBag from /opt/airflow/dags/competition_silver_dag.py
[2026-06-25T03:36:29.096+0000] {processor.py:925} INFO - DAG(s) 'competition_silver_dag' retrieved from /opt/airflow/dags/competition_silver_dag.py
[2026-06-25T03:36:29.118+0000] {logging_mixin.py:190} INFO - [2026-06-25T03:36:29.117+0000] {dag.py:3239} INFO - Sync 1 DAGs
[2026-06-25T03:36:29.141+0000] {logging_mixin.py:190} INFO - [2026-06-25T03:36:29.140+0000] {dag.py:4180} INFO - Setting next_dagrun for competition_silver_dag to 2026-06-25 00:00:00+00:00, run_after=2026-06-26 00:00:00+00:00
[2026-06-25T03:36:29.167+0000] {processor.py:208} INFO - Processing /opt/airflow/dags/competition_silver_dag.py took 1.129 seconds
[2026-06-25T03:37:05.007+0000] {processor.py:186} INFO - Started process (PID=19943) to work on /opt/airflow/dags/competition_silver_dag.py
[2026-06-25T03:37:05.009+0000] {processor.py:914} INFO - Processing file /opt/airflow/dags/competition_silver_dag.py for tasks to queue
[2026-06-25T03:37:05.012+0000] {logging_mixin.py:190} INFO - [2026-06-25T03:37:05.012+0000] {dagbag.py:588} INFO - Filling up the DagBag from /opt/airflow/dags/competition_silver_dag.py
[2026-06-25T03:37:05.935+0000] {processor.py:925} INFO - DAG(s) 'competition_silver_dag' retrieved from /opt/airflow/dags/competition_silver_dag.py
[2026-06-25T03:37:05.952+0000] {logging_mixin.py:190} INFO - [2026-06-25T03:37:05.952+0000] {dag.py:3239} INFO - Sync 1 DAGs
[2026-06-25T03:37:05.971+0000] {logging_mixin.py:190} INFO - [2026-06-25T03:37:05.971+0000] {dag.py:4180} INFO - Setting next_dagrun for competition_silver_dag to 2026-06-25 00:00:00+00:00, run_after=2026-06-26 00:00:00+00:00
[2026-06-25T03:37:05.992+0000] {processor.py:208} INFO - Processing /opt/airflow/dags/competition_silver_dag.py took 0.993 seconds
[2026-06-25T03:37:36.770+0000] {processor.py:186} INFO - Started process (PID=19960) to work on /opt/airflow/dags/competition_silver_dag.py
[2026-06-25T03:37:36.774+0000] {processor.py:914} INFO - Processing file /opt/airflow/dags/competition_silver_dag.py for tasks to queue
[2026-06-25T03:37:36.777+0000] {logging_mixin.py:190} INFO - [2026-06-25T03:37:36.777+0000] {dagbag.py:588} INFO - Filling up the DagBag from /opt/airflow/dags/competition_silver_dag.py
[2026-06-25T03:37:37.760+0000] {processor.py:925} INFO - DAG(s) 'competition_silver_dag' retrieved from /opt/airflow/dags/competition_silver_dag.py
[2026-06-25T03:37:37.777+0000] {logging_mixin.py:190} INFO - [2026-06-25T03:37:37.777+0000] {dag.py:3239} INFO - Sync 1 DAGs
[2026-06-25T03:37:37.797+0000] {logging_mixin.py:190} INFO - [2026-06-25T03:37:37.797+0000] {dag.py:4180} INFO - Setting next_dagrun for competition_silver_dag to 2026-06-25 00:00:00+00:00, run_after=2026-06-26 00:00:00+00:00
[2026-06-25T03:37:37.824+0000] {processor.py:208} INFO - Processing /opt/airflow/dags/competition_silver_dag.py took 1.065 seconds
[2026-06-25T03:38:08.397+0000] {processor.py:186} INFO - Started process (PID=19977) to work on /opt/airflow/dags/competition_silver_dag.py
[2026-06-25T03:38:08.400+0000] {processor.py:914} INFO - Processing file /opt/airflow/dags/competition_silver_dag.py for tasks to queue
[2026-06-25T03:38:08.405+0000] {logging_mixin.py:190} INFO - [2026-06-25T03:38:08.404+0000] {dagbag.py:588} INFO - Filling up the DagBag from /opt/airflow/dags/competition_silver_dag.py
[2026-06-25T03:38:09.401+0000] {processor.py:925} INFO - DAG(s) 'competition_silver_dag' retrieved from /opt/airflow/dags/competition_silver_dag.py
[2026-06-25T03:38:09.419+0000] {logging_mixin.py:190} INFO - [2026-06-25T03:38:09.419+0000] {dag.py:3239} INFO - Sync 1 DAGs
[2026-06-25T03:38:09.440+0000] {logging_mixin.py:190} INFO - [2026-06-25T03:38:09.440+0000] {dag.py:4180} INFO - Setting next_dagrun for competition_silver_dag to 2026-06-25 00:00:00+00:00, run_after=2026-06-26 00:00:00+00:00
[2026-06-25T03:38:09.461+0000] {processor.py:208} INFO - Processing /opt/airflow/dags/competition_silver_dag.py took 1.077 seconds
[2026-06-25T03:38:41.458+0000] {processor.py:186} INFO - Started process (PID=19994) to work on /opt/airflow/dags/competition_silver_dag.py
[2026-06-25T03:38:41.461+0000] {processor.py:914} INFO - Processing file /opt/airflow/dags/competition_silver_dag.py for tasks to queue
[2026-06-25T03:38:41.465+0000] {logging_mixin.py:190} INFO - [2026-06-25T03:38:41.464+0000] {dagbag.py:588} INFO - Filling up the DagBag from /opt/airflow/dags/competition_silver_dag.py
[2026-06-25T03:38:42.428+0000] {processor.py:925} INFO - DAG(s) 'competition_silver_dag' retrieved from /opt/airflow/dags/competition_silver_dag.py
[2026-06-25T03:38:42.444+0000] {logging_mixin.py:190} INFO - [2026-06-25T03:38:42.444+0000] {dag.py:3239} INFO - Sync 1 DAGs
[2026-06-25T03:38:42.462+0000] {logging_mixin.py:190} INFO - [2026-06-25T03:38:42.462+0000] {dag.py:4180} INFO - Setting next_dagrun for competition_silver_dag to 2026-06-25 00:00:00+00:00, run_after=2026-06-26 00:00:00+00:00
[2026-06-25T03:38:42.485+0000] {processor.py:208} INFO - Processing /opt/airflow/dags/competition_silver_dag.py took 1.040 seconds
[2026-06-25T03:39:13.998+0000] {processor.py:186} INFO - Started process (PID=20011) to work on /opt/airflow/dags/competition_silver_dag.py
[2026-06-25T03:39:14.000+0000] {processor.py:914} INFO - Processing file /opt/airflow/dags/competition_silver_dag.py for tasks to queue
[2026-06-25T03:39:14.003+0000] {logging_mixin.py:190} INFO - [2026-06-25T03:39:14.003+0000] {dagbag.py:588} INFO - Filling up the DagBag from /opt/airflow/dags/competition_silver_dag.py
[2026-06-25T03:39:14.910+0000] {processor.py:925} INFO - DAG(s) 'competition_silver_dag' retrieved from /opt/airflow/dags/competition_silver_dag.py
[2026-06-25T03:39:14.930+0000] {logging_mixin.py:190} INFO - [2026-06-25T03:39:14.930+0000] {dag.py:3239} INFO - Sync 1 DAGs
[2026-06-25T03:39:14.946+0000] {logging_mixin.py:190} INFO - [2026-06-25T03:39:14.946+0000] {dag.py:4180} INFO - Setting next_dagrun for competition_silver_dag to 2026-06-25 00:00:00+00:00, run_after=2026-06-26 00:00:00+00:00
[2026-06-25T03:39:14.972+0000] {processor.py:208} INFO - Processing /opt/airflow/dags/competition_silver_dag.py took 0.981 seconds
[2026-06-25T03:39:47.861+0000] {processor.py:186} INFO - Started process (PID=20028) to work on /opt/airflow/dags/competition_silver_dag.py
[2026-06-25T03:39:47.863+0000] {processor.py:914} INFO - Processing file /opt/airflow/dags/competition_silver_dag.py for tasks to queue
[2026-06-25T03:39:47.867+0000] {logging_mixin.py:190} INFO - [2026-06-25T03:39:47.866+0000] {dagbag.py:588} INFO - Filling up the DagBag from /opt/airflow/dags/competition_silver_dag.py
[2026-06-25T03:39:49.483+0000] {processor.py:925} INFO - DAG(s) 'competition_silver_dag' retrieved from /opt/airflow/dags/competition_silver_dag.py
[2026-06-25T03:39:49.512+0000] {logging_mixin.py:190} INFO - [2026-06-25T03:39:49.512+0000] {dag.py:3239} INFO - Sync 1 DAGs
[2026-06-25T03:39:49.549+0000] {logging_mixin.py:190} INFO - [2026-06-25T03:39:49.548+0000] {dag.py:4180} INFO - Setting next_dagrun for competition_silver_dag to 2026-06-25 00:00:00+00:00, run_after=2026-06-26 00:00:00+00:00
[2026-06-25T03:39:49.590+0000] {processor.py:208} INFO - Processing /opt/airflow/dags/competition_silver_dag.py took 1.737 seconds
[2026-06-25T03:40:21.313+0000] {processor.py:186} INFO - Started process (PID=20045) to work on /opt/airflow/dags/competition_silver_dag.py
[2026-06-25T03:40:21.315+0000] {processor.py:914} INFO - Processing file /opt/airflow/dags/competition_silver_dag.py for tasks to queue
[2026-06-25T03:40:21.319+0000] {logging_mixin.py:190} INFO - [2026-06-25T03:40:21.318+0000] {dagbag.py:588} INFO - Filling up the DagBag from /opt/airflow/dags/competition_silver_dag.py
[2026-06-25T03:40:22.202+0000] {processor.py:925} INFO - DAG(s) 'competition_silver_dag' retrieved from /opt/airflow/dags/competition_silver_dag.py
[2026-06-25T03:40:22.227+0000] {logging_mixin.py:190} INFO - [2026-06-25T03:40:22.227+0000] {dag.py:3239} INFO - Sync 1 DAGs
[2026-06-25T03:40:22.251+0000] {logging_mixin.py:190} INFO - [2026-06-25T03:40:22.251+0000] {dag.py:4180} INFO - Setting next_dagrun for competition_silver_dag to 2026-06-25 00:00:00+00:00, run_after=2026-06-26 00:00:00+00:00
[2026-06-25T03:40:22.275+0000] {processor.py:208} INFO - Processing /opt/airflow/dags/competition_silver_dag.py took 0.969 seconds
[2026-06-25T03:40:53.624+0000] {processor.py:186} INFO - Started process (PID=20062) to work on /opt/airflow/dags/competition_silver_dag.py
[2026-06-25T03:40:53.628+0000] {processor.py:914} INFO - Processing file /opt/airflow/dags/competition_silver_dag.py for tasks to queue
[2026-06-25T03:40:53.639+0000] {logging_mixin.py:190} INFO - [2026-06-25T03:40:53.638+0000] {dagbag.py:588} INFO - Filling up the DagBag from /opt/airflow/dags/competition_silver_dag.py
[2026-06-25T03:40:54.674+0000] {processor.py:925} INFO - DAG(s) 'competition_silver_dag' retrieved from /opt/airflow/dags/competition_silver_dag.py
[2026-06-25T03:40:54.687+0000] {logging_mixin.py:190} INFO - [2026-06-25T03:40:54.687+0000] {dag.py:3239} INFO - Sync 1 DAGs
[2026-06-25T03:40:54.702+0000] {logging_mixin.py:190} INFO - [2026-06-25T03:40:54.702+0000] {dag.py:4180} INFO - Setting next_dagrun for competition_silver_dag to 2026-06-25 00:00:00+00:00, run_after=2026-06-26 00:00:00+00:00
[2026-06-25T03:40:54.720+0000] {processor.py:208} INFO - Processing /opt/airflow/dags/competition_silver_dag.py took 1.112 seconds
[2026-06-25T03:41:25.317+0000] {processor.py:186} INFO - Started process (PID=20079) to work on /opt/airflow/dags/competition_silver_dag.py
[2026-06-25T03:41:25.320+0000] {processor.py:914} INFO - Processing file /opt/airflow/dags/competition_silver_dag.py for tasks to queue
[2026-06-25T03:41:25.322+0000] {logging_mixin.py:190} INFO - [2026-06-25T03:41:25.321+0000] {dagbag.py:588} INFO - Filling up the DagBag from /opt/airflow/dags/competition_silver_dag.py
[2026-06-25T03:41:26.264+0000] {processor.py:925} INFO - DAG(s) 'competition_silver_dag' retrieved from /opt/airflow/dags/competition_silver_dag.py
[2026-06-25T03:41:26.280+0000] {logging_mixin.py:190} INFO - [2026-06-25T03:41:26.280+0000] {dag.py:3239} INFO - Sync 1 DAGs
[2026-06-25T03:41:26.298+0000] {logging_mixin.py:190} INFO - [2026-06-25T03:41:26.298+0000] {dag.py:4180} INFO - Setting next_dagrun for competition_silver_dag to 2026-06-25 00:00:00+00:00, run_after=2026-06-26 00:00:00+00:00
[2026-06-25T03:41:26.322+0000] {processor.py:208} INFO - Processing /opt/airflow/dags/competition_silver_dag.py took 1.013 seconds
[2026-06-25T03:41:58.580+0000] {processor.py:186} INFO - Started process (PID=20096) to work on /opt/airflow/dags/competition_silver_dag.py
[2026-06-25T03:41:58.583+0000] {processor.py:914} INFO - Processing file /opt/airflow/dags/competition_silver_dag.py for tasks to queue
[2026-06-25T03:41:58.585+0000] {logging_mixin.py:190} INFO - [2026-06-25T03:41:58.585+0000] {dagbag.py:588} INFO - Filling up the DagBag from /opt/airflow/dags/competition_silver_dag.py
[2026-06-25T03:41:59.559+0000] {processor.py:925} INFO - DAG(s) 'competition_silver_dag' retrieved from /opt/airflow/dags/competition_silver_dag.py
[2026-06-25T03:41:59.578+0000] {logging_mixin.py:190} INFO - [2026-06-25T03:41:59.577+0000] {dag.py:3239} INFO - Sync 1 DAGs
[2026-06-25T03:41:59.597+0000] {logging_mixin.py:190} INFO - [2026-06-25T03:41:59.597+0000] {dag.py:4180} INFO - Setting next_dagrun for competition_silver_dag to 2026-06-25 00:00:00+00:00, run_after=2026-06-26 00:00:00+00:00
[2026-06-25T03:41:59.619+0000] {processor.py:208} INFO - Processing /opt/airflow/dags/competition_silver_dag.py took 1.046 seconds
[2026-06-25T03:42:31.481+0000] {processor.py:186} INFO - Started process (PID=20113) to work on /opt/airflow/dags/competition_silver_dag.py
[2026-06-25T03:42:31.484+0000] {processor.py:914} INFO - Processing file /opt/airflow/dags/competition_silver_dag.py for tasks to queue
[2026-06-25T03:42:31.487+0000] {logging_mixin.py:190} INFO - [2026-06-25T03:42:31.486+0000] {dagbag.py:588} INFO - Filling up the DagBag from /opt/airflow/dags/competition_silver_dag.py
[2026-06-25T03:42:32.464+0000] {processor.py:925} INFO - DAG(s) 'competition_silver_dag' retrieved from /opt/airflow/dags/competition_silver_dag.py
[2026-06-25T03:42:32.480+0000] {logging_mixin.py:190} INFO - [2026-06-25T03:42:32.480+0000] {dag.py:3239} INFO - Sync 1 DAGs
[2026-06-25T03:42:32.497+0000] {logging_mixin.py:190} INFO - [2026-06-25T03:42:32.497+0000] {dag.py:4180} INFO - Setting next_dagrun for competition_silver_dag to 2026-06-25 00:00:00+00:00, run_after=2026-06-26 00:00:00+00:00
[2026-06-25T03:42:32.522+0000] {processor.py:208} INFO - Processing /opt/airflow/dags/competition_silver_dag.py took 1.048 seconds
[2026-06-25T03:43:03.798+0000] {processor.py:186} INFO - Started process (PID=20130) to work on /opt/airflow/dags/competition_silver_dag.py
[2026-06-25T03:43:03.800+0000] {processor.py:914} INFO - Processing file /opt/airflow/dags/competition_silver_dag.py for tasks to queue
[2026-06-25T03:43:03.804+0000] {logging_mixin.py:190} INFO - [2026-06-25T03:43:03.803+0000] {dagbag.py:588} INFO - Filling up the DagBag from /opt/airflow/dags/competition_silver_dag.py
[2026-06-25T03:43:04.639+0000] {processor.py:925} INFO - DAG(s) 'competition_silver_dag' retrieved from /opt/airflow/dags/competition_silver_dag.py
[2026-06-25T03:43:04.655+0000] {logging_mixin.py:190} INFO - [2026-06-25T03:43:04.655+0000] {dag.py:3239} INFO - Sync 1 DAGs
[2026-06-25T03:43:04.675+0000] {logging_mixin.py:190} INFO - [2026-06-25T03:43:04.675+0000] {dag.py:4180} INFO - Setting next_dagrun for competition_silver_dag to 2026-06-25 00:00:00+00:00, run_after=2026-06-26 00:00:00+00:00
[2026-06-25T03:43:04.704+0000] {processor.py:208} INFO - Processing /opt/airflow/dags/competition_silver_dag.py took 0.915 seconds
[2026-06-25T03:43:36.340+0000] {processor.py:186} INFO - Started process (PID=20147) to work on /opt/airflow/dags/competition_silver_dag.py
[2026-06-25T03:43:36.343+0000] {processor.py:914} INFO - Processing file /opt/airflow/dags/competition_silver_dag.py for tasks to queue
[2026-06-25T03:43:36.346+0000] {logging_mixin.py:190} INFO - [2026-06-25T03:43:36.345+0000] {dagbag.py:588} INFO - Filling up the DagBag from /opt/airflow/dags/competition_silver_dag.py
[2026-06-25T03:43:37.247+0000] {processor.py:925} INFO - DAG(s) 'competition_silver_dag' retrieved from /opt/airflow/dags/competition_silver_dag.py
[2026-06-25T03:43:37.264+0000] {logging_mixin.py:190} INFO - [2026-06-25T03:43:37.264+0000] {dag.py:3239} INFO - Sync 1 DAGs
[2026-06-25T03:43:37.280+0000] {logging_mixin.py:190} INFO - [2026-06-25T03:43:37.279+0000] {dag.py:4180} INFO - Setting next_dagrun for competition_silver_dag to 2026-06-25 00:00:00+00:00, run_after=2026-06-26 00:00:00+00:00
[2026-06-25T03:43:37.303+0000] {processor.py:208} INFO - Processing /opt/airflow/dags/competition_silver_dag.py took 0.972 seconds
[2026-06-25T03:44:08.012+0000] {processor.py:186} INFO - Started process (PID=20164) to work on /opt/airflow/dags/competition_silver_dag.py
[2026-06-25T03:44:08.014+0000] {processor.py:914} INFO - Processing file /opt/airflow/dags/competition_silver_dag.py for tasks to queue
[2026-06-25T03:44:08.016+0000] {logging_mixin.py:190} INFO - [2026-06-25T03:44:08.016+0000] {dagbag.py:588} INFO - Filling up the DagBag from /opt/airflow/dags/competition_silver_dag.py
[2026-06-25T03:44:08.877+0000] {processor.py:925} INFO - DAG(s) 'competition_silver_dag' retrieved from /opt/airflow/dags/competition_silver_dag.py
[2026-06-25T03:44:08.895+0000] {logging_mixin.py:190} INFO - [2026-06-25T03:44:08.895+0000] {dag.py:3239} INFO - Sync 1 DAGs
[2026-06-25T03:44:08.915+0000] {logging_mixin.py:190} INFO - [2026-06-25T03:44:08.915+0000] {dag.py:4180} INFO - Setting next_dagrun for competition_silver_dag to 2026-06-25 00:00:00+00:00, run_after=2026-06-26 00:00:00+00:00
[2026-06-25T03:44:08.937+0000] {processor.py:208} INFO - Processing /opt/airflow/dags/competition_silver_dag.py took 0.931 seconds
[2026-06-25T03:44:41.089+0000] {processor.py:186} INFO - Started process (PID=20181) to work on /opt/airflow/dags/competition_silver_dag.py
[2026-06-25T03:44:41.091+0000] {processor.py:914} INFO - Processing file /opt/airflow/dags/competition_silver_dag.py for tasks to queue
[2026-06-25T03:44:41.093+0000] {logging_mixin.py:190} INFO - [2026-06-25T03:44:41.092+0000] {dagbag.py:588} INFO - Filling up the DagBag from /opt/airflow/dags/competition_silver_dag.py
[2026-06-25T03:44:41.912+0000] {processor.py:925} INFO - DAG(s) 'competition_silver_dag' retrieved from /opt/airflow/dags/competition_silver_dag.py
[2026-06-25T03:44:41.934+0000] {logging_mixin.py:190} INFO - [2026-06-25T03:44:41.934+0000] {dag.py:3239} INFO - Sync 1 DAGs
[2026-06-25T03:44:41.958+0000] {logging_mixin.py:190} INFO - [2026-06-25T03:44:41.958+0000] {dag.py:4180} INFO - Setting next_dagrun for competition_silver_dag to 2026-06-25 00:00:00+00:00, run_after=2026-06-26 00:00:00+00:00
[2026-06-25T03:44:41.980+0000] {processor.py:208} INFO - Processing /opt/airflow/dags/competition_silver_dag.py took 0.897 seconds
[2026-06-25T03:45:12.869+0000] {processor.py:186} INFO - Started process (PID=20198) to work on /opt/airflow/dags/competition_silver_dag.py
[2026-06-25T03:45:12.871+0000] {processor.py:914} INFO - Processing file /opt/airflow/dags/competition_silver_dag.py for tasks to queue
[2026-06-25T03:45:12.874+0000] {logging_mixin.py:190} INFO - [2026-06-25T03:45:12.873+0000] {dagbag.py:588} INFO - Filling up the DagBag from /opt/airflow/dags/competition_silver_dag.py
[2026-06-25T03:45:13.728+0000] {processor.py:925} INFO - DAG(s) 'competition_silver_dag' retrieved from /opt/airflow/dags/competition_silver_dag.py
[2026-06-25T03:45:13.751+0000] {logging_mixin.py:190} INFO - [2026-06-25T03:45:13.750+0000] {dag.py:3239} INFO - Sync 1 DAGs
[2026-06-25T03:45:13.773+0000] {logging_mixin.py:190} INFO - [2026-06-25T03:45:13.773+0000] {dag.py:4180} INFO - Setting next_dagrun for competition_silver_dag to 2026-06-25 00:00:00+00:00, run_after=2026-06-26 00:00:00+00:00
[2026-06-25T03:45:13.802+0000] {processor.py:208} INFO - Processing /opt/airflow/dags/competition_silver_dag.py took 0.939 seconds
[2026-06-25T03:45:44.572+0000] {processor.py:186} INFO - Started process (PID=20215) to work on /opt/airflow/dags/competition_silver_dag.py
[2026-06-25T03:45:44.575+0000] {processor.py:914} INFO - Processing file /opt/airflow/dags/competition_silver_dag.py for tasks to queue
[2026-06-25T03:45:44.578+0000] {logging_mixin.py:190} INFO - [2026-06-25T03:45:44.577+0000] {dagbag.py:588} INFO - Filling up the DagBag from /opt/airflow/dags/competition_silver_dag.py
[2026-06-25T03:45:45.389+0000] {processor.py:925} INFO - DAG(s) 'competition_silver_dag' retrieved from /opt/airflow/dags/competition_silver_dag.py
[2026-06-25T03:45:45.404+0000] {logging_mixin.py:190} INFO - [2026-06-25T03:45:45.403+0000] {dag.py:3239} INFO - Sync 1 DAGs
[2026-06-25T03:45:45.425+0000] {logging_mixin.py:190} INFO - [2026-06-25T03:45:45.425+0000] {dag.py:4180} INFO - Setting next_dagrun for competition_silver_dag to 2026-06-25 00:00:00+00:00, run_after=2026-06-26 00:00:00+00:00
[2026-06-25T03:45:45.445+0000] {processor.py:208} INFO - Processing /opt/airflow/dags/competition_silver_dag.py took 0.879 seconds
[2026-06-25T03:46:16.955+0000] {processor.py:186} INFO - Started process (PID=20232) to work on /opt/airflow/dags/competition_silver_dag.py
[2026-06-25T03:46:16.957+0000] {processor.py:914} INFO - Processing file /opt/airflow/dags/competition_silver_dag.py for tasks to queue
[2026-06-25T03:46:16.960+0000] {logging_mixin.py:190} INFO - [2026-06-25T03:46:16.959+0000] {dagbag.py:588} INFO - Filling up the DagBag from /opt/airflow/dags/competition_silver_dag.py
[2026-06-25T03:46:17.747+0000] {processor.py:925} INFO - DAG(s) 'competition_silver_dag' retrieved from /opt/airflow/dags/competition_silver_dag.py
[2026-06-25T03:46:17.759+0000] {logging_mixin.py:190} INFO - [2026-06-25T03:46:17.759+0000] {dag.py:3239} INFO - Sync 1 DAGs
[2026-06-25T03:46:17.772+0000] {logging_mixin.py:190} INFO - [2026-06-25T03:46:17.771+0000] {dag.py:4180} INFO - Setting next_dagrun for competition_silver_dag to 2026-06-25 00:00:00+00:00, run_after=2026-06-26 00:00:00+00:00
[2026-06-25T03:46:17.796+0000] {processor.py:208} INFO - Processing /opt/airflow/dags/competition_silver_dag.py took 0.847 seconds
[2026-06-25T03:46:49.356+0000] {processor.py:186} INFO - Started process (PID=20249) to work on /opt/airflow/dags/competition_silver_dag.py
[2026-06-25T03:46:49.359+0000] {processor.py:914} INFO - Processing file /opt/airflow/dags/competition_silver_dag.py for tasks to queue
[2026-06-25T03:46:49.361+0000] {logging_mixin.py:190} INFO - [2026-06-25T03:46:49.361+0000] {dagbag.py:588} INFO - Filling up the DagBag from /opt/airflow/dags/competition_silver_dag.py
[2026-06-25T03:46:50.158+0000] {processor.py:925} INFO - DAG(s) 'competition_silver_dag' retrieved from /opt/airflow/dags/competition_silver_dag.py
[2026-06-25T03:46:50.173+0000] {logging_mixin.py:190} INFO - [2026-06-25T03:46:50.173+0000] {dag.py:3239} INFO - Sync 1 DAGs
[2026-06-25T03:46:50.187+0000] {logging_mixin.py:190} INFO - [2026-06-25T03:46:50.187+0000] {dag.py:4180} INFO - Setting next_dagrun for competition_silver_dag to 2026-06-25 00:00:00+00:00, run_after=2026-06-26 00:00:00+00:00
[2026-06-25T03:46:50.206+0000] {processor.py:208} INFO - Processing /opt/airflow/dags/competition_silver_dag.py took 0.856 seconds
[2026-06-25T03:47:20.308+0000] {processor.py:186} INFO - Started process (PID=20266) to work on /opt/airflow/dags/competition_silver_dag.py
[2026-06-25T03:47:20.311+0000] {processor.py:914} INFO - Processing file /opt/airflow/dags/competition_silver_dag.py for tasks to queue
[2026-06-25T03:47:20.314+0000] {logging_mixin.py:190} INFO - [2026-06-25T03:47:20.314+0000] {dagbag.py:588} INFO - Filling up the DagBag from /opt/airflow/dags/competition_silver_dag.py
[2026-06-25T03:47:21.116+0000] {processor.py:925} INFO - DAG(s) 'competition_silver_dag' retrieved from /opt/airflow/dags/competition_silver_dag.py
[2026-06-25T03:47:21.132+0000] {logging_mixin.py:190} INFO - [2026-06-25T03:47:21.131+0000] {dag.py:3239} INFO - Sync 1 DAGs
[2026-06-25T03:47:21.148+0000] {logging_mixin.py:190} INFO - [2026-06-25T03:47:21.148+0000] {dag.py:4180} INFO - Setting next_dagrun for competition_silver_dag to 2026-06-25 00:00:00+00:00, run_after=2026-06-26 00:00:00+00:00
[2026-06-25T03:47:21.173+0000] {processor.py:208} INFO - Processing /opt/airflow/dags/competition_silver_dag.py took 0.875 seconds
