[2026-06-25T03:20:42.574+0000] {processor.py:186} INFO - Started process (PID=19429) to work on /opt/airflow/dags/competition_pipeline_dag.py
[2026-06-25T03:20:42.577+0000] {processor.py:914} INFO - Processing file /opt/airflow/dags/competition_pipeline_dag.py for tasks to queue
[2026-06-25T03:20:42.580+0000] {logging_mixin.py:190} INFO - [2026-06-25T03:20:42.579+0000] {dagbag.py:588} INFO - Filling up the DagBag from /opt/airflow/dags/competition_pipeline_dag.py
[2026-06-25T03:20:43.749+0000] {processor.py:925} INFO - DAG(s) 'competition_pipeline_dag' retrieved from /opt/airflow/dags/competition_pipeline_dag.py
[2026-06-25T03:20:43.770+0000] {logging_mixin.py:190} INFO - [2026-06-25T03:20:43.769+0000] {dag.py:3239} INFO - Sync 1 DAGs
[2026-06-25T03:20:43.785+0000] {logging_mixin.py:190} INFO - [2026-06-25T03:20:43.785+0000] {dag.py:4180} INFO - Setting next_dagrun for competition_pipeline_dag to 2026-06-25 00:00:00+00:00, run_after=2026-06-26 00:00:00+00:00
[2026-06-25T03:20:43.809+0000] {processor.py:208} INFO - Processing /opt/airflow/dags/competition_pipeline_dag.py took 1.240 seconds
[2026-06-25T03:21:14.385+0000] {processor.py:186} INFO - Started process (PID=19446) to work on /opt/airflow/dags/competition_pipeline_dag.py
[2026-06-25T03:21:14.388+0000] {processor.py:914} INFO - Processing file /opt/airflow/dags/competition_pipeline_dag.py for tasks to queue
[2026-06-25T03:21:14.392+0000] {logging_mixin.py:190} INFO - [2026-06-25T03:21:14.391+0000] {dagbag.py:588} INFO - Filling up the DagBag from /opt/airflow/dags/competition_pipeline_dag.py
[2026-06-25T03:21:15.403+0000] {processor.py:925} INFO - DAG(s) 'competition_pipeline_dag' retrieved from /opt/airflow/dags/competition_pipeline_dag.py
[2026-06-25T03:21:15.421+0000] {logging_mixin.py:190} INFO - [2026-06-25T03:21:15.420+0000] {dag.py:3239} INFO - Sync 1 DAGs
[2026-06-25T03:21:15.435+0000] {logging_mixin.py:190} INFO - [2026-06-25T03:21:15.435+0000] {dag.py:4180} INFO - Setting next_dagrun for competition_pipeline_dag to 2026-06-25 00:00:00+00:00, run_after=2026-06-26 00:00:00+00:00
[2026-06-25T03:21:15.456+0000] {processor.py:208} INFO - Processing /opt/airflow/dags/competition_pipeline_dag.py took 1.082 seconds
[2026-06-25T03:21:47.435+0000] {processor.py:186} INFO - Started process (PID=19463) to work on /opt/airflow/dags/competition_pipeline_dag.py
[2026-06-25T03:21:47.438+0000] {processor.py:914} INFO - Processing file /opt/airflow/dags/competition_pipeline_dag.py for tasks to queue
[2026-06-25T03:21:47.441+0000] {logging_mixin.py:190} INFO - [2026-06-25T03:21:47.440+0000] {dagbag.py:588} INFO - Filling up the DagBag from /opt/airflow/dags/competition_pipeline_dag.py
[2026-06-25T03:21:48.548+0000] {processor.py:925} INFO - DAG(s) 'competition_pipeline_dag' retrieved from /opt/airflow/dags/competition_pipeline_dag.py
[2026-06-25T03:21:48.563+0000] {logging_mixin.py:190} INFO - [2026-06-25T03:21:48.563+0000] {dag.py:3239} INFO - Sync 1 DAGs
[2026-06-25T03:21:48.577+0000] {logging_mixin.py:190} INFO - [2026-06-25T03:21:48.577+0000] {dag.py:4180} INFO - Setting next_dagrun for competition_pipeline_dag to 2026-06-25 00:00:00+00:00, run_after=2026-06-26 00:00:00+00:00
[2026-06-25T03:21:48.597+0000] {processor.py:208} INFO - Processing /opt/airflow/dags/competition_pipeline_dag.py took 1.171 seconds
[2026-06-25T03:22:19.521+0000] {processor.py:186} INFO - Started process (PID=19480) to work on /opt/airflow/dags/competition_pipeline_dag.py
[2026-06-25T03:22:19.523+0000] {processor.py:914} INFO - Processing file /opt/airflow/dags/competition_pipeline_dag.py for tasks to queue
[2026-06-25T03:22:19.526+0000] {logging_mixin.py:190} INFO - [2026-06-25T03:22:19.526+0000] {dagbag.py:588} INFO - Filling up the DagBag from /opt/airflow/dags/competition_pipeline_dag.py
[2026-06-25T03:22:20.738+0000] {processor.py:925} INFO - DAG(s) 'competition_pipeline_dag' retrieved from /opt/airflow/dags/competition_pipeline_dag.py
[2026-06-25T03:22:20.756+0000] {logging_mixin.py:190} INFO - [2026-06-25T03:22:20.756+0000] {dag.py:3239} INFO - Sync 1 DAGs
[2026-06-25T03:22:20.772+0000] {logging_mixin.py:190} INFO - [2026-06-25T03:22:20.772+0000] {dag.py:4180} INFO - Setting next_dagrun for competition_pipeline_dag to 2026-06-25 00:00:00+00:00, run_after=2026-06-26 00:00:00+00:00
[2026-06-25T03:22:20.800+0000] {processor.py:208} INFO - Processing /opt/airflow/dags/competition_pipeline_dag.py took 1.286 seconds
[2026-06-25T03:22:52.005+0000] {processor.py:186} INFO - Started process (PID=19497) to work on /opt/airflow/dags/competition_pipeline_dag.py
[2026-06-25T03:22:52.007+0000] {processor.py:914} INFO - Processing file /opt/airflow/dags/competition_pipeline_dag.py for tasks to queue
[2026-06-25T03:22:52.009+0000] {logging_mixin.py:190} INFO - [2026-06-25T03:22:52.009+0000] {dagbag.py:588} INFO - Filling up the DagBag from /opt/airflow/dags/competition_pipeline_dag.py
[2026-06-25T03:22:53.065+0000] {processor.py:925} INFO - DAG(s) 'competition_pipeline_dag' retrieved from /opt/airflow/dags/competition_pipeline_dag.py
[2026-06-25T03:22:53.083+0000] {logging_mixin.py:190} INFO - [2026-06-25T03:22:53.083+0000] {dag.py:3239} INFO - Sync 1 DAGs
[2026-06-25T03:22:53.103+0000] {logging_mixin.py:190} INFO - [2026-06-25T03:22:53.103+0000] {dag.py:4180} INFO - Setting next_dagrun for competition_pipeline_dag to 2026-06-25 00:00:00+00:00, run_after=2026-06-26 00:00:00+00:00
[2026-06-25T03:22:53.130+0000] {processor.py:208} INFO - Processing /opt/airflow/dags/competition_pipeline_dag.py took 1.132 seconds
[2026-06-25T03:23:24.730+0000] {processor.py:186} INFO - Started process (PID=19514) to work on /opt/airflow/dags/competition_pipeline_dag.py
[2026-06-25T03:23:24.732+0000] {processor.py:914} INFO - Processing file /opt/airflow/dags/competition_pipeline_dag.py for tasks to queue
[2026-06-25T03:23:24.735+0000] {logging_mixin.py:190} INFO - [2026-06-25T03:23:24.734+0000] {dagbag.py:588} INFO - Filling up the DagBag from /opt/airflow/dags/competition_pipeline_dag.py
[2026-06-25T03:23:25.604+0000] {processor.py:925} INFO - DAG(s) 'competition_pipeline_dag' retrieved from /opt/airflow/dags/competition_pipeline_dag.py
[2026-06-25T03:23:25.622+0000] {logging_mixin.py:190} INFO - [2026-06-25T03:23:25.622+0000] {dag.py:3239} INFO - Sync 1 DAGs
[2026-06-25T03:23:25.640+0000] {logging_mixin.py:190} INFO - [2026-06-25T03:23:25.640+0000] {dag.py:4180} INFO - Setting next_dagrun for competition_pipeline_dag to 2026-06-25 00:00:00+00:00, run_after=2026-06-26 00:00:00+00:00
[2026-06-25T03:23:25.665+0000] {processor.py:208} INFO - Processing /opt/airflow/dags/competition_pipeline_dag.py took 0.944 seconds
[2026-06-25T03:23:57.544+0000] {processor.py:186} INFO - Started process (PID=19531) to work on /opt/airflow/dags/competition_pipeline_dag.py
[2026-06-25T03:23:57.546+0000] {processor.py:914} INFO - Processing file /opt/airflow/dags/competition_pipeline_dag.py for tasks to queue
[2026-06-25T03:23:57.549+0000] {logging_mixin.py:190} INFO - [2026-06-25T03:23:57.548+0000] {dagbag.py:588} INFO - Filling up the DagBag from /opt/airflow/dags/competition_pipeline_dag.py
[2026-06-25T03:23:58.668+0000] {processor.py:925} INFO - DAG(s) 'competition_pipeline_dag' retrieved from /opt/airflow/dags/competition_pipeline_dag.py
[2026-06-25T03:23:58.686+0000] {logging_mixin.py:190} INFO - [2026-06-25T03:23:58.685+0000] {dag.py:3239} INFO - Sync 1 DAGs
[2026-06-25T03:23:58.707+0000] {logging_mixin.py:190} INFO - [2026-06-25T03:23:58.706+0000] {dag.py:4180} INFO - Setting next_dagrun for competition_pipeline_dag to 2026-06-25 00:00:00+00:00, run_after=2026-06-26 00:00:00+00:00
[2026-06-25T03:23:58.736+0000] {processor.py:208} INFO - Processing /opt/airflow/dags/competition_pipeline_dag.py took 1.201 seconds
[2026-06-25T03:24:30.169+0000] {processor.py:186} INFO - Started process (PID=19548) to work on /opt/airflow/dags/competition_pipeline_dag.py
[2026-06-25T03:24:30.172+0000] {processor.py:914} INFO - Processing file /opt/airflow/dags/competition_pipeline_dag.py for tasks to queue
[2026-06-25T03:24:30.175+0000] {logging_mixin.py:190} INFO - [2026-06-25T03:24:30.174+0000] {dagbag.py:588} INFO - Filling up the DagBag from /opt/airflow/dags/competition_pipeline_dag.py
[2026-06-25T03:24:31.308+0000] {processor.py:925} INFO - DAG(s) 'competition_pipeline_dag' retrieved from /opt/airflow/dags/competition_pipeline_dag.py
[2026-06-25T03:24:31.327+0000] {logging_mixin.py:190} INFO - [2026-06-25T03:24:31.327+0000] {dag.py:3239} INFO - Sync 1 DAGs
[2026-06-25T03:24:31.343+0000] {logging_mixin.py:190} INFO - [2026-06-25T03:24:31.343+0000] {dag.py:4180} INFO - Setting next_dagrun for competition_pipeline_dag to 2026-06-25 00:00:00+00:00, run_after=2026-06-26 00:00:00+00:00
[2026-06-25T03:24:31.364+0000] {processor.py:208} INFO - Processing /opt/airflow/dags/competition_pipeline_dag.py took 1.202 seconds
[2026-06-25T03:25:02.626+0000] {processor.py:186} INFO - Started process (PID=19565) to work on /opt/airflow/dags/competition_pipeline_dag.py
[2026-06-25T03:25:02.630+0000] {processor.py:914} INFO - Processing file /opt/airflow/dags/competition_pipeline_dag.py for tasks to queue
[2026-06-25T03:25:02.634+0000] {logging_mixin.py:190} INFO - [2026-06-25T03:25:02.633+0000] {dagbag.py:588} INFO - Filling up the DagBag from /opt/airflow/dags/competition_pipeline_dag.py
[2026-06-25T03:25:03.482+0000] {processor.py:925} INFO - DAG(s) 'competition_pipeline_dag' retrieved from /opt/airflow/dags/competition_pipeline_dag.py
[2026-06-25T03:25:03.496+0000] {logging_mixin.py:190} INFO - [2026-06-25T03:25:03.495+0000] {dag.py:3239} INFO - Sync 1 DAGs
[2026-06-25T03:25:03.509+0000] {logging_mixin.py:190} INFO - [2026-06-25T03:25:03.509+0000] {dag.py:4180} INFO - Setting next_dagrun for competition_pipeline_dag to 2026-06-25 00:00:00+00:00, run_after=2026-06-26 00:00:00+00:00
[2026-06-25T03:25:03.534+0000] {processor.py:208} INFO - Processing /opt/airflow/dags/competition_pipeline_dag.py took 0.921 seconds
[2026-06-25T03:25:35.818+0000] {processor.py:186} INFO - Started process (PID=19582) to work on /opt/airflow/dags/competition_pipeline_dag.py
[2026-06-25T03:25:35.820+0000] {processor.py:914} INFO - Processing file /opt/airflow/dags/competition_pipeline_dag.py for tasks to queue
[2026-06-25T03:25:35.822+0000] {logging_mixin.py:190} INFO - [2026-06-25T03:25:35.822+0000] {dagbag.py:588} INFO - Filling up the DagBag from /opt/airflow/dags/competition_pipeline_dag.py
[2026-06-25T03:25:36.891+0000] {processor.py:925} INFO - DAG(s) 'competition_pipeline_dag' retrieved from /opt/airflow/dags/competition_pipeline_dag.py
[2026-06-25T03:25:36.911+0000] {logging_mixin.py:190} INFO - [2026-06-25T03:25:36.910+0000] {dag.py:3239} INFO - Sync 1 DAGs
[2026-06-25T03:25:36.935+0000] {logging_mixin.py:190} INFO - [2026-06-25T03:25:36.934+0000] {dag.py:4180} INFO - Setting next_dagrun for competition_pipeline_dag to 2026-06-25 00:00:00+00:00, run_after=2026-06-26 00:00:00+00:00
[2026-06-25T03:25:36.963+0000] {processor.py:208} INFO - Processing /opt/airflow/dags/competition_pipeline_dag.py took 1.151 seconds
[2026-06-25T03:26:10.474+0000] {processor.py:186} INFO - Started process (PID=19599) to work on /opt/airflow/dags/competition_pipeline_dag.py
[2026-06-25T03:26:10.476+0000] {processor.py:914} INFO - Processing file /opt/airflow/dags/competition_pipeline_dag.py for tasks to queue
[2026-06-25T03:26:10.480+0000] {logging_mixin.py:190} INFO - [2026-06-25T03:26:10.479+0000] {dagbag.py:588} INFO - Filling up the DagBag from /opt/airflow/dags/competition_pipeline_dag.py
[2026-06-25T03:26:11.552+0000] {processor.py:925} INFO - DAG(s) 'competition_pipeline_dag' retrieved from /opt/airflow/dags/competition_pipeline_dag.py
[2026-06-25T03:26:11.579+0000] {logging_mixin.py:190} INFO - [2026-06-25T03:26:11.578+0000] {dag.py:3239} INFO - Sync 1 DAGs
[2026-06-25T03:26:11.599+0000] {logging_mixin.py:190} INFO - [2026-06-25T03:26:11.599+0000] {dag.py:4180} INFO - Setting next_dagrun for competition_pipeline_dag to 2026-06-25 00:00:00+00:00, run_after=2026-06-26 00:00:00+00:00
[2026-06-25T03:26:11.621+0000] {processor.py:208} INFO - Processing /opt/airflow/dags/competition_pipeline_dag.py took 1.154 seconds
[2026-06-25T03:26:41.939+0000] {processor.py:186} INFO - Started process (PID=19616) to work on /opt/airflow/dags/competition_pipeline_dag.py
[2026-06-25T03:26:41.941+0000] {processor.py:914} INFO - Processing file /opt/airflow/dags/competition_pipeline_dag.py for tasks to queue
[2026-06-25T03:26:41.944+0000] {logging_mixin.py:190} INFO - [2026-06-25T03:26:41.943+0000] {dagbag.py:588} INFO - Filling up the DagBag from /opt/airflow/dags/competition_pipeline_dag.py
[2026-06-25T03:26:43.026+0000] {processor.py:925} INFO - DAG(s) 'competition_pipeline_dag' retrieved from /opt/airflow/dags/competition_pipeline_dag.py
[2026-06-25T03:26:43.042+0000] {logging_mixin.py:190} INFO - [2026-06-25T03:26:43.042+0000] {dag.py:3239} INFO - Sync 1 DAGs
[2026-06-25T03:26:43.059+0000] {logging_mixin.py:190} INFO - [2026-06-25T03:26:43.059+0000] {dag.py:4180} INFO - Setting next_dagrun for competition_pipeline_dag to 2026-06-25 00:00:00+00:00, run_after=2026-06-26 00:00:00+00:00
[2026-06-25T03:26:43.085+0000] {processor.py:208} INFO - Processing /opt/airflow/dags/competition_pipeline_dag.py took 1.153 seconds
[2026-06-25T03:27:13.362+0000] {processor.py:186} INFO - Started process (PID=19633) to work on /opt/airflow/dags/competition_pipeline_dag.py
[2026-06-25T03:27:13.364+0000] {processor.py:914} INFO - Processing file /opt/airflow/dags/competition_pipeline_dag.py for tasks to queue
[2026-06-25T03:27:13.367+0000] {logging_mixin.py:190} INFO - [2026-06-25T03:27:13.366+0000] {dagbag.py:588} INFO - Filling up the DagBag from /opt/airflow/dags/competition_pipeline_dag.py
[2026-06-25T03:27:14.359+0000] {processor.py:925} INFO - DAG(s) 'competition_pipeline_dag' retrieved from /opt/airflow/dags/competition_pipeline_dag.py
[2026-06-25T03:27:14.376+0000] {logging_mixin.py:190} INFO - [2026-06-25T03:27:14.375+0000] {dag.py:3239} INFO - Sync 1 DAGs
[2026-06-25T03:27:14.393+0000] {logging_mixin.py:190} INFO - [2026-06-25T03:27:14.393+0000] {dag.py:4180} INFO - Setting next_dagrun for competition_pipeline_dag to 2026-06-25 00:00:00+00:00, run_after=2026-06-26 00:00:00+00:00
[2026-06-25T03:27:14.415+0000] {processor.py:208} INFO - Processing /opt/airflow/dags/competition_pipeline_dag.py took 1.061 seconds
[2026-06-25T03:27:45.055+0000] {processor.py:186} INFO - Started process (PID=19650) to work on /opt/airflow/dags/competition_pipeline_dag.py
[2026-06-25T03:27:45.057+0000] {processor.py:914} INFO - Processing file /opt/airflow/dags/competition_pipeline_dag.py for tasks to queue
[2026-06-25T03:27:45.060+0000] {logging_mixin.py:190} INFO - [2026-06-25T03:27:45.059+0000] {dagbag.py:588} INFO - Filling up the DagBag from /opt/airflow/dags/competition_pipeline_dag.py
[2026-06-25T03:27:45.998+0000] {processor.py:925} INFO - DAG(s) 'competition_pipeline_dag' retrieved from /opt/airflow/dags/competition_pipeline_dag.py
[2026-06-25T03:27:46.014+0000] {logging_mixin.py:190} INFO - [2026-06-25T03:27:46.014+0000] {dag.py:3239} INFO - Sync 1 DAGs
[2026-06-25T03:27:46.029+0000] {logging_mixin.py:190} INFO - [2026-06-25T03:27:46.029+0000] {dag.py:4180} INFO - Setting next_dagrun for competition_pipeline_dag to 2026-06-25 00:00:00+00:00, run_after=2026-06-26 00:00:00+00:00
[2026-06-25T03:27:46.050+0000] {processor.py:208} INFO - Processing /opt/airflow/dags/competition_pipeline_dag.py took 1.002 seconds
[2026-06-25T03:28:16.500+0000] {processor.py:186} INFO - Started process (PID=19667) to work on /opt/airflow/dags/competition_pipeline_dag.py
[2026-06-25T03:28:16.502+0000] {processor.py:914} INFO - Processing file /opt/airflow/dags/competition_pipeline_dag.py for tasks to queue
[2026-06-25T03:28:16.504+0000] {logging_mixin.py:190} INFO - [2026-06-25T03:28:16.504+0000] {dagbag.py:588} INFO - Filling up the DagBag from /opt/airflow/dags/competition_pipeline_dag.py
[2026-06-25T03:28:17.424+0000] {processor.py:925} INFO - DAG(s) 'competition_pipeline_dag' retrieved from /opt/airflow/dags/competition_pipeline_dag.py
[2026-06-25T03:28:17.446+0000] {logging_mixin.py:190} INFO - [2026-06-25T03:28:17.446+0000] {dag.py:3239} INFO - Sync 1 DAGs
[2026-06-25T03:28:17.463+0000] {logging_mixin.py:190} INFO - [2026-06-25T03:28:17.463+0000] {dag.py:4180} INFO - Setting next_dagrun for competition_pipeline_dag to 2026-06-25 00:00:00+00:00, run_after=2026-06-26 00:00:00+00:00
[2026-06-25T03:28:17.483+0000] {processor.py:208} INFO - Processing /opt/airflow/dags/competition_pipeline_dag.py took 0.991 seconds
[2026-06-25T03:28:49.184+0000] {processor.py:186} INFO - Started process (PID=19684) to work on /opt/airflow/dags/competition_pipeline_dag.py
[2026-06-25T03:28:49.185+0000] {processor.py:914} INFO - Processing file /opt/airflow/dags/competition_pipeline_dag.py for tasks to queue
[2026-06-25T03:28:49.187+0000] {logging_mixin.py:190} INFO - [2026-06-25T03:28:49.187+0000] {dagbag.py:588} INFO - Filling up the DagBag from /opt/airflow/dags/competition_pipeline_dag.py
[2026-06-25T03:28:50.165+0000] {processor.py:925} INFO - DAG(s) 'competition_pipeline_dag' retrieved from /opt/airflow/dags/competition_pipeline_dag.py
[2026-06-25T03:28:50.198+0000] {logging_mixin.py:190} INFO - [2026-06-25T03:28:50.197+0000] {dag.py:3239} INFO - Sync 1 DAGs
[2026-06-25T03:28:50.222+0000] {logging_mixin.py:190} INFO - [2026-06-25T03:28:50.222+0000] {dag.py:4180} INFO - Setting next_dagrun for competition_pipeline_dag to 2026-06-25 00:00:00+00:00, run_after=2026-06-26 00:00:00+00:00
[2026-06-25T03:28:50.252+0000] {processor.py:208} INFO - Processing /opt/airflow/dags/competition_pipeline_dag.py took 1.075 seconds
[2026-06-25T03:29:21.495+0000] {processor.py:186} INFO - Started process (PID=19701) to work on /opt/airflow/dags/competition_pipeline_dag.py
[2026-06-25T03:29:21.498+0000] {processor.py:914} INFO - Processing file /opt/airflow/dags/competition_pipeline_dag.py for tasks to queue
[2026-06-25T03:29:21.501+0000] {logging_mixin.py:190} INFO - [2026-06-25T03:29:21.500+0000] {dagbag.py:588} INFO - Filling up the DagBag from /opt/airflow/dags/competition_pipeline_dag.py
[2026-06-25T03:29:22.461+0000] {processor.py:925} INFO - DAG(s) 'competition_pipeline_dag' retrieved from /opt/airflow/dags/competition_pipeline_dag.py
[2026-06-25T03:29:22.476+0000] {logging_mixin.py:190} INFO - [2026-06-25T03:29:22.476+0000] {dag.py:3239} INFO - Sync 1 DAGs
[2026-06-25T03:29:22.492+0000] {logging_mixin.py:190} INFO - [2026-06-25T03:29:22.492+0000] {dag.py:4180} INFO - Setting next_dagrun for competition_pipeline_dag to 2026-06-25 00:00:00+00:00, run_after=2026-06-26 00:00:00+00:00
[2026-06-25T03:29:22.514+0000] {processor.py:208} INFO - Processing /opt/airflow/dags/competition_pipeline_dag.py took 1.027 seconds
[2026-06-25T03:29:53.728+0000] {processor.py:186} INFO - Started process (PID=19718) to work on /opt/airflow/dags/competition_pipeline_dag.py
[2026-06-25T03:29:53.730+0000] {processor.py:914} INFO - Processing file /opt/airflow/dags/competition_pipeline_dag.py for tasks to queue
[2026-06-25T03:29:53.732+0000] {logging_mixin.py:190} INFO - [2026-06-25T03:29:53.732+0000] {dagbag.py:588} INFO - Filling up the DagBag from /opt/airflow/dags/competition_pipeline_dag.py
[2026-06-25T03:29:54.723+0000] {processor.py:925} INFO - DAG(s) 'competition_pipeline_dag' retrieved from /opt/airflow/dags/competition_pipeline_dag.py
[2026-06-25T03:29:54.740+0000] {logging_mixin.py:190} INFO - [2026-06-25T03:29:54.740+0000] {dag.py:3239} INFO - Sync 1 DAGs
[2026-06-25T03:29:54.760+0000] {logging_mixin.py:190} INFO - [2026-06-25T03:29:54.759+0000] {dag.py:4180} INFO - Setting next_dagrun for competition_pipeline_dag to 2026-06-25 00:00:00+00:00, run_after=2026-06-26 00:00:00+00:00
[2026-06-25T03:29:54.779+0000] {processor.py:208} INFO - Processing /opt/airflow/dags/competition_pipeline_dag.py took 1.057 seconds
[2026-06-25T03:30:26.086+0000] {processor.py:186} INFO - Started process (PID=19735) to work on /opt/airflow/dags/competition_pipeline_dag.py
[2026-06-25T03:30:26.087+0000] {processor.py:914} INFO - Processing file /opt/airflow/dags/competition_pipeline_dag.py for tasks to queue
[2026-06-25T03:30:26.089+0000] {logging_mixin.py:190} INFO - [2026-06-25T03:30:26.089+0000] {dagbag.py:588} INFO - Filling up the DagBag from /opt/airflow/dags/competition_pipeline_dag.py
[2026-06-25T03:30:26.970+0000] {processor.py:925} INFO - DAG(s) 'competition_pipeline_dag' retrieved from /opt/airflow/dags/competition_pipeline_dag.py
[2026-06-25T03:30:26.993+0000] {logging_mixin.py:190} INFO - [2026-06-25T03:30:26.993+0000] {dag.py:3239} INFO - Sync 1 DAGs
[2026-06-25T03:30:27.012+0000] {logging_mixin.py:190} INFO - [2026-06-25T03:30:27.012+0000] {dag.py:4180} INFO - Setting next_dagrun for competition_pipeline_dag to 2026-06-25 00:00:00+00:00, run_after=2026-06-26 00:00:00+00:00
[2026-06-25T03:30:27.040+0000] {processor.py:208} INFO - Processing /opt/airflow/dags/competition_pipeline_dag.py took 0.960 seconds
[2026-06-25T03:30:59.386+0000] {processor.py:186} INFO - Started process (PID=19752) to work on /opt/airflow/dags/competition_pipeline_dag.py
[2026-06-25T03:30:59.391+0000] {processor.py:914} INFO - Processing file /opt/airflow/dags/competition_pipeline_dag.py for tasks to queue
[2026-06-25T03:30:59.396+0000] {logging_mixin.py:190} INFO - [2026-06-25T03:30:59.395+0000] {dagbag.py:588} INFO - Filling up the DagBag from /opt/airflow/dags/competition_pipeline_dag.py
[2026-06-25T03:31:00.710+0000] {processor.py:925} INFO - DAG(s) 'competition_pipeline_dag' retrieved from /opt/airflow/dags/competition_pipeline_dag.py
[2026-06-25T03:31:00.731+0000] {logging_mixin.py:190} INFO - [2026-06-25T03:31:00.730+0000] {dag.py:3239} INFO - Sync 1 DAGs
[2026-06-25T03:31:00.754+0000] {logging_mixin.py:190} INFO - [2026-06-25T03:31:00.753+0000] {dag.py:4180} INFO - Setting next_dagrun for competition_pipeline_dag to 2026-06-25 00:00:00+00:00, run_after=2026-06-26 00:00:00+00:00
[2026-06-25T03:31:00.774+0000] {processor.py:208} INFO - Processing /opt/airflow/dags/competition_pipeline_dag.py took 1.398 seconds
[2026-06-25T03:31:31.881+0000] {processor.py:186} INFO - Started process (PID=19769) to work on /opt/airflow/dags/competition_pipeline_dag.py
[2026-06-25T03:31:31.883+0000] {processor.py:914} INFO - Processing file /opt/airflow/dags/competition_pipeline_dag.py for tasks to queue
[2026-06-25T03:31:31.886+0000] {logging_mixin.py:190} INFO - [2026-06-25T03:31:31.885+0000] {dagbag.py:588} INFO - Filling up the DagBag from /opt/airflow/dags/competition_pipeline_dag.py
[2026-06-25T03:31:32.967+0000] {processor.py:925} INFO - DAG(s) 'competition_pipeline_dag' retrieved from /opt/airflow/dags/competition_pipeline_dag.py
[2026-06-25T03:31:32.982+0000] {logging_mixin.py:190} INFO - [2026-06-25T03:31:32.982+0000] {dag.py:3239} INFO - Sync 1 DAGs
[2026-06-25T03:31:33.003+0000] {logging_mixin.py:190} INFO - [2026-06-25T03:31:33.002+0000] {dag.py:4180} INFO - Setting next_dagrun for competition_pipeline_dag to 2026-06-25 00:00:00+00:00, run_after=2026-06-26 00:00:00+00:00
[2026-06-25T03:31:33.024+0000] {processor.py:208} INFO - Processing /opt/airflow/dags/competition_pipeline_dag.py took 1.150 seconds
[2026-06-25T03:32:04.482+0000] {processor.py:186} INFO - Started process (PID=19786) to work on /opt/airflow/dags/competition_pipeline_dag.py
[2026-06-25T03:32:04.485+0000] {processor.py:914} INFO - Processing file /opt/airflow/dags/competition_pipeline_dag.py for tasks to queue
[2026-06-25T03:32:04.487+0000] {logging_mixin.py:190} INFO - [2026-06-25T03:32:04.487+0000] {dagbag.py:588} INFO - Filling up the DagBag from /opt/airflow/dags/competition_pipeline_dag.py
[2026-06-25T03:32:05.549+0000] {processor.py:925} INFO - DAG(s) 'competition_pipeline_dag' retrieved from /opt/airflow/dags/competition_pipeline_dag.py
[2026-06-25T03:32:05.562+0000] {logging_mixin.py:190} INFO - [2026-06-25T03:32:05.562+0000] {dag.py:3239} INFO - Sync 1 DAGs
[2026-06-25T03:32:05.575+0000] {logging_mixin.py:190} INFO - [2026-06-25T03:32:05.574+0000] {dag.py:4180} INFO - Setting next_dagrun for competition_pipeline_dag to 2026-06-25 00:00:00+00:00, run_after=2026-06-26 00:00:00+00:00
[2026-06-25T03:32:05.593+0000] {processor.py:208} INFO - Processing /opt/airflow/dags/competition_pipeline_dag.py took 1.117 seconds
[2026-06-25T03:32:36.711+0000] {processor.py:186} INFO - Started process (PID=19803) to work on /opt/airflow/dags/competition_pipeline_dag.py
[2026-06-25T03:32:36.713+0000] {processor.py:914} INFO - Processing file /opt/airflow/dags/competition_pipeline_dag.py for tasks to queue
[2026-06-25T03:32:36.716+0000] {logging_mixin.py:190} INFO - [2026-06-25T03:32:36.715+0000] {dagbag.py:588} INFO - Filling up the DagBag from /opt/airflow/dags/competition_pipeline_dag.py
[2026-06-25T03:32:37.770+0000] {processor.py:925} INFO - DAG(s) 'competition_pipeline_dag' retrieved from /opt/airflow/dags/competition_pipeline_dag.py
[2026-06-25T03:32:37.793+0000] {logging_mixin.py:190} INFO - [2026-06-25T03:32:37.792+0000] {dag.py:3239} INFO - Sync 1 DAGs
[2026-06-25T03:32:37.821+0000] {logging_mixin.py:190} INFO - [2026-06-25T03:32:37.821+0000] {dag.py:4180} INFO - Setting next_dagrun for competition_pipeline_dag to 2026-06-25 00:00:00+00:00, run_after=2026-06-26 00:00:00+00:00
[2026-06-25T03:32:37.846+0000] {processor.py:208} INFO - Processing /opt/airflow/dags/competition_pipeline_dag.py took 1.141 seconds
[2026-06-25T03:33:09.677+0000] {processor.py:186} INFO - Started process (PID=19820) to work on /opt/airflow/dags/competition_pipeline_dag.py
[2026-06-25T03:33:09.679+0000] {processor.py:914} INFO - Processing file /opt/airflow/dags/competition_pipeline_dag.py for tasks to queue
[2026-06-25T03:33:09.683+0000] {logging_mixin.py:190} INFO - [2026-06-25T03:33:09.682+0000] {dagbag.py:588} INFO - Filling up the DagBag from /opt/airflow/dags/competition_pipeline_dag.py
[2026-06-25T03:33:10.670+0000] {processor.py:925} INFO - DAG(s) 'competition_pipeline_dag' retrieved from /opt/airflow/dags/competition_pipeline_dag.py
[2026-06-25T03:33:10.687+0000] {logging_mixin.py:190} INFO - [2026-06-25T03:33:10.687+0000] {dag.py:3239} INFO - Sync 1 DAGs
[2026-06-25T03:33:10.708+0000] {logging_mixin.py:190} INFO - [2026-06-25T03:33:10.708+0000] {dag.py:4180} INFO - Setting next_dagrun for competition_pipeline_dag to 2026-06-25 00:00:00+00:00, run_after=2026-06-26 00:00:00+00:00
[2026-06-25T03:33:10.731+0000] {processor.py:208} INFO - Processing /opt/airflow/dags/competition_pipeline_dag.py took 1.061 seconds
[2026-06-25T03:33:41.983+0000] {processor.py:186} INFO - Started process (PID=19837) to work on /opt/airflow/dags/competition_pipeline_dag.py
[2026-06-25T03:33:41.986+0000] {processor.py:914} INFO - Processing file /opt/airflow/dags/competition_pipeline_dag.py for tasks to queue
[2026-06-25T03:33:41.990+0000] {logging_mixin.py:190} INFO - [2026-06-25T03:33:41.989+0000] {dagbag.py:588} INFO - Filling up the DagBag from /opt/airflow/dags/competition_pipeline_dag.py
[2026-06-25T03:33:43.163+0000] {processor.py:925} INFO - DAG(s) 'competition_pipeline_dag' retrieved from /opt/airflow/dags/competition_pipeline_dag.py
[2026-06-25T03:33:43.186+0000] {logging_mixin.py:190} INFO - [2026-06-25T03:33:43.186+0000] {dag.py:3239} INFO - Sync 1 DAGs
[2026-06-25T03:33:43.211+0000] {logging_mixin.py:190} INFO - [2026-06-25T03:33:43.210+0000] {dag.py:4180} INFO - Setting next_dagrun for competition_pipeline_dag to 2026-06-25 00:00:00+00:00, run_after=2026-06-26 00:00:00+00:00
[2026-06-25T03:33:43.238+0000] {processor.py:208} INFO - Processing /opt/airflow/dags/competition_pipeline_dag.py took 1.270 seconds
[2026-06-25T03:34:15.176+0000] {processor.py:186} INFO - Started process (PID=19854) to work on /opt/airflow/dags/competition_pipeline_dag.py
[2026-06-25T03:34:15.178+0000] {processor.py:914} INFO - Processing file /opt/airflow/dags/competition_pipeline_dag.py for tasks to queue
[2026-06-25T03:34:15.181+0000] {logging_mixin.py:190} INFO - [2026-06-25T03:34:15.180+0000] {dagbag.py:588} INFO - Filling up the DagBag from /opt/airflow/dags/competition_pipeline_dag.py
[2026-06-25T03:34:16.410+0000] {processor.py:925} INFO - DAG(s) 'competition_pipeline_dag' retrieved from /opt/airflow/dags/competition_pipeline_dag.py
[2026-06-25T03:34:16.438+0000] {logging_mixin.py:190} INFO - [2026-06-25T03:34:16.437+0000] {dag.py:3239} INFO - Sync 1 DAGs
[2026-06-25T03:34:16.463+0000] {logging_mixin.py:190} INFO - [2026-06-25T03:34:16.463+0000] {dag.py:4180} INFO - Setting next_dagrun for competition_pipeline_dag to 2026-06-25 00:00:00+00:00, run_after=2026-06-26 00:00:00+00:00
[2026-06-25T03:34:16.488+0000] {processor.py:208} INFO - Processing /opt/airflow/dags/competition_pipeline_dag.py took 1.321 seconds
[2026-06-25T03:34:47.535+0000] {processor.py:186} INFO - Started process (PID=19871) to work on /opt/airflow/dags/competition_pipeline_dag.py
[2026-06-25T03:34:47.537+0000] {processor.py:914} INFO - Processing file /opt/airflow/dags/competition_pipeline_dag.py for tasks to queue
[2026-06-25T03:34:47.539+0000] {logging_mixin.py:190} INFO - [2026-06-25T03:34:47.539+0000] {dagbag.py:588} INFO - Filling up the DagBag from /opt/airflow/dags/competition_pipeline_dag.py
[2026-06-25T03:34:48.642+0000] {processor.py:925} INFO - DAG(s) 'competition_pipeline_dag' retrieved from /opt/airflow/dags/competition_pipeline_dag.py
[2026-06-25T03:34:48.658+0000] {logging_mixin.py:190} INFO - [2026-06-25T03:34:48.658+0000] {dag.py:3239} INFO - Sync 1 DAGs
[2026-06-25T03:34:48.679+0000] {logging_mixin.py:190} INFO - [2026-06-25T03:34:48.678+0000] {dag.py:4180} INFO - Setting next_dagrun for competition_pipeline_dag to 2026-06-25 00:00:00+00:00, run_after=2026-06-26 00:00:00+00:00
[2026-06-25T03:34:48.708+0000] {processor.py:208} INFO - Processing /opt/airflow/dags/competition_pipeline_dag.py took 1.181 seconds
[2026-06-25T03:35:20.689+0000] {processor.py:186} INFO - Started process (PID=19888) to work on /opt/airflow/dags/competition_pipeline_dag.py
[2026-06-25T03:35:20.691+0000] {processor.py:914} INFO - Processing file /opt/airflow/dags/competition_pipeline_dag.py for tasks to queue
[2026-06-25T03:35:20.695+0000] {logging_mixin.py:190} INFO - [2026-06-25T03:35:20.694+0000] {dagbag.py:588} INFO - Filling up the DagBag from /opt/airflow/dags/competition_pipeline_dag.py
[2026-06-25T03:35:22.284+0000] {processor.py:925} INFO - DAG(s) 'competition_pipeline_dag' retrieved from /opt/airflow/dags/competition_pipeline_dag.py
[2026-06-25T03:35:22.305+0000] {logging_mixin.py:190} INFO - [2026-06-25T03:35:22.304+0000] {dag.py:3239} INFO - Sync 1 DAGs
[2026-06-25T03:35:22.329+0000] {logging_mixin.py:190} INFO - [2026-06-25T03:35:22.329+0000] {dag.py:4180} INFO - Setting next_dagrun for competition_pipeline_dag to 2026-06-25 00:00:00+00:00, run_after=2026-06-26 00:00:00+00:00
[2026-06-25T03:35:22.357+0000] {processor.py:208} INFO - Processing /opt/airflow/dags/competition_pipeline_dag.py took 1.679 seconds
[2026-06-25T03:35:53.173+0000] {processor.py:186} INFO - Started process (PID=19905) to work on /opt/airflow/dags/competition_pipeline_dag.py
[2026-06-25T03:35:53.175+0000] {processor.py:914} INFO - Processing file /opt/airflow/dags/competition_pipeline_dag.py for tasks to queue
[2026-06-25T03:35:53.177+0000] {logging_mixin.py:190} INFO - [2026-06-25T03:35:53.177+0000] {dagbag.py:588} INFO - Filling up the DagBag from /opt/airflow/dags/competition_pipeline_dag.py
[2026-06-25T03:35:54.205+0000] {processor.py:925} INFO - DAG(s) 'competition_pipeline_dag' retrieved from /opt/airflow/dags/competition_pipeline_dag.py
[2026-06-25T03:35:54.224+0000] {logging_mixin.py:190} INFO - [2026-06-25T03:35:54.223+0000] {dag.py:3239} INFO - Sync 1 DAGs
[2026-06-25T03:35:54.239+0000] {logging_mixin.py:190} INFO - [2026-06-25T03:35:54.239+0000] {dag.py:4180} INFO - Setting next_dagrun for competition_pipeline_dag to 2026-06-25 00:00:00+00:00, run_after=2026-06-26 00:00:00+00:00
[2026-06-25T03:35:54.275+0000] {processor.py:208} INFO - Processing /opt/airflow/dags/competition_pipeline_dag.py took 1.108 seconds
[2026-06-25T03:36:24.425+0000] {processor.py:186} INFO - Started process (PID=19922) to work on /opt/airflow/dags/competition_pipeline_dag.py
[2026-06-25T03:36:24.428+0000] {processor.py:914} INFO - Processing file /opt/airflow/dags/competition_pipeline_dag.py for tasks to queue
[2026-06-25T03:36:24.432+0000] {logging_mixin.py:190} INFO - [2026-06-25T03:36:24.431+0000] {dagbag.py:588} INFO - Filling up the DagBag from /opt/airflow/dags/competition_pipeline_dag.py
[2026-06-25T03:36:25.385+0000] {processor.py:925} INFO - DAG(s) 'competition_pipeline_dag' retrieved from /opt/airflow/dags/competition_pipeline_dag.py
[2026-06-25T03:36:25.402+0000] {logging_mixin.py:190} INFO - [2026-06-25T03:36:25.402+0000] {dag.py:3239} INFO - Sync 1 DAGs
[2026-06-25T03:36:25.418+0000] {logging_mixin.py:190} INFO - [2026-06-25T03:36:25.418+0000] {dag.py:4180} INFO - Setting next_dagrun for competition_pipeline_dag to 2026-06-25 00:00:00+00:00, run_after=2026-06-26 00:00:00+00:00
[2026-06-25T03:36:25.442+0000] {processor.py:208} INFO - Processing /opt/airflow/dags/competition_pipeline_dag.py took 1.024 seconds
[2026-06-25T03:37:00.497+0000] {processor.py:186} INFO - Started process (PID=19939) to work on /opt/airflow/dags/competition_pipeline_dag.py
[2026-06-25T03:37:00.500+0000] {processor.py:914} INFO - Processing file /opt/airflow/dags/competition_pipeline_dag.py for tasks to queue
[2026-06-25T03:37:00.504+0000] {logging_mixin.py:190} INFO - [2026-06-25T03:37:00.503+0000] {dagbag.py:588} INFO - Filling up the DagBag from /opt/airflow/dags/competition_pipeline_dag.py
[2026-06-25T03:37:01.745+0000] {processor.py:925} INFO - DAG(s) 'competition_pipeline_dag' retrieved from /opt/airflow/dags/competition_pipeline_dag.py
[2026-06-25T03:37:01.767+0000] {logging_mixin.py:190} INFO - [2026-06-25T03:37:01.766+0000] {dag.py:3239} INFO - Sync 1 DAGs
[2026-06-25T03:37:01.787+0000] {logging_mixin.py:190} INFO - [2026-06-25T03:37:01.786+0000] {dag.py:4180} INFO - Setting next_dagrun for competition_pipeline_dag to 2026-06-25 00:00:00+00:00, run_after=2026-06-26 00:00:00+00:00
[2026-06-25T03:37:01.808+0000] {processor.py:208} INFO - Processing /opt/airflow/dags/competition_pipeline_dag.py took 1.320 seconds
[2026-06-25T03:37:32.497+0000] {processor.py:186} INFO - Started process (PID=19956) to work on /opt/airflow/dags/competition_pipeline_dag.py
[2026-06-25T03:37:32.501+0000] {processor.py:914} INFO - Processing file /opt/airflow/dags/competition_pipeline_dag.py for tasks to queue
[2026-06-25T03:37:32.505+0000] {logging_mixin.py:190} INFO - [2026-06-25T03:37:32.504+0000] {dagbag.py:588} INFO - Filling up the DagBag from /opt/airflow/dags/competition_pipeline_dag.py
[2026-06-25T03:37:33.549+0000] {processor.py:925} INFO - DAG(s) 'competition_pipeline_dag' retrieved from /opt/airflow/dags/competition_pipeline_dag.py
[2026-06-25T03:37:33.575+0000] {logging_mixin.py:190} INFO - [2026-06-25T03:37:33.574+0000] {dag.py:3239} INFO - Sync 1 DAGs
[2026-06-25T03:37:33.596+0000] {logging_mixin.py:190} INFO - [2026-06-25T03:37:33.596+0000] {dag.py:4180} INFO - Setting next_dagrun for competition_pipeline_dag to 2026-06-25 00:00:00+00:00, run_after=2026-06-26 00:00:00+00:00
[2026-06-25T03:37:33.623+0000] {processor.py:208} INFO - Processing /opt/airflow/dags/competition_pipeline_dag.py took 1.135 seconds
[2026-06-25T03:38:04.922+0000] {processor.py:186} INFO - Started process (PID=19973) to work on /opt/airflow/dags/competition_pipeline_dag.py
[2026-06-25T03:38:04.925+0000] {processor.py:914} INFO - Processing file /opt/airflow/dags/competition_pipeline_dag.py for tasks to queue
[2026-06-25T03:38:04.929+0000] {logging_mixin.py:190} INFO - [2026-06-25T03:38:04.928+0000] {dagbag.py:588} INFO - Filling up the DagBag from /opt/airflow/dags/competition_pipeline_dag.py
[2026-06-25T03:38:06.044+0000] {processor.py:925} INFO - DAG(s) 'competition_pipeline_dag' retrieved from /opt/airflow/dags/competition_pipeline_dag.py
[2026-06-25T03:38:06.067+0000] {logging_mixin.py:190} INFO - [2026-06-25T03:38:06.067+0000] {dag.py:3239} INFO - Sync 1 DAGs
[2026-06-25T03:38:06.086+0000] {logging_mixin.py:190} INFO - [2026-06-25T03:38:06.085+0000] {dag.py:4180} INFO - Setting next_dagrun for competition_pipeline_dag to 2026-06-25 00:00:00+00:00, run_after=2026-06-26 00:00:00+00:00
[2026-06-25T03:38:06.113+0000] {processor.py:208} INFO - Processing /opt/airflow/dags/competition_pipeline_dag.py took 1.201 seconds
[2026-06-25T03:38:37.666+0000] {processor.py:186} INFO - Started process (PID=19990) to work on /opt/airflow/dags/competition_pipeline_dag.py
[2026-06-25T03:38:37.668+0000] {processor.py:914} INFO - Processing file /opt/airflow/dags/competition_pipeline_dag.py for tasks to queue
[2026-06-25T03:38:37.671+0000] {logging_mixin.py:190} INFO - [2026-06-25T03:38:37.670+0000] {dagbag.py:588} INFO - Filling up the DagBag from /opt/airflow/dags/competition_pipeline_dag.py
[2026-06-25T03:38:38.788+0000] {processor.py:925} INFO - DAG(s) 'competition_pipeline_dag' retrieved from /opt/airflow/dags/competition_pipeline_dag.py
[2026-06-25T03:38:38.807+0000] {logging_mixin.py:190} INFO - [2026-06-25T03:38:38.806+0000] {dag.py:3239} INFO - Sync 1 DAGs
[2026-06-25T03:38:38.827+0000] {logging_mixin.py:190} INFO - [2026-06-25T03:38:38.827+0000] {dag.py:4180} INFO - Setting next_dagrun for competition_pipeline_dag to 2026-06-25 00:00:00+00:00, run_after=2026-06-26 00:00:00+00:00
[2026-06-25T03:38:38.850+0000] {processor.py:208} INFO - Processing /opt/airflow/dags/competition_pipeline_dag.py took 1.190 seconds
[2026-06-25T03:39:10.378+0000] {processor.py:186} INFO - Started process (PID=20007) to work on /opt/airflow/dags/competition_pipeline_dag.py
[2026-06-25T03:39:10.380+0000] {processor.py:914} INFO - Processing file /opt/airflow/dags/competition_pipeline_dag.py for tasks to queue
[2026-06-25T03:39:10.383+0000] {logging_mixin.py:190} INFO - [2026-06-25T03:39:10.383+0000] {dagbag.py:588} INFO - Filling up the DagBag from /opt/airflow/dags/competition_pipeline_dag.py
[2026-06-25T03:39:11.438+0000] {processor.py:925} INFO - DAG(s) 'competition_pipeline_dag' retrieved from /opt/airflow/dags/competition_pipeline_dag.py
[2026-06-25T03:39:11.462+0000] {logging_mixin.py:190} INFO - [2026-06-25T03:39:11.461+0000] {dag.py:3239} INFO - Sync 1 DAGs
[2026-06-25T03:39:11.488+0000] {logging_mixin.py:190} INFO - [2026-06-25T03:39:11.488+0000] {dag.py:4180} INFO - Setting next_dagrun for competition_pipeline_dag to 2026-06-25 00:00:00+00:00, run_after=2026-06-26 00:00:00+00:00
[2026-06-25T03:39:11.522+0000] {processor.py:208} INFO - Processing /opt/airflow/dags/competition_pipeline_dag.py took 1.152 seconds
[2026-06-25T03:39:43.501+0000] {processor.py:186} INFO - Started process (PID=20024) to work on /opt/airflow/dags/competition_pipeline_dag.py
[2026-06-25T03:39:43.503+0000] {processor.py:914} INFO - Processing file /opt/airflow/dags/competition_pipeline_dag.py for tasks to queue
[2026-06-25T03:39:43.506+0000] {logging_mixin.py:190} INFO - [2026-06-25T03:39:43.505+0000] {dagbag.py:588} INFO - Filling up the DagBag from /opt/airflow/dags/competition_pipeline_dag.py
[2026-06-25T03:39:44.717+0000] {processor.py:925} INFO - DAG(s) 'competition_pipeline_dag' retrieved from /opt/airflow/dags/competition_pipeline_dag.py
[2026-06-25T03:39:44.732+0000] {logging_mixin.py:190} INFO - [2026-06-25T03:39:44.732+0000] {dag.py:3239} INFO - Sync 1 DAGs
[2026-06-25T03:39:44.749+0000] {logging_mixin.py:190} INFO - [2026-06-25T03:39:44.749+0000] {dag.py:4180} INFO - Setting next_dagrun for competition_pipeline_dag to 2026-06-25 00:00:00+00:00, run_after=2026-06-26 00:00:00+00:00
[2026-06-25T03:39:44.770+0000] {processor.py:208} INFO - Processing /opt/airflow/dags/competition_pipeline_dag.py took 1.278 seconds
[2026-06-25T03:40:16.215+0000] {processor.py:186} INFO - Started process (PID=20041) to work on /opt/airflow/dags/competition_pipeline_dag.py
[2026-06-25T03:40:16.218+0000] {processor.py:914} INFO - Processing file /opt/airflow/dags/competition_pipeline_dag.py for tasks to queue
[2026-06-25T03:40:16.221+0000] {logging_mixin.py:190} INFO - [2026-06-25T03:40:16.220+0000] {dagbag.py:588} INFO - Filling up the DagBag from /opt/airflow/dags/competition_pipeline_dag.py
[2026-06-25T03:40:18.475+0000] {processor.py:925} INFO - DAG(s) 'competition_pipeline_dag' retrieved from /opt/airflow/dags/competition_pipeline_dag.py
[2026-06-25T03:40:18.509+0000] {logging_mixin.py:190} INFO - [2026-06-25T03:40:18.509+0000] {dag.py:3239} INFO - Sync 1 DAGs
[2026-06-25T03:40:18.538+0000] {logging_mixin.py:190} INFO - [2026-06-25T03:40:18.537+0000] {dag.py:4180} INFO - Setting next_dagrun for competition_pipeline_dag to 2026-06-25 00:00:00+00:00, run_after=2026-06-26 00:00:00+00:00
[2026-06-25T03:40:18.571+0000] {processor.py:208} INFO - Processing /opt/airflow/dags/competition_pipeline_dag.py took 2.363 seconds
[2026-06-25T03:40:49.197+0000] {processor.py:186} INFO - Started process (PID=20058) to work on /opt/airflow/dags/competition_pipeline_dag.py
[2026-06-25T03:40:49.200+0000] {processor.py:914} INFO - Processing file /opt/airflow/dags/competition_pipeline_dag.py for tasks to queue
[2026-06-25T03:40:49.202+0000] {logging_mixin.py:190} INFO - [2026-06-25T03:40:49.202+0000] {dagbag.py:588} INFO - Filling up the DagBag from /opt/airflow/dags/competition_pipeline_dag.py
[2026-06-25T03:40:50.303+0000] {processor.py:925} INFO - DAG(s) 'competition_pipeline_dag' retrieved from /opt/airflow/dags/competition_pipeline_dag.py
[2026-06-25T03:40:50.321+0000] {logging_mixin.py:190} INFO - [2026-06-25T03:40:50.321+0000] {dag.py:3239} INFO - Sync 1 DAGs
[2026-06-25T03:40:50.343+0000] {logging_mixin.py:190} INFO - [2026-06-25T03:40:50.343+0000] {dag.py:4180} INFO - Setting next_dagrun for competition_pipeline_dag to 2026-06-25 00:00:00+00:00, run_after=2026-06-26 00:00:00+00:00
[2026-06-25T03:40:50.369+0000] {processor.py:208} INFO - Processing /opt/airflow/dags/competition_pipeline_dag.py took 1.181 seconds
[2026-06-25T03:41:21.316+0000] {processor.py:186} INFO - Started process (PID=20075) to work on /opt/airflow/dags/competition_pipeline_dag.py
[2026-06-25T03:41:21.318+0000] {processor.py:914} INFO - Processing file /opt/airflow/dags/competition_pipeline_dag.py for tasks to queue
[2026-06-25T03:41:21.322+0000] {logging_mixin.py:190} INFO - [2026-06-25T03:41:21.321+0000] {dagbag.py:588} INFO - Filling up the DagBag from /opt/airflow/dags/competition_pipeline_dag.py
[2026-06-25T03:41:22.505+0000] {processor.py:925} INFO - DAG(s) 'competition_pipeline_dag' retrieved from /opt/airflow/dags/competition_pipeline_dag.py
[2026-06-25T03:41:22.524+0000] {logging_mixin.py:190} INFO - [2026-06-25T03:41:22.523+0000] {dag.py:3239} INFO - Sync 1 DAGs
[2026-06-25T03:41:22.542+0000] {logging_mixin.py:190} INFO - [2026-06-25T03:41:22.542+0000] {dag.py:4180} INFO - Setting next_dagrun for competition_pipeline_dag to 2026-06-25 00:00:00+00:00, run_after=2026-06-26 00:00:00+00:00
[2026-06-25T03:41:22.563+0000] {processor.py:208} INFO - Processing /opt/airflow/dags/competition_pipeline_dag.py took 1.254 seconds
[2026-06-25T03:41:54.590+0000] {processor.py:186} INFO - Started process (PID=20092) to work on /opt/airflow/dags/competition_pipeline_dag.py
[2026-06-25T03:41:54.592+0000] {processor.py:914} INFO - Processing file /opt/airflow/dags/competition_pipeline_dag.py for tasks to queue
[2026-06-25T03:41:54.595+0000] {logging_mixin.py:190} INFO - [2026-06-25T03:41:54.595+0000] {dagbag.py:588} INFO - Filling up the DagBag from /opt/airflow/dags/competition_pipeline_dag.py
[2026-06-25T03:41:55.762+0000] {processor.py:925} INFO - DAG(s) 'competition_pipeline_dag' retrieved from /opt/airflow/dags/competition_pipeline_dag.py
[2026-06-25T03:41:55.785+0000] {logging_mixin.py:190} INFO - [2026-06-25T03:41:55.784+0000] {dag.py:3239} INFO - Sync 1 DAGs
[2026-06-25T03:41:55.810+0000] {logging_mixin.py:190} INFO - [2026-06-25T03:41:55.809+0000] {dag.py:4180} INFO - Setting next_dagrun for competition_pipeline_dag to 2026-06-25 00:00:00+00:00, run_after=2026-06-26 00:00:00+00:00
[2026-06-25T03:41:55.846+0000] {processor.py:208} INFO - Processing /opt/airflow/dags/competition_pipeline_dag.py took 1.265 seconds
[2026-06-25T03:42:26.986+0000] {processor.py:186} INFO - Started process (PID=20109) to work on /opt/airflow/dags/competition_pipeline_dag.py
[2026-06-25T03:42:26.989+0000] {processor.py:914} INFO - Processing file /opt/airflow/dags/competition_pipeline_dag.py for tasks to queue
[2026-06-25T03:42:26.992+0000] {logging_mixin.py:190} INFO - [2026-06-25T03:42:26.991+0000] {dagbag.py:588} INFO - Filling up the DagBag from /opt/airflow/dags/competition_pipeline_dag.py
[2026-06-25T03:42:28.180+0000] {processor.py:925} INFO - DAG(s) 'competition_pipeline_dag' retrieved from /opt/airflow/dags/competition_pipeline_dag.py
[2026-06-25T03:42:28.213+0000] {logging_mixin.py:190} INFO - [2026-06-25T03:42:28.212+0000] {dag.py:3239} INFO - Sync 1 DAGs
[2026-06-25T03:42:28.239+0000] {logging_mixin.py:190} INFO - [2026-06-25T03:42:28.238+0000] {dag.py:4180} INFO - Setting next_dagrun for competition_pipeline_dag to 2026-06-25 00:00:00+00:00, run_after=2026-06-26 00:00:00+00:00
[2026-06-25T03:42:28.270+0000] {processor.py:208} INFO - Processing /opt/airflow/dags/competition_pipeline_dag.py took 1.292 seconds
[2026-06-25T03:42:59.527+0000] {processor.py:186} INFO - Started process (PID=20126) to work on /opt/airflow/dags/competition_pipeline_dag.py
[2026-06-25T03:42:59.530+0000] {processor.py:914} INFO - Processing file /opt/airflow/dags/competition_pipeline_dag.py for tasks to queue
[2026-06-25T03:42:59.533+0000] {logging_mixin.py:190} INFO - [2026-06-25T03:42:59.532+0000] {dagbag.py:588} INFO - Filling up the DagBag from /opt/airflow/dags/competition_pipeline_dag.py
[2026-06-25T03:43:00.606+0000] {processor.py:925} INFO - DAG(s) 'competition_pipeline_dag' retrieved from /opt/airflow/dags/competition_pipeline_dag.py
[2026-06-25T03:43:00.631+0000] {logging_mixin.py:190} INFO - [2026-06-25T03:43:00.630+0000] {dag.py:3239} INFO - Sync 1 DAGs
[2026-06-25T03:43:00.654+0000] {logging_mixin.py:190} INFO - [2026-06-25T03:43:00.654+0000] {dag.py:4180} INFO - Setting next_dagrun for competition_pipeline_dag to 2026-06-25 00:00:00+00:00, run_after=2026-06-26 00:00:00+00:00
[2026-06-25T03:43:00.694+0000] {processor.py:208} INFO - Processing /opt/airflow/dags/competition_pipeline_dag.py took 1.174 seconds
[2026-06-25T03:43:31.968+0000] {processor.py:186} INFO - Started process (PID=20143) to work on /opt/airflow/dags/competition_pipeline_dag.py
[2026-06-25T03:43:31.971+0000] {processor.py:914} INFO - Processing file /opt/airflow/dags/competition_pipeline_dag.py for tasks to queue
[2026-06-25T03:43:31.975+0000] {logging_mixin.py:190} INFO - [2026-06-25T03:43:31.974+0000] {dagbag.py:588} INFO - Filling up the DagBag from /opt/airflow/dags/competition_pipeline_dag.py
[2026-06-25T03:43:33.033+0000] {processor.py:925} INFO - DAG(s) 'competition_pipeline_dag' retrieved from /opt/airflow/dags/competition_pipeline_dag.py
[2026-06-25T03:43:33.051+0000] {logging_mixin.py:190} INFO - [2026-06-25T03:43:33.051+0000] {dag.py:3239} INFO - Sync 1 DAGs
[2026-06-25T03:43:33.069+0000] {logging_mixin.py:190} INFO - [2026-06-25T03:43:33.068+0000] {dag.py:4180} INFO - Setting next_dagrun for competition_pipeline_dag to 2026-06-25 00:00:00+00:00, run_after=2026-06-26 00:00:00+00:00
[2026-06-25T03:43:33.106+0000] {processor.py:208} INFO - Processing /opt/airflow/dags/competition_pipeline_dag.py took 1.145 seconds
[2026-06-25T03:44:04.415+0000] {processor.py:186} INFO - Started process (PID=20160) to work on /opt/airflow/dags/competition_pipeline_dag.py
[2026-06-25T03:44:04.417+0000] {processor.py:914} INFO - Processing file /opt/airflow/dags/competition_pipeline_dag.py for tasks to queue
[2026-06-25T03:44:04.421+0000] {logging_mixin.py:190} INFO - [2026-06-25T03:44:04.420+0000] {dagbag.py:588} INFO - Filling up the DagBag from /opt/airflow/dags/competition_pipeline_dag.py
[2026-06-25T03:44:05.641+0000] {processor.py:925} INFO - DAG(s) 'competition_pipeline_dag' retrieved from /opt/airflow/dags/competition_pipeline_dag.py
[2026-06-25T03:44:05.659+0000] {logging_mixin.py:190} INFO - [2026-06-25T03:44:05.659+0000] {dag.py:3239} INFO - Sync 1 DAGs
[2026-06-25T03:44:05.676+0000] {logging_mixin.py:190} INFO - [2026-06-25T03:44:05.675+0000] {dag.py:4180} INFO - Setting next_dagrun for competition_pipeline_dag to 2026-06-25 00:00:00+00:00, run_after=2026-06-26 00:00:00+00:00
[2026-06-25T03:44:05.701+0000] {processor.py:208} INFO - Processing /opt/airflow/dags/competition_pipeline_dag.py took 1.295 seconds
[2026-06-25T03:44:36.893+0000] {processor.py:186} INFO - Started process (PID=20177) to work on /opt/airflow/dags/competition_pipeline_dag.py
[2026-06-25T03:44:36.896+0000] {processor.py:914} INFO - Processing file /opt/airflow/dags/competition_pipeline_dag.py for tasks to queue
[2026-06-25T03:44:36.900+0000] {logging_mixin.py:190} INFO - [2026-06-25T03:44:36.899+0000] {dagbag.py:588} INFO - Filling up the DagBag from /opt/airflow/dags/competition_pipeline_dag.py
[2026-06-25T03:44:37.913+0000] {processor.py:925} INFO - DAG(s) 'competition_pipeline_dag' retrieved from /opt/airflow/dags/competition_pipeline_dag.py
[2026-06-25T03:44:37.932+0000] {logging_mixin.py:190} INFO - [2026-06-25T03:44:37.932+0000] {dag.py:3239} INFO - Sync 1 DAGs
[2026-06-25T03:44:37.950+0000] {logging_mixin.py:190} INFO - [2026-06-25T03:44:37.950+0000] {dag.py:4180} INFO - Setting next_dagrun for competition_pipeline_dag to 2026-06-25 00:00:00+00:00, run_after=2026-06-26 00:00:00+00:00
[2026-06-25T03:44:38.032+0000] {processor.py:208} INFO - Processing /opt/airflow/dags/competition_pipeline_dag.py took 1.152 seconds
[2026-06-25T03:45:08.854+0000] {processor.py:186} INFO - Started process (PID=20194) to work on /opt/airflow/dags/competition_pipeline_dag.py
[2026-06-25T03:45:08.856+0000] {processor.py:914} INFO - Processing file /opt/airflow/dags/competition_pipeline_dag.py for tasks to queue
[2026-06-25T03:45:08.858+0000] {logging_mixin.py:190} INFO - [2026-06-25T03:45:08.858+0000] {dagbag.py:588} INFO - Filling up the DagBag from /opt/airflow/dags/competition_pipeline_dag.py
[2026-06-25T03:45:09.796+0000] {processor.py:925} INFO - DAG(s) 'competition_pipeline_dag' retrieved from /opt/airflow/dags/competition_pipeline_dag.py
[2026-06-25T03:45:09.820+0000] {logging_mixin.py:190} INFO - [2026-06-25T03:45:09.819+0000] {dag.py:3239} INFO - Sync 1 DAGs
[2026-06-25T03:45:09.847+0000] {logging_mixin.py:190} INFO - [2026-06-25T03:45:09.847+0000] {dag.py:4180} INFO - Setting next_dagrun for competition_pipeline_dag to 2026-06-25 00:00:00+00:00, run_after=2026-06-26 00:00:00+00:00
[2026-06-25T03:45:09.881+0000] {processor.py:208} INFO - Processing /opt/airflow/dags/competition_pipeline_dag.py took 1.034 seconds
[2026-06-25T03:45:40.454+0000] {processor.py:186} INFO - Started process (PID=20211) to work on /opt/airflow/dags/competition_pipeline_dag.py
[2026-06-25T03:45:40.456+0000] {processor.py:914} INFO - Processing file /opt/airflow/dags/competition_pipeline_dag.py for tasks to queue
[2026-06-25T03:45:40.458+0000] {logging_mixin.py:190} INFO - [2026-06-25T03:45:40.458+0000] {dagbag.py:588} INFO - Filling up the DagBag from /opt/airflow/dags/competition_pipeline_dag.py
[2026-06-25T03:45:41.515+0000] {processor.py:925} INFO - DAG(s) 'competition_pipeline_dag' retrieved from /opt/airflow/dags/competition_pipeline_dag.py
[2026-06-25T03:45:41.534+0000] {logging_mixin.py:190} INFO - [2026-06-25T03:45:41.534+0000] {dag.py:3239} INFO - Sync 1 DAGs
[2026-06-25T03:45:41.554+0000] {logging_mixin.py:190} INFO - [2026-06-25T03:45:41.554+0000] {dag.py:4180} INFO - Setting next_dagrun for competition_pipeline_dag to 2026-06-25 00:00:00+00:00, run_after=2026-06-26 00:00:00+00:00
[2026-06-25T03:45:41.580+0000] {processor.py:208} INFO - Processing /opt/airflow/dags/competition_pipeline_dag.py took 1.132 seconds
[2026-06-25T03:46:13.148+0000] {processor.py:186} INFO - Started process (PID=20228) to work on /opt/airflow/dags/competition_pipeline_dag.py
[2026-06-25T03:46:13.150+0000] {processor.py:914} INFO - Processing file /opt/airflow/dags/competition_pipeline_dag.py for tasks to queue
[2026-06-25T03:46:13.154+0000] {logging_mixin.py:190} INFO - [2026-06-25T03:46:13.153+0000] {dagbag.py:588} INFO - Filling up the DagBag from /opt/airflow/dags/competition_pipeline_dag.py
[2026-06-25T03:46:14.126+0000] {processor.py:925} INFO - DAG(s) 'competition_pipeline_dag' retrieved from /opt/airflow/dags/competition_pipeline_dag.py
[2026-06-25T03:46:14.142+0000] {logging_mixin.py:190} INFO - [2026-06-25T03:46:14.142+0000] {dag.py:3239} INFO - Sync 1 DAGs
[2026-06-25T03:46:14.157+0000] {logging_mixin.py:190} INFO - [2026-06-25T03:46:14.157+0000] {dag.py:4180} INFO - Setting next_dagrun for competition_pipeline_dag to 2026-06-25 00:00:00+00:00, run_after=2026-06-26 00:00:00+00:00
[2026-06-25T03:46:14.180+0000] {processor.py:208} INFO - Processing /opt/airflow/dags/competition_pipeline_dag.py took 1.045 seconds
[2026-06-25T03:46:45.635+0000] {processor.py:186} INFO - Started process (PID=20245) to work on /opt/airflow/dags/competition_pipeline_dag.py
[2026-06-25T03:46:45.637+0000] {processor.py:914} INFO - Processing file /opt/airflow/dags/competition_pipeline_dag.py for tasks to queue
[2026-06-25T03:46:45.640+0000] {logging_mixin.py:190} INFO - [2026-06-25T03:46:45.639+0000] {dagbag.py:588} INFO - Filling up the DagBag from /opt/airflow/dags/competition_pipeline_dag.py
[2026-06-25T03:46:46.595+0000] {processor.py:925} INFO - DAG(s) 'competition_pipeline_dag' retrieved from /opt/airflow/dags/competition_pipeline_dag.py
[2026-06-25T03:46:46.611+0000] {logging_mixin.py:190} INFO - [2026-06-25T03:46:46.611+0000] {dag.py:3239} INFO - Sync 1 DAGs
[2026-06-25T03:46:46.627+0000] {logging_mixin.py:190} INFO - [2026-06-25T03:46:46.627+0000] {dag.py:4180} INFO - Setting next_dagrun for competition_pipeline_dag to 2026-06-25 00:00:00+00:00, run_after=2026-06-26 00:00:00+00:00
[2026-06-25T03:46:46.648+0000] {processor.py:208} INFO - Processing /opt/airflow/dags/competition_pipeline_dag.py took 1.019 seconds
[2026-06-25T03:47:17.032+0000] {processor.py:186} INFO - Started process (PID=20262) to work on /opt/airflow/dags/competition_pipeline_dag.py
[2026-06-25T03:47:17.034+0000] {processor.py:914} INFO - Processing file /opt/airflow/dags/competition_pipeline_dag.py for tasks to queue
[2026-06-25T03:47:17.036+0000] {logging_mixin.py:190} INFO - [2026-06-25T03:47:17.036+0000] {dagbag.py:588} INFO - Filling up the DagBag from /opt/airflow/dags/competition_pipeline_dag.py
[2026-06-25T03:47:18.001+0000] {processor.py:925} INFO - DAG(s) 'competition_pipeline_dag' retrieved from /opt/airflow/dags/competition_pipeline_dag.py
[2026-06-25T03:47:18.020+0000] {logging_mixin.py:190} INFO - [2026-06-25T03:47:18.020+0000] {dag.py:3239} INFO - Sync 1 DAGs
[2026-06-25T03:47:18.036+0000] {logging_mixin.py:190} INFO - [2026-06-25T03:47:18.036+0000] {dag.py:4180} INFO - Setting next_dagrun for competition_pipeline_dag to 2026-06-25 00:00:00+00:00, run_after=2026-06-26 00:00:00+00:00
[2026-06-25T03:47:18.062+0000] {processor.py:208} INFO - Processing /opt/airflow/dags/competition_pipeline_dag.py took 1.036 seconds
