[2026-06-25T03:20:48.695+0000] {processor.py:186} INFO - Started process (PID=19435) to work on /opt/airflow/dags/competition_ingestion_dag.py
[2026-06-25T03:20:48.698+0000] {processor.py:914} INFO - Processing file /opt/airflow/dags/competition_ingestion_dag.py for tasks to queue
[2026-06-25T03:20:48.704+0000] {logging_mixin.py:190} INFO - [2026-06-25T03:20:48.703+0000] {dagbag.py:588} INFO - Filling up the DagBag from /opt/airflow/dags/competition_ingestion_dag.py
[2026-06-25T03:20:49.082+0000] {processor.py:925} INFO - DAG(s) 'competition_ingestion_dag' retrieved from /opt/airflow/dags/competition_ingestion_dag.py
[2026-06-25T03:20:49.114+0000] {logging_mixin.py:190} INFO - [2026-06-25T03:20:49.113+0000] {dag.py:3239} INFO - Sync 1 DAGs
[2026-06-25T03:20:49.145+0000] {logging_mixin.py:190} INFO - [2026-06-25T03:20:49.145+0000] {dag.py:4180} INFO - Setting next_dagrun for competition_ingestion_dag to 2026-06-25 00:00:00+00:00, run_after=2026-06-26 00:00:00+00:00
[2026-06-25T03:20:49.178+0000] {processor.py:208} INFO - Processing /opt/airflow/dags/competition_ingestion_dag.py took 0.490 seconds
[2026-06-25T03:21:19.854+0000] {processor.py:186} INFO - Started process (PID=19452) to work on /opt/airflow/dags/competition_ingestion_dag.py
[2026-06-25T03:21:19.856+0000] {processor.py:914} INFO - Processing file /opt/airflow/dags/competition_ingestion_dag.py for tasks to queue
[2026-06-25T03:21:19.859+0000] {logging_mixin.py:190} INFO - [2026-06-25T03:21:19.858+0000] {dagbag.py:588} INFO - Filling up the DagBag from /opt/airflow/dags/competition_ingestion_dag.py
[2026-06-25T03:21:20.256+0000] {processor.py:925} INFO - DAG(s) 'competition_ingestion_dag' retrieved from /opt/airflow/dags/competition_ingestion_dag.py
[2026-06-25T03:21:20.286+0000] {logging_mixin.py:190} INFO - [2026-06-25T03:21:20.285+0000] {dag.py:3239} INFO - Sync 1 DAGs
[2026-06-25T03:21:20.313+0000] {logging_mixin.py:190} INFO - [2026-06-25T03:21:20.312+0000] {dag.py:4180} INFO - Setting next_dagrun for competition_ingestion_dag to 2026-06-25 00:00:00+00:00, run_after=2026-06-26 00:00:00+00:00
[2026-06-25T03:21:20.342+0000] {processor.py:208} INFO - Processing /opt/airflow/dags/competition_ingestion_dag.py took 0.495 seconds
[2026-06-25T03:21:52.845+0000] {processor.py:186} INFO - Started process (PID=19469) to work on /opt/airflow/dags/competition_ingestion_dag.py
[2026-06-25T03:21:52.846+0000] {processor.py:914} INFO - Processing file /opt/airflow/dags/competition_ingestion_dag.py for tasks to queue
[2026-06-25T03:21:52.849+0000] {logging_mixin.py:190} INFO - [2026-06-25T03:21:52.848+0000] {dagbag.py:588} INFO - Filling up the DagBag from /opt/airflow/dags/competition_ingestion_dag.py
[2026-06-25T03:21:53.144+0000] {processor.py:925} INFO - DAG(s) 'competition_ingestion_dag' retrieved from /opt/airflow/dags/competition_ingestion_dag.py
[2026-06-25T03:21:53.169+0000] {logging_mixin.py:190} INFO - [2026-06-25T03:21:53.169+0000] {dag.py:3239} INFO - Sync 1 DAGs
[2026-06-25T03:21:53.191+0000] {logging_mixin.py:190} INFO - [2026-06-25T03:21:53.191+0000] {dag.py:4180} INFO - Setting next_dagrun for competition_ingestion_dag to 2026-06-25 00:00:00+00:00, run_after=2026-06-26 00:00:00+00:00
[2026-06-25T03:21:53.222+0000] {processor.py:208} INFO - Processing /opt/airflow/dags/competition_ingestion_dag.py took 0.384 seconds
[2026-06-25T03:22:25.909+0000] {processor.py:186} INFO - Started process (PID=19486) to work on /opt/airflow/dags/competition_ingestion_dag.py
[2026-06-25T03:22:25.913+0000] {processor.py:914} INFO - Processing file /opt/airflow/dags/competition_ingestion_dag.py for tasks to queue
[2026-06-25T03:22:25.916+0000] {logging_mixin.py:190} INFO - [2026-06-25T03:22:25.916+0000] {dagbag.py:588} INFO - Filling up the DagBag from /opt/airflow/dags/competition_ingestion_dag.py
[2026-06-25T03:22:26.239+0000] {processor.py:925} INFO - DAG(s) 'competition_ingestion_dag' retrieved from /opt/airflow/dags/competition_ingestion_dag.py
[2026-06-25T03:22:26.264+0000] {logging_mixin.py:190} INFO - [2026-06-25T03:22:26.263+0000] {dag.py:3239} INFO - Sync 1 DAGs
[2026-06-25T03:22:26.285+0000] {logging_mixin.py:190} INFO - [2026-06-25T03:22:26.285+0000] {dag.py:4180} INFO - Setting next_dagrun for competition_ingestion_dag to 2026-06-25 00:00:00+00:00, run_after=2026-06-26 00:00:00+00:00
[2026-06-25T03:22:26.317+0000] {processor.py:208} INFO - Processing /opt/airflow/dags/competition_ingestion_dag.py took 0.417 seconds
[2026-06-25T03:22:58.683+0000] {processor.py:186} INFO - Started process (PID=19503) to work on /opt/airflow/dags/competition_ingestion_dag.py
[2026-06-25T03:22:58.687+0000] {processor.py:914} INFO - Processing file /opt/airflow/dags/competition_ingestion_dag.py for tasks to queue
[2026-06-25T03:22:58.692+0000] {logging_mixin.py:190} INFO - [2026-06-25T03:22:58.691+0000] {dagbag.py:588} INFO - Filling up the DagBag from /opt/airflow/dags/competition_ingestion_dag.py
[2026-06-25T03:22:59.123+0000] {processor.py:925} INFO - DAG(s) 'competition_ingestion_dag' retrieved from /opt/airflow/dags/competition_ingestion_dag.py
[2026-06-25T03:22:59.169+0000] {logging_mixin.py:190} INFO - [2026-06-25T03:22:59.169+0000] {dag.py:3239} INFO - Sync 1 DAGs
[2026-06-25T03:22:59.208+0000] {logging_mixin.py:190} INFO - [2026-06-25T03:22:59.208+0000] {dag.py:4180} INFO - Setting next_dagrun for competition_ingestion_dag to 2026-06-25 00:00:00+00:00, run_after=2026-06-26 00:00:00+00:00
[2026-06-25T03:22:59.251+0000] {processor.py:208} INFO - Processing /opt/airflow/dags/competition_ingestion_dag.py took 0.577 seconds
[2026-06-25T03:23:29.942+0000] {processor.py:186} INFO - Started process (PID=19520) to work on /opt/airflow/dags/competition_ingestion_dag.py
[2026-06-25T03:23:29.944+0000] {processor.py:914} INFO - Processing file /opt/airflow/dags/competition_ingestion_dag.py for tasks to queue
[2026-06-25T03:23:29.946+0000] {logging_mixin.py:190} INFO - [2026-06-25T03:23:29.946+0000] {dagbag.py:588} INFO - Filling up the DagBag from /opt/airflow/dags/competition_ingestion_dag.py
[2026-06-25T03:23:30.260+0000] {processor.py:925} INFO - DAG(s) 'competition_ingestion_dag' retrieved from /opt/airflow/dags/competition_ingestion_dag.py
[2026-06-25T03:23:30.283+0000] {logging_mixin.py:190} INFO - [2026-06-25T03:23:30.282+0000] {dag.py:3239} INFO - Sync 1 DAGs
[2026-06-25T03:23:30.302+0000] {logging_mixin.py:190} INFO - [2026-06-25T03:23:30.302+0000] {dag.py:4180} INFO - Setting next_dagrun for competition_ingestion_dag to 2026-06-25 00:00:00+00:00, run_after=2026-06-26 00:00:00+00:00
[2026-06-25T03:23:30.330+0000] {processor.py:208} INFO - Processing /opt/airflow/dags/competition_ingestion_dag.py took 0.396 seconds
[2026-06-25T03:24:03.417+0000] {processor.py:186} INFO - Started process (PID=19537) to work on /opt/airflow/dags/competition_ingestion_dag.py
[2026-06-25T03:24:03.420+0000] {processor.py:914} INFO - Processing file /opt/airflow/dags/competition_ingestion_dag.py for tasks to queue
[2026-06-25T03:24:03.422+0000] {logging_mixin.py:190} INFO - [2026-06-25T03:24:03.422+0000] {dagbag.py:588} INFO - Filling up the DagBag from /opt/airflow/dags/competition_ingestion_dag.py
[2026-06-25T03:24:03.723+0000] {processor.py:925} INFO - DAG(s) 'competition_ingestion_dag' retrieved from /opt/airflow/dags/competition_ingestion_dag.py
[2026-06-25T03:24:03.750+0000] {logging_mixin.py:190} INFO - [2026-06-25T03:24:03.750+0000] {dag.py:3239} INFO - Sync 1 DAGs
[2026-06-25T03:24:03.773+0000] {logging_mixin.py:190} INFO - [2026-06-25T03:24:03.773+0000] {dag.py:4180} INFO - Setting next_dagrun for competition_ingestion_dag to 2026-06-25 00:00:00+00:00, run_after=2026-06-26 00:00:00+00:00
[2026-06-25T03:24:03.815+0000] {processor.py:208} INFO - Processing /opt/airflow/dags/competition_ingestion_dag.py took 0.405 seconds
[2026-06-25T03:24:35.943+0000] {processor.py:186} INFO - Started process (PID=19554) to work on /opt/airflow/dags/competition_ingestion_dag.py
[2026-06-25T03:24:35.945+0000] {processor.py:914} INFO - Processing file /opt/airflow/dags/competition_ingestion_dag.py for tasks to queue
[2026-06-25T03:24:35.948+0000] {logging_mixin.py:190} INFO - [2026-06-25T03:24:35.947+0000] {dagbag.py:588} INFO - Filling up the DagBag from /opt/airflow/dags/competition_ingestion_dag.py
[2026-06-25T03:24:36.341+0000] {processor.py:925} INFO - DAG(s) 'competition_ingestion_dag' retrieved from /opt/airflow/dags/competition_ingestion_dag.py
[2026-06-25T03:24:36.379+0000] {logging_mixin.py:190} INFO - [2026-06-25T03:24:36.379+0000] {dag.py:3239} INFO - Sync 1 DAGs
[2026-06-25T03:24:36.403+0000] {logging_mixin.py:190} INFO - [2026-06-25T03:24:36.403+0000] {dag.py:4180} INFO - Setting next_dagrun for competition_ingestion_dag to 2026-06-25 00:00:00+00:00, run_after=2026-06-26 00:00:00+00:00
[2026-06-25T03:24:36.430+0000] {processor.py:208} INFO - Processing /opt/airflow/dags/competition_ingestion_dag.py took 0.493 seconds
[2026-06-25T03:25:08.146+0000] {processor.py:186} INFO - Started process (PID=19571) to work on /opt/airflow/dags/competition_ingestion_dag.py
[2026-06-25T03:25:08.149+0000] {processor.py:914} INFO - Processing file /opt/airflow/dags/competition_ingestion_dag.py for tasks to queue
[2026-06-25T03:25:08.152+0000] {logging_mixin.py:190} INFO - [2026-06-25T03:25:08.151+0000] {dagbag.py:588} INFO - Filling up the DagBag from /opt/airflow/dags/competition_ingestion_dag.py
[2026-06-25T03:25:08.766+0000] {processor.py:925} INFO - DAG(s) 'competition_ingestion_dag' retrieved from /opt/airflow/dags/competition_ingestion_dag.py
[2026-06-25T03:25:08.817+0000] {logging_mixin.py:190} INFO - [2026-06-25T03:25:08.817+0000] {dag.py:3239} INFO - Sync 1 DAGs
[2026-06-25T03:25:08.859+0000] {logging_mixin.py:190} INFO - [2026-06-25T03:25:08.858+0000] {dag.py:4180} INFO - Setting next_dagrun for competition_ingestion_dag to 2026-06-25 00:00:00+00:00, run_after=2026-06-26 00:00:00+00:00
[2026-06-25T03:25:08.916+0000] {processor.py:208} INFO - Processing /opt/airflow/dags/competition_ingestion_dag.py took 0.777 seconds
[2026-06-25T03:25:40.957+0000] {processor.py:186} INFO - Started process (PID=19588) to work on /opt/airflow/dags/competition_ingestion_dag.py
[2026-06-25T03:25:40.959+0000] {processor.py:914} INFO - Processing file /opt/airflow/dags/competition_ingestion_dag.py for tasks to queue
[2026-06-25T03:25:40.963+0000] {logging_mixin.py:190} INFO - [2026-06-25T03:25:40.962+0000] {dagbag.py:588} INFO - Filling up the DagBag from /opt/airflow/dags/competition_ingestion_dag.py
[2026-06-25T03:25:41.346+0000] {processor.py:925} INFO - DAG(s) 'competition_ingestion_dag' retrieved from /opt/airflow/dags/competition_ingestion_dag.py
[2026-06-25T03:25:41.374+0000] {logging_mixin.py:190} INFO - [2026-06-25T03:25:41.374+0000] {dag.py:3239} INFO - Sync 1 DAGs
[2026-06-25T03:25:41.399+0000] {logging_mixin.py:190} INFO - [2026-06-25T03:25:41.398+0000] {dag.py:4180} INFO - Setting next_dagrun for competition_ingestion_dag to 2026-06-25 00:00:00+00:00, run_after=2026-06-26 00:00:00+00:00
[2026-06-25T03:25:41.435+0000] {processor.py:208} INFO - Processing /opt/airflow/dags/competition_ingestion_dag.py took 0.487 seconds
[2026-06-25T03:26:16.884+0000] {processor.py:186} INFO - Started process (PID=19605) to work on /opt/airflow/dags/competition_ingestion_dag.py
[2026-06-25T03:26:16.887+0000] {processor.py:914} INFO - Processing file /opt/airflow/dags/competition_ingestion_dag.py for tasks to queue
[2026-06-25T03:26:16.890+0000] {logging_mixin.py:190} INFO - [2026-06-25T03:26:16.890+0000] {dagbag.py:588} INFO - Filling up the DagBag from /opt/airflow/dags/competition_ingestion_dag.py
[2026-06-25T03:26:17.237+0000] {processor.py:925} INFO - DAG(s) 'competition_ingestion_dag' retrieved from /opt/airflow/dags/competition_ingestion_dag.py
[2026-06-25T03:26:17.263+0000] {logging_mixin.py:190} INFO - [2026-06-25T03:26:17.262+0000] {dag.py:3239} INFO - Sync 1 DAGs
[2026-06-25T03:26:17.286+0000] {logging_mixin.py:190} INFO - [2026-06-25T03:26:17.285+0000] {dag.py:4180} INFO - Setting next_dagrun for competition_ingestion_dag to 2026-06-25 00:00:00+00:00, run_after=2026-06-26 00:00:00+00:00
[2026-06-25T03:26:17.314+0000] {processor.py:208} INFO - Processing /opt/airflow/dags/competition_ingestion_dag.py took 0.438 seconds
[2026-06-25T03:26:48.220+0000] {processor.py:186} INFO - Started process (PID=19622) to work on /opt/airflow/dags/competition_ingestion_dag.py
[2026-06-25T03:26:48.222+0000] {processor.py:914} INFO - Processing file /opt/airflow/dags/competition_ingestion_dag.py for tasks to queue
[2026-06-25T03:26:48.225+0000] {logging_mixin.py:190} INFO - [2026-06-25T03:26:48.224+0000] {dagbag.py:588} INFO - Filling up the DagBag from /opt/airflow/dags/competition_ingestion_dag.py
[2026-06-25T03:26:48.601+0000] {processor.py:925} INFO - DAG(s) 'competition_ingestion_dag' retrieved from /opt/airflow/dags/competition_ingestion_dag.py
[2026-06-25T03:26:48.629+0000] {logging_mixin.py:190} INFO - [2026-06-25T03:26:48.628+0000] {dag.py:3239} INFO - Sync 1 DAGs
[2026-06-25T03:26:48.650+0000] {logging_mixin.py:190} INFO - [2026-06-25T03:26:48.650+0000] {dag.py:4180} INFO - Setting next_dagrun for competition_ingestion_dag to 2026-06-25 00:00:00+00:00, run_after=2026-06-26 00:00:00+00:00
[2026-06-25T03:26:48.679+0000] {processor.py:208} INFO - Processing /opt/airflow/dags/competition_ingestion_dag.py took 0.466 seconds
[2026-06-25T03:27:18.800+0000] {processor.py:186} INFO - Started process (PID=19639) to work on /opt/airflow/dags/competition_ingestion_dag.py
[2026-06-25T03:27:18.802+0000] {processor.py:914} INFO - Processing file /opt/airflow/dags/competition_ingestion_dag.py for tasks to queue
[2026-06-25T03:27:18.804+0000] {logging_mixin.py:190} INFO - [2026-06-25T03:27:18.803+0000] {dagbag.py:588} INFO - Filling up the DagBag from /opt/airflow/dags/competition_ingestion_dag.py
[2026-06-25T03:27:19.079+0000] {processor.py:925} INFO - DAG(s) 'competition_ingestion_dag' retrieved from /opt/airflow/dags/competition_ingestion_dag.py
[2026-06-25T03:27:19.104+0000] {logging_mixin.py:190} INFO - [2026-06-25T03:27:19.103+0000] {dag.py:3239} INFO - Sync 1 DAGs
[2026-06-25T03:27:19.122+0000] {logging_mixin.py:190} INFO - [2026-06-25T03:27:19.122+0000] {dag.py:4180} INFO - Setting next_dagrun for competition_ingestion_dag to 2026-06-25 00:00:00+00:00, run_after=2026-06-26 00:00:00+00:00
[2026-06-25T03:27:19.152+0000] {processor.py:208} INFO - Processing /opt/airflow/dags/competition_ingestion_dag.py took 0.357 seconds
[2026-06-25T03:27:50.959+0000] {processor.py:186} INFO - Started process (PID=19656) to work on /opt/airflow/dags/competition_ingestion_dag.py
[2026-06-25T03:27:50.962+0000] {processor.py:914} INFO - Processing file /opt/airflow/dags/competition_ingestion_dag.py for tasks to queue
[2026-06-25T03:27:50.964+0000] {logging_mixin.py:190} INFO - [2026-06-25T03:27:50.964+0000] {dagbag.py:588} INFO - Filling up the DagBag from /opt/airflow/dags/competition_ingestion_dag.py
[2026-06-25T03:27:51.270+0000] {processor.py:925} INFO - DAG(s) 'competition_ingestion_dag' retrieved from /opt/airflow/dags/competition_ingestion_dag.py
[2026-06-25T03:27:51.299+0000] {logging_mixin.py:190} INFO - [2026-06-25T03:27:51.298+0000] {dag.py:3239} INFO - Sync 1 DAGs
[2026-06-25T03:27:51.327+0000] {logging_mixin.py:190} INFO - [2026-06-25T03:27:51.327+0000] {dag.py:4180} INFO - Setting next_dagrun for competition_ingestion_dag to 2026-06-25 00:00:00+00:00, run_after=2026-06-26 00:00:00+00:00
[2026-06-25T03:27:51.356+0000] {processor.py:208} INFO - Processing /opt/airflow/dags/competition_ingestion_dag.py took 0.406 seconds
[2026-06-25T03:28:22.687+0000] {processor.py:186} INFO - Started process (PID=19673) to work on /opt/airflow/dags/competition_ingestion_dag.py
[2026-06-25T03:28:22.689+0000] {processor.py:914} INFO - Processing file /opt/airflow/dags/competition_ingestion_dag.py for tasks to queue
[2026-06-25T03:28:22.693+0000] {logging_mixin.py:190} INFO - [2026-06-25T03:28:22.692+0000] {dagbag.py:588} INFO - Filling up the DagBag from /opt/airflow/dags/competition_ingestion_dag.py
[2026-06-25T03:28:23.015+0000] {processor.py:925} INFO - DAG(s) 'competition_ingestion_dag' retrieved from /opt/airflow/dags/competition_ingestion_dag.py
[2026-06-25T03:28:23.038+0000] {logging_mixin.py:190} INFO - [2026-06-25T03:28:23.038+0000] {dag.py:3239} INFO - Sync 1 DAGs
[2026-06-25T03:28:23.057+0000] {logging_mixin.py:190} INFO - [2026-06-25T03:28:23.057+0000] {dag.py:4180} INFO - Setting next_dagrun for competition_ingestion_dag to 2026-06-25 00:00:00+00:00, run_after=2026-06-26 00:00:00+00:00
[2026-06-25T03:28:23.081+0000] {processor.py:208} INFO - Processing /opt/airflow/dags/competition_ingestion_dag.py took 0.404 seconds
[2026-06-25T03:28:54.847+0000] {processor.py:186} INFO - Started process (PID=19690) to work on /opt/airflow/dags/competition_ingestion_dag.py
[2026-06-25T03:28:54.849+0000] {processor.py:914} INFO - Processing file /opt/airflow/dags/competition_ingestion_dag.py for tasks to queue
[2026-06-25T03:28:54.851+0000] {logging_mixin.py:190} INFO - [2026-06-25T03:28:54.850+0000] {dagbag.py:588} INFO - Filling up the DagBag from /opt/airflow/dags/competition_ingestion_dag.py
[2026-06-25T03:28:55.154+0000] {processor.py:925} INFO - DAG(s) 'competition_ingestion_dag' retrieved from /opt/airflow/dags/competition_ingestion_dag.py
[2026-06-25T03:28:55.180+0000] {logging_mixin.py:190} INFO - [2026-06-25T03:28:55.180+0000] {dag.py:3239} INFO - Sync 1 DAGs
[2026-06-25T03:28:55.201+0000] {logging_mixin.py:190} INFO - [2026-06-25T03:28:55.201+0000] {dag.py:4180} INFO - Setting next_dagrun for competition_ingestion_dag to 2026-06-25 00:00:00+00:00, run_after=2026-06-26 00:00:00+00:00
[2026-06-25T03:28:55.244+0000] {processor.py:208} INFO - Processing /opt/airflow/dags/competition_ingestion_dag.py took 0.404 seconds
[2026-06-25T03:29:27.150+0000] {processor.py:186} INFO - Started process (PID=19707) to work on /opt/airflow/dags/competition_ingestion_dag.py
[2026-06-25T03:29:27.151+0000] {processor.py:914} INFO - Processing file /opt/airflow/dags/competition_ingestion_dag.py for tasks to queue
[2026-06-25T03:29:27.153+0000] {logging_mixin.py:190} INFO - [2026-06-25T03:29:27.153+0000] {dagbag.py:588} INFO - Filling up the DagBag from /opt/airflow/dags/competition_ingestion_dag.py
[2026-06-25T03:29:27.489+0000] {processor.py:925} INFO - DAG(s) 'competition_ingestion_dag' retrieved from /opt/airflow/dags/competition_ingestion_dag.py
[2026-06-25T03:29:27.521+0000] {logging_mixin.py:190} INFO - [2026-06-25T03:29:27.520+0000] {dag.py:3239} INFO - Sync 1 DAGs
[2026-06-25T03:29:27.544+0000] {logging_mixin.py:190} INFO - [2026-06-25T03:29:27.543+0000] {dag.py:4180} INFO - Setting next_dagrun for competition_ingestion_dag to 2026-06-25 00:00:00+00:00, run_after=2026-06-26 00:00:00+00:00
[2026-06-25T03:29:27.585+0000] {processor.py:208} INFO - Processing /opt/airflow/dags/competition_ingestion_dag.py took 0.441 seconds
[2026-06-25T03:29:59.174+0000] {processor.py:186} INFO - Started process (PID=19724) to work on /opt/airflow/dags/competition_ingestion_dag.py
[2026-06-25T03:29:59.177+0000] {processor.py:914} INFO - Processing file /opt/airflow/dags/competition_ingestion_dag.py for tasks to queue
[2026-06-25T03:29:59.180+0000] {logging_mixin.py:190} INFO - [2026-06-25T03:29:59.179+0000] {dagbag.py:588} INFO - Filling up the DagBag from /opt/airflow/dags/competition_ingestion_dag.py
[2026-06-25T03:29:59.562+0000] {processor.py:925} INFO - DAG(s) 'competition_ingestion_dag' retrieved from /opt/airflow/dags/competition_ingestion_dag.py
[2026-06-25T03:29:59.594+0000] {logging_mixin.py:190} INFO - [2026-06-25T03:29:59.594+0000] {dag.py:3239} INFO - Sync 1 DAGs
[2026-06-25T03:29:59.643+0000] {logging_mixin.py:190} INFO - [2026-06-25T03:29:59.643+0000] {dag.py:4180} INFO - Setting next_dagrun for competition_ingestion_dag to 2026-06-25 00:00:00+00:00, run_after=2026-06-26 00:00:00+00:00
[2026-06-25T03:29:59.674+0000] {processor.py:208} INFO - Processing /opt/airflow/dags/competition_ingestion_dag.py took 0.506 seconds
[2026-06-25T03:30:31.813+0000] {processor.py:186} INFO - Started process (PID=19741) to work on /opt/airflow/dags/competition_ingestion_dag.py
[2026-06-25T03:30:31.815+0000] {processor.py:914} INFO - Processing file /opt/airflow/dags/competition_ingestion_dag.py for tasks to queue
[2026-06-25T03:30:31.817+0000] {logging_mixin.py:190} INFO - [2026-06-25T03:30:31.817+0000] {dagbag.py:588} INFO - Filling up the DagBag from /opt/airflow/dags/competition_ingestion_dag.py
[2026-06-25T03:30:32.195+0000] {processor.py:925} INFO - DAG(s) 'competition_ingestion_dag' retrieved from /opt/airflow/dags/competition_ingestion_dag.py
[2026-06-25T03:30:32.219+0000] {logging_mixin.py:190} INFO - [2026-06-25T03:30:32.218+0000] {dag.py:3239} INFO - Sync 1 DAGs
[2026-06-25T03:30:32.239+0000] {logging_mixin.py:190} INFO - [2026-06-25T03:30:32.239+0000] {dag.py:4180} INFO - Setting next_dagrun for competition_ingestion_dag to 2026-06-25 00:00:00+00:00, run_after=2026-06-26 00:00:00+00:00
[2026-06-25T03:30:32.268+0000] {processor.py:208} INFO - Processing /opt/airflow/dags/competition_ingestion_dag.py took 0.462 seconds
[2026-06-25T03:31:04.749+0000] {processor.py:186} INFO - Started process (PID=19758) to work on /opt/airflow/dags/competition_ingestion_dag.py
[2026-06-25T03:31:04.751+0000] {processor.py:914} INFO - Processing file /opt/airflow/dags/competition_ingestion_dag.py for tasks to queue
[2026-06-25T03:31:04.753+0000] {logging_mixin.py:190} INFO - [2026-06-25T03:31:04.753+0000] {dagbag.py:588} INFO - Filling up the DagBag from /opt/airflow/dags/competition_ingestion_dag.py
[2026-06-25T03:31:05.076+0000] {processor.py:925} INFO - DAG(s) 'competition_ingestion_dag' retrieved from /opt/airflow/dags/competition_ingestion_dag.py
[2026-06-25T03:31:05.104+0000] {logging_mixin.py:190} INFO - [2026-06-25T03:31:05.104+0000] {dag.py:3239} INFO - Sync 1 DAGs
[2026-06-25T03:31:05.127+0000] {logging_mixin.py:190} INFO - [2026-06-25T03:31:05.126+0000] {dag.py:4180} INFO - Setting next_dagrun for competition_ingestion_dag to 2026-06-25 00:00:00+00:00, run_after=2026-06-26 00:00:00+00:00
[2026-06-25T03:31:05.152+0000] {processor.py:208} INFO - Processing /opt/airflow/dags/competition_ingestion_dag.py took 0.409 seconds
[2026-06-25T03:31:37.502+0000] {processor.py:186} INFO - Started process (PID=19775) to work on /opt/airflow/dags/competition_ingestion_dag.py
[2026-06-25T03:31:37.504+0000] {processor.py:914} INFO - Processing file /opt/airflow/dags/competition_ingestion_dag.py for tasks to queue
[2026-06-25T03:31:37.507+0000] {logging_mixin.py:190} INFO - [2026-06-25T03:31:37.506+0000] {dagbag.py:588} INFO - Filling up the DagBag from /opt/airflow/dags/competition_ingestion_dag.py
[2026-06-25T03:31:37.825+0000] {processor.py:925} INFO - DAG(s) 'competition_ingestion_dag' retrieved from /opt/airflow/dags/competition_ingestion_dag.py
[2026-06-25T03:31:37.852+0000] {logging_mixin.py:190} INFO - [2026-06-25T03:31:37.852+0000] {dag.py:3239} INFO - Sync 1 DAGs
[2026-06-25T03:31:37.876+0000] {logging_mixin.py:190} INFO - [2026-06-25T03:31:37.876+0000] {dag.py:4180} INFO - Setting next_dagrun for competition_ingestion_dag to 2026-06-25 00:00:00+00:00, run_after=2026-06-26 00:00:00+00:00
[2026-06-25T03:31:37.899+0000] {processor.py:208} INFO - Processing /opt/airflow/dags/competition_ingestion_dag.py took 0.404 seconds
[2026-06-25T03:32:09.915+0000] {processor.py:186} INFO - Started process (PID=19792) to work on /opt/airflow/dags/competition_ingestion_dag.py
[2026-06-25T03:32:09.917+0000] {processor.py:914} INFO - Processing file /opt/airflow/dags/competition_ingestion_dag.py for tasks to queue
[2026-06-25T03:32:09.920+0000] {logging_mixin.py:190} INFO - [2026-06-25T03:32:09.919+0000] {dagbag.py:588} INFO - Filling up the DagBag from /opt/airflow/dags/competition_ingestion_dag.py
[2026-06-25T03:32:10.263+0000] {processor.py:925} INFO - DAG(s) 'competition_ingestion_dag' retrieved from /opt/airflow/dags/competition_ingestion_dag.py
[2026-06-25T03:32:10.292+0000] {logging_mixin.py:190} INFO - [2026-06-25T03:32:10.291+0000] {dag.py:3239} INFO - Sync 1 DAGs
[2026-06-25T03:32:10.321+0000] {logging_mixin.py:190} INFO - [2026-06-25T03:32:10.321+0000] {dag.py:4180} INFO - Setting next_dagrun for competition_ingestion_dag to 2026-06-25 00:00:00+00:00, run_after=2026-06-26 00:00:00+00:00
[2026-06-25T03:32:10.355+0000] {processor.py:208} INFO - Processing /opt/airflow/dags/competition_ingestion_dag.py took 0.447 seconds
[2026-06-25T03:32:42.578+0000] {processor.py:186} INFO - Started process (PID=19809) to work on /opt/airflow/dags/competition_ingestion_dag.py
[2026-06-25T03:32:42.582+0000] {processor.py:914} INFO - Processing file /opt/airflow/dags/competition_ingestion_dag.py for tasks to queue
[2026-06-25T03:32:42.586+0000] {logging_mixin.py:190} INFO - [2026-06-25T03:32:42.585+0000] {dagbag.py:588} INFO - Filling up the DagBag from /opt/airflow/dags/competition_ingestion_dag.py
[2026-06-25T03:32:42.958+0000] {processor.py:925} INFO - DAG(s) 'competition_ingestion_dag' retrieved from /opt/airflow/dags/competition_ingestion_dag.py
[2026-06-25T03:32:42.986+0000] {logging_mixin.py:190} INFO - [2026-06-25T03:32:42.986+0000] {dag.py:3239} INFO - Sync 1 DAGs
[2026-06-25T03:32:43.018+0000] {logging_mixin.py:190} INFO - [2026-06-25T03:32:43.018+0000] {dag.py:4180} INFO - Setting next_dagrun for competition_ingestion_dag to 2026-06-25 00:00:00+00:00, run_after=2026-06-26 00:00:00+00:00
[2026-06-25T03:32:43.083+0000] {processor.py:208} INFO - Processing /opt/airflow/dags/competition_ingestion_dag.py took 0.514 seconds
[2026-06-25T03:33:14.979+0000] {processor.py:186} INFO - Started process (PID=19826) to work on /opt/airflow/dags/competition_ingestion_dag.py
[2026-06-25T03:33:14.981+0000] {processor.py:914} INFO - Processing file /opt/airflow/dags/competition_ingestion_dag.py for tasks to queue
[2026-06-25T03:33:14.985+0000] {logging_mixin.py:190} INFO - [2026-06-25T03:33:14.985+0000] {dagbag.py:588} INFO - Filling up the DagBag from /opt/airflow/dags/competition_ingestion_dag.py
[2026-06-25T03:33:15.337+0000] {processor.py:925} INFO - DAG(s) 'competition_ingestion_dag' retrieved from /opt/airflow/dags/competition_ingestion_dag.py
[2026-06-25T03:33:15.361+0000] {logging_mixin.py:190} INFO - [2026-06-25T03:33:15.361+0000] {dag.py:3239} INFO - Sync 1 DAGs
[2026-06-25T03:33:15.382+0000] {logging_mixin.py:190} INFO - [2026-06-25T03:33:15.382+0000] {dag.py:4180} INFO - Setting next_dagrun for competition_ingestion_dag to 2026-06-25 00:00:00+00:00, run_after=2026-06-26 00:00:00+00:00
[2026-06-25T03:33:15.411+0000] {processor.py:208} INFO - Processing /opt/airflow/dags/competition_ingestion_dag.py took 0.438 seconds
[2026-06-25T03:33:47.716+0000] {processor.py:186} INFO - Started process (PID=19843) to work on /opt/airflow/dags/competition_ingestion_dag.py
[2026-06-25T03:33:47.717+0000] {processor.py:914} INFO - Processing file /opt/airflow/dags/competition_ingestion_dag.py for tasks to queue
[2026-06-25T03:33:47.720+0000] {logging_mixin.py:190} INFO - [2026-06-25T03:33:47.719+0000] {dagbag.py:588} INFO - Filling up the DagBag from /opt/airflow/dags/competition_ingestion_dag.py
[2026-06-25T03:33:48.016+0000] {processor.py:925} INFO - DAG(s) 'competition_ingestion_dag' retrieved from /opt/airflow/dags/competition_ingestion_dag.py
[2026-06-25T03:33:48.039+0000] {logging_mixin.py:190} INFO - [2026-06-25T03:33:48.038+0000] {dag.py:3239} INFO - Sync 1 DAGs
[2026-06-25T03:33:48.060+0000] {logging_mixin.py:190} INFO - [2026-06-25T03:33:48.059+0000] {dag.py:4180} INFO - Setting next_dagrun for competition_ingestion_dag to 2026-06-25 00:00:00+00:00, run_after=2026-06-26 00:00:00+00:00
[2026-06-25T03:33:48.083+0000] {processor.py:208} INFO - Processing /opt/airflow/dags/competition_ingestion_dag.py took 0.373 seconds
[2026-06-25T03:34:20.195+0000] {processor.py:186} INFO - Started process (PID=19860) to work on /opt/airflow/dags/competition_ingestion_dag.py
[2026-06-25T03:34:20.197+0000] {processor.py:914} INFO - Processing file /opt/airflow/dags/competition_ingestion_dag.py for tasks to queue
[2026-06-25T03:34:20.204+0000] {logging_mixin.py:190} INFO - [2026-06-25T03:34:20.202+0000] {dagbag.py:588} INFO - Filling up the DagBag from /opt/airflow/dags/competition_ingestion_dag.py
[2026-06-25T03:34:20.856+0000] {processor.py:925} INFO - DAG(s) 'competition_ingestion_dag' retrieved from /opt/airflow/dags/competition_ingestion_dag.py
[2026-06-25T03:34:20.894+0000] {logging_mixin.py:190} INFO - [2026-06-25T03:34:20.894+0000] {dag.py:3239} INFO - Sync 1 DAGs
[2026-06-25T03:34:20.923+0000] {logging_mixin.py:190} INFO - [2026-06-25T03:34:20.923+0000] {dag.py:4180} INFO - Setting next_dagrun for competition_ingestion_dag to 2026-06-25 00:00:00+00:00, run_after=2026-06-26 00:00:00+00:00
[2026-06-25T03:34:20.971+0000] {processor.py:208} INFO - Processing /opt/airflow/dags/competition_ingestion_dag.py took 0.785 seconds
[2026-06-25T03:34:53.030+0000] {processor.py:186} INFO - Started process (PID=19877) to work on /opt/airflow/dags/competition_ingestion_dag.py
[2026-06-25T03:34:53.033+0000] {processor.py:914} INFO - Processing file /opt/airflow/dags/competition_ingestion_dag.py for tasks to queue
[2026-06-25T03:34:53.036+0000] {logging_mixin.py:190} INFO - [2026-06-25T03:34:53.035+0000] {dagbag.py:588} INFO - Filling up the DagBag from /opt/airflow/dags/competition_ingestion_dag.py
[2026-06-25T03:34:53.387+0000] {processor.py:925} INFO - DAG(s) 'competition_ingestion_dag' retrieved from /opt/airflow/dags/competition_ingestion_dag.py
[2026-06-25T03:34:53.423+0000] {logging_mixin.py:190} INFO - [2026-06-25T03:34:53.423+0000] {dag.py:3239} INFO - Sync 1 DAGs
[2026-06-25T03:34:53.450+0000] {logging_mixin.py:190} INFO - [2026-06-25T03:34:53.450+0000] {dag.py:4180} INFO - Setting next_dagrun for competition_ingestion_dag to 2026-06-25 00:00:00+00:00, run_after=2026-06-26 00:00:00+00:00
[2026-06-25T03:34:53.486+0000] {processor.py:208} INFO - Processing /opt/airflow/dags/competition_ingestion_dag.py took 0.463 seconds
[2026-06-25T03:35:27.484+0000] {processor.py:186} INFO - Started process (PID=19894) to work on /opt/airflow/dags/competition_ingestion_dag.py
[2026-06-25T03:35:27.486+0000] {processor.py:914} INFO - Processing file /opt/airflow/dags/competition_ingestion_dag.py for tasks to queue
[2026-06-25T03:35:27.488+0000] {logging_mixin.py:190} INFO - [2026-06-25T03:35:27.488+0000] {dagbag.py:588} INFO - Filling up the DagBag from /opt/airflow/dags/competition_ingestion_dag.py
[2026-06-25T03:35:27.842+0000] {processor.py:925} INFO - DAG(s) 'competition_ingestion_dag' retrieved from /opt/airflow/dags/competition_ingestion_dag.py
[2026-06-25T03:35:27.872+0000] {logging_mixin.py:190} INFO - [2026-06-25T03:35:27.871+0000] {dag.py:3239} INFO - Sync 1 DAGs
[2026-06-25T03:35:27.899+0000] {logging_mixin.py:190} INFO - [2026-06-25T03:35:27.899+0000] {dag.py:4180} INFO - Setting next_dagrun for competition_ingestion_dag to 2026-06-25 00:00:00+00:00, run_after=2026-06-26 00:00:00+00:00
[2026-06-25T03:35:27.935+0000] {processor.py:208} INFO - Processing /opt/airflow/dags/competition_ingestion_dag.py took 0.458 seconds
[2026-06-25T03:35:58.611+0000] {processor.py:186} INFO - Started process (PID=19911) to work on /opt/airflow/dags/competition_ingestion_dag.py
[2026-06-25T03:35:58.614+0000] {processor.py:914} INFO - Processing file /opt/airflow/dags/competition_ingestion_dag.py for tasks to queue
[2026-06-25T03:35:58.618+0000] {logging_mixin.py:190} INFO - [2026-06-25T03:35:58.617+0000] {dagbag.py:588} INFO - Filling up the DagBag from /opt/airflow/dags/competition_ingestion_dag.py
[2026-06-25T03:35:58.960+0000] {processor.py:925} INFO - DAG(s) 'competition_ingestion_dag' retrieved from /opt/airflow/dags/competition_ingestion_dag.py
[2026-06-25T03:35:58.989+0000] {logging_mixin.py:190} INFO - [2026-06-25T03:35:58.989+0000] {dag.py:3239} INFO - Sync 1 DAGs
[2026-06-25T03:35:59.020+0000] {logging_mixin.py:190} INFO - [2026-06-25T03:35:59.020+0000] {dag.py:4180} INFO - Setting next_dagrun for competition_ingestion_dag to 2026-06-25 00:00:00+00:00, run_after=2026-06-26 00:00:00+00:00
[2026-06-25T03:35:59.052+0000] {processor.py:208} INFO - Processing /opt/airflow/dags/competition_ingestion_dag.py took 0.449 seconds
[2026-06-25T03:36:30.321+0000] {processor.py:186} INFO - Started process (PID=19928) to work on /opt/airflow/dags/competition_ingestion_dag.py
[2026-06-25T03:36:30.323+0000] {processor.py:914} INFO - Processing file /opt/airflow/dags/competition_ingestion_dag.py for tasks to queue
[2026-06-25T03:36:30.325+0000] {logging_mixin.py:190} INFO - [2026-06-25T03:36:30.325+0000] {dagbag.py:588} INFO - Filling up the DagBag from /opt/airflow/dags/competition_ingestion_dag.py
[2026-06-25T03:36:30.657+0000] {processor.py:925} INFO - DAG(s) 'competition_ingestion_dag' retrieved from /opt/airflow/dags/competition_ingestion_dag.py
[2026-06-25T03:36:30.686+0000] {logging_mixin.py:190} INFO - [2026-06-25T03:36:30.686+0000] {dag.py:3239} INFO - Sync 1 DAGs
[2026-06-25T03:36:30.711+0000] {logging_mixin.py:190} INFO - [2026-06-25T03:36:30.711+0000] {dag.py:4180} INFO - Setting next_dagrun for competition_ingestion_dag to 2026-06-25 00:00:00+00:00, run_after=2026-06-26 00:00:00+00:00
[2026-06-25T03:36:30.740+0000] {processor.py:208} INFO - Processing /opt/airflow/dags/competition_ingestion_dag.py took 0.426 seconds
[2026-06-25T03:37:06.922+0000] {processor.py:186} INFO - Started process (PID=19945) to work on /opt/airflow/dags/competition_ingestion_dag.py
[2026-06-25T03:37:06.923+0000] {processor.py:914} INFO - Processing file /opt/airflow/dags/competition_ingestion_dag.py for tasks to queue
[2026-06-25T03:37:06.927+0000] {logging_mixin.py:190} INFO - [2026-06-25T03:37:06.926+0000] {dagbag.py:588} INFO - Filling up the DagBag from /opt/airflow/dags/competition_ingestion_dag.py
[2026-06-25T03:37:07.252+0000] {processor.py:925} INFO - DAG(s) 'competition_ingestion_dag' retrieved from /opt/airflow/dags/competition_ingestion_dag.py
[2026-06-25T03:37:07.289+0000] {logging_mixin.py:190} INFO - [2026-06-25T03:37:07.288+0000] {dag.py:3239} INFO - Sync 1 DAGs
[2026-06-25T03:37:07.329+0000] {logging_mixin.py:190} INFO - [2026-06-25T03:37:07.328+0000] {dag.py:4180} INFO - Setting next_dagrun for competition_ingestion_dag to 2026-06-25 00:00:00+00:00, run_after=2026-06-26 00:00:00+00:00
[2026-06-25T03:37:07.366+0000] {processor.py:208} INFO - Processing /opt/airflow/dags/competition_ingestion_dag.py took 0.452 seconds
[2026-06-25T03:37:38.190+0000] {processor.py:186} INFO - Started process (PID=19962) to work on /opt/airflow/dags/competition_ingestion_dag.py
[2026-06-25T03:37:38.192+0000] {processor.py:914} INFO - Processing file /opt/airflow/dags/competition_ingestion_dag.py for tasks to queue
[2026-06-25T03:37:38.195+0000] {logging_mixin.py:190} INFO - [2026-06-25T03:37:38.194+0000] {dagbag.py:588} INFO - Filling up the DagBag from /opt/airflow/dags/competition_ingestion_dag.py
[2026-06-25T03:37:38.545+0000] {processor.py:925} INFO - DAG(s) 'competition_ingestion_dag' retrieved from /opt/airflow/dags/competition_ingestion_dag.py
[2026-06-25T03:37:38.573+0000] {logging_mixin.py:190} INFO - [2026-06-25T03:37:38.573+0000] {dag.py:3239} INFO - Sync 1 DAGs
[2026-06-25T03:37:38.597+0000] {logging_mixin.py:190} INFO - [2026-06-25T03:37:38.597+0000] {dag.py:4180} INFO - Setting next_dagrun for competition_ingestion_dag to 2026-06-25 00:00:00+00:00, run_after=2026-06-26 00:00:00+00:00
[2026-06-25T03:37:38.630+0000] {processor.py:208} INFO - Processing /opt/airflow/dags/competition_ingestion_dag.py took 0.450 seconds
[2026-06-25T03:38:10.221+0000] {processor.py:186} INFO - Started process (PID=19979) to work on /opt/airflow/dags/competition_ingestion_dag.py
[2026-06-25T03:38:10.224+0000] {processor.py:914} INFO - Processing file /opt/airflow/dags/competition_ingestion_dag.py for tasks to queue
[2026-06-25T03:38:10.226+0000] {logging_mixin.py:190} INFO - [2026-06-25T03:38:10.226+0000] {dagbag.py:588} INFO - Filling up the DagBag from /opt/airflow/dags/competition_ingestion_dag.py
[2026-06-25T03:38:10.597+0000] {processor.py:925} INFO - DAG(s) 'competition_ingestion_dag' retrieved from /opt/airflow/dags/competition_ingestion_dag.py
[2026-06-25T03:38:10.632+0000] {logging_mixin.py:190} INFO - [2026-06-25T03:38:10.631+0000] {dag.py:3239} INFO - Sync 1 DAGs
[2026-06-25T03:38:10.659+0000] {logging_mixin.py:190} INFO - [2026-06-25T03:38:10.659+0000] {dag.py:4180} INFO - Setting next_dagrun for competition_ingestion_dag to 2026-06-25 00:00:00+00:00, run_after=2026-06-26 00:00:00+00:00
[2026-06-25T03:38:10.693+0000] {processor.py:208} INFO - Processing /opt/airflow/dags/competition_ingestion_dag.py took 0.480 seconds
[2026-06-25T03:38:42.967+0000] {processor.py:186} INFO - Started process (PID=19996) to work on /opt/airflow/dags/competition_ingestion_dag.py
[2026-06-25T03:38:42.969+0000] {processor.py:914} INFO - Processing file /opt/airflow/dags/competition_ingestion_dag.py for tasks to queue
[2026-06-25T03:38:42.972+0000] {logging_mixin.py:190} INFO - [2026-06-25T03:38:42.971+0000] {dagbag.py:588} INFO - Filling up the DagBag from /opt/airflow/dags/competition_ingestion_dag.py
[2026-06-25T03:38:43.348+0000] {processor.py:925} INFO - DAG(s) 'competition_ingestion_dag' retrieved from /opt/airflow/dags/competition_ingestion_dag.py
[2026-06-25T03:38:43.391+0000] {logging_mixin.py:190} INFO - [2026-06-25T03:38:43.390+0000] {dag.py:3239} INFO - Sync 1 DAGs
[2026-06-25T03:38:43.415+0000] {logging_mixin.py:190} INFO - [2026-06-25T03:38:43.415+0000] {dag.py:4180} INFO - Setting next_dagrun for competition_ingestion_dag to 2026-06-25 00:00:00+00:00, run_after=2026-06-26 00:00:00+00:00
[2026-06-25T03:38:43.444+0000] {processor.py:208} INFO - Processing /opt/airflow/dags/competition_ingestion_dag.py took 0.487 seconds
[2026-06-25T03:39:15.808+0000] {processor.py:186} INFO - Started process (PID=20013) to work on /opt/airflow/dags/competition_ingestion_dag.py
[2026-06-25T03:39:15.810+0000] {processor.py:914} INFO - Processing file /opt/airflow/dags/competition_ingestion_dag.py for tasks to queue
[2026-06-25T03:39:15.813+0000] {logging_mixin.py:190} INFO - [2026-06-25T03:39:15.812+0000] {dagbag.py:588} INFO - Filling up the DagBag from /opt/airflow/dags/competition_ingestion_dag.py
[2026-06-25T03:39:16.169+0000] {processor.py:925} INFO - DAG(s) 'competition_ingestion_dag' retrieved from /opt/airflow/dags/competition_ingestion_dag.py
[2026-06-25T03:39:16.202+0000] {logging_mixin.py:190} INFO - [2026-06-25T03:39:16.202+0000] {dag.py:3239} INFO - Sync 1 DAGs
[2026-06-25T03:39:16.236+0000] {logging_mixin.py:190} INFO - [2026-06-25T03:39:16.236+0000] {dag.py:4180} INFO - Setting next_dagrun for competition_ingestion_dag to 2026-06-25 00:00:00+00:00, run_after=2026-06-26 00:00:00+00:00
[2026-06-25T03:39:16.276+0000] {processor.py:208} INFO - Processing /opt/airflow/dags/competition_ingestion_dag.py took 0.475 seconds
[2026-06-25T03:39:49.876+0000] {processor.py:186} INFO - Started process (PID=20030) to work on /opt/airflow/dags/competition_ingestion_dag.py
[2026-06-25T03:39:49.879+0000] {processor.py:914} INFO - Processing file /opt/airflow/dags/competition_ingestion_dag.py for tasks to queue
[2026-06-25T03:39:49.882+0000] {logging_mixin.py:190} INFO - [2026-06-25T03:39:49.881+0000] {dagbag.py:588} INFO - Filling up the DagBag from /opt/airflow/dags/competition_ingestion_dag.py
[2026-06-25T03:39:50.202+0000] {processor.py:925} INFO - DAG(s) 'competition_ingestion_dag' retrieved from /opt/airflow/dags/competition_ingestion_dag.py
[2026-06-25T03:39:50.229+0000] {logging_mixin.py:190} INFO - [2026-06-25T03:39:50.229+0000] {dag.py:3239} INFO - Sync 1 DAGs
[2026-06-25T03:39:50.254+0000] {logging_mixin.py:190} INFO - [2026-06-25T03:39:50.253+0000] {dag.py:4180} INFO - Setting next_dagrun for competition_ingestion_dag to 2026-06-25 00:00:00+00:00, run_after=2026-06-26 00:00:00+00:00
[2026-06-25T03:39:50.277+0000] {processor.py:208} INFO - Processing /opt/airflow/dags/competition_ingestion_dag.py took 0.410 seconds
[2026-06-25T03:40:23.418+0000] {processor.py:186} INFO - Started process (PID=20047) to work on /opt/airflow/dags/competition_ingestion_dag.py
[2026-06-25T03:40:23.422+0000] {processor.py:914} INFO - Processing file /opt/airflow/dags/competition_ingestion_dag.py for tasks to queue
[2026-06-25T03:40:23.425+0000] {logging_mixin.py:190} INFO - [2026-06-25T03:40:23.425+0000] {dagbag.py:588} INFO - Filling up the DagBag from /opt/airflow/dags/competition_ingestion_dag.py
[2026-06-25T03:40:24.037+0000] {processor.py:925} INFO - DAG(s) 'competition_ingestion_dag' retrieved from /opt/airflow/dags/competition_ingestion_dag.py
[2026-06-25T03:40:24.071+0000] {logging_mixin.py:190} INFO - [2026-06-25T03:40:24.071+0000] {dag.py:3239} INFO - Sync 1 DAGs
[2026-06-25T03:40:24.108+0000] {logging_mixin.py:190} INFO - [2026-06-25T03:40:24.107+0000] {dag.py:4180} INFO - Setting next_dagrun for competition_ingestion_dag to 2026-06-25 00:00:00+00:00, run_after=2026-06-26 00:00:00+00:00
[2026-06-25T03:40:24.191+0000] {processor.py:208} INFO - Processing /opt/airflow/dags/competition_ingestion_dag.py took 0.784 seconds
[2026-06-25T03:40:55.890+0000] {processor.py:186} INFO - Started process (PID=20064) to work on /opt/airflow/dags/competition_ingestion_dag.py
[2026-06-25T03:40:55.893+0000] {processor.py:914} INFO - Processing file /opt/airflow/dags/competition_ingestion_dag.py for tasks to queue
[2026-06-25T03:40:55.896+0000] {logging_mixin.py:190} INFO - [2026-06-25T03:40:55.896+0000] {dagbag.py:588} INFO - Filling up the DagBag from /opt/airflow/dags/competition_ingestion_dag.py
[2026-06-25T03:40:56.301+0000] {processor.py:925} INFO - DAG(s) 'competition_ingestion_dag' retrieved from /opt/airflow/dags/competition_ingestion_dag.py
[2026-06-25T03:40:56.337+0000] {logging_mixin.py:190} INFO - [2026-06-25T03:40:56.337+0000] {dag.py:3239} INFO - Sync 1 DAGs
[2026-06-25T03:40:56.373+0000] {logging_mixin.py:190} INFO - [2026-06-25T03:40:56.372+0000] {dag.py:4180} INFO - Setting next_dagrun for competition_ingestion_dag to 2026-06-25 00:00:00+00:00, run_after=2026-06-26 00:00:00+00:00
[2026-06-25T03:40:56.419+0000] {processor.py:208} INFO - Processing /opt/airflow/dags/competition_ingestion_dag.py took 0.535 seconds
[2026-06-25T03:41:26.875+0000] {processor.py:186} INFO - Started process (PID=20081) to work on /opt/airflow/dags/competition_ingestion_dag.py
[2026-06-25T03:41:26.878+0000] {processor.py:914} INFO - Processing file /opt/airflow/dags/competition_ingestion_dag.py for tasks to queue
[2026-06-25T03:41:26.881+0000] {logging_mixin.py:190} INFO - [2026-06-25T03:41:26.881+0000] {dagbag.py:588} INFO - Filling up the DagBag from /opt/airflow/dags/competition_ingestion_dag.py
[2026-06-25T03:41:27.267+0000] {processor.py:925} INFO - DAG(s) 'competition_ingestion_dag' retrieved from /opt/airflow/dags/competition_ingestion_dag.py
[2026-06-25T03:41:27.296+0000] {logging_mixin.py:190} INFO - [2026-06-25T03:41:27.296+0000] {dag.py:3239} INFO - Sync 1 DAGs
[2026-06-25T03:41:27.324+0000] {logging_mixin.py:190} INFO - [2026-06-25T03:41:27.324+0000] {dag.py:4180} INFO - Setting next_dagrun for competition_ingestion_dag to 2026-06-25 00:00:00+00:00, run_after=2026-06-26 00:00:00+00:00
[2026-06-25T03:41:27.355+0000] {processor.py:208} INFO - Processing /opt/airflow/dags/competition_ingestion_dag.py took 0.491 seconds
[2026-06-25T03:42:00.764+0000] {processor.py:186} INFO - Started process (PID=20098) to work on /opt/airflow/dags/competition_ingestion_dag.py
[2026-06-25T03:42:00.766+0000] {processor.py:914} INFO - Processing file /opt/airflow/dags/competition_ingestion_dag.py for tasks to queue
[2026-06-25T03:42:00.768+0000] {logging_mixin.py:190} INFO - [2026-06-25T03:42:00.768+0000] {dagbag.py:588} INFO - Filling up the DagBag from /opt/airflow/dags/competition_ingestion_dag.py
[2026-06-25T03:42:01.129+0000] {processor.py:925} INFO - DAG(s) 'competition_ingestion_dag' retrieved from /opt/airflow/dags/competition_ingestion_dag.py
[2026-06-25T03:42:01.158+0000] {logging_mixin.py:190} INFO - [2026-06-25T03:42:01.157+0000] {dag.py:3239} INFO - Sync 1 DAGs
[2026-06-25T03:42:01.193+0000] {logging_mixin.py:190} INFO - [2026-06-25T03:42:01.192+0000] {dag.py:4180} INFO - Setting next_dagrun for competition_ingestion_dag to 2026-06-25 00:00:00+00:00, run_after=2026-06-26 00:00:00+00:00
[2026-06-25T03:42:01.218+0000] {processor.py:208} INFO - Processing /opt/airflow/dags/competition_ingestion_dag.py took 0.461 seconds
[2026-06-25T03:42:33.478+0000] {processor.py:186} INFO - Started process (PID=20115) to work on /opt/airflow/dags/competition_ingestion_dag.py
[2026-06-25T03:42:33.480+0000] {processor.py:914} INFO - Processing file /opt/airflow/dags/competition_ingestion_dag.py for tasks to queue
[2026-06-25T03:42:33.483+0000] {logging_mixin.py:190} INFO - [2026-06-25T03:42:33.482+0000] {dagbag.py:588} INFO - Filling up the DagBag from /opt/airflow/dags/competition_ingestion_dag.py
[2026-06-25T03:42:33.934+0000] {processor.py:925} INFO - DAG(s) 'competition_ingestion_dag' retrieved from /opt/airflow/dags/competition_ingestion_dag.py
[2026-06-25T03:42:33.962+0000] {logging_mixin.py:190} INFO - [2026-06-25T03:42:33.962+0000] {dag.py:3239} INFO - Sync 1 DAGs
[2026-06-25T03:42:33.990+0000] {logging_mixin.py:190} INFO - [2026-06-25T03:42:33.990+0000] {dag.py:4180} INFO - Setting next_dagrun for competition_ingestion_dag to 2026-06-25 00:00:00+00:00, run_after=2026-06-26 00:00:00+00:00
[2026-06-25T03:42:34.020+0000] {processor.py:208} INFO - Processing /opt/airflow/dags/competition_ingestion_dag.py took 0.550 seconds
[2026-06-25T03:43:05.823+0000] {processor.py:186} INFO - Started process (PID=20132) to work on /opt/airflow/dags/competition_ingestion_dag.py
[2026-06-25T03:43:05.825+0000] {processor.py:914} INFO - Processing file /opt/airflow/dags/competition_ingestion_dag.py for tasks to queue
[2026-06-25T03:43:05.828+0000] {logging_mixin.py:190} INFO - [2026-06-25T03:43:05.827+0000] {dagbag.py:588} INFO - Filling up the DagBag from /opt/airflow/dags/competition_ingestion_dag.py
[2026-06-25T03:43:06.203+0000] {processor.py:925} INFO - DAG(s) 'competition_ingestion_dag' retrieved from /opt/airflow/dags/competition_ingestion_dag.py
[2026-06-25T03:43:06.237+0000] {logging_mixin.py:190} INFO - [2026-06-25T03:43:06.237+0000] {dag.py:3239} INFO - Sync 1 DAGs
[2026-06-25T03:43:06.286+0000] {logging_mixin.py:190} INFO - [2026-06-25T03:43:06.286+0000] {dag.py:4180} INFO - Setting next_dagrun for competition_ingestion_dag to 2026-06-25 00:00:00+00:00, run_after=2026-06-26 00:00:00+00:00
[2026-06-25T03:43:06.322+0000] {processor.py:208} INFO - Processing /opt/airflow/dags/competition_ingestion_dag.py took 0.507 seconds
[2026-06-25T03:43:38.256+0000] {processor.py:186} INFO - Started process (PID=20149) to work on /opt/airflow/dags/competition_ingestion_dag.py
[2026-06-25T03:43:38.258+0000] {processor.py:914} INFO - Processing file /opt/airflow/dags/competition_ingestion_dag.py for tasks to queue
[2026-06-25T03:43:38.261+0000] {logging_mixin.py:190} INFO - [2026-06-25T03:43:38.260+0000] {dagbag.py:588} INFO - Filling up the DagBag from /opt/airflow/dags/competition_ingestion_dag.py
[2026-06-25T03:43:38.579+0000] {processor.py:925} INFO - DAG(s) 'competition_ingestion_dag' retrieved from /opt/airflow/dags/competition_ingestion_dag.py
[2026-06-25T03:43:38.610+0000] {logging_mixin.py:190} INFO - [2026-06-25T03:43:38.610+0000] {dag.py:3239} INFO - Sync 1 DAGs
[2026-06-25T03:43:38.635+0000] {logging_mixin.py:190} INFO - [2026-06-25T03:43:38.635+0000] {dag.py:4180} INFO - Setting next_dagrun for competition_ingestion_dag to 2026-06-25 00:00:00+00:00, run_after=2026-06-26 00:00:00+00:00
[2026-06-25T03:43:38.662+0000] {processor.py:208} INFO - Processing /opt/airflow/dags/competition_ingestion_dag.py took 0.413 seconds
[2026-06-25T03:44:09.646+0000] {processor.py:186} INFO - Started process (PID=20166) to work on /opt/airflow/dags/competition_ingestion_dag.py
[2026-06-25T03:44:09.648+0000] {processor.py:914} INFO - Processing file /opt/airflow/dags/competition_ingestion_dag.py for tasks to queue
[2026-06-25T03:44:09.651+0000] {logging_mixin.py:190} INFO - [2026-06-25T03:44:09.651+0000] {dagbag.py:588} INFO - Filling up the DagBag from /opt/airflow/dags/competition_ingestion_dag.py
[2026-06-25T03:44:10.002+0000] {processor.py:925} INFO - DAG(s) 'competition_ingestion_dag' retrieved from /opt/airflow/dags/competition_ingestion_dag.py
[2026-06-25T03:44:10.038+0000] {logging_mixin.py:190} INFO - [2026-06-25T03:44:10.038+0000] {dag.py:3239} INFO - Sync 1 DAGs
[2026-06-25T03:44:10.063+0000] {logging_mixin.py:190} INFO - [2026-06-25T03:44:10.063+0000] {dag.py:4180} INFO - Setting next_dagrun for competition_ingestion_dag to 2026-06-25 00:00:00+00:00, run_after=2026-06-26 00:00:00+00:00
[2026-06-25T03:44:10.256+0000] {processor.py:208} INFO - Processing /opt/airflow/dags/competition_ingestion_dag.py took 0.617 seconds
[2026-06-25T03:44:42.329+0000] {processor.py:186} INFO - Started process (PID=20183) to work on /opt/airflow/dags/competition_ingestion_dag.py
[2026-06-25T03:44:42.331+0000] {processor.py:914} INFO - Processing file /opt/airflow/dags/competition_ingestion_dag.py for tasks to queue
[2026-06-25T03:44:42.334+0000] {logging_mixin.py:190} INFO - [2026-06-25T03:44:42.333+0000] {dagbag.py:588} INFO - Filling up the DagBag from /opt/airflow/dags/competition_ingestion_dag.py
[2026-06-25T03:44:42.654+0000] {processor.py:925} INFO - DAG(s) 'competition_ingestion_dag' retrieved from /opt/airflow/dags/competition_ingestion_dag.py
[2026-06-25T03:44:42.683+0000] {logging_mixin.py:190} INFO - [2026-06-25T03:44:42.683+0000] {dag.py:3239} INFO - Sync 1 DAGs
[2026-06-25T03:44:42.709+0000] {logging_mixin.py:190} INFO - [2026-06-25T03:44:42.708+0000] {dag.py:4180} INFO - Setting next_dagrun for competition_ingestion_dag to 2026-06-25 00:00:00+00:00, run_after=2026-06-26 00:00:00+00:00
[2026-06-25T03:44:42.749+0000] {processor.py:208} INFO - Processing /opt/airflow/dags/competition_ingestion_dag.py took 0.426 seconds
[2026-06-25T03:45:14.372+0000] {processor.py:186} INFO - Started process (PID=20200) to work on /opt/airflow/dags/competition_ingestion_dag.py
[2026-06-25T03:45:14.374+0000] {processor.py:914} INFO - Processing file /opt/airflow/dags/competition_ingestion_dag.py for tasks to queue
[2026-06-25T03:45:14.377+0000] {logging_mixin.py:190} INFO - [2026-06-25T03:45:14.376+0000] {dagbag.py:588} INFO - Filling up the DagBag from /opt/airflow/dags/competition_ingestion_dag.py
[2026-06-25T03:45:14.652+0000] {processor.py:925} INFO - DAG(s) 'competition_ingestion_dag' retrieved from /opt/airflow/dags/competition_ingestion_dag.py
[2026-06-25T03:45:14.681+0000] {logging_mixin.py:190} INFO - [2026-06-25T03:45:14.681+0000] {dag.py:3239} INFO - Sync 1 DAGs
[2026-06-25T03:45:14.706+0000] {logging_mixin.py:190} INFO - [2026-06-25T03:45:14.706+0000] {dag.py:4180} INFO - Setting next_dagrun for competition_ingestion_dag to 2026-06-25 00:00:00+00:00, run_after=2026-06-26 00:00:00+00:00
[2026-06-25T03:45:14.739+0000] {processor.py:208} INFO - Processing /opt/airflow/dags/competition_ingestion_dag.py took 0.373 seconds
[2026-06-25T03:45:46.536+0000] {processor.py:186} INFO - Started process (PID=20217) to work on /opt/airflow/dags/competition_ingestion_dag.py
[2026-06-25T03:45:46.539+0000] {processor.py:914} INFO - Processing file /opt/airflow/dags/competition_ingestion_dag.py for tasks to queue
[2026-06-25T03:45:46.542+0000] {logging_mixin.py:190} INFO - [2026-06-25T03:45:46.542+0000] {dagbag.py:588} INFO - Filling up the DagBag from /opt/airflow/dags/competition_ingestion_dag.py
[2026-06-25T03:45:46.788+0000] {processor.py:925} INFO - DAG(s) 'competition_ingestion_dag' retrieved from /opt/airflow/dags/competition_ingestion_dag.py
[2026-06-25T03:45:46.821+0000] {logging_mixin.py:190} INFO - [2026-06-25T03:45:46.820+0000] {dag.py:3239} INFO - Sync 1 DAGs
[2026-06-25T03:45:46.842+0000] {logging_mixin.py:190} INFO - [2026-06-25T03:45:46.842+0000] {dag.py:4180} INFO - Setting next_dagrun for competition_ingestion_dag to 2026-06-25 00:00:00+00:00, run_after=2026-06-26 00:00:00+00:00
[2026-06-25T03:45:46.870+0000] {processor.py:208} INFO - Processing /opt/airflow/dags/competition_ingestion_dag.py took 0.342 seconds
[2026-06-25T03:46:18.914+0000] {processor.py:186} INFO - Started process (PID=20234) to work on /opt/airflow/dags/competition_ingestion_dag.py
[2026-06-25T03:46:18.916+0000] {processor.py:914} INFO - Processing file /opt/airflow/dags/competition_ingestion_dag.py for tasks to queue
[2026-06-25T03:46:18.918+0000] {logging_mixin.py:190} INFO - [2026-06-25T03:46:18.918+0000] {dagbag.py:588} INFO - Filling up the DagBag from /opt/airflow/dags/competition_ingestion_dag.py
[2026-06-25T03:46:19.194+0000] {processor.py:925} INFO - DAG(s) 'competition_ingestion_dag' retrieved from /opt/airflow/dags/competition_ingestion_dag.py
[2026-06-25T03:46:19.223+0000] {logging_mixin.py:190} INFO - [2026-06-25T03:46:19.223+0000] {dag.py:3239} INFO - Sync 1 DAGs
[2026-06-25T03:46:19.260+0000] {logging_mixin.py:190} INFO - [2026-06-25T03:46:19.260+0000] {dag.py:4180} INFO - Setting next_dagrun for competition_ingestion_dag to 2026-06-25 00:00:00+00:00, run_after=2026-06-26 00:00:00+00:00
[2026-06-25T03:46:19.288+0000] {processor.py:208} INFO - Processing /opt/airflow/dags/competition_ingestion_dag.py took 0.381 seconds
[2026-06-25T03:46:51.252+0000] {processor.py:186} INFO - Started process (PID=20251) to work on /opt/airflow/dags/competition_ingestion_dag.py
[2026-06-25T03:46:51.253+0000] {processor.py:914} INFO - Processing file /opt/airflow/dags/competition_ingestion_dag.py for tasks to queue
[2026-06-25T03:46:51.256+0000] {logging_mixin.py:190} INFO - [2026-06-25T03:46:51.255+0000] {dagbag.py:588} INFO - Filling up the DagBag from /opt/airflow/dags/competition_ingestion_dag.py
[2026-06-25T03:46:51.536+0000] {processor.py:925} INFO - DAG(s) 'competition_ingestion_dag' retrieved from /opt/airflow/dags/competition_ingestion_dag.py
[2026-06-25T03:46:51.555+0000] {logging_mixin.py:190} INFO - [2026-06-25T03:46:51.555+0000] {dag.py:3239} INFO - Sync 1 DAGs
[2026-06-25T03:46:51.572+0000] {logging_mixin.py:190} INFO - [2026-06-25T03:46:51.571+0000] {dag.py:4180} INFO - Setting next_dagrun for competition_ingestion_dag to 2026-06-25 00:00:00+00:00, run_after=2026-06-26 00:00:00+00:00
[2026-06-25T03:46:51.593+0000] {processor.py:208} INFO - Processing /opt/airflow/dags/competition_ingestion_dag.py took 0.347 seconds
[2026-06-25T03:47:22.289+0000] {processor.py:186} INFO - Started process (PID=20268) to work on /opt/airflow/dags/competition_ingestion_dag.py
[2026-06-25T03:47:22.291+0000] {processor.py:914} INFO - Processing file /opt/airflow/dags/competition_ingestion_dag.py for tasks to queue
[2026-06-25T03:47:22.295+0000] {logging_mixin.py:190} INFO - [2026-06-25T03:47:22.294+0000] {dagbag.py:588} INFO - Filling up the DagBag from /opt/airflow/dags/competition_ingestion_dag.py
[2026-06-25T03:47:22.628+0000] {processor.py:925} INFO - DAG(s) 'competition_ingestion_dag' retrieved from /opt/airflow/dags/competition_ingestion_dag.py
[2026-06-25T03:47:22.677+0000] {logging_mixin.py:190} INFO - [2026-06-25T03:47:22.676+0000] {dag.py:3239} INFO - Sync 1 DAGs
[2026-06-25T03:47:22.710+0000] {logging_mixin.py:190} INFO - [2026-06-25T03:47:22.710+0000] {dag.py:4180} INFO - Setting next_dagrun for competition_ingestion_dag to 2026-06-25 00:00:00+00:00, run_after=2026-06-26 00:00:00+00:00
[2026-06-25T03:47:22.747+0000] {processor.py:208} INFO - Processing /opt/airflow/dags/competition_ingestion_dag.py took 0.465 seconds
