[2026-06-25T03:18:06.296+0000] {processor.py:186} INFO - Started process (PID=19093) to work on /opt/airflow/dags/sportflow_master_pipeline_dag.py
[2026-06-25T03:18:06.300+0000] {processor.py:914} INFO - Processing file /opt/airflow/dags/sportflow_master_pipeline_dag.py for tasks to queue
[2026-06-25T03:18:06.305+0000] {logging_mixin.py:190} INFO - [2026-06-25T03:18:06.304+0000] {dagbag.py:588} INFO - Filling up the DagBag from /opt/airflow/dags/sportflow_master_pipeline_dag.py
[2026-06-25T03:18:09.967+0000] {processor.py:925} INFO - DAG(s) 'sportflow_master_pipeline_dag' retrieved from /opt/airflow/dags/sportflow_master_pipeline_dag.py
[2026-06-25T03:18:09.994+0000] {logging_mixin.py:190} INFO - [2026-06-25T03:18:09.994+0000] {dag.py:3239} INFO - Sync 1 DAGs
[2026-06-25T03:18:10.017+0000] {logging_mixin.py:190} INFO - [2026-06-25T03:18:10.016+0000] {dag.py:4180} INFO - Setting next_dagrun for sportflow_master_pipeline_dag to 2026-06-25 00:00:00+00:00, run_after=2026-06-26 00:00:00+00:00
[2026-06-25T03:18:10.046+0000] {processor.py:208} INFO - Processing /opt/airflow/dags/sportflow_master_pipeline_dag.py took 3.763 seconds
[2026-06-25T03:19:28.922+0000] {processor.py:186} INFO - Started process (PID=19256) to work on /opt/airflow/dags/sportflow_master_pipeline_dag.py
[2026-06-25T03:19:28.926+0000] {processor.py:914} INFO - Processing file /opt/airflow/dags/sportflow_master_pipeline_dag.py for tasks to queue
[2026-06-25T03:19:28.931+0000] {logging_mixin.py:190} INFO - [2026-06-25T03:19:28.931+0000] {dagbag.py:588} INFO - Filling up the DagBag from /opt/airflow/dags/sportflow_master_pipeline_dag.py
[2026-06-25T03:19:32.365+0000] {processor.py:925} INFO - DAG(s) 'sportflow_master_pipeline_dag' retrieved from /opt/airflow/dags/sportflow_master_pipeline_dag.py
[2026-06-25T03:19:32.386+0000] {logging_mixin.py:190} INFO - [2026-06-25T03:19:32.385+0000] {dag.py:3239} INFO - Sync 1 DAGs
[2026-06-25T03:19:32.403+0000] {logging_mixin.py:190} INFO - [2026-06-25T03:19:32.403+0000] {dag.py:4180} INFO - Setting next_dagrun for sportflow_master_pipeline_dag to 2026-06-25 00:00:00+00:00, run_after=2026-06-26 00:00:00+00:00
[2026-06-25T03:19:32.435+0000] {processor.py:208} INFO - Processing /opt/airflow/dags/sportflow_master_pipeline_dag.py took 3.527 seconds
[2026-06-25T03:20:31.439+0000] {processor.py:186} INFO - Started process (PID=19419) to work on /opt/airflow/dags/sportflow_master_pipeline_dag.py
[2026-06-25T03:20:31.442+0000] {processor.py:914} INFO - Processing file /opt/airflow/dags/sportflow_master_pipeline_dag.py for tasks to queue
[2026-06-25T03:20:31.444+0000] {logging_mixin.py:190} INFO - [2026-06-25T03:20:31.444+0000] {dagbag.py:588} INFO - Filling up the DagBag from /opt/airflow/dags/sportflow_master_pipeline_dag.py
[2026-06-25T03:20:33.408+0000] {processor.py:925} INFO - DAG(s) 'sportflow_master_pipeline_dag' retrieved from /opt/airflow/dags/sportflow_master_pipeline_dag.py
[2026-06-25T03:20:33.431+0000] {logging_mixin.py:190} INFO - [2026-06-25T03:20:33.430+0000] {dag.py:3239} INFO - Sync 1 DAGs
[2026-06-25T03:20:33.449+0000] {logging_mixin.py:190} INFO - [2026-06-25T03:20:33.449+0000] {dag.py:4180} INFO - Setting next_dagrun for sportflow_master_pipeline_dag to 2026-06-25 00:00:00+00:00, run_after=2026-06-26 00:00:00+00:00
[2026-06-25T03:20:33.473+0000] {processor.py:208} INFO - Processing /opt/airflow/dags/sportflow_master_pipeline_dag.py took 2.041 seconds
[2026-06-25T03:21:03.759+0000] {processor.py:186} INFO - Started process (PID=19436) to work on /opt/airflow/dags/sportflow_master_pipeline_dag.py
[2026-06-25T03:21:03.761+0000] {processor.py:914} INFO - Processing file /opt/airflow/dags/sportflow_master_pipeline_dag.py for tasks to queue
[2026-06-25T03:21:03.763+0000] {logging_mixin.py:190} INFO - [2026-06-25T03:21:03.763+0000] {dagbag.py:588} INFO - Filling up the DagBag from /opt/airflow/dags/sportflow_master_pipeline_dag.py
[2026-06-25T03:21:05.214+0000] {processor.py:925} INFO - DAG(s) 'sportflow_master_pipeline_dag' retrieved from /opt/airflow/dags/sportflow_master_pipeline_dag.py
[2026-06-25T03:21:05.236+0000] {logging_mixin.py:190} INFO - [2026-06-25T03:21:05.236+0000] {dag.py:3239} INFO - Sync 1 DAGs
[2026-06-25T03:21:05.252+0000] {logging_mixin.py:190} INFO - [2026-06-25T03:21:05.252+0000] {dag.py:4180} INFO - Setting next_dagrun for sportflow_master_pipeline_dag to 2026-06-25 00:00:00+00:00, run_after=2026-06-26 00:00:00+00:00
[2026-06-25T03:21:05.272+0000] {processor.py:208} INFO - Processing /opt/airflow/dags/sportflow_master_pipeline_dag.py took 1.527 seconds
[2026-06-25T03:21:35.953+0000] {processor.py:186} INFO - Started process (PID=19453) to work on /opt/airflow/dags/sportflow_master_pipeline_dag.py
[2026-06-25T03:21:35.955+0000] {processor.py:914} INFO - Processing file /opt/airflow/dags/sportflow_master_pipeline_dag.py for tasks to queue
[2026-06-25T03:21:35.957+0000] {logging_mixin.py:190} INFO - [2026-06-25T03:21:35.957+0000] {dagbag.py:588} INFO - Filling up the DagBag from /opt/airflow/dags/sportflow_master_pipeline_dag.py
[2026-06-25T03:21:37.567+0000] {processor.py:925} INFO - DAG(s) 'sportflow_master_pipeline_dag' retrieved from /opt/airflow/dags/sportflow_master_pipeline_dag.py
[2026-06-25T03:21:37.589+0000] {logging_mixin.py:190} INFO - [2026-06-25T03:21:37.588+0000] {dag.py:3239} INFO - Sync 1 DAGs
[2026-06-25T03:21:37.606+0000] {logging_mixin.py:190} INFO - [2026-06-25T03:21:37.606+0000] {dag.py:4180} INFO - Setting next_dagrun for sportflow_master_pipeline_dag to 2026-06-25 00:00:00+00:00, run_after=2026-06-26 00:00:00+00:00
[2026-06-25T03:21:37.630+0000] {processor.py:208} INFO - Processing /opt/airflow/dags/sportflow_master_pipeline_dag.py took 1.683 seconds
[2026-06-25T03:22:08.081+0000] {processor.py:186} INFO - Started process (PID=19470) to work on /opt/airflow/dags/sportflow_master_pipeline_dag.py
[2026-06-25T03:22:08.083+0000] {processor.py:914} INFO - Processing file /opt/airflow/dags/sportflow_master_pipeline_dag.py for tasks to queue
[2026-06-25T03:22:08.086+0000] {logging_mixin.py:190} INFO - [2026-06-25T03:22:08.085+0000] {dagbag.py:588} INFO - Filling up the DagBag from /opt/airflow/dags/sportflow_master_pipeline_dag.py
[2026-06-25T03:22:09.502+0000] {processor.py:925} INFO - DAG(s) 'sportflow_master_pipeline_dag' retrieved from /opt/airflow/dags/sportflow_master_pipeline_dag.py
[2026-06-25T03:22:09.520+0000] {logging_mixin.py:190} INFO - [2026-06-25T03:22:09.519+0000] {dag.py:3239} INFO - Sync 1 DAGs
[2026-06-25T03:22:09.536+0000] {logging_mixin.py:190} INFO - [2026-06-25T03:22:09.536+0000] {dag.py:4180} INFO - Setting next_dagrun for sportflow_master_pipeline_dag to 2026-06-25 00:00:00+00:00, run_after=2026-06-26 00:00:00+00:00
[2026-06-25T03:22:09.554+0000] {processor.py:208} INFO - Processing /opt/airflow/dags/sportflow_master_pipeline_dag.py took 1.482 seconds
[2026-06-25T03:22:40.594+0000] {processor.py:186} INFO - Started process (PID=19487) to work on /opt/airflow/dags/sportflow_master_pipeline_dag.py
[2026-06-25T03:22:40.596+0000] {processor.py:914} INFO - Processing file /opt/airflow/dags/sportflow_master_pipeline_dag.py for tasks to queue
[2026-06-25T03:22:40.599+0000] {logging_mixin.py:190} INFO - [2026-06-25T03:22:40.599+0000] {dagbag.py:588} INFO - Filling up the DagBag from /opt/airflow/dags/sportflow_master_pipeline_dag.py
[2026-06-25T03:22:42.604+0000] {processor.py:925} INFO - DAG(s) 'sportflow_master_pipeline_dag' retrieved from /opt/airflow/dags/sportflow_master_pipeline_dag.py
[2026-06-25T03:22:42.624+0000] {logging_mixin.py:190} INFO - [2026-06-25T03:22:42.624+0000] {dag.py:3239} INFO - Sync 1 DAGs
[2026-06-25T03:22:42.642+0000] {logging_mixin.py:190} INFO - [2026-06-25T03:22:42.641+0000] {dag.py:4180} INFO - Setting next_dagrun for sportflow_master_pipeline_dag to 2026-06-25 00:00:00+00:00, run_after=2026-06-26 00:00:00+00:00
[2026-06-25T03:22:42.668+0000] {processor.py:208} INFO - Processing /opt/airflow/dags/sportflow_master_pipeline_dag.py took 2.082 seconds
[2026-06-25T03:23:13.294+0000] {processor.py:186} INFO - Started process (PID=19504) to work on /opt/airflow/dags/sportflow_master_pipeline_dag.py
[2026-06-25T03:23:13.295+0000] {processor.py:914} INFO - Processing file /opt/airflow/dags/sportflow_master_pipeline_dag.py for tasks to queue
[2026-06-25T03:23:13.299+0000] {logging_mixin.py:190} INFO - [2026-06-25T03:23:13.298+0000] {dagbag.py:588} INFO - Filling up the DagBag from /opt/airflow/dags/sportflow_master_pipeline_dag.py
[2026-06-25T03:23:15.021+0000] {processor.py:925} INFO - DAG(s) 'sportflow_master_pipeline_dag' retrieved from /opt/airflow/dags/sportflow_master_pipeline_dag.py
[2026-06-25T03:23:15.058+0000] {logging_mixin.py:190} INFO - [2026-06-25T03:23:15.058+0000] {dag.py:3239} INFO - Sync 1 DAGs
[2026-06-25T03:23:15.074+0000] {logging_mixin.py:190} INFO - [2026-06-25T03:23:15.074+0000] {dag.py:4180} INFO - Setting next_dagrun for sportflow_master_pipeline_dag to 2026-06-25 00:00:00+00:00, run_after=2026-06-26 00:00:00+00:00
[2026-06-25T03:23:15.097+0000] {processor.py:208} INFO - Processing /opt/airflow/dags/sportflow_master_pipeline_dag.py took 1.809 seconds
[2026-06-25T03:23:45.781+0000] {processor.py:186} INFO - Started process (PID=19521) to work on /opt/airflow/dags/sportflow_master_pipeline_dag.py
[2026-06-25T03:23:45.784+0000] {processor.py:914} INFO - Processing file /opt/airflow/dags/sportflow_master_pipeline_dag.py for tasks to queue
[2026-06-25T03:23:45.787+0000] {logging_mixin.py:190} INFO - [2026-06-25T03:23:45.786+0000] {dagbag.py:588} INFO - Filling up the DagBag from /opt/airflow/dags/sportflow_master_pipeline_dag.py
[2026-06-25T03:23:47.502+0000] {processor.py:925} INFO - DAG(s) 'sportflow_master_pipeline_dag' retrieved from /opt/airflow/dags/sportflow_master_pipeline_dag.py
[2026-06-25T03:23:47.525+0000] {logging_mixin.py:190} INFO - [2026-06-25T03:23:47.525+0000] {dag.py:3239} INFO - Sync 1 DAGs
[2026-06-25T03:23:47.544+0000] {logging_mixin.py:190} INFO - [2026-06-25T03:23:47.544+0000] {dag.py:4180} INFO - Setting next_dagrun for sportflow_master_pipeline_dag to 2026-06-25 00:00:00+00:00, run_after=2026-06-26 00:00:00+00:00
[2026-06-25T03:23:47.581+0000] {processor.py:208} INFO - Processing /opt/airflow/dags/sportflow_master_pipeline_dag.py took 1.808 seconds
[2026-06-25T03:24:18.511+0000] {processor.py:186} INFO - Started process (PID=19538) to work on /opt/airflow/dags/sportflow_master_pipeline_dag.py
[2026-06-25T03:24:18.514+0000] {processor.py:914} INFO - Processing file /opt/airflow/dags/sportflow_master_pipeline_dag.py for tasks to queue
[2026-06-25T03:24:18.516+0000] {logging_mixin.py:190} INFO - [2026-06-25T03:24:18.515+0000] {dagbag.py:588} INFO - Filling up the DagBag from /opt/airflow/dags/sportflow_master_pipeline_dag.py
[2026-06-25T03:24:20.365+0000] {processor.py:925} INFO - DAG(s) 'sportflow_master_pipeline_dag' retrieved from /opt/airflow/dags/sportflow_master_pipeline_dag.py
[2026-06-25T03:24:20.384+0000] {logging_mixin.py:190} INFO - [2026-06-25T03:24:20.384+0000] {dag.py:3239} INFO - Sync 1 DAGs
[2026-06-25T03:24:20.402+0000] {logging_mixin.py:190} INFO - [2026-06-25T03:24:20.402+0000] {dag.py:4180} INFO - Setting next_dagrun for sportflow_master_pipeline_dag to 2026-06-25 00:00:00+00:00, run_after=2026-06-26 00:00:00+00:00
[2026-06-25T03:24:20.433+0000] {processor.py:208} INFO - Processing /opt/airflow/dags/sportflow_master_pipeline_dag.py took 1.929 seconds
[2026-06-25T03:24:51.139+0000] {processor.py:186} INFO - Started process (PID=19555) to work on /opt/airflow/dags/sportflow_master_pipeline_dag.py
[2026-06-25T03:24:51.144+0000] {processor.py:914} INFO - Processing file /opt/airflow/dags/sportflow_master_pipeline_dag.py for tasks to queue
[2026-06-25T03:24:51.147+0000] {logging_mixin.py:190} INFO - [2026-06-25T03:24:51.146+0000] {dagbag.py:588} INFO - Filling up the DagBag from /opt/airflow/dags/sportflow_master_pipeline_dag.py
[2026-06-25T03:24:52.859+0000] {processor.py:925} INFO - DAG(s) 'sportflow_master_pipeline_dag' retrieved from /opt/airflow/dags/sportflow_master_pipeline_dag.py
[2026-06-25T03:24:52.878+0000] {logging_mixin.py:190} INFO - [2026-06-25T03:24:52.878+0000] {dag.py:3239} INFO - Sync 1 DAGs
[2026-06-25T03:24:52.894+0000] {logging_mixin.py:190} INFO - [2026-06-25T03:24:52.894+0000] {dag.py:4180} INFO - Setting next_dagrun for sportflow_master_pipeline_dag to 2026-06-25 00:00:00+00:00, run_after=2026-06-26 00:00:00+00:00
[2026-06-25T03:24:52.920+0000] {processor.py:208} INFO - Processing /opt/airflow/dags/sportflow_master_pipeline_dag.py took 1.789 seconds
[2026-06-25T03:25:23.768+0000] {processor.py:186} INFO - Started process (PID=19572) to work on /opt/airflow/dags/sportflow_master_pipeline_dag.py
[2026-06-25T03:25:23.771+0000] {processor.py:914} INFO - Processing file /opt/airflow/dags/sportflow_master_pipeline_dag.py for tasks to queue
[2026-06-25T03:25:23.774+0000] {logging_mixin.py:190} INFO - [2026-06-25T03:25:23.773+0000] {dagbag.py:588} INFO - Filling up the DagBag from /opt/airflow/dags/sportflow_master_pipeline_dag.py
[2026-06-25T03:25:25.733+0000] {processor.py:925} INFO - DAG(s) 'sportflow_master_pipeline_dag' retrieved from /opt/airflow/dags/sportflow_master_pipeline_dag.py
[2026-06-25T03:25:25.753+0000] {logging_mixin.py:190} INFO - [2026-06-25T03:25:25.753+0000] {dag.py:3239} INFO - Sync 1 DAGs
[2026-06-25T03:25:25.770+0000] {logging_mixin.py:190} INFO - [2026-06-25T03:25:25.770+0000] {dag.py:4180} INFO - Setting next_dagrun for sportflow_master_pipeline_dag to 2026-06-25 00:00:00+00:00, run_after=2026-06-26 00:00:00+00:00
[2026-06-25T03:25:25.793+0000] {processor.py:208} INFO - Processing /opt/airflow/dags/sportflow_master_pipeline_dag.py took 2.034 seconds
[2026-06-25T03:25:56.622+0000] {processor.py:186} INFO - Started process (PID=19589) to work on /opt/airflow/dags/sportflow_master_pipeline_dag.py
[2026-06-25T03:25:56.625+0000] {processor.py:914} INFO - Processing file /opt/airflow/dags/sportflow_master_pipeline_dag.py for tasks to queue
[2026-06-25T03:25:56.627+0000] {logging_mixin.py:190} INFO - [2026-06-25T03:25:56.627+0000] {dagbag.py:588} INFO - Filling up the DagBag from /opt/airflow/dags/sportflow_master_pipeline_dag.py
[2026-06-25T03:25:58.965+0000] {processor.py:925} INFO - DAG(s) 'sportflow_master_pipeline_dag' retrieved from /opt/airflow/dags/sportflow_master_pipeline_dag.py
[2026-06-25T03:25:58.981+0000] {logging_mixin.py:190} INFO - [2026-06-25T03:25:58.981+0000] {dag.py:3239} INFO - Sync 1 DAGs
[2026-06-25T03:25:59.003+0000] {logging_mixin.py:190} INFO - [2026-06-25T03:25:59.003+0000] {dag.py:4180} INFO - Setting next_dagrun for sportflow_master_pipeline_dag to 2026-06-25 00:00:00+00:00, run_after=2026-06-26 00:00:00+00:00
[2026-06-25T03:25:59.035+0000] {processor.py:208} INFO - Processing /opt/airflow/dags/sportflow_master_pipeline_dag.py took 2.421 seconds
[2026-06-25T03:26:29.549+0000] {processor.py:186} INFO - Started process (PID=19606) to work on /opt/airflow/dags/sportflow_master_pipeline_dag.py
[2026-06-25T03:26:29.551+0000] {processor.py:914} INFO - Processing file /opt/airflow/dags/sportflow_master_pipeline_dag.py for tasks to queue
[2026-06-25T03:26:29.554+0000] {logging_mixin.py:190} INFO - [2026-06-25T03:26:29.554+0000] {dagbag.py:588} INFO - Filling up the DagBag from /opt/airflow/dags/sportflow_master_pipeline_dag.py
[2026-06-25T03:26:31.728+0000] {processor.py:925} INFO - DAG(s) 'sportflow_master_pipeline_dag' retrieved from /opt/airflow/dags/sportflow_master_pipeline_dag.py
[2026-06-25T03:26:31.750+0000] {logging_mixin.py:190} INFO - [2026-06-25T03:26:31.750+0000] {dag.py:3239} INFO - Sync 1 DAGs
[2026-06-25T03:26:31.767+0000] {logging_mixin.py:190} INFO - [2026-06-25T03:26:31.767+0000] {dag.py:4180} INFO - Setting next_dagrun for sportflow_master_pipeline_dag to 2026-06-25 00:00:00+00:00, run_after=2026-06-26 00:00:00+00:00
[2026-06-25T03:26:31.793+0000] {processor.py:208} INFO - Processing /opt/airflow/dags/sportflow_master_pipeline_dag.py took 2.254 seconds
[2026-06-25T03:27:02.050+0000] {processor.py:186} INFO - Started process (PID=19623) to work on /opt/airflow/dags/sportflow_master_pipeline_dag.py
[2026-06-25T03:27:02.052+0000] {processor.py:914} INFO - Processing file /opt/airflow/dags/sportflow_master_pipeline_dag.py for tasks to queue
[2026-06-25T03:27:02.054+0000] {logging_mixin.py:190} INFO - [2026-06-25T03:27:02.054+0000] {dagbag.py:588} INFO - Filling up the DagBag from /opt/airflow/dags/sportflow_master_pipeline_dag.py
[2026-06-25T03:27:03.546+0000] {processor.py:925} INFO - DAG(s) 'sportflow_master_pipeline_dag' retrieved from /opt/airflow/dags/sportflow_master_pipeline_dag.py
[2026-06-25T03:27:03.593+0000] {logging_mixin.py:190} INFO - [2026-06-25T03:27:03.593+0000] {dag.py:3239} INFO - Sync 1 DAGs
[2026-06-25T03:27:03.623+0000] {logging_mixin.py:190} INFO - [2026-06-25T03:27:03.623+0000] {dag.py:4180} INFO - Setting next_dagrun for sportflow_master_pipeline_dag to 2026-06-25 00:00:00+00:00, run_after=2026-06-26 00:00:00+00:00
[2026-06-25T03:27:03.656+0000] {processor.py:208} INFO - Processing /opt/airflow/dags/sportflow_master_pipeline_dag.py took 1.612 seconds
[2026-06-25T03:27:34.292+0000] {processor.py:186} INFO - Started process (PID=19640) to work on /opt/airflow/dags/sportflow_master_pipeline_dag.py
[2026-06-25T03:27:34.294+0000] {processor.py:914} INFO - Processing file /opt/airflow/dags/sportflow_master_pipeline_dag.py for tasks to queue
[2026-06-25T03:27:34.296+0000] {logging_mixin.py:190} INFO - [2026-06-25T03:27:34.296+0000] {dagbag.py:588} INFO - Filling up the DagBag from /opt/airflow/dags/sportflow_master_pipeline_dag.py
[2026-06-25T03:27:35.787+0000] {processor.py:925} INFO - DAG(s) 'sportflow_master_pipeline_dag' retrieved from /opt/airflow/dags/sportflow_master_pipeline_dag.py
[2026-06-25T03:27:35.806+0000] {logging_mixin.py:190} INFO - [2026-06-25T03:27:35.806+0000] {dag.py:3239} INFO - Sync 1 DAGs
[2026-06-25T03:27:35.821+0000] {logging_mixin.py:190} INFO - [2026-06-25T03:27:35.820+0000] {dag.py:4180} INFO - Setting next_dagrun for sportflow_master_pipeline_dag to 2026-06-25 00:00:00+00:00, run_after=2026-06-26 00:00:00+00:00
[2026-06-25T03:27:35.842+0000] {processor.py:208} INFO - Processing /opt/airflow/dags/sportflow_master_pipeline_dag.py took 1.557 seconds
[2026-06-25T03:28:06.272+0000] {processor.py:186} INFO - Started process (PID=19657) to work on /opt/airflow/dags/sportflow_master_pipeline_dag.py
[2026-06-25T03:28:06.274+0000] {processor.py:914} INFO - Processing file /opt/airflow/dags/sportflow_master_pipeline_dag.py for tasks to queue
[2026-06-25T03:28:06.276+0000] {logging_mixin.py:190} INFO - [2026-06-25T03:28:06.276+0000] {dagbag.py:588} INFO - Filling up the DagBag from /opt/airflow/dags/sportflow_master_pipeline_dag.py
[2026-06-25T03:28:07.826+0000] {processor.py:925} INFO - DAG(s) 'sportflow_master_pipeline_dag' retrieved from /opt/airflow/dags/sportflow_master_pipeline_dag.py
[2026-06-25T03:28:07.851+0000] {logging_mixin.py:190} INFO - [2026-06-25T03:28:07.850+0000] {dag.py:3239} INFO - Sync 1 DAGs
[2026-06-25T03:28:07.869+0000] {logging_mixin.py:190} INFO - [2026-06-25T03:28:07.869+0000] {dag.py:4180} INFO - Setting next_dagrun for sportflow_master_pipeline_dag to 2026-06-25 00:00:00+00:00, run_after=2026-06-26 00:00:00+00:00
[2026-06-25T03:28:07.900+0000] {processor.py:208} INFO - Processing /opt/airflow/dags/sportflow_master_pipeline_dag.py took 1.634 seconds
[2026-06-25T03:28:38.156+0000] {processor.py:186} INFO - Started process (PID=19674) to work on /opt/airflow/dags/sportflow_master_pipeline_dag.py
[2026-06-25T03:28:38.158+0000] {processor.py:914} INFO - Processing file /opt/airflow/dags/sportflow_master_pipeline_dag.py for tasks to queue
[2026-06-25T03:28:38.161+0000] {logging_mixin.py:190} INFO - [2026-06-25T03:28:38.160+0000] {dagbag.py:588} INFO - Filling up the DagBag from /opt/airflow/dags/sportflow_master_pipeline_dag.py
[2026-06-25T03:28:39.591+0000] {processor.py:925} INFO - DAG(s) 'sportflow_master_pipeline_dag' retrieved from /opt/airflow/dags/sportflow_master_pipeline_dag.py
[2026-06-25T03:28:39.611+0000] {logging_mixin.py:190} INFO - [2026-06-25T03:28:39.610+0000] {dag.py:3239} INFO - Sync 1 DAGs
[2026-06-25T03:28:39.627+0000] {logging_mixin.py:190} INFO - [2026-06-25T03:28:39.627+0000] {dag.py:4180} INFO - Setting next_dagrun for sportflow_master_pipeline_dag to 2026-06-25 00:00:00+00:00, run_after=2026-06-26 00:00:00+00:00
[2026-06-25T03:28:39.648+0000] {processor.py:208} INFO - Processing /opt/airflow/dags/sportflow_master_pipeline_dag.py took 1.498 seconds
[2026-06-25T03:29:10.231+0000] {processor.py:186} INFO - Started process (PID=19691) to work on /opt/airflow/dags/sportflow_master_pipeline_dag.py
[2026-06-25T03:29:10.232+0000] {processor.py:914} INFO - Processing file /opt/airflow/dags/sportflow_master_pipeline_dag.py for tasks to queue
[2026-06-25T03:29:10.235+0000] {logging_mixin.py:190} INFO - [2026-06-25T03:29:10.234+0000] {dagbag.py:588} INFO - Filling up the DagBag from /opt/airflow/dags/sportflow_master_pipeline_dag.py
[2026-06-25T03:29:11.944+0000] {processor.py:925} INFO - DAG(s) 'sportflow_master_pipeline_dag' retrieved from /opt/airflow/dags/sportflow_master_pipeline_dag.py
[2026-06-25T03:29:11.963+0000] {logging_mixin.py:190} INFO - [2026-06-25T03:29:11.963+0000] {dag.py:3239} INFO - Sync 1 DAGs
[2026-06-25T03:29:11.980+0000] {logging_mixin.py:190} INFO - [2026-06-25T03:29:11.980+0000] {dag.py:4180} INFO - Setting next_dagrun for sportflow_master_pipeline_dag to 2026-06-25 00:00:00+00:00, run_after=2026-06-26 00:00:00+00:00
[2026-06-25T03:29:12.002+0000] {processor.py:208} INFO - Processing /opt/airflow/dags/sportflow_master_pipeline_dag.py took 1.778 seconds
[2026-06-25T03:29:42.491+0000] {processor.py:186} INFO - Started process (PID=19708) to work on /opt/airflow/dags/sportflow_master_pipeline_dag.py
[2026-06-25T03:29:42.493+0000] {processor.py:914} INFO - Processing file /opt/airflow/dags/sportflow_master_pipeline_dag.py for tasks to queue
[2026-06-25T03:29:42.496+0000] {logging_mixin.py:190} INFO - [2026-06-25T03:29:42.495+0000] {dagbag.py:588} INFO - Filling up the DagBag from /opt/airflow/dags/sportflow_master_pipeline_dag.py
[2026-06-25T03:29:43.954+0000] {processor.py:925} INFO - DAG(s) 'sportflow_master_pipeline_dag' retrieved from /opt/airflow/dags/sportflow_master_pipeline_dag.py
[2026-06-25T03:29:43.972+0000] {logging_mixin.py:190} INFO - [2026-06-25T03:29:43.971+0000] {dag.py:3239} INFO - Sync 1 DAGs
[2026-06-25T03:29:43.988+0000] {logging_mixin.py:190} INFO - [2026-06-25T03:29:43.988+0000] {dag.py:4180} INFO - Setting next_dagrun for sportflow_master_pipeline_dag to 2026-06-25 00:00:00+00:00, run_after=2026-06-26 00:00:00+00:00
[2026-06-25T03:29:44.013+0000] {processor.py:208} INFO - Processing /opt/airflow/dags/sportflow_master_pipeline_dag.py took 1.528 seconds
[2026-06-25T03:30:14.843+0000] {processor.py:186} INFO - Started process (PID=19725) to work on /opt/airflow/dags/sportflow_master_pipeline_dag.py
[2026-06-25T03:30:14.845+0000] {processor.py:914} INFO - Processing file /opt/airflow/dags/sportflow_master_pipeline_dag.py for tasks to queue
[2026-06-25T03:30:14.847+0000] {logging_mixin.py:190} INFO - [2026-06-25T03:30:14.847+0000] {dagbag.py:588} INFO - Filling up the DagBag from /opt/airflow/dags/sportflow_master_pipeline_dag.py
[2026-06-25T03:30:16.574+0000] {processor.py:925} INFO - DAG(s) 'sportflow_master_pipeline_dag' retrieved from /opt/airflow/dags/sportflow_master_pipeline_dag.py
[2026-06-25T03:30:16.597+0000] {logging_mixin.py:190} INFO - [2026-06-25T03:30:16.596+0000] {dag.py:3239} INFO - Sync 1 DAGs
[2026-06-25T03:30:16.618+0000] {logging_mixin.py:190} INFO - [2026-06-25T03:30:16.618+0000] {dag.py:4180} INFO - Setting next_dagrun for sportflow_master_pipeline_dag to 2026-06-25 00:00:00+00:00, run_after=2026-06-26 00:00:00+00:00
[2026-06-25T03:30:16.646+0000] {processor.py:208} INFO - Processing /opt/airflow/dags/sportflow_master_pipeline_dag.py took 1.809 seconds
[2026-06-25T03:30:47.169+0000] {processor.py:186} INFO - Started process (PID=19742) to work on /opt/airflow/dags/sportflow_master_pipeline_dag.py
[2026-06-25T03:30:47.172+0000] {processor.py:914} INFO - Processing file /opt/airflow/dags/sportflow_master_pipeline_dag.py for tasks to queue
[2026-06-25T03:30:47.175+0000] {logging_mixin.py:190} INFO - [2026-06-25T03:30:47.175+0000] {dagbag.py:588} INFO - Filling up the DagBag from /opt/airflow/dags/sportflow_master_pipeline_dag.py
[2026-06-25T03:30:49.551+0000] {processor.py:925} INFO - DAG(s) 'sportflow_master_pipeline_dag' retrieved from /opt/airflow/dags/sportflow_master_pipeline_dag.py
[2026-06-25T03:30:49.573+0000] {logging_mixin.py:190} INFO - [2026-06-25T03:30:49.572+0000] {dag.py:3239} INFO - Sync 1 DAGs
[2026-06-25T03:30:49.593+0000] {logging_mixin.py:190} INFO - [2026-06-25T03:30:49.592+0000] {dag.py:4180} INFO - Setting next_dagrun for sportflow_master_pipeline_dag to 2026-06-25 00:00:00+00:00, run_after=2026-06-26 00:00:00+00:00
[2026-06-25T03:30:49.620+0000] {processor.py:208} INFO - Processing /opt/airflow/dags/sportflow_master_pipeline_dag.py took 2.460 seconds
[2026-06-25T03:31:20.343+0000] {processor.py:186} INFO - Started process (PID=19759) to work on /opt/airflow/dags/sportflow_master_pipeline_dag.py
[2026-06-25T03:31:20.345+0000] {processor.py:914} INFO - Processing file /opt/airflow/dags/sportflow_master_pipeline_dag.py for tasks to queue
[2026-06-25T03:31:20.348+0000] {logging_mixin.py:190} INFO - [2026-06-25T03:31:20.348+0000] {dagbag.py:588} INFO - Filling up the DagBag from /opt/airflow/dags/sportflow_master_pipeline_dag.py
[2026-06-25T03:31:22.290+0000] {processor.py:925} INFO - DAG(s) 'sportflow_master_pipeline_dag' retrieved from /opt/airflow/dags/sportflow_master_pipeline_dag.py
[2026-06-25T03:31:22.309+0000] {logging_mixin.py:190} INFO - [2026-06-25T03:31:22.309+0000] {dag.py:3239} INFO - Sync 1 DAGs
[2026-06-25T03:31:22.324+0000] {logging_mixin.py:190} INFO - [2026-06-25T03:31:22.324+0000] {dag.py:4180} INFO - Setting next_dagrun for sportflow_master_pipeline_dag to 2026-06-25 00:00:00+00:00, run_after=2026-06-26 00:00:00+00:00
[2026-06-25T03:31:22.343+0000] {processor.py:208} INFO - Processing /opt/airflow/dags/sportflow_master_pipeline_dag.py took 2.009 seconds
[2026-06-25T03:31:52.803+0000] {processor.py:186} INFO - Started process (PID=19776) to work on /opt/airflow/dags/sportflow_master_pipeline_dag.py
[2026-06-25T03:31:52.805+0000] {processor.py:914} INFO - Processing file /opt/airflow/dags/sportflow_master_pipeline_dag.py for tasks to queue
[2026-06-25T03:31:52.808+0000] {logging_mixin.py:190} INFO - [2026-06-25T03:31:52.808+0000] {dagbag.py:588} INFO - Filling up the DagBag from /opt/airflow/dags/sportflow_master_pipeline_dag.py
[2026-06-25T03:31:54.696+0000] {processor.py:925} INFO - DAG(s) 'sportflow_master_pipeline_dag' retrieved from /opt/airflow/dags/sportflow_master_pipeline_dag.py
[2026-06-25T03:31:54.717+0000] {logging_mixin.py:190} INFO - [2026-06-25T03:31:54.717+0000] {dag.py:3239} INFO - Sync 1 DAGs
[2026-06-25T03:31:54.741+0000] {logging_mixin.py:190} INFO - [2026-06-25T03:31:54.741+0000] {dag.py:4180} INFO - Setting next_dagrun for sportflow_master_pipeline_dag to 2026-06-25 00:00:00+00:00, run_after=2026-06-26 00:00:00+00:00
[2026-06-25T03:31:54.770+0000] {processor.py:208} INFO - Processing /opt/airflow/dags/sportflow_master_pipeline_dag.py took 1.975 seconds
[2026-06-25T03:32:25.419+0000] {processor.py:186} INFO - Started process (PID=19793) to work on /opt/airflow/dags/sportflow_master_pipeline_dag.py
[2026-06-25T03:32:25.421+0000] {processor.py:914} INFO - Processing file /opt/airflow/dags/sportflow_master_pipeline_dag.py for tasks to queue
[2026-06-25T03:32:25.423+0000] {logging_mixin.py:190} INFO - [2026-06-25T03:32:25.423+0000] {dagbag.py:588} INFO - Filling up the DagBag from /opt/airflow/dags/sportflow_master_pipeline_dag.py
[2026-06-25T03:32:27.378+0000] {processor.py:925} INFO - DAG(s) 'sportflow_master_pipeline_dag' retrieved from /opt/airflow/dags/sportflow_master_pipeline_dag.py
[2026-06-25T03:32:27.404+0000] {logging_mixin.py:190} INFO - [2026-06-25T03:32:27.403+0000] {dag.py:3239} INFO - Sync 1 DAGs
[2026-06-25T03:32:27.425+0000] {logging_mixin.py:190} INFO - [2026-06-25T03:32:27.425+0000] {dag.py:4180} INFO - Setting next_dagrun for sportflow_master_pipeline_dag to 2026-06-25 00:00:00+00:00, run_after=2026-06-26 00:00:00+00:00
[2026-06-25T03:32:27.450+0000] {processor.py:208} INFO - Processing /opt/airflow/dags/sportflow_master_pipeline_dag.py took 2.038 seconds
[2026-06-25T03:32:57.780+0000] {processor.py:186} INFO - Started process (PID=19810) to work on /opt/airflow/dags/sportflow_master_pipeline_dag.py
[2026-06-25T03:32:57.782+0000] {processor.py:914} INFO - Processing file /opt/airflow/dags/sportflow_master_pipeline_dag.py for tasks to queue
[2026-06-25T03:32:57.785+0000] {logging_mixin.py:190} INFO - [2026-06-25T03:32:57.785+0000] {dagbag.py:588} INFO - Filling up the DagBag from /opt/airflow/dags/sportflow_master_pipeline_dag.py
[2026-06-25T03:32:59.765+0000] {processor.py:925} INFO - DAG(s) 'sportflow_master_pipeline_dag' retrieved from /opt/airflow/dags/sportflow_master_pipeline_dag.py
[2026-06-25T03:32:59.796+0000] {logging_mixin.py:190} INFO - [2026-06-25T03:32:59.795+0000] {dag.py:3239} INFO - Sync 1 DAGs
[2026-06-25T03:32:59.820+0000] {logging_mixin.py:190} INFO - [2026-06-25T03:32:59.820+0000] {dag.py:4180} INFO - Setting next_dagrun for sportflow_master_pipeline_dag to 2026-06-25 00:00:00+00:00, run_after=2026-06-26 00:00:00+00:00
[2026-06-25T03:32:59.844+0000] {processor.py:208} INFO - Processing /opt/airflow/dags/sportflow_master_pipeline_dag.py took 2.069 seconds
[2026-06-25T03:33:30.539+0000] {processor.py:186} INFO - Started process (PID=19827) to work on /opt/airflow/dags/sportflow_master_pipeline_dag.py
[2026-06-25T03:33:30.541+0000] {processor.py:914} INFO - Processing file /opt/airflow/dags/sportflow_master_pipeline_dag.py for tasks to queue
[2026-06-25T03:33:30.543+0000] {logging_mixin.py:190} INFO - [2026-06-25T03:33:30.543+0000] {dagbag.py:588} INFO - Filling up the DagBag from /opt/airflow/dags/sportflow_master_pipeline_dag.py
[2026-06-25T03:33:32.559+0000] {processor.py:925} INFO - DAG(s) 'sportflow_master_pipeline_dag' retrieved from /opt/airflow/dags/sportflow_master_pipeline_dag.py
[2026-06-25T03:33:32.580+0000] {logging_mixin.py:190} INFO - [2026-06-25T03:33:32.580+0000] {dag.py:3239} INFO - Sync 1 DAGs
[2026-06-25T03:33:32.596+0000] {logging_mixin.py:190} INFO - [2026-06-25T03:33:32.596+0000] {dag.py:4180} INFO - Setting next_dagrun for sportflow_master_pipeline_dag to 2026-06-25 00:00:00+00:00, run_after=2026-06-26 00:00:00+00:00
[2026-06-25T03:33:32.618+0000] {processor.py:208} INFO - Processing /opt/airflow/dags/sportflow_master_pipeline_dag.py took 2.086 seconds
[2026-06-25T03:34:03.192+0000] {processor.py:186} INFO - Started process (PID=19844) to work on /opt/airflow/dags/sportflow_master_pipeline_dag.py
[2026-06-25T03:34:03.194+0000] {processor.py:914} INFO - Processing file /opt/airflow/dags/sportflow_master_pipeline_dag.py for tasks to queue
[2026-06-25T03:34:03.196+0000] {logging_mixin.py:190} INFO - [2026-06-25T03:34:03.196+0000] {dagbag.py:588} INFO - Filling up the DagBag from /opt/airflow/dags/sportflow_master_pipeline_dag.py
[2026-06-25T03:34:04.983+0000] {processor.py:925} INFO - DAG(s) 'sportflow_master_pipeline_dag' retrieved from /opt/airflow/dags/sportflow_master_pipeline_dag.py
[2026-06-25T03:34:05.006+0000] {logging_mixin.py:190} INFO - [2026-06-25T03:34:05.006+0000] {dag.py:3239} INFO - Sync 1 DAGs
[2026-06-25T03:34:05.022+0000] {logging_mixin.py:190} INFO - [2026-06-25T03:34:05.021+0000] {dag.py:4180} INFO - Setting next_dagrun for sportflow_master_pipeline_dag to 2026-06-25 00:00:00+00:00, run_after=2026-06-26 00:00:00+00:00
[2026-06-25T03:34:05.043+0000] {processor.py:208} INFO - Processing /opt/airflow/dags/sportflow_master_pipeline_dag.py took 1.859 seconds
[2026-06-25T03:34:35.632+0000] {processor.py:186} INFO - Started process (PID=19861) to work on /opt/airflow/dags/sportflow_master_pipeline_dag.py
[2026-06-25T03:34:35.634+0000] {processor.py:914} INFO - Processing file /opt/airflow/dags/sportflow_master_pipeline_dag.py for tasks to queue
[2026-06-25T03:34:35.637+0000] {logging_mixin.py:190} INFO - [2026-06-25T03:34:35.637+0000] {dagbag.py:588} INFO - Filling up the DagBag from /opt/airflow/dags/sportflow_master_pipeline_dag.py
[2026-06-25T03:34:37.828+0000] {processor.py:925} INFO - DAG(s) 'sportflow_master_pipeline_dag' retrieved from /opt/airflow/dags/sportflow_master_pipeline_dag.py
[2026-06-25T03:34:37.852+0000] {logging_mixin.py:190} INFO - [2026-06-25T03:34:37.851+0000] {dag.py:3239} INFO - Sync 1 DAGs
[2026-06-25T03:34:37.869+0000] {logging_mixin.py:190} INFO - [2026-06-25T03:34:37.868+0000] {dag.py:4180} INFO - Setting next_dagrun for sportflow_master_pipeline_dag to 2026-06-25 00:00:00+00:00, run_after=2026-06-26 00:00:00+00:00
[2026-06-25T03:34:37.891+0000] {processor.py:208} INFO - Processing /opt/airflow/dags/sportflow_master_pipeline_dag.py took 2.266 seconds
[2026-06-25T03:35:08.578+0000] {processor.py:186} INFO - Started process (PID=19878) to work on /opt/airflow/dags/sportflow_master_pipeline_dag.py
[2026-06-25T03:35:08.579+0000] {processor.py:914} INFO - Processing file /opt/airflow/dags/sportflow_master_pipeline_dag.py for tasks to queue
[2026-06-25T03:35:08.582+0000] {logging_mixin.py:190} INFO - [2026-06-25T03:35:08.581+0000] {dagbag.py:588} INFO - Filling up the DagBag from /opt/airflow/dags/sportflow_master_pipeline_dag.py
[2026-06-25T03:35:10.559+0000] {processor.py:925} INFO - DAG(s) 'sportflow_master_pipeline_dag' retrieved from /opt/airflow/dags/sportflow_master_pipeline_dag.py
[2026-06-25T03:35:10.581+0000] {logging_mixin.py:190} INFO - [2026-06-25T03:35:10.580+0000] {dag.py:3239} INFO - Sync 1 DAGs
[2026-06-25T03:35:10.599+0000] {logging_mixin.py:190} INFO - [2026-06-25T03:35:10.598+0000] {dag.py:4180} INFO - Setting next_dagrun for sportflow_master_pipeline_dag to 2026-06-25 00:00:00+00:00, run_after=2026-06-26 00:00:00+00:00
[2026-06-25T03:35:10.631+0000] {processor.py:208} INFO - Processing /opt/airflow/dags/sportflow_master_pipeline_dag.py took 2.061 seconds
[2026-06-25T03:35:41.311+0000] {processor.py:186} INFO - Started process (PID=19895) to work on /opt/airflow/dags/sportflow_master_pipeline_dag.py
[2026-06-25T03:35:41.313+0000] {processor.py:914} INFO - Processing file /opt/airflow/dags/sportflow_master_pipeline_dag.py for tasks to queue
[2026-06-25T03:35:41.317+0000] {logging_mixin.py:190} INFO - [2026-06-25T03:35:41.316+0000] {dagbag.py:588} INFO - Filling up the DagBag from /opt/airflow/dags/sportflow_master_pipeline_dag.py
[2026-06-25T03:35:43.311+0000] {processor.py:925} INFO - DAG(s) 'sportflow_master_pipeline_dag' retrieved from /opt/airflow/dags/sportflow_master_pipeline_dag.py
[2026-06-25T03:35:43.367+0000] {logging_mixin.py:190} INFO - [2026-06-25T03:35:43.366+0000] {dag.py:3239} INFO - Sync 1 DAGs
[2026-06-25T03:35:43.402+0000] {logging_mixin.py:190} INFO - [2026-06-25T03:35:43.402+0000] {dag.py:4180} INFO - Setting next_dagrun for sportflow_master_pipeline_dag to 2026-06-25 00:00:00+00:00, run_after=2026-06-26 00:00:00+00:00
[2026-06-25T03:35:43.430+0000] {processor.py:208} INFO - Processing /opt/airflow/dags/sportflow_master_pipeline_dag.py took 2.131 seconds
[2026-06-25T03:36:14.128+0000] {processor.py:186} INFO - Started process (PID=19912) to work on /opt/airflow/dags/sportflow_master_pipeline_dag.py
[2026-06-25T03:36:14.131+0000] {processor.py:914} INFO - Processing file /opt/airflow/dags/sportflow_master_pipeline_dag.py for tasks to queue
[2026-06-25T03:36:14.134+0000] {logging_mixin.py:190} INFO - [2026-06-25T03:36:14.133+0000] {dagbag.py:588} INFO - Filling up the DagBag from /opt/airflow/dags/sportflow_master_pipeline_dag.py
[2026-06-25T03:36:15.829+0000] {processor.py:925} INFO - DAG(s) 'sportflow_master_pipeline_dag' retrieved from /opt/airflow/dags/sportflow_master_pipeline_dag.py
[2026-06-25T03:36:15.848+0000] {logging_mixin.py:190} INFO - [2026-06-25T03:36:15.848+0000] {dag.py:3239} INFO - Sync 1 DAGs
[2026-06-25T03:36:15.865+0000] {logging_mixin.py:190} INFO - [2026-06-25T03:36:15.865+0000] {dag.py:4180} INFO - Setting next_dagrun for sportflow_master_pipeline_dag to 2026-06-25 00:00:00+00:00, run_after=2026-06-26 00:00:00+00:00
[2026-06-25T03:36:15.886+0000] {processor.py:208} INFO - Processing /opt/airflow/dags/sportflow_master_pipeline_dag.py took 1.766 seconds
[2026-06-25T03:36:46.115+0000] {processor.py:186} INFO - Started process (PID=19929) to work on /opt/airflow/dags/sportflow_master_pipeline_dag.py
[2026-06-25T03:36:46.120+0000] {processor.py:914} INFO - Processing file /opt/airflow/dags/sportflow_master_pipeline_dag.py for tasks to queue
[2026-06-25T03:36:46.124+0000] {logging_mixin.py:190} INFO - [2026-06-25T03:36:46.123+0000] {dagbag.py:588} INFO - Filling up the DagBag from /opt/airflow/dags/sportflow_master_pipeline_dag.py
[2026-06-25T03:36:49.754+0000] {processor.py:925} INFO - DAG(s) 'sportflow_master_pipeline_dag' retrieved from /opt/airflow/dags/sportflow_master_pipeline_dag.py
[2026-06-25T03:36:49.777+0000] {logging_mixin.py:190} INFO - [2026-06-25T03:36:49.776+0000] {dag.py:3239} INFO - Sync 1 DAGs
[2026-06-25T03:36:49.812+0000] {logging_mixin.py:190} INFO - [2026-06-25T03:36:49.811+0000] {dag.py:4180} INFO - Setting next_dagrun for sportflow_master_pipeline_dag to 2026-06-25 00:00:00+00:00, run_after=2026-06-26 00:00:00+00:00
[2026-06-25T03:36:49.840+0000] {processor.py:208} INFO - Processing /opt/airflow/dags/sportflow_master_pipeline_dag.py took 3.737 seconds
[2026-06-25T03:37:20.194+0000] {processor.py:186} INFO - Started process (PID=19946) to work on /opt/airflow/dags/sportflow_master_pipeline_dag.py
[2026-06-25T03:37:20.197+0000] {processor.py:914} INFO - Processing file /opt/airflow/dags/sportflow_master_pipeline_dag.py for tasks to queue
[2026-06-25T03:37:20.199+0000] {logging_mixin.py:190} INFO - [2026-06-25T03:37:20.199+0000] {dagbag.py:588} INFO - Filling up the DagBag from /opt/airflow/dags/sportflow_master_pipeline_dag.py
[2026-06-25T03:37:22.267+0000] {processor.py:925} INFO - DAG(s) 'sportflow_master_pipeline_dag' retrieved from /opt/airflow/dags/sportflow_master_pipeline_dag.py
[2026-06-25T03:37:22.294+0000] {logging_mixin.py:190} INFO - [2026-06-25T03:37:22.293+0000] {dag.py:3239} INFO - Sync 1 DAGs
[2026-06-25T03:37:22.323+0000] {logging_mixin.py:190} INFO - [2026-06-25T03:37:22.323+0000] {dag.py:4180} INFO - Setting next_dagrun for sportflow_master_pipeline_dag to 2026-06-25 00:00:00+00:00, run_after=2026-06-26 00:00:00+00:00
[2026-06-25T03:37:22.348+0000] {processor.py:208} INFO - Processing /opt/airflow/dags/sportflow_master_pipeline_dag.py took 2.162 seconds
[2026-06-25T03:37:52.939+0000] {processor.py:186} INFO - Started process (PID=19963) to work on /opt/airflow/dags/sportflow_master_pipeline_dag.py
[2026-06-25T03:37:52.941+0000] {processor.py:914} INFO - Processing file /opt/airflow/dags/sportflow_master_pipeline_dag.py for tasks to queue
[2026-06-25T03:37:52.944+0000] {logging_mixin.py:190} INFO - [2026-06-25T03:37:52.943+0000] {dagbag.py:588} INFO - Filling up the DagBag from /opt/airflow/dags/sportflow_master_pipeline_dag.py
[2026-06-25T03:37:54.965+0000] {processor.py:925} INFO - DAG(s) 'sportflow_master_pipeline_dag' retrieved from /opt/airflow/dags/sportflow_master_pipeline_dag.py
[2026-06-25T03:37:55.000+0000] {logging_mixin.py:190} INFO - [2026-06-25T03:37:54.999+0000] {dag.py:3239} INFO - Sync 1 DAGs
[2026-06-25T03:37:55.023+0000] {logging_mixin.py:190} INFO - [2026-06-25T03:37:55.023+0000] {dag.py:4180} INFO - Setting next_dagrun for sportflow_master_pipeline_dag to 2026-06-25 00:00:00+00:00, run_after=2026-06-26 00:00:00+00:00
[2026-06-25T03:37:55.051+0000] {processor.py:208} INFO - Processing /opt/airflow/dags/sportflow_master_pipeline_dag.py took 2.120 seconds
[2026-06-25T03:38:25.669+0000] {processor.py:186} INFO - Started process (PID=19980) to work on /opt/airflow/dags/sportflow_master_pipeline_dag.py
[2026-06-25T03:38:25.672+0000] {processor.py:914} INFO - Processing file /opt/airflow/dags/sportflow_master_pipeline_dag.py for tasks to queue
[2026-06-25T03:38:25.675+0000] {logging_mixin.py:190} INFO - [2026-06-25T03:38:25.675+0000] {dagbag.py:588} INFO - Filling up the DagBag from /opt/airflow/dags/sportflow_master_pipeline_dag.py
[2026-06-25T03:38:27.747+0000] {processor.py:925} INFO - DAG(s) 'sportflow_master_pipeline_dag' retrieved from /opt/airflow/dags/sportflow_master_pipeline_dag.py
[2026-06-25T03:38:27.768+0000] {logging_mixin.py:190} INFO - [2026-06-25T03:38:27.768+0000] {dag.py:3239} INFO - Sync 1 DAGs
[2026-06-25T03:38:27.797+0000] {logging_mixin.py:190} INFO - [2026-06-25T03:38:27.797+0000] {dag.py:4180} INFO - Setting next_dagrun for sportflow_master_pipeline_dag to 2026-06-25 00:00:00+00:00, run_after=2026-06-26 00:00:00+00:00
[2026-06-25T03:38:27.836+0000] {processor.py:208} INFO - Processing /opt/airflow/dags/sportflow_master_pipeline_dag.py took 2.174 seconds
[2026-06-25T03:38:58.634+0000] {processor.py:186} INFO - Started process (PID=19997) to work on /opt/airflow/dags/sportflow_master_pipeline_dag.py
[2026-06-25T03:38:58.637+0000] {processor.py:914} INFO - Processing file /opt/airflow/dags/sportflow_master_pipeline_dag.py for tasks to queue
[2026-06-25T03:38:58.640+0000] {logging_mixin.py:190} INFO - [2026-06-25T03:38:58.639+0000] {dagbag.py:588} INFO - Filling up the DagBag from /opt/airflow/dags/sportflow_master_pipeline_dag.py
[2026-06-25T03:39:00.630+0000] {processor.py:925} INFO - DAG(s) 'sportflow_master_pipeline_dag' retrieved from /opt/airflow/dags/sportflow_master_pipeline_dag.py
[2026-06-25T03:39:00.650+0000] {logging_mixin.py:190} INFO - [2026-06-25T03:39:00.649+0000] {dag.py:3239} INFO - Sync 1 DAGs
[2026-06-25T03:39:00.668+0000] {logging_mixin.py:190} INFO - [2026-06-25T03:39:00.668+0000] {dag.py:4180} INFO - Setting next_dagrun for sportflow_master_pipeline_dag to 2026-06-25 00:00:00+00:00, run_after=2026-06-26 00:00:00+00:00
[2026-06-25T03:39:00.691+0000] {processor.py:208} INFO - Processing /opt/airflow/dags/sportflow_master_pipeline_dag.py took 2.066 seconds
[2026-06-25T03:39:31.272+0000] {processor.py:186} INFO - Started process (PID=20014) to work on /opt/airflow/dags/sportflow_master_pipeline_dag.py
[2026-06-25T03:39:31.275+0000] {processor.py:914} INFO - Processing file /opt/airflow/dags/sportflow_master_pipeline_dag.py for tasks to queue
[2026-06-25T03:39:31.277+0000] {logging_mixin.py:190} INFO - [2026-06-25T03:39:31.276+0000] {dagbag.py:588} INFO - Filling up the DagBag from /opt/airflow/dags/sportflow_master_pipeline_dag.py
[2026-06-25T03:39:33.186+0000] {processor.py:925} INFO - DAG(s) 'sportflow_master_pipeline_dag' retrieved from /opt/airflow/dags/sportflow_master_pipeline_dag.py
[2026-06-25T03:39:33.217+0000] {logging_mixin.py:190} INFO - [2026-06-25T03:39:33.216+0000] {dag.py:3239} INFO - Sync 1 DAGs
[2026-06-25T03:39:33.245+0000] {logging_mixin.py:190} INFO - [2026-06-25T03:39:33.244+0000] {dag.py:4180} INFO - Setting next_dagrun for sportflow_master_pipeline_dag to 2026-06-25 00:00:00+00:00, run_after=2026-06-26 00:00:00+00:00
[2026-06-25T03:39:33.294+0000] {processor.py:208} INFO - Processing /opt/airflow/dags/sportflow_master_pipeline_dag.py took 2.029 seconds
[2026-06-25T03:40:03.718+0000] {processor.py:186} INFO - Started process (PID=20031) to work on /opt/airflow/dags/sportflow_master_pipeline_dag.py
[2026-06-25T03:40:03.720+0000] {processor.py:914} INFO - Processing file /opt/airflow/dags/sportflow_master_pipeline_dag.py for tasks to queue
[2026-06-25T03:40:03.723+0000] {logging_mixin.py:190} INFO - [2026-06-25T03:40:03.723+0000] {dagbag.py:588} INFO - Filling up the DagBag from /opt/airflow/dags/sportflow_master_pipeline_dag.py
[2026-06-25T03:40:06.045+0000] {processor.py:925} INFO - DAG(s) 'sportflow_master_pipeline_dag' retrieved from /opt/airflow/dags/sportflow_master_pipeline_dag.py
[2026-06-25T03:40:06.071+0000] {logging_mixin.py:190} INFO - [2026-06-25T03:40:06.070+0000] {dag.py:3239} INFO - Sync 1 DAGs
[2026-06-25T03:40:06.091+0000] {logging_mixin.py:190} INFO - [2026-06-25T03:40:06.090+0000] {dag.py:4180} INFO - Setting next_dagrun for sportflow_master_pipeline_dag to 2026-06-25 00:00:00+00:00, run_after=2026-06-26 00:00:00+00:00
[2026-06-25T03:40:06.118+0000] {processor.py:208} INFO - Processing /opt/airflow/dags/sportflow_master_pipeline_dag.py took 2.409 seconds
[2026-06-25T03:40:36.605+0000] {processor.py:186} INFO - Started process (PID=20048) to work on /opt/airflow/dags/sportflow_master_pipeline_dag.py
[2026-06-25T03:40:36.607+0000] {processor.py:914} INFO - Processing file /opt/airflow/dags/sportflow_master_pipeline_dag.py for tasks to queue
[2026-06-25T03:40:36.610+0000] {logging_mixin.py:190} INFO - [2026-06-25T03:40:36.609+0000] {dagbag.py:588} INFO - Filling up the DagBag from /opt/airflow/dags/sportflow_master_pipeline_dag.py
[2026-06-25T03:40:39.006+0000] {processor.py:925} INFO - DAG(s) 'sportflow_master_pipeline_dag' retrieved from /opt/airflow/dags/sportflow_master_pipeline_dag.py
[2026-06-25T03:40:39.029+0000] {logging_mixin.py:190} INFO - [2026-06-25T03:40:39.028+0000] {dag.py:3239} INFO - Sync 1 DAGs
[2026-06-25T03:40:39.047+0000] {logging_mixin.py:190} INFO - [2026-06-25T03:40:39.047+0000] {dag.py:4180} INFO - Setting next_dagrun for sportflow_master_pipeline_dag to 2026-06-25 00:00:00+00:00, run_after=2026-06-26 00:00:00+00:00
[2026-06-25T03:40:39.069+0000] {processor.py:208} INFO - Processing /opt/airflow/dags/sportflow_master_pipeline_dag.py took 2.472 seconds
[2026-06-25T03:41:09.789+0000] {processor.py:186} INFO - Started process (PID=20065) to work on /opt/airflow/dags/sportflow_master_pipeline_dag.py
[2026-06-25T03:41:09.792+0000] {processor.py:914} INFO - Processing file /opt/airflow/dags/sportflow_master_pipeline_dag.py for tasks to queue
[2026-06-25T03:41:09.795+0000] {logging_mixin.py:190} INFO - [2026-06-25T03:41:09.794+0000] {dagbag.py:588} INFO - Filling up the DagBag from /opt/airflow/dags/sportflow_master_pipeline_dag.py
[2026-06-25T03:41:11.694+0000] {processor.py:925} INFO - DAG(s) 'sportflow_master_pipeline_dag' retrieved from /opt/airflow/dags/sportflow_master_pipeline_dag.py
[2026-06-25T03:41:11.717+0000] {logging_mixin.py:190} INFO - [2026-06-25T03:41:11.716+0000] {dag.py:3239} INFO - Sync 1 DAGs
[2026-06-25T03:41:11.733+0000] {logging_mixin.py:190} INFO - [2026-06-25T03:41:11.733+0000] {dag.py:4180} INFO - Setting next_dagrun for sportflow_master_pipeline_dag to 2026-06-25 00:00:00+00:00, run_after=2026-06-26 00:00:00+00:00
[2026-06-25T03:41:11.754+0000] {processor.py:208} INFO - Processing /opt/airflow/dags/sportflow_master_pipeline_dag.py took 1.973 seconds
[2026-06-25T03:41:42.544+0000] {processor.py:186} INFO - Started process (PID=20082) to work on /opt/airflow/dags/sportflow_master_pipeline_dag.py
[2026-06-25T03:41:42.547+0000] {processor.py:914} INFO - Processing file /opt/airflow/dags/sportflow_master_pipeline_dag.py for tasks to queue
[2026-06-25T03:41:42.549+0000] {logging_mixin.py:190} INFO - [2026-06-25T03:41:42.549+0000] {dagbag.py:588} INFO - Filling up the DagBag from /opt/airflow/dags/sportflow_master_pipeline_dag.py
[2026-06-25T03:41:44.468+0000] {processor.py:925} INFO - DAG(s) 'sportflow_master_pipeline_dag' retrieved from /opt/airflow/dags/sportflow_master_pipeline_dag.py
[2026-06-25T03:41:44.491+0000] {logging_mixin.py:190} INFO - [2026-06-25T03:41:44.490+0000] {dag.py:3239} INFO - Sync 1 DAGs
[2026-06-25T03:41:44.507+0000] {logging_mixin.py:190} INFO - [2026-06-25T03:41:44.507+0000] {dag.py:4180} INFO - Setting next_dagrun for sportflow_master_pipeline_dag to 2026-06-25 00:00:00+00:00, run_after=2026-06-26 00:00:00+00:00
[2026-06-25T03:41:44.531+0000] {processor.py:208} INFO - Processing /opt/airflow/dags/sportflow_master_pipeline_dag.py took 1.994 seconds
[2026-06-25T03:42:14.758+0000] {processor.py:186} INFO - Started process (PID=20099) to work on /opt/airflow/dags/sportflow_master_pipeline_dag.py
[2026-06-25T03:42:14.761+0000] {processor.py:914} INFO - Processing file /opt/airflow/dags/sportflow_master_pipeline_dag.py for tasks to queue
[2026-06-25T03:42:14.764+0000] {logging_mixin.py:190} INFO - [2026-06-25T03:42:14.763+0000] {dagbag.py:588} INFO - Filling up the DagBag from /opt/airflow/dags/sportflow_master_pipeline_dag.py
[2026-06-25T03:42:16.701+0000] {processor.py:925} INFO - DAG(s) 'sportflow_master_pipeline_dag' retrieved from /opt/airflow/dags/sportflow_master_pipeline_dag.py
[2026-06-25T03:42:16.731+0000] {logging_mixin.py:190} INFO - [2026-06-25T03:42:16.730+0000] {dag.py:3239} INFO - Sync 1 DAGs
[2026-06-25T03:42:16.757+0000] {logging_mixin.py:190} INFO - [2026-06-25T03:42:16.757+0000] {dag.py:4180} INFO - Setting next_dagrun for sportflow_master_pipeline_dag to 2026-06-25 00:00:00+00:00, run_after=2026-06-26 00:00:00+00:00
[2026-06-25T03:42:16.789+0000] {processor.py:208} INFO - Processing /opt/airflow/dags/sportflow_master_pipeline_dag.py took 2.038 seconds
[2026-06-25T03:42:47.424+0000] {processor.py:186} INFO - Started process (PID=20116) to work on /opt/airflow/dags/sportflow_master_pipeline_dag.py
[2026-06-25T03:42:47.427+0000] {processor.py:914} INFO - Processing file /opt/airflow/dags/sportflow_master_pipeline_dag.py for tasks to queue
[2026-06-25T03:42:47.430+0000] {logging_mixin.py:190} INFO - [2026-06-25T03:42:47.429+0000] {dagbag.py:588} INFO - Filling up the DagBag from /opt/airflow/dags/sportflow_master_pipeline_dag.py
[2026-06-25T03:42:49.262+0000] {processor.py:925} INFO - DAG(s) 'sportflow_master_pipeline_dag' retrieved from /opt/airflow/dags/sportflow_master_pipeline_dag.py
[2026-06-25T03:42:49.285+0000] {logging_mixin.py:190} INFO - [2026-06-25T03:42:49.284+0000] {dag.py:3239} INFO - Sync 1 DAGs
[2026-06-25T03:42:49.301+0000] {logging_mixin.py:190} INFO - [2026-06-25T03:42:49.301+0000] {dag.py:4180} INFO - Setting next_dagrun for sportflow_master_pipeline_dag to 2026-06-25 00:00:00+00:00, run_after=2026-06-26 00:00:00+00:00
[2026-06-25T03:42:49.324+0000] {processor.py:208} INFO - Processing /opt/airflow/dags/sportflow_master_pipeline_dag.py took 1.908 seconds
[2026-06-25T03:43:19.757+0000] {processor.py:186} INFO - Started process (PID=20133) to work on /opt/airflow/dags/sportflow_master_pipeline_dag.py
[2026-06-25T03:43:19.759+0000] {processor.py:914} INFO - Processing file /opt/airflow/dags/sportflow_master_pipeline_dag.py for tasks to queue
[2026-06-25T03:43:19.762+0000] {logging_mixin.py:190} INFO - [2026-06-25T03:43:19.761+0000] {dagbag.py:588} INFO - Filling up the DagBag from /opt/airflow/dags/sportflow_master_pipeline_dag.py
[2026-06-25T03:43:21.698+0000] {processor.py:925} INFO - DAG(s) 'sportflow_master_pipeline_dag' retrieved from /opt/airflow/dags/sportflow_master_pipeline_dag.py
[2026-06-25T03:43:21.726+0000] {logging_mixin.py:190} INFO - [2026-06-25T03:43:21.725+0000] {dag.py:3239} INFO - Sync 1 DAGs
[2026-06-25T03:43:21.746+0000] {logging_mixin.py:190} INFO - [2026-06-25T03:43:21.746+0000] {dag.py:4180} INFO - Setting next_dagrun for sportflow_master_pipeline_dag to 2026-06-25 00:00:00+00:00, run_after=2026-06-26 00:00:00+00:00
[2026-06-25T03:43:21.771+0000] {processor.py:208} INFO - Processing /opt/airflow/dags/sportflow_master_pipeline_dag.py took 2.021 seconds
[2026-06-25T03:43:52.060+0000] {processor.py:186} INFO - Started process (PID=20150) to work on /opt/airflow/dags/sportflow_master_pipeline_dag.py
[2026-06-25T03:43:52.062+0000] {processor.py:914} INFO - Processing file /opt/airflow/dags/sportflow_master_pipeline_dag.py for tasks to queue
[2026-06-25T03:43:52.065+0000] {logging_mixin.py:190} INFO - [2026-06-25T03:43:52.065+0000] {dagbag.py:588} INFO - Filling up the DagBag from /opt/airflow/dags/sportflow_master_pipeline_dag.py
[2026-06-25T03:43:54.454+0000] {processor.py:925} INFO - DAG(s) 'sportflow_master_pipeline_dag' retrieved from /opt/airflow/dags/sportflow_master_pipeline_dag.py
[2026-06-25T03:43:54.471+0000] {logging_mixin.py:190} INFO - [2026-06-25T03:43:54.471+0000] {dag.py:3239} INFO - Sync 1 DAGs
[2026-06-25T03:43:54.487+0000] {logging_mixin.py:190} INFO - [2026-06-25T03:43:54.487+0000] {dag.py:4180} INFO - Setting next_dagrun for sportflow_master_pipeline_dag to 2026-06-25 00:00:00+00:00, run_after=2026-06-26 00:00:00+00:00
[2026-06-25T03:43:54.511+0000] {processor.py:208} INFO - Processing /opt/airflow/dags/sportflow_master_pipeline_dag.py took 2.458 seconds
[2026-06-25T03:44:25.348+0000] {processor.py:186} INFO - Started process (PID=20167) to work on /opt/airflow/dags/sportflow_master_pipeline_dag.py
[2026-06-25T03:44:25.350+0000] {processor.py:914} INFO - Processing file /opt/airflow/dags/sportflow_master_pipeline_dag.py for tasks to queue
[2026-06-25T03:44:25.352+0000] {logging_mixin.py:190} INFO - [2026-06-25T03:44:25.352+0000] {dagbag.py:588} INFO - Filling up the DagBag from /opt/airflow/dags/sportflow_master_pipeline_dag.py
[2026-06-25T03:44:27.106+0000] {processor.py:925} INFO - DAG(s) 'sportflow_master_pipeline_dag' retrieved from /opt/airflow/dags/sportflow_master_pipeline_dag.py
[2026-06-25T03:44:27.129+0000] {logging_mixin.py:190} INFO - [2026-06-25T03:44:27.128+0000] {dag.py:3239} INFO - Sync 1 DAGs
[2026-06-25T03:44:27.147+0000] {logging_mixin.py:190} INFO - [2026-06-25T03:44:27.147+0000] {dag.py:4180} INFO - Setting next_dagrun for sportflow_master_pipeline_dag to 2026-06-25 00:00:00+00:00, run_after=2026-06-26 00:00:00+00:00
[2026-06-25T03:44:27.222+0000] {processor.py:208} INFO - Processing /opt/airflow/dags/sportflow_master_pipeline_dag.py took 1.881 seconds
[2026-06-25T03:44:57.609+0000] {processor.py:186} INFO - Started process (PID=20184) to work on /opt/airflow/dags/sportflow_master_pipeline_dag.py
[2026-06-25T03:44:57.611+0000] {processor.py:914} INFO - Processing file /opt/airflow/dags/sportflow_master_pipeline_dag.py for tasks to queue
[2026-06-25T03:44:57.614+0000] {logging_mixin.py:190} INFO - [2026-06-25T03:44:57.614+0000] {dagbag.py:588} INFO - Filling up the DagBag from /opt/airflow/dags/sportflow_master_pipeline_dag.py
[2026-06-25T03:44:59.168+0000] {processor.py:925} INFO - DAG(s) 'sportflow_master_pipeline_dag' retrieved from /opt/airflow/dags/sportflow_master_pipeline_dag.py
[2026-06-25T03:44:59.189+0000] {logging_mixin.py:190} INFO - [2026-06-25T03:44:59.188+0000] {dag.py:3239} INFO - Sync 1 DAGs
[2026-06-25T03:44:59.207+0000] {logging_mixin.py:190} INFO - [2026-06-25T03:44:59.207+0000] {dag.py:4180} INFO - Setting next_dagrun for sportflow_master_pipeline_dag to 2026-06-25 00:00:00+00:00, run_after=2026-06-26 00:00:00+00:00
[2026-06-25T03:44:59.234+0000] {processor.py:208} INFO - Processing /opt/airflow/dags/sportflow_master_pipeline_dag.py took 1.632 seconds
[2026-06-25T03:45:29.837+0000] {processor.py:186} INFO - Started process (PID=20201) to work on /opt/airflow/dags/sportflow_master_pipeline_dag.py
[2026-06-25T03:45:29.839+0000] {processor.py:914} INFO - Processing file /opt/airflow/dags/sportflow_master_pipeline_dag.py for tasks to queue
[2026-06-25T03:45:29.842+0000] {logging_mixin.py:190} INFO - [2026-06-25T03:45:29.841+0000] {dagbag.py:588} INFO - Filling up the DagBag from /opt/airflow/dags/sportflow_master_pipeline_dag.py
[2026-06-25T03:45:31.500+0000] {processor.py:925} INFO - DAG(s) 'sportflow_master_pipeline_dag' retrieved from /opt/airflow/dags/sportflow_master_pipeline_dag.py
[2026-06-25T03:45:31.525+0000] {logging_mixin.py:190} INFO - [2026-06-25T03:45:31.524+0000] {dag.py:3239} INFO - Sync 1 DAGs
[2026-06-25T03:45:31.542+0000] {logging_mixin.py:190} INFO - [2026-06-25T03:45:31.542+0000] {dag.py:4180} INFO - Setting next_dagrun for sportflow_master_pipeline_dag to 2026-06-25 00:00:00+00:00, run_after=2026-06-26 00:00:00+00:00
[2026-06-25T03:45:31.565+0000] {processor.py:208} INFO - Processing /opt/airflow/dags/sportflow_master_pipeline_dag.py took 1.735 seconds
[2026-06-25T03:46:01.788+0000] {processor.py:186} INFO - Started process (PID=20218) to work on /opt/airflow/dags/sportflow_master_pipeline_dag.py
[2026-06-25T03:46:01.790+0000] {processor.py:914} INFO - Processing file /opt/airflow/dags/sportflow_master_pipeline_dag.py for tasks to queue
[2026-06-25T03:46:01.792+0000] {logging_mixin.py:190} INFO - [2026-06-25T03:46:01.792+0000] {dagbag.py:588} INFO - Filling up the DagBag from /opt/airflow/dags/sportflow_master_pipeline_dag.py
[2026-06-25T03:46:03.737+0000] {processor.py:925} INFO - DAG(s) 'sportflow_master_pipeline_dag' retrieved from /opt/airflow/dags/sportflow_master_pipeline_dag.py
[2026-06-25T03:46:03.760+0000] {logging_mixin.py:190} INFO - [2026-06-25T03:46:03.759+0000] {dag.py:3239} INFO - Sync 1 DAGs
[2026-06-25T03:46:03.777+0000] {logging_mixin.py:190} INFO - [2026-06-25T03:46:03.777+0000] {dag.py:4180} INFO - Setting next_dagrun for sportflow_master_pipeline_dag to 2026-06-25 00:00:00+00:00, run_after=2026-06-26 00:00:00+00:00
[2026-06-25T03:46:03.803+0000] {processor.py:208} INFO - Processing /opt/airflow/dags/sportflow_master_pipeline_dag.py took 2.022 seconds
[2026-06-25T03:46:34.255+0000] {processor.py:186} INFO - Started process (PID=20235) to work on /opt/airflow/dags/sportflow_master_pipeline_dag.py
[2026-06-25T03:46:34.257+0000] {processor.py:914} INFO - Processing file /opt/airflow/dags/sportflow_master_pipeline_dag.py for tasks to queue
[2026-06-25T03:46:34.259+0000] {logging_mixin.py:190} INFO - [2026-06-25T03:46:34.259+0000] {dagbag.py:588} INFO - Filling up the DagBag from /opt/airflow/dags/sportflow_master_pipeline_dag.py
[2026-06-25T03:46:36.011+0000] {processor.py:925} INFO - DAG(s) 'sportflow_master_pipeline_dag' retrieved from /opt/airflow/dags/sportflow_master_pipeline_dag.py
[2026-06-25T03:46:36.030+0000] {logging_mixin.py:190} INFO - [2026-06-25T03:46:36.029+0000] {dag.py:3239} INFO - Sync 1 DAGs
[2026-06-25T03:46:36.044+0000] {logging_mixin.py:190} INFO - [2026-06-25T03:46:36.044+0000] {dag.py:4180} INFO - Setting next_dagrun for sportflow_master_pipeline_dag to 2026-06-25 00:00:00+00:00, run_after=2026-06-26 00:00:00+00:00
[2026-06-25T03:46:36.065+0000] {processor.py:208} INFO - Processing /opt/airflow/dags/sportflow_master_pipeline_dag.py took 1.817 seconds
[2026-06-25T03:47:06.649+0000] {processor.py:186} INFO - Started process (PID=20252) to work on /opt/airflow/dags/sportflow_master_pipeline_dag.py
[2026-06-25T03:47:06.651+0000] {processor.py:914} INFO - Processing file /opt/airflow/dags/sportflow_master_pipeline_dag.py for tasks to queue
[2026-06-25T03:47:06.654+0000] {logging_mixin.py:190} INFO - [2026-06-25T03:47:06.654+0000] {dagbag.py:588} INFO - Filling up the DagBag from /opt/airflow/dags/sportflow_master_pipeline_dag.py
[2026-06-25T03:47:08.155+0000] {processor.py:925} INFO - DAG(s) 'sportflow_master_pipeline_dag' retrieved from /opt/airflow/dags/sportflow_master_pipeline_dag.py
[2026-06-25T03:47:08.175+0000] {logging_mixin.py:190} INFO - [2026-06-25T03:47:08.175+0000] {dag.py:3239} INFO - Sync 1 DAGs
[2026-06-25T03:47:08.191+0000] {logging_mixin.py:190} INFO - [2026-06-25T03:47:08.191+0000] {dag.py:4180} INFO - Setting next_dagrun for sportflow_master_pipeline_dag to 2026-06-25 00:00:00+00:00, run_after=2026-06-26 00:00:00+00:00
[2026-06-25T03:47:08.218+0000] {processor.py:208} INFO - Processing /opt/airflow/dags/sportflow_master_pipeline_dag.py took 1.577 seconds
