[2026-06-25T03:20:34.676+0000] {processor.py:186} INFO - Started process (PID=19421) to work on /opt/airflow/dags/standing_pipeline_dag.py
[2026-06-25T03:20:34.678+0000] {processor.py:914} INFO - Processing file /opt/airflow/dags/standing_pipeline_dag.py for tasks to queue
[2026-06-25T03:20:34.682+0000] {logging_mixin.py:190} INFO - [2026-06-25T03:20:34.681+0000] {dagbag.py:588} INFO - Filling up the DagBag from /opt/airflow/dags/standing_pipeline_dag.py
[2026-06-25T03:20:35.860+0000] {processor.py:925} INFO - DAG(s) 'standing_pipeline_dag' retrieved from /opt/airflow/dags/standing_pipeline_dag.py
[2026-06-25T03:20:35.883+0000] {logging_mixin.py:190} INFO - [2026-06-25T03:20:35.882+0000] {dag.py:3239} INFO - Sync 1 DAGs
[2026-06-25T03:20:35.903+0000] {logging_mixin.py:190} INFO - [2026-06-25T03:20:35.902+0000] {dag.py:4180} INFO - Setting next_dagrun for standing_pipeline_dag to 2026-06-25 00:00:00+00:00, run_after=2026-06-26 00:00:00+00:00
[2026-06-25T03:20:35.927+0000] {processor.py:208} INFO - Processing /opt/airflow/dags/standing_pipeline_dag.py took 1.258 seconds
[2026-06-25T03:21:06.442+0000] {processor.py:186} INFO - Started process (PID=19438) to work on /opt/airflow/dags/standing_pipeline_dag.py
[2026-06-25T03:21:06.444+0000] {processor.py:914} INFO - Processing file /opt/airflow/dags/standing_pipeline_dag.py for tasks to queue
[2026-06-25T03:21:06.446+0000] {logging_mixin.py:190} INFO - [2026-06-25T03:21:06.446+0000] {dagbag.py:588} INFO - Filling up the DagBag from /opt/airflow/dags/standing_pipeline_dag.py
[2026-06-25T03:21:07.423+0000] {processor.py:925} INFO - DAG(s) 'standing_pipeline_dag' retrieved from /opt/airflow/dags/standing_pipeline_dag.py
[2026-06-25T03:21:07.442+0000] {logging_mixin.py:190} INFO - [2026-06-25T03:21:07.442+0000] {dag.py:3239} INFO - Sync 1 DAGs
[2026-06-25T03:21:07.462+0000] {logging_mixin.py:190} INFO - [2026-06-25T03:21:07.462+0000] {dag.py:4180} INFO - Setting next_dagrun for standing_pipeline_dag to 2026-06-25 00:00:00+00:00, run_after=2026-06-26 00:00:00+00:00
[2026-06-25T03:21:07.481+0000] {processor.py:208} INFO - Processing /opt/airflow/dags/standing_pipeline_dag.py took 1.049 seconds
[2026-06-25T03:21:38.752+0000] {processor.py:186} INFO - Started process (PID=19455) to work on /opt/airflow/dags/standing_pipeline_dag.py
[2026-06-25T03:21:38.755+0000] {processor.py:914} INFO - Processing file /opt/airflow/dags/standing_pipeline_dag.py for tasks to queue
[2026-06-25T03:21:38.759+0000] {logging_mixin.py:190} INFO - [2026-06-25T03:21:38.757+0000] {dagbag.py:588} INFO - Filling up the DagBag from /opt/airflow/dags/standing_pipeline_dag.py
[2026-06-25T03:21:39.831+0000] {processor.py:925} INFO - DAG(s) 'standing_pipeline_dag' retrieved from /opt/airflow/dags/standing_pipeline_dag.py
[2026-06-25T03:21:39.856+0000] {logging_mixin.py:190} INFO - [2026-06-25T03:21:39.855+0000] {dag.py:3239} INFO - Sync 1 DAGs
[2026-06-25T03:21:39.879+0000] {logging_mixin.py:190} INFO - [2026-06-25T03:21:39.878+0000] {dag.py:4180} INFO - Setting next_dagrun for standing_pipeline_dag to 2026-06-25 00:00:00+00:00, run_after=2026-06-26 00:00:00+00:00
[2026-06-25T03:21:39.911+0000] {processor.py:208} INFO - Processing /opt/airflow/dags/standing_pipeline_dag.py took 1.168 seconds
[2026-06-25T03:22:11.041+0000] {processor.py:186} INFO - Started process (PID=19472) to work on /opt/airflow/dags/standing_pipeline_dag.py
[2026-06-25T03:22:11.043+0000] {processor.py:914} INFO - Processing file /opt/airflow/dags/standing_pipeline_dag.py for tasks to queue
[2026-06-25T03:22:11.046+0000] {logging_mixin.py:190} INFO - [2026-06-25T03:22:11.046+0000] {dagbag.py:588} INFO - Filling up the DagBag from /opt/airflow/dags/standing_pipeline_dag.py
[2026-06-25T03:22:12.133+0000] {processor.py:925} INFO - DAG(s) 'standing_pipeline_dag' retrieved from /opt/airflow/dags/standing_pipeline_dag.py
[2026-06-25T03:22:12.151+0000] {logging_mixin.py:190} INFO - [2026-06-25T03:22:12.150+0000] {dag.py:3239} INFO - Sync 1 DAGs
[2026-06-25T03:22:12.166+0000] {logging_mixin.py:190} INFO - [2026-06-25T03:22:12.166+0000] {dag.py:4180} INFO - Setting next_dagrun for standing_pipeline_dag to 2026-06-25 00:00:00+00:00, run_after=2026-06-26 00:00:00+00:00
[2026-06-25T03:22:12.197+0000] {processor.py:208} INFO - Processing /opt/airflow/dags/standing_pipeline_dag.py took 1.164 seconds
[2026-06-25T03:22:43.823+0000] {processor.py:186} INFO - Started process (PID=19489) to work on /opt/airflow/dags/standing_pipeline_dag.py
[2026-06-25T03:22:43.825+0000] {processor.py:914} INFO - Processing file /opt/airflow/dags/standing_pipeline_dag.py for tasks to queue
[2026-06-25T03:22:43.828+0000] {logging_mixin.py:190} INFO - [2026-06-25T03:22:43.828+0000] {dagbag.py:588} INFO - Filling up the DagBag from /opt/airflow/dags/standing_pipeline_dag.py
[2026-06-25T03:22:44.743+0000] {processor.py:925} INFO - DAG(s) 'standing_pipeline_dag' retrieved from /opt/airflow/dags/standing_pipeline_dag.py
[2026-06-25T03:22:44.759+0000] {logging_mixin.py:190} INFO - [2026-06-25T03:22:44.758+0000] {dag.py:3239} INFO - Sync 1 DAGs
[2026-06-25T03:22:44.775+0000] {logging_mixin.py:190} INFO - [2026-06-25T03:22:44.775+0000] {dag.py:4180} INFO - Setting next_dagrun for standing_pipeline_dag to 2026-06-25 00:00:00+00:00, run_after=2026-06-26 00:00:00+00:00
[2026-06-25T03:22:44.801+0000] {processor.py:208} INFO - Processing /opt/airflow/dags/standing_pipeline_dag.py took 0.984 seconds
[2026-06-25T03:23:16.285+0000] {processor.py:186} INFO - Started process (PID=19506) to work on /opt/airflow/dags/standing_pipeline_dag.py
[2026-06-25T03:23:16.287+0000] {processor.py:914} INFO - Processing file /opt/airflow/dags/standing_pipeline_dag.py for tasks to queue
[2026-06-25T03:23:16.290+0000] {logging_mixin.py:190} INFO - [2026-06-25T03:23:16.289+0000] {dagbag.py:588} INFO - Filling up the DagBag from /opt/airflow/dags/standing_pipeline_dag.py
[2026-06-25T03:23:17.503+0000] {processor.py:925} INFO - DAG(s) 'standing_pipeline_dag' retrieved from /opt/airflow/dags/standing_pipeline_dag.py
[2026-06-25T03:23:17.524+0000] {logging_mixin.py:190} INFO - [2026-06-25T03:23:17.524+0000] {dag.py:3239} INFO - Sync 1 DAGs
[2026-06-25T03:23:17.544+0000] {logging_mixin.py:190} INFO - [2026-06-25T03:23:17.544+0000] {dag.py:4180} INFO - Setting next_dagrun for standing_pipeline_dag to 2026-06-25 00:00:00+00:00, run_after=2026-06-26 00:00:00+00:00
[2026-06-25T03:23:17.569+0000] {processor.py:208} INFO - Processing /opt/airflow/dags/standing_pipeline_dag.py took 1.292 seconds
[2026-06-25T03:23:48.775+0000] {processor.py:186} INFO - Started process (PID=19523) to work on /opt/airflow/dags/standing_pipeline_dag.py
[2026-06-25T03:23:48.777+0000] {processor.py:914} INFO - Processing file /opt/airflow/dags/standing_pipeline_dag.py for tasks to queue
[2026-06-25T03:23:48.780+0000] {logging_mixin.py:190} INFO - [2026-06-25T03:23:48.780+0000] {dagbag.py:588} INFO - Filling up the DagBag from /opt/airflow/dags/standing_pipeline_dag.py
[2026-06-25T03:23:49.674+0000] {processor.py:925} INFO - DAG(s) 'standing_pipeline_dag' retrieved from /opt/airflow/dags/standing_pipeline_dag.py
[2026-06-25T03:23:49.687+0000] {logging_mixin.py:190} INFO - [2026-06-25T03:23:49.687+0000] {dag.py:3239} INFO - Sync 1 DAGs
[2026-06-25T03:23:49.701+0000] {logging_mixin.py:190} INFO - [2026-06-25T03:23:49.700+0000] {dag.py:4180} INFO - Setting next_dagrun for standing_pipeline_dag to 2026-06-25 00:00:00+00:00, run_after=2026-06-26 00:00:00+00:00
[2026-06-25T03:23:49.724+0000] {processor.py:208} INFO - Processing /opt/airflow/dags/standing_pipeline_dag.py took 0.956 seconds
[2026-06-25T03:24:21.596+0000] {processor.py:186} INFO - Started process (PID=19540) to work on /opt/airflow/dags/standing_pipeline_dag.py
[2026-06-25T03:24:21.598+0000] {processor.py:914} INFO - Processing file /opt/airflow/dags/standing_pipeline_dag.py for tasks to queue
[2026-06-25T03:24:21.601+0000] {logging_mixin.py:190} INFO - [2026-06-25T03:24:21.601+0000] {dagbag.py:588} INFO - Filling up the DagBag from /opt/airflow/dags/standing_pipeline_dag.py
[2026-06-25T03:24:22.643+0000] {processor.py:925} INFO - DAG(s) 'standing_pipeline_dag' retrieved from /opt/airflow/dags/standing_pipeline_dag.py
[2026-06-25T03:24:22.661+0000] {logging_mixin.py:190} INFO - [2026-06-25T03:24:22.660+0000] {dag.py:3239} INFO - Sync 1 DAGs
[2026-06-25T03:24:22.678+0000] {logging_mixin.py:190} INFO - [2026-06-25T03:24:22.677+0000] {dag.py:4180} INFO - Setting next_dagrun for standing_pipeline_dag to 2026-06-25 00:00:00+00:00, run_after=2026-06-26 00:00:00+00:00
[2026-06-25T03:24:22.703+0000] {processor.py:208} INFO - Processing /opt/airflow/dags/standing_pipeline_dag.py took 1.115 seconds
[2026-06-25T03:24:54.154+0000] {processor.py:186} INFO - Started process (PID=19557) to work on /opt/airflow/dags/standing_pipeline_dag.py
[2026-06-25T03:24:54.156+0000] {processor.py:914} INFO - Processing file /opt/airflow/dags/standing_pipeline_dag.py for tasks to queue
[2026-06-25T03:24:54.159+0000] {logging_mixin.py:190} INFO - [2026-06-25T03:24:54.158+0000] {dagbag.py:588} INFO - Filling up the DagBag from /opt/airflow/dags/standing_pipeline_dag.py
[2026-06-25T03:24:55.186+0000] {processor.py:925} INFO - DAG(s) 'standing_pipeline_dag' retrieved from /opt/airflow/dags/standing_pipeline_dag.py
[2026-06-25T03:24:55.203+0000] {logging_mixin.py:190} INFO - [2026-06-25T03:24:55.203+0000] {dag.py:3239} INFO - Sync 1 DAGs
[2026-06-25T03:24:55.219+0000] {logging_mixin.py:190} INFO - [2026-06-25T03:24:55.219+0000] {dag.py:4180} INFO - Setting next_dagrun for standing_pipeline_dag to 2026-06-25 00:00:00+00:00, run_after=2026-06-26 00:00:00+00:00
[2026-06-25T03:24:55.242+0000] {processor.py:208} INFO - Processing /opt/airflow/dags/standing_pipeline_dag.py took 1.093 seconds
[2026-06-25T03:25:26.963+0000] {processor.py:186} INFO - Started process (PID=19574) to work on /opt/airflow/dags/standing_pipeline_dag.py
[2026-06-25T03:25:26.965+0000] {processor.py:914} INFO - Processing file /opt/airflow/dags/standing_pipeline_dag.py for tasks to queue
[2026-06-25T03:25:26.968+0000] {logging_mixin.py:190} INFO - [2026-06-25T03:25:26.967+0000] {dagbag.py:588} INFO - Filling up the DagBag from /opt/airflow/dags/standing_pipeline_dag.py
[2026-06-25T03:25:28.115+0000] {processor.py:925} INFO - DAG(s) 'standing_pipeline_dag' retrieved from /opt/airflow/dags/standing_pipeline_dag.py
[2026-06-25T03:25:28.134+0000] {logging_mixin.py:190} INFO - [2026-06-25T03:25:28.133+0000] {dag.py:3239} INFO - Sync 1 DAGs
[2026-06-25T03:25:28.150+0000] {logging_mixin.py:190} INFO - [2026-06-25T03:25:28.150+0000] {dag.py:4180} INFO - Setting next_dagrun for standing_pipeline_dag to 2026-06-25 00:00:00+00:00, run_after=2026-06-26 00:00:00+00:00
[2026-06-25T03:25:28.172+0000] {processor.py:208} INFO - Processing /opt/airflow/dags/standing_pipeline_dag.py took 1.216 seconds
[2026-06-25T03:26:00.216+0000] {processor.py:186} INFO - Started process (PID=19591) to work on /opt/airflow/dags/standing_pipeline_dag.py
[2026-06-25T03:26:00.219+0000] {processor.py:914} INFO - Processing file /opt/airflow/dags/standing_pipeline_dag.py for tasks to queue
[2026-06-25T03:26:00.222+0000] {logging_mixin.py:190} INFO - [2026-06-25T03:26:00.221+0000] {dagbag.py:588} INFO - Filling up the DagBag from /opt/airflow/dags/standing_pipeline_dag.py
[2026-06-25T03:26:01.529+0000] {processor.py:925} INFO - DAG(s) 'standing_pipeline_dag' retrieved from /opt/airflow/dags/standing_pipeline_dag.py
[2026-06-25T03:26:01.550+0000] {logging_mixin.py:190} INFO - [2026-06-25T03:26:01.549+0000] {dag.py:3239} INFO - Sync 1 DAGs
[2026-06-25T03:26:01.569+0000] {logging_mixin.py:190} INFO - [2026-06-25T03:26:01.569+0000] {dag.py:4180} INFO - Setting next_dagrun for standing_pipeline_dag to 2026-06-25 00:00:00+00:00, run_after=2026-06-26 00:00:00+00:00
[2026-06-25T03:26:01.598+0000] {processor.py:208} INFO - Processing /opt/airflow/dags/standing_pipeline_dag.py took 1.389 seconds
[2026-06-25T03:26:32.256+0000] {processor.py:186} INFO - Started process (PID=19608) to work on /opt/airflow/dags/standing_pipeline_dag.py
[2026-06-25T03:26:32.259+0000] {processor.py:914} INFO - Processing file /opt/airflow/dags/standing_pipeline_dag.py for tasks to queue
[2026-06-25T03:26:32.264+0000] {logging_mixin.py:190} INFO - [2026-06-25T03:26:32.261+0000] {dagbag.py:588} INFO - Filling up the DagBag from /opt/airflow/dags/standing_pipeline_dag.py
[2026-06-25T03:26:33.251+0000] {processor.py:925} INFO - DAG(s) 'standing_pipeline_dag' retrieved from /opt/airflow/dags/standing_pipeline_dag.py
[2026-06-25T03:26:33.272+0000] {logging_mixin.py:190} INFO - [2026-06-25T03:26:33.271+0000] {dag.py:3239} INFO - Sync 1 DAGs
[2026-06-25T03:26:33.290+0000] {logging_mixin.py:190} INFO - [2026-06-25T03:26:33.290+0000] {dag.py:4180} INFO - Setting next_dagrun for standing_pipeline_dag to 2026-06-25 00:00:00+00:00, run_after=2026-06-26 00:00:00+00:00
[2026-06-25T03:26:33.319+0000] {processor.py:208} INFO - Processing /opt/airflow/dags/standing_pipeline_dag.py took 1.074 seconds
[2026-06-25T03:27:03.932+0000] {processor.py:186} INFO - Started process (PID=19625) to work on /opt/airflow/dags/standing_pipeline_dag.py
[2026-06-25T03:27:03.934+0000] {processor.py:914} INFO - Processing file /opt/airflow/dags/standing_pipeline_dag.py for tasks to queue
[2026-06-25T03:27:03.937+0000] {logging_mixin.py:190} INFO - [2026-06-25T03:27:03.936+0000] {dagbag.py:588} INFO - Filling up the DagBag from /opt/airflow/dags/standing_pipeline_dag.py
[2026-06-25T03:27:04.974+0000] {processor.py:925} INFO - DAG(s) 'standing_pipeline_dag' retrieved from /opt/airflow/dags/standing_pipeline_dag.py
[2026-06-25T03:27:04.993+0000] {logging_mixin.py:190} INFO - [2026-06-25T03:27:04.993+0000] {dag.py:3239} INFO - Sync 1 DAGs
[2026-06-25T03:27:05.011+0000] {logging_mixin.py:190} INFO - [2026-06-25T03:27:05.010+0000] {dag.py:4180} INFO - Setting next_dagrun for standing_pipeline_dag to 2026-06-25 00:00:00+00:00, run_after=2026-06-26 00:00:00+00:00
[2026-06-25T03:27:05.033+0000] {processor.py:208} INFO - Processing /opt/airflow/dags/standing_pipeline_dag.py took 1.108 seconds
[2026-06-25T03:27:36.453+0000] {processor.py:186} INFO - Started process (PID=19642) to work on /opt/airflow/dags/standing_pipeline_dag.py
[2026-06-25T03:27:36.456+0000] {processor.py:914} INFO - Processing file /opt/airflow/dags/standing_pipeline_dag.py for tasks to queue
[2026-06-25T03:27:36.458+0000] {logging_mixin.py:190} INFO - [2026-06-25T03:27:36.458+0000] {dagbag.py:588} INFO - Filling up the DagBag from /opt/airflow/dags/standing_pipeline_dag.py
[2026-06-25T03:27:37.455+0000] {processor.py:925} INFO - DAG(s) 'standing_pipeline_dag' retrieved from /opt/airflow/dags/standing_pipeline_dag.py
[2026-06-25T03:27:37.485+0000] {logging_mixin.py:190} INFO - [2026-06-25T03:27:37.484+0000] {dag.py:3239} INFO - Sync 1 DAGs
[2026-06-25T03:27:37.519+0000] {logging_mixin.py:190} INFO - [2026-06-25T03:27:37.519+0000] {dag.py:4180} INFO - Setting next_dagrun for standing_pipeline_dag to 2026-06-25 00:00:00+00:00, run_after=2026-06-26 00:00:00+00:00
[2026-06-25T03:27:37.549+0000] {processor.py:208} INFO - Processing /opt/airflow/dags/standing_pipeline_dag.py took 1.103 seconds
[2026-06-25T03:28:09.046+0000] {processor.py:186} INFO - Started process (PID=19659) to work on /opt/airflow/dags/standing_pipeline_dag.py
[2026-06-25T03:28:09.048+0000] {processor.py:914} INFO - Processing file /opt/airflow/dags/standing_pipeline_dag.py for tasks to queue
[2026-06-25T03:28:09.051+0000] {logging_mixin.py:190} INFO - [2026-06-25T03:28:09.050+0000] {dagbag.py:588} INFO - Filling up the DagBag from /opt/airflow/dags/standing_pipeline_dag.py
[2026-06-25T03:28:09.874+0000] {processor.py:925} INFO - DAG(s) 'standing_pipeline_dag' retrieved from /opt/airflow/dags/standing_pipeline_dag.py
[2026-06-25T03:28:09.890+0000] {logging_mixin.py:190} INFO - [2026-06-25T03:28:09.890+0000] {dag.py:3239} INFO - Sync 1 DAGs
[2026-06-25T03:28:09.905+0000] {logging_mixin.py:190} INFO - [2026-06-25T03:28:09.905+0000] {dag.py:4180} INFO - Setting next_dagrun for standing_pipeline_dag to 2026-06-25 00:00:00+00:00, run_after=2026-06-26 00:00:00+00:00
[2026-06-25T03:28:09.925+0000] {processor.py:208} INFO - Processing /opt/airflow/dags/standing_pipeline_dag.py took 0.887 seconds
[2026-06-25T03:28:40.851+0000] {processor.py:186} INFO - Started process (PID=19676) to work on /opt/airflow/dags/standing_pipeline_dag.py
[2026-06-25T03:28:40.853+0000] {processor.py:914} INFO - Processing file /opt/airflow/dags/standing_pipeline_dag.py for tasks to queue
[2026-06-25T03:28:40.855+0000] {logging_mixin.py:190} INFO - [2026-06-25T03:28:40.855+0000] {dagbag.py:588} INFO - Filling up the DagBag from /opt/airflow/dags/standing_pipeline_dag.py
[2026-06-25T03:28:41.681+0000] {processor.py:925} INFO - DAG(s) 'standing_pipeline_dag' retrieved from /opt/airflow/dags/standing_pipeline_dag.py
[2026-06-25T03:28:41.696+0000] {logging_mixin.py:190} INFO - [2026-06-25T03:28:41.696+0000] {dag.py:3239} INFO - Sync 1 DAGs
[2026-06-25T03:28:41.711+0000] {logging_mixin.py:190} INFO - [2026-06-25T03:28:41.710+0000] {dag.py:4180} INFO - Setting next_dagrun for standing_pipeline_dag to 2026-06-25 00:00:00+00:00, run_after=2026-06-26 00:00:00+00:00
[2026-06-25T03:28:41.737+0000] {processor.py:208} INFO - Processing /opt/airflow/dags/standing_pipeline_dag.py took 0.891 seconds
[2026-06-25T03:29:13.129+0000] {processor.py:186} INFO - Started process (PID=19693) to work on /opt/airflow/dags/standing_pipeline_dag.py
[2026-06-25T03:29:13.131+0000] {processor.py:914} INFO - Processing file /opt/airflow/dags/standing_pipeline_dag.py for tasks to queue
[2026-06-25T03:29:13.133+0000] {logging_mixin.py:190} INFO - [2026-06-25T03:29:13.132+0000] {dagbag.py:588} INFO - Filling up the DagBag from /opt/airflow/dags/standing_pipeline_dag.py
[2026-06-25T03:29:14.077+0000] {processor.py:925} INFO - DAG(s) 'standing_pipeline_dag' retrieved from /opt/airflow/dags/standing_pipeline_dag.py
[2026-06-25T03:29:14.101+0000] {logging_mixin.py:190} INFO - [2026-06-25T03:29:14.100+0000] {dag.py:3239} INFO - Sync 1 DAGs
[2026-06-25T03:29:14.130+0000] {logging_mixin.py:190} INFO - [2026-06-25T03:29:14.129+0000] {dag.py:4180} INFO - Setting next_dagrun for standing_pipeline_dag to 2026-06-25 00:00:00+00:00, run_after=2026-06-26 00:00:00+00:00
[2026-06-25T03:29:14.161+0000] {processor.py:208} INFO - Processing /opt/airflow/dags/standing_pipeline_dag.py took 1.038 seconds
[2026-06-25T03:29:44.379+0000] {processor.py:186} INFO - Started process (PID=19710) to work on /opt/airflow/dags/standing_pipeline_dag.py
[2026-06-25T03:29:44.381+0000] {processor.py:914} INFO - Processing file /opt/airflow/dags/standing_pipeline_dag.py for tasks to queue
[2026-06-25T03:29:44.383+0000] {logging_mixin.py:190} INFO - [2026-06-25T03:29:44.383+0000] {dagbag.py:588} INFO - Filling up the DagBag from /opt/airflow/dags/standing_pipeline_dag.py
[2026-06-25T03:29:45.194+0000] {processor.py:925} INFO - DAG(s) 'standing_pipeline_dag' retrieved from /opt/airflow/dags/standing_pipeline_dag.py
[2026-06-25T03:29:45.211+0000] {logging_mixin.py:190} INFO - [2026-06-25T03:29:45.211+0000] {dag.py:3239} INFO - Sync 1 DAGs
[2026-06-25T03:29:45.226+0000] {logging_mixin.py:190} INFO - [2026-06-25T03:29:45.226+0000] {dag.py:4180} INFO - Setting next_dagrun for standing_pipeline_dag to 2026-06-25 00:00:00+00:00, run_after=2026-06-26 00:00:00+00:00
[2026-06-25T03:29:45.249+0000] {processor.py:208} INFO - Processing /opt/airflow/dags/standing_pipeline_dag.py took 0.878 seconds
[2026-06-25T03:30:17.847+0000] {processor.py:186} INFO - Started process (PID=19727) to work on /opt/airflow/dags/standing_pipeline_dag.py
[2026-06-25T03:30:17.849+0000] {processor.py:914} INFO - Processing file /opt/airflow/dags/standing_pipeline_dag.py for tasks to queue
[2026-06-25T03:30:17.852+0000] {logging_mixin.py:190} INFO - [2026-06-25T03:30:17.852+0000] {dagbag.py:588} INFO - Filling up the DagBag from /opt/airflow/dags/standing_pipeline_dag.py
[2026-06-25T03:30:18.849+0000] {processor.py:925} INFO - DAG(s) 'standing_pipeline_dag' retrieved from /opt/airflow/dags/standing_pipeline_dag.py
[2026-06-25T03:30:18.866+0000] {logging_mixin.py:190} INFO - [2026-06-25T03:30:18.865+0000] {dag.py:3239} INFO - Sync 1 DAGs
[2026-06-25T03:30:18.880+0000] {logging_mixin.py:190} INFO - [2026-06-25T03:30:18.880+0000] {dag.py:4180} INFO - Setting next_dagrun for standing_pipeline_dag to 2026-06-25 00:00:00+00:00, run_after=2026-06-26 00:00:00+00:00
[2026-06-25T03:30:18.900+0000] {processor.py:208} INFO - Processing /opt/airflow/dags/standing_pipeline_dag.py took 1.064 seconds
[2026-06-25T03:30:50.753+0000] {processor.py:186} INFO - Started process (PID=19744) to work on /opt/airflow/dags/standing_pipeline_dag.py
[2026-06-25T03:30:50.755+0000] {processor.py:914} INFO - Processing file /opt/airflow/dags/standing_pipeline_dag.py for tasks to queue
[2026-06-25T03:30:50.758+0000] {logging_mixin.py:190} INFO - [2026-06-25T03:30:50.757+0000] {dagbag.py:588} INFO - Filling up the DagBag from /opt/airflow/dags/standing_pipeline_dag.py
[2026-06-25T03:30:51.832+0000] {processor.py:925} INFO - DAG(s) 'standing_pipeline_dag' retrieved from /opt/airflow/dags/standing_pipeline_dag.py
[2026-06-25T03:30:51.850+0000] {logging_mixin.py:190} INFO - [2026-06-25T03:30:51.849+0000] {dag.py:3239} INFO - Sync 1 DAGs
[2026-06-25T03:30:51.867+0000] {logging_mixin.py:190} INFO - [2026-06-25T03:30:51.867+0000] {dag.py:4180} INFO - Setting next_dagrun for standing_pipeline_dag to 2026-06-25 00:00:00+00:00, run_after=2026-06-26 00:00:00+00:00
[2026-06-25T03:30:51.887+0000] {processor.py:208} INFO - Processing /opt/airflow/dags/standing_pipeline_dag.py took 1.142 seconds
[2026-06-25T03:31:23.520+0000] {processor.py:186} INFO - Started process (PID=19761) to work on /opt/airflow/dags/standing_pipeline_dag.py
[2026-06-25T03:31:23.522+0000] {processor.py:914} INFO - Processing file /opt/airflow/dags/standing_pipeline_dag.py for tasks to queue
[2026-06-25T03:31:23.525+0000] {logging_mixin.py:190} INFO - [2026-06-25T03:31:23.525+0000] {dagbag.py:588} INFO - Filling up the DagBag from /opt/airflow/dags/standing_pipeline_dag.py
[2026-06-25T03:31:24.520+0000] {processor.py:925} INFO - DAG(s) 'standing_pipeline_dag' retrieved from /opt/airflow/dags/standing_pipeline_dag.py
[2026-06-25T03:31:24.545+0000] {logging_mixin.py:190} INFO - [2026-06-25T03:31:24.544+0000] {dag.py:3239} INFO - Sync 1 DAGs
[2026-06-25T03:31:24.563+0000] {logging_mixin.py:190} INFO - [2026-06-25T03:31:24.563+0000] {dag.py:4180} INFO - Setting next_dagrun for standing_pipeline_dag to 2026-06-25 00:00:00+00:00, run_after=2026-06-26 00:00:00+00:00
[2026-06-25T03:31:24.587+0000] {processor.py:208} INFO - Processing /opt/airflow/dags/standing_pipeline_dag.py took 1.073 seconds
[2026-06-25T03:31:55.953+0000] {processor.py:186} INFO - Started process (PID=19778) to work on /opt/airflow/dags/standing_pipeline_dag.py
[2026-06-25T03:31:55.955+0000] {processor.py:914} INFO - Processing file /opt/airflow/dags/standing_pipeline_dag.py for tasks to queue
[2026-06-25T03:31:55.959+0000] {logging_mixin.py:190} INFO - [2026-06-25T03:31:55.958+0000] {dagbag.py:588} INFO - Filling up the DagBag from /opt/airflow/dags/standing_pipeline_dag.py
[2026-06-25T03:31:56.931+0000] {processor.py:925} INFO - DAG(s) 'standing_pipeline_dag' retrieved from /opt/airflow/dags/standing_pipeline_dag.py
[2026-06-25T03:31:56.948+0000] {logging_mixin.py:190} INFO - [2026-06-25T03:31:56.948+0000] {dag.py:3239} INFO - Sync 1 DAGs
[2026-06-25T03:31:56.963+0000] {logging_mixin.py:190} INFO - [2026-06-25T03:31:56.963+0000] {dag.py:4180} INFO - Setting next_dagrun for standing_pipeline_dag to 2026-06-25 00:00:00+00:00, run_after=2026-06-26 00:00:00+00:00
[2026-06-25T03:31:56.983+0000] {processor.py:208} INFO - Processing /opt/airflow/dags/standing_pipeline_dag.py took 1.039 seconds
[2026-06-25T03:32:28.602+0000] {processor.py:186} INFO - Started process (PID=19795) to work on /opt/airflow/dags/standing_pipeline_dag.py
[2026-06-25T03:32:28.604+0000] {processor.py:914} INFO - Processing file /opt/airflow/dags/standing_pipeline_dag.py for tasks to queue
[2026-06-25T03:32:28.606+0000] {logging_mixin.py:190} INFO - [2026-06-25T03:32:28.606+0000] {dagbag.py:588} INFO - Filling up the DagBag from /opt/airflow/dags/standing_pipeline_dag.py
[2026-06-25T03:32:29.574+0000] {processor.py:925} INFO - DAG(s) 'standing_pipeline_dag' retrieved from /opt/airflow/dags/standing_pipeline_dag.py
[2026-06-25T03:32:29.591+0000] {logging_mixin.py:190} INFO - [2026-06-25T03:32:29.591+0000] {dag.py:3239} INFO - Sync 1 DAGs
[2026-06-25T03:32:29.610+0000] {logging_mixin.py:190} INFO - [2026-06-25T03:32:29.610+0000] {dag.py:4180} INFO - Setting next_dagrun for standing_pipeline_dag to 2026-06-25 00:00:00+00:00, run_after=2026-06-26 00:00:00+00:00
[2026-06-25T03:32:29.635+0000] {processor.py:208} INFO - Processing /opt/airflow/dags/standing_pipeline_dag.py took 1.040 seconds
[2026-06-25T03:33:01.024+0000] {processor.py:186} INFO - Started process (PID=19812) to work on /opt/airflow/dags/standing_pipeline_dag.py
[2026-06-25T03:33:01.028+0000] {processor.py:914} INFO - Processing file /opt/airflow/dags/standing_pipeline_dag.py for tasks to queue
[2026-06-25T03:33:01.033+0000] {logging_mixin.py:190} INFO - [2026-06-25T03:33:01.032+0000] {dagbag.py:588} INFO - Filling up the DagBag from /opt/airflow/dags/standing_pipeline_dag.py
[2026-06-25T03:33:02.233+0000] {processor.py:925} INFO - DAG(s) 'standing_pipeline_dag' retrieved from /opt/airflow/dags/standing_pipeline_dag.py
[2026-06-25T03:33:02.267+0000] {logging_mixin.py:190} INFO - [2026-06-25T03:33:02.266+0000] {dag.py:3239} INFO - Sync 1 DAGs
[2026-06-25T03:33:02.292+0000] {logging_mixin.py:190} INFO - [2026-06-25T03:33:02.291+0000] {dag.py:4180} INFO - Setting next_dagrun for standing_pipeline_dag to 2026-06-25 00:00:00+00:00, run_after=2026-06-26 00:00:00+00:00
[2026-06-25T03:33:02.329+0000] {processor.py:208} INFO - Processing /opt/airflow/dags/standing_pipeline_dag.py took 1.323 seconds
[2026-06-25T03:33:33.741+0000] {processor.py:186} INFO - Started process (PID=19829) to work on /opt/airflow/dags/standing_pipeline_dag.py
[2026-06-25T03:33:33.743+0000] {processor.py:914} INFO - Processing file /opt/airflow/dags/standing_pipeline_dag.py for tasks to queue
[2026-06-25T03:33:33.746+0000] {logging_mixin.py:190} INFO - [2026-06-25T03:33:33.745+0000] {dagbag.py:588} INFO - Filling up the DagBag from /opt/airflow/dags/standing_pipeline_dag.py
[2026-06-25T03:33:34.726+0000] {processor.py:925} INFO - DAG(s) 'standing_pipeline_dag' retrieved from /opt/airflow/dags/standing_pipeline_dag.py
[2026-06-25T03:33:34.747+0000] {logging_mixin.py:190} INFO - [2026-06-25T03:33:34.746+0000] {dag.py:3239} INFO - Sync 1 DAGs
[2026-06-25T03:33:34.766+0000] {logging_mixin.py:190} INFO - [2026-06-25T03:33:34.766+0000] {dag.py:4180} INFO - Setting next_dagrun for standing_pipeline_dag to 2026-06-25 00:00:00+00:00, run_after=2026-06-26 00:00:00+00:00
[2026-06-25T03:33:34.790+0000] {processor.py:208} INFO - Processing /opt/airflow/dags/standing_pipeline_dag.py took 1.059 seconds
[2026-06-25T03:34:06.181+0000] {processor.py:186} INFO - Started process (PID=19846) to work on /opt/airflow/dags/standing_pipeline_dag.py
[2026-06-25T03:34:06.184+0000] {processor.py:914} INFO - Processing file /opt/airflow/dags/standing_pipeline_dag.py for tasks to queue
[2026-06-25T03:34:06.188+0000] {logging_mixin.py:190} INFO - [2026-06-25T03:34:06.187+0000] {dagbag.py:588} INFO - Filling up the DagBag from /opt/airflow/dags/standing_pipeline_dag.py
[2026-06-25T03:34:07.226+0000] {processor.py:925} INFO - DAG(s) 'standing_pipeline_dag' retrieved from /opt/airflow/dags/standing_pipeline_dag.py
[2026-06-25T03:34:07.244+0000] {logging_mixin.py:190} INFO - [2026-06-25T03:34:07.243+0000] {dag.py:3239} INFO - Sync 1 DAGs
[2026-06-25T03:34:07.261+0000] {logging_mixin.py:190} INFO - [2026-06-25T03:34:07.261+0000] {dag.py:4180} INFO - Setting next_dagrun for standing_pipeline_dag to 2026-06-25 00:00:00+00:00, run_after=2026-06-26 00:00:00+00:00
[2026-06-25T03:34:07.281+0000] {processor.py:208} INFO - Processing /opt/airflow/dags/standing_pipeline_dag.py took 1.107 seconds
[2026-06-25T03:34:39.073+0000] {processor.py:186} INFO - Started process (PID=19863) to work on /opt/airflow/dags/standing_pipeline_dag.py
[2026-06-25T03:34:39.076+0000] {processor.py:914} INFO - Processing file /opt/airflow/dags/standing_pipeline_dag.py for tasks to queue
[2026-06-25T03:34:39.081+0000] {logging_mixin.py:190} INFO - [2026-06-25T03:34:39.081+0000] {dagbag.py:588} INFO - Filling up the DagBag from /opt/airflow/dags/standing_pipeline_dag.py
[2026-06-25T03:34:40.242+0000] {processor.py:925} INFO - DAG(s) 'standing_pipeline_dag' retrieved from /opt/airflow/dags/standing_pipeline_dag.py
[2026-06-25T03:34:40.274+0000] {logging_mixin.py:190} INFO - [2026-06-25T03:34:40.273+0000] {dag.py:3239} INFO - Sync 1 DAGs
[2026-06-25T03:34:40.291+0000] {logging_mixin.py:190} INFO - [2026-06-25T03:34:40.291+0000] {dag.py:4180} INFO - Setting next_dagrun for standing_pipeline_dag to 2026-06-25 00:00:00+00:00, run_after=2026-06-26 00:00:00+00:00
[2026-06-25T03:34:40.313+0000] {processor.py:208} INFO - Processing /opt/airflow/dags/standing_pipeline_dag.py took 1.250 seconds
[2026-06-25T03:35:11.782+0000] {processor.py:186} INFO - Started process (PID=19880) to work on /opt/airflow/dags/standing_pipeline_dag.py
[2026-06-25T03:35:11.785+0000] {processor.py:914} INFO - Processing file /opt/airflow/dags/standing_pipeline_dag.py for tasks to queue
[2026-06-25T03:35:11.790+0000] {logging_mixin.py:190} INFO - [2026-06-25T03:35:11.789+0000] {dagbag.py:588} INFO - Filling up the DagBag from /opt/airflow/dags/standing_pipeline_dag.py
[2026-06-25T03:35:12.942+0000] {processor.py:925} INFO - DAG(s) 'standing_pipeline_dag' retrieved from /opt/airflow/dags/standing_pipeline_dag.py
[2026-06-25T03:35:12.965+0000] {logging_mixin.py:190} INFO - [2026-06-25T03:35:12.964+0000] {dag.py:3239} INFO - Sync 1 DAGs
[2026-06-25T03:35:12.984+0000] {logging_mixin.py:190} INFO - [2026-06-25T03:35:12.984+0000] {dag.py:4180} INFO - Setting next_dagrun for standing_pipeline_dag to 2026-06-25 00:00:00+00:00, run_after=2026-06-26 00:00:00+00:00
[2026-06-25T03:35:13.021+0000] {processor.py:208} INFO - Processing /opt/airflow/dags/standing_pipeline_dag.py took 1.248 seconds
[2026-06-25T03:35:44.586+0000] {processor.py:186} INFO - Started process (PID=19897) to work on /opt/airflow/dags/standing_pipeline_dag.py
[2026-06-25T03:35:44.588+0000] {processor.py:914} INFO - Processing file /opt/airflow/dags/standing_pipeline_dag.py for tasks to queue
[2026-06-25T03:35:44.590+0000] {logging_mixin.py:190} INFO - [2026-06-25T03:35:44.589+0000] {dagbag.py:588} INFO - Filling up the DagBag from /opt/airflow/dags/standing_pipeline_dag.py
[2026-06-25T03:35:45.635+0000] {processor.py:925} INFO - DAG(s) 'standing_pipeline_dag' retrieved from /opt/airflow/dags/standing_pipeline_dag.py
[2026-06-25T03:35:45.652+0000] {logging_mixin.py:190} INFO - [2026-06-25T03:35:45.651+0000] {dag.py:3239} INFO - Sync 1 DAGs
[2026-06-25T03:35:45.668+0000] {logging_mixin.py:190} INFO - [2026-06-25T03:35:45.668+0000] {dag.py:4180} INFO - Setting next_dagrun for standing_pipeline_dag to 2026-06-25 00:00:00+00:00, run_after=2026-06-26 00:00:00+00:00
[2026-06-25T03:35:45.697+0000] {processor.py:208} INFO - Processing /opt/airflow/dags/standing_pipeline_dag.py took 1.116 seconds
[2026-06-25T03:36:16.072+0000] {processor.py:186} INFO - Started process (PID=19914) to work on /opt/airflow/dags/standing_pipeline_dag.py
[2026-06-25T03:36:16.076+0000] {processor.py:914} INFO - Processing file /opt/airflow/dags/standing_pipeline_dag.py for tasks to queue
[2026-06-25T03:36:16.080+0000] {logging_mixin.py:190} INFO - [2026-06-25T03:36:16.079+0000] {dagbag.py:588} INFO - Filling up the DagBag from /opt/airflow/dags/standing_pipeline_dag.py
[2026-06-25T03:36:17.002+0000] {processor.py:925} INFO - DAG(s) 'standing_pipeline_dag' retrieved from /opt/airflow/dags/standing_pipeline_dag.py
[2026-06-25T03:36:17.020+0000] {logging_mixin.py:190} INFO - [2026-06-25T03:36:17.020+0000] {dag.py:3239} INFO - Sync 1 DAGs
[2026-06-25T03:36:17.037+0000] {logging_mixin.py:190} INFO - [2026-06-25T03:36:17.036+0000] {dag.py:4180} INFO - Setting next_dagrun for standing_pipeline_dag to 2026-06-25 00:00:00+00:00, run_after=2026-06-26 00:00:00+00:00
[2026-06-25T03:36:17.058+0000] {processor.py:208} INFO - Processing /opt/airflow/dags/standing_pipeline_dag.py took 0.996 seconds
[2026-06-25T03:36:51.073+0000] {processor.py:186} INFO - Started process (PID=19931) to work on /opt/airflow/dags/standing_pipeline_dag.py
[2026-06-25T03:36:51.076+0000] {processor.py:914} INFO - Processing file /opt/airflow/dags/standing_pipeline_dag.py for tasks to queue
[2026-06-25T03:36:51.081+0000] {logging_mixin.py:190} INFO - [2026-06-25T03:36:51.080+0000] {dagbag.py:588} INFO - Filling up the DagBag from /opt/airflow/dags/standing_pipeline_dag.py
[2026-06-25T03:36:52.880+0000] {processor.py:925} INFO - DAG(s) 'standing_pipeline_dag' retrieved from /opt/airflow/dags/standing_pipeline_dag.py
[2026-06-25T03:36:52.913+0000] {logging_mixin.py:190} INFO - [2026-06-25T03:36:52.912+0000] {dag.py:3239} INFO - Sync 1 DAGs
[2026-06-25T03:36:52.930+0000] {logging_mixin.py:190} INFO - [2026-06-25T03:36:52.929+0000] {dag.py:4180} INFO - Setting next_dagrun for standing_pipeline_dag to 2026-06-25 00:00:00+00:00, run_after=2026-06-26 00:00:00+00:00
[2026-06-25T03:36:52.950+0000] {processor.py:208} INFO - Processing /opt/airflow/dags/standing_pipeline_dag.py took 1.887 seconds
[2026-06-25T03:37:23.703+0000] {processor.py:186} INFO - Started process (PID=19948) to work on /opt/airflow/dags/standing_pipeline_dag.py
[2026-06-25T03:37:23.706+0000] {processor.py:914} INFO - Processing file /opt/airflow/dags/standing_pipeline_dag.py for tasks to queue
[2026-06-25T03:37:23.709+0000] {logging_mixin.py:190} INFO - [2026-06-25T03:37:23.709+0000] {dagbag.py:588} INFO - Filling up the DagBag from /opt/airflow/dags/standing_pipeline_dag.py
[2026-06-25T03:37:24.969+0000] {processor.py:925} INFO - DAG(s) 'standing_pipeline_dag' retrieved from /opt/airflow/dags/standing_pipeline_dag.py
[2026-06-25T03:37:24.989+0000] {logging_mixin.py:190} INFO - [2026-06-25T03:37:24.988+0000] {dag.py:3239} INFO - Sync 1 DAGs
[2026-06-25T03:37:25.012+0000] {logging_mixin.py:190} INFO - [2026-06-25T03:37:25.012+0000] {dag.py:4180} INFO - Setting next_dagrun for standing_pipeline_dag to 2026-06-25 00:00:00+00:00, run_after=2026-06-26 00:00:00+00:00
[2026-06-25T03:37:25.040+0000] {processor.py:208} INFO - Processing /opt/airflow/dags/standing_pipeline_dag.py took 1.346 seconds
[2026-06-25T03:37:56.218+0000] {processor.py:186} INFO - Started process (PID=19965) to work on /opt/airflow/dags/standing_pipeline_dag.py
[2026-06-25T03:37:56.221+0000] {processor.py:914} INFO - Processing file /opt/airflow/dags/standing_pipeline_dag.py for tasks to queue
[2026-06-25T03:37:56.223+0000] {logging_mixin.py:190} INFO - [2026-06-25T03:37:56.223+0000] {dagbag.py:588} INFO - Filling up the DagBag from /opt/airflow/dags/standing_pipeline_dag.py
[2026-06-25T03:37:57.388+0000] {processor.py:925} INFO - DAG(s) 'standing_pipeline_dag' retrieved from /opt/airflow/dags/standing_pipeline_dag.py
[2026-06-25T03:37:57.410+0000] {logging_mixin.py:190} INFO - [2026-06-25T03:37:57.410+0000] {dag.py:3239} INFO - Sync 1 DAGs
[2026-06-25T03:37:57.431+0000] {logging_mixin.py:190} INFO - [2026-06-25T03:37:57.430+0000] {dag.py:4180} INFO - Setting next_dagrun for standing_pipeline_dag to 2026-06-25 00:00:00+00:00, run_after=2026-06-26 00:00:00+00:00
[2026-06-25T03:37:57.455+0000] {processor.py:208} INFO - Processing /opt/airflow/dags/standing_pipeline_dag.py took 1.246 seconds
[2026-06-25T03:38:29.008+0000] {processor.py:186} INFO - Started process (PID=19982) to work on /opt/airflow/dags/standing_pipeline_dag.py
[2026-06-25T03:38:29.012+0000] {processor.py:914} INFO - Processing file /opt/airflow/dags/standing_pipeline_dag.py for tasks to queue
[2026-06-25T03:38:29.016+0000] {logging_mixin.py:190} INFO - [2026-06-25T03:38:29.015+0000] {dagbag.py:588} INFO - Filling up the DagBag from /opt/airflow/dags/standing_pipeline_dag.py
[2026-06-25T03:38:30.151+0000] {processor.py:925} INFO - DAG(s) 'standing_pipeline_dag' retrieved from /opt/airflow/dags/standing_pipeline_dag.py
[2026-06-25T03:38:30.172+0000] {logging_mixin.py:190} INFO - [2026-06-25T03:38:30.171+0000] {dag.py:3239} INFO - Sync 1 DAGs
[2026-06-25T03:38:30.194+0000] {logging_mixin.py:190} INFO - [2026-06-25T03:38:30.193+0000] {dag.py:4180} INFO - Setting next_dagrun for standing_pipeline_dag to 2026-06-25 00:00:00+00:00, run_after=2026-06-26 00:00:00+00:00
[2026-06-25T03:38:30.221+0000] {processor.py:208} INFO - Processing /opt/airflow/dags/standing_pipeline_dag.py took 1.224 seconds
[2026-06-25T03:39:01.832+0000] {processor.py:186} INFO - Started process (PID=19999) to work on /opt/airflow/dags/standing_pipeline_dag.py
[2026-06-25T03:39:01.834+0000] {processor.py:914} INFO - Processing file /opt/airflow/dags/standing_pipeline_dag.py for tasks to queue
[2026-06-25T03:39:01.837+0000] {logging_mixin.py:190} INFO - [2026-06-25T03:39:01.837+0000] {dagbag.py:588} INFO - Filling up the DagBag from /opt/airflow/dags/standing_pipeline_dag.py
[2026-06-25T03:39:02.870+0000] {processor.py:925} INFO - DAG(s) 'standing_pipeline_dag' retrieved from /opt/airflow/dags/standing_pipeline_dag.py
[2026-06-25T03:39:02.894+0000] {logging_mixin.py:190} INFO - [2026-06-25T03:39:02.894+0000] {dag.py:3239} INFO - Sync 1 DAGs
[2026-06-25T03:39:02.922+0000] {logging_mixin.py:190} INFO - [2026-06-25T03:39:02.921+0000] {dag.py:4180} INFO - Setting next_dagrun for standing_pipeline_dag to 2026-06-25 00:00:00+00:00, run_after=2026-06-26 00:00:00+00:00
[2026-06-25T03:39:02.954+0000] {processor.py:208} INFO - Processing /opt/airflow/dags/standing_pipeline_dag.py took 1.130 seconds
[2026-06-25T03:39:34.508+0000] {processor.py:186} INFO - Started process (PID=20016) to work on /opt/airflow/dags/standing_pipeline_dag.py
[2026-06-25T03:39:34.511+0000] {processor.py:914} INFO - Processing file /opt/airflow/dags/standing_pipeline_dag.py for tasks to queue
[2026-06-25T03:39:34.514+0000] {logging_mixin.py:190} INFO - [2026-06-25T03:39:34.513+0000] {dagbag.py:588} INFO - Filling up the DagBag from /opt/airflow/dags/standing_pipeline_dag.py
[2026-06-25T03:39:35.663+0000] {processor.py:925} INFO - DAG(s) 'standing_pipeline_dag' retrieved from /opt/airflow/dags/standing_pipeline_dag.py
[2026-06-25T03:39:35.688+0000] {logging_mixin.py:190} INFO - [2026-06-25T03:39:35.687+0000] {dag.py:3239} INFO - Sync 1 DAGs
[2026-06-25T03:39:35.712+0000] {logging_mixin.py:190} INFO - [2026-06-25T03:39:35.712+0000] {dag.py:4180} INFO - Setting next_dagrun for standing_pipeline_dag to 2026-06-25 00:00:00+00:00, run_after=2026-06-26 00:00:00+00:00
[2026-06-25T03:39:35.736+0000] {processor.py:208} INFO - Processing /opt/airflow/dags/standing_pipeline_dag.py took 1.236 seconds
[2026-06-25T03:40:07.321+0000] {processor.py:186} INFO - Started process (PID=20033) to work on /opt/airflow/dags/standing_pipeline_dag.py
[2026-06-25T03:40:07.323+0000] {processor.py:914} INFO - Processing file /opt/airflow/dags/standing_pipeline_dag.py for tasks to queue
[2026-06-25T03:40:07.325+0000] {logging_mixin.py:190} INFO - [2026-06-25T03:40:07.325+0000] {dagbag.py:588} INFO - Filling up the DagBag from /opt/airflow/dags/standing_pipeline_dag.py
[2026-06-25T03:40:08.379+0000] {processor.py:925} INFO - DAG(s) 'standing_pipeline_dag' retrieved from /opt/airflow/dags/standing_pipeline_dag.py
[2026-06-25T03:40:08.401+0000] {logging_mixin.py:190} INFO - [2026-06-25T03:40:08.400+0000] {dag.py:3239} INFO - Sync 1 DAGs
[2026-06-25T03:40:08.428+0000] {logging_mixin.py:190} INFO - [2026-06-25T03:40:08.427+0000] {dag.py:4180} INFO - Setting next_dagrun for standing_pipeline_dag to 2026-06-25 00:00:00+00:00, run_after=2026-06-26 00:00:00+00:00
[2026-06-25T03:40:08.470+0000] {processor.py:208} INFO - Processing /opt/airflow/dags/standing_pipeline_dag.py took 1.157 seconds
[2026-06-25T03:40:39.548+0000] {processor.py:186} INFO - Started process (PID=20050) to work on /opt/airflow/dags/standing_pipeline_dag.py
[2026-06-25T03:40:39.550+0000] {processor.py:914} INFO - Processing file /opt/airflow/dags/standing_pipeline_dag.py for tasks to queue
[2026-06-25T03:40:39.553+0000] {logging_mixin.py:190} INFO - [2026-06-25T03:40:39.552+0000] {dagbag.py:588} INFO - Filling up the DagBag from /opt/airflow/dags/standing_pipeline_dag.py
[2026-06-25T03:40:40.707+0000] {processor.py:925} INFO - DAG(s) 'standing_pipeline_dag' retrieved from /opt/airflow/dags/standing_pipeline_dag.py
[2026-06-25T03:40:40.736+0000] {logging_mixin.py:190} INFO - [2026-06-25T03:40:40.735+0000] {dag.py:3239} INFO - Sync 1 DAGs
[2026-06-25T03:40:40.760+0000] {logging_mixin.py:190} INFO - [2026-06-25T03:40:40.759+0000] {dag.py:4180} INFO - Setting next_dagrun for standing_pipeline_dag to 2026-06-25 00:00:00+00:00, run_after=2026-06-26 00:00:00+00:00
[2026-06-25T03:40:40.786+0000] {processor.py:208} INFO - Processing /opt/airflow/dags/standing_pipeline_dag.py took 1.245 seconds
[2026-06-25T03:41:12.744+0000] {processor.py:186} INFO - Started process (PID=20067) to work on /opt/airflow/dags/standing_pipeline_dag.py
[2026-06-25T03:41:12.746+0000] {processor.py:914} INFO - Processing file /opt/airflow/dags/standing_pipeline_dag.py for tasks to queue
[2026-06-25T03:41:12.749+0000] {logging_mixin.py:190} INFO - [2026-06-25T03:41:12.749+0000] {dagbag.py:588} INFO - Filling up the DagBag from /opt/airflow/dags/standing_pipeline_dag.py
[2026-06-25T03:41:13.862+0000] {processor.py:925} INFO - DAG(s) 'standing_pipeline_dag' retrieved from /opt/airflow/dags/standing_pipeline_dag.py
[2026-06-25T03:41:13.880+0000] {logging_mixin.py:190} INFO - [2026-06-25T03:41:13.879+0000] {dag.py:3239} INFO - Sync 1 DAGs
[2026-06-25T03:41:13.897+0000] {logging_mixin.py:190} INFO - [2026-06-25T03:41:13.897+0000] {dag.py:4180} INFO - Setting next_dagrun for standing_pipeline_dag to 2026-06-25 00:00:00+00:00, run_after=2026-06-26 00:00:00+00:00
[2026-06-25T03:41:13.919+0000] {processor.py:208} INFO - Processing /opt/airflow/dags/standing_pipeline_dag.py took 1.182 seconds
[2026-06-25T03:41:45.732+0000] {processor.py:186} INFO - Started process (PID=20084) to work on /opt/airflow/dags/standing_pipeline_dag.py
[2026-06-25T03:41:45.734+0000] {processor.py:914} INFO - Processing file /opt/airflow/dags/standing_pipeline_dag.py for tasks to queue
[2026-06-25T03:41:45.738+0000] {logging_mixin.py:190} INFO - [2026-06-25T03:41:45.737+0000] {dagbag.py:588} INFO - Filling up the DagBag from /opt/airflow/dags/standing_pipeline_dag.py
[2026-06-25T03:41:46.955+0000] {processor.py:925} INFO - DAG(s) 'standing_pipeline_dag' retrieved from /opt/airflow/dags/standing_pipeline_dag.py
[2026-06-25T03:41:46.988+0000] {logging_mixin.py:190} INFO - [2026-06-25T03:41:46.987+0000] {dag.py:3239} INFO - Sync 1 DAGs
[2026-06-25T03:41:47.026+0000] {logging_mixin.py:190} INFO - [2026-06-25T03:41:47.025+0000] {dag.py:4180} INFO - Setting next_dagrun for standing_pipeline_dag to 2026-06-25 00:00:00+00:00, run_after=2026-06-26 00:00:00+00:00
[2026-06-25T03:41:47.055+0000] {processor.py:208} INFO - Processing /opt/airflow/dags/standing_pipeline_dag.py took 1.330 seconds
[2026-06-25T03:42:17.969+0000] {processor.py:186} INFO - Started process (PID=20101) to work on /opt/airflow/dags/standing_pipeline_dag.py
[2026-06-25T03:42:17.972+0000] {processor.py:914} INFO - Processing file /opt/airflow/dags/standing_pipeline_dag.py for tasks to queue
[2026-06-25T03:42:17.976+0000] {logging_mixin.py:190} INFO - [2026-06-25T03:42:17.975+0000] {dagbag.py:588} INFO - Filling up the DagBag from /opt/airflow/dags/standing_pipeline_dag.py
[2026-06-25T03:42:19.175+0000] {processor.py:925} INFO - DAG(s) 'standing_pipeline_dag' retrieved from /opt/airflow/dags/standing_pipeline_dag.py
[2026-06-25T03:42:19.195+0000] {logging_mixin.py:190} INFO - [2026-06-25T03:42:19.195+0000] {dag.py:3239} INFO - Sync 1 DAGs
[2026-06-25T03:42:19.218+0000] {logging_mixin.py:190} INFO - [2026-06-25T03:42:19.217+0000] {dag.py:4180} INFO - Setting next_dagrun for standing_pipeline_dag to 2026-06-25 00:00:00+00:00, run_after=2026-06-26 00:00:00+00:00
[2026-06-25T03:42:19.243+0000] {processor.py:208} INFO - Processing /opt/airflow/dags/standing_pipeline_dag.py took 1.281 seconds
[2026-06-25T03:42:50.517+0000] {processor.py:186} INFO - Started process (PID=20118) to work on /opt/airflow/dags/standing_pipeline_dag.py
[2026-06-25T03:42:50.519+0000] {processor.py:914} INFO - Processing file /opt/airflow/dags/standing_pipeline_dag.py for tasks to queue
[2026-06-25T03:42:50.522+0000] {logging_mixin.py:190} INFO - [2026-06-25T03:42:50.521+0000] {dagbag.py:588} INFO - Filling up the DagBag from /opt/airflow/dags/standing_pipeline_dag.py
[2026-06-25T03:42:51.590+0000] {processor.py:925} INFO - DAG(s) 'standing_pipeline_dag' retrieved from /opt/airflow/dags/standing_pipeline_dag.py
[2026-06-25T03:42:51.614+0000] {logging_mixin.py:190} INFO - [2026-06-25T03:42:51.613+0000] {dag.py:3239} INFO - Sync 1 DAGs
[2026-06-25T03:42:51.634+0000] {logging_mixin.py:190} INFO - [2026-06-25T03:42:51.634+0000] {dag.py:4180} INFO - Setting next_dagrun for standing_pipeline_dag to 2026-06-25 00:00:00+00:00, run_after=2026-06-26 00:00:00+00:00
[2026-06-25T03:42:51.672+0000] {processor.py:208} INFO - Processing /opt/airflow/dags/standing_pipeline_dag.py took 1.162 seconds
[2026-06-25T03:43:22.961+0000] {processor.py:186} INFO - Started process (PID=20135) to work on /opt/airflow/dags/standing_pipeline_dag.py
[2026-06-25T03:43:22.963+0000] {processor.py:914} INFO - Processing file /opt/airflow/dags/standing_pipeline_dag.py for tasks to queue
[2026-06-25T03:43:22.966+0000] {logging_mixin.py:190} INFO - [2026-06-25T03:43:22.966+0000] {dagbag.py:588} INFO - Filling up the DagBag from /opt/airflow/dags/standing_pipeline_dag.py
[2026-06-25T03:43:24.141+0000] {processor.py:925} INFO - DAG(s) 'standing_pipeline_dag' retrieved from /opt/airflow/dags/standing_pipeline_dag.py
[2026-06-25T03:43:24.156+0000] {logging_mixin.py:190} INFO - [2026-06-25T03:43:24.156+0000] {dag.py:3239} INFO - Sync 1 DAGs
[2026-06-25T03:43:24.173+0000] {logging_mixin.py:190} INFO - [2026-06-25T03:43:24.172+0000] {dag.py:4180} INFO - Setting next_dagrun for standing_pipeline_dag to 2026-06-25 00:00:00+00:00, run_after=2026-06-26 00:00:00+00:00
[2026-06-25T03:43:24.197+0000] {processor.py:208} INFO - Processing /opt/airflow/dags/standing_pipeline_dag.py took 1.243 seconds
[2026-06-25T03:43:55.649+0000] {processor.py:186} INFO - Started process (PID=20152) to work on /opt/airflow/dags/standing_pipeline_dag.py
[2026-06-25T03:43:55.652+0000] {processor.py:914} INFO - Processing file /opt/airflow/dags/standing_pipeline_dag.py for tasks to queue
[2026-06-25T03:43:55.655+0000] {logging_mixin.py:190} INFO - [2026-06-25T03:43:55.654+0000] {dagbag.py:588} INFO - Filling up the DagBag from /opt/airflow/dags/standing_pipeline_dag.py
[2026-06-25T03:43:56.649+0000] {processor.py:925} INFO - DAG(s) 'standing_pipeline_dag' retrieved from /opt/airflow/dags/standing_pipeline_dag.py
[2026-06-25T03:43:56.671+0000] {logging_mixin.py:190} INFO - [2026-06-25T03:43:56.671+0000] {dag.py:3239} INFO - Sync 1 DAGs
[2026-06-25T03:43:56.701+0000] {logging_mixin.py:190} INFO - [2026-06-25T03:43:56.700+0000] {dag.py:4180} INFO - Setting next_dagrun for standing_pipeline_dag to 2026-06-25 00:00:00+00:00, run_after=2026-06-26 00:00:00+00:00
[2026-06-25T03:43:56.731+0000] {processor.py:208} INFO - Processing /opt/airflow/dags/standing_pipeline_dag.py took 1.089 seconds
[2026-06-25T03:44:28.351+0000] {processor.py:186} INFO - Started process (PID=20169) to work on /opt/airflow/dags/standing_pipeline_dag.py
[2026-06-25T03:44:28.352+0000] {processor.py:914} INFO - Processing file /opt/airflow/dags/standing_pipeline_dag.py for tasks to queue
[2026-06-25T03:44:28.355+0000] {logging_mixin.py:190} INFO - [2026-06-25T03:44:28.354+0000] {dagbag.py:588} INFO - Filling up the DagBag from /opt/airflow/dags/standing_pipeline_dag.py
[2026-06-25T03:44:29.299+0000] {processor.py:925} INFO - DAG(s) 'standing_pipeline_dag' retrieved from /opt/airflow/dags/standing_pipeline_dag.py
[2026-06-25T03:44:29.318+0000] {logging_mixin.py:190} INFO - [2026-06-25T03:44:29.318+0000] {dag.py:3239} INFO - Sync 1 DAGs
[2026-06-25T03:44:29.339+0000] {logging_mixin.py:190} INFO - [2026-06-25T03:44:29.339+0000] {dag.py:4180} INFO - Setting next_dagrun for standing_pipeline_dag to 2026-06-25 00:00:00+00:00, run_after=2026-06-26 00:00:00+00:00
[2026-06-25T03:44:29.368+0000] {processor.py:208} INFO - Processing /opt/airflow/dags/standing_pipeline_dag.py took 1.023 seconds
[2026-06-25T03:45:00.399+0000] {processor.py:186} INFO - Started process (PID=20186) to work on /opt/airflow/dags/standing_pipeline_dag.py
[2026-06-25T03:45:00.402+0000] {processor.py:914} INFO - Processing file /opt/airflow/dags/standing_pipeline_dag.py for tasks to queue
[2026-06-25T03:45:00.407+0000] {logging_mixin.py:190} INFO - [2026-06-25T03:45:00.405+0000] {dagbag.py:588} INFO - Filling up the DagBag from /opt/airflow/dags/standing_pipeline_dag.py
[2026-06-25T03:45:01.427+0000] {processor.py:925} INFO - DAG(s) 'standing_pipeline_dag' retrieved from /opt/airflow/dags/standing_pipeline_dag.py
[2026-06-25T03:45:01.445+0000] {logging_mixin.py:190} INFO - [2026-06-25T03:45:01.444+0000] {dag.py:3239} INFO - Sync 1 DAGs
[2026-06-25T03:45:01.462+0000] {logging_mixin.py:190} INFO - [2026-06-25T03:45:01.462+0000] {dag.py:4180} INFO - Setting next_dagrun for standing_pipeline_dag to 2026-06-25 00:00:00+00:00, run_after=2026-06-26 00:00:00+00:00
[2026-06-25T03:45:01.509+0000] {processor.py:208} INFO - Processing /opt/airflow/dags/standing_pipeline_dag.py took 1.120 seconds
[2026-06-25T03:45:32.710+0000] {processor.py:186} INFO - Started process (PID=20203) to work on /opt/airflow/dags/standing_pipeline_dag.py
[2026-06-25T03:45:32.713+0000] {processor.py:914} INFO - Processing file /opt/airflow/dags/standing_pipeline_dag.py for tasks to queue
[2026-06-25T03:45:32.715+0000] {logging_mixin.py:190} INFO - [2026-06-25T03:45:32.715+0000] {dagbag.py:588} INFO - Filling up the DagBag from /opt/airflow/dags/standing_pipeline_dag.py
[2026-06-25T03:45:33.761+0000] {processor.py:925} INFO - DAG(s) 'standing_pipeline_dag' retrieved from /opt/airflow/dags/standing_pipeline_dag.py
[2026-06-25T03:45:33.777+0000] {logging_mixin.py:190} INFO - [2026-06-25T03:45:33.776+0000] {dag.py:3239} INFO - Sync 1 DAGs
[2026-06-25T03:45:33.792+0000] {logging_mixin.py:190} INFO - [2026-06-25T03:45:33.792+0000] {dag.py:4180} INFO - Setting next_dagrun for standing_pipeline_dag to 2026-06-25 00:00:00+00:00, run_after=2026-06-26 00:00:00+00:00
[2026-06-25T03:45:33.818+0000] {processor.py:208} INFO - Processing /opt/airflow/dags/standing_pipeline_dag.py took 1.116 seconds
[2026-06-25T03:46:04.975+0000] {processor.py:186} INFO - Started process (PID=20220) to work on /opt/airflow/dags/standing_pipeline_dag.py
[2026-06-25T03:46:04.976+0000] {processor.py:914} INFO - Processing file /opt/airflow/dags/standing_pipeline_dag.py for tasks to queue
[2026-06-25T03:46:04.980+0000] {logging_mixin.py:190} INFO - [2026-06-25T03:46:04.979+0000] {dagbag.py:588} INFO - Filling up the DagBag from /opt/airflow/dags/standing_pipeline_dag.py
[2026-06-25T03:46:05.767+0000] {processor.py:925} INFO - DAG(s) 'standing_pipeline_dag' retrieved from /opt/airflow/dags/standing_pipeline_dag.py
[2026-06-25T03:46:05.791+0000] {logging_mixin.py:190} INFO - [2026-06-25T03:46:05.790+0000] {dag.py:3239} INFO - Sync 1 DAGs
[2026-06-25T03:46:05.812+0000] {logging_mixin.py:190} INFO - [2026-06-25T03:46:05.811+0000] {dag.py:4180} INFO - Setting next_dagrun for standing_pipeline_dag to 2026-06-25 00:00:00+00:00, run_after=2026-06-26 00:00:00+00:00
[2026-06-25T03:46:05.875+0000] {processor.py:208} INFO - Processing /opt/airflow/dags/standing_pipeline_dag.py took 0.906 seconds
[2026-06-25T03:46:37.247+0000] {processor.py:186} INFO - Started process (PID=20237) to work on /opt/airflow/dags/standing_pipeline_dag.py
[2026-06-25T03:46:37.250+0000] {processor.py:914} INFO - Processing file /opt/airflow/dags/standing_pipeline_dag.py for tasks to queue
[2026-06-25T03:46:37.252+0000] {logging_mixin.py:190} INFO - [2026-06-25T03:46:37.252+0000] {dagbag.py:588} INFO - Filling up the DagBag from /opt/airflow/dags/standing_pipeline_dag.py
[2026-06-25T03:46:38.203+0000] {processor.py:925} INFO - DAG(s) 'standing_pipeline_dag' retrieved from /opt/airflow/dags/standing_pipeline_dag.py
[2026-06-25T03:46:38.225+0000] {logging_mixin.py:190} INFO - [2026-06-25T03:46:38.225+0000] {dag.py:3239} INFO - Sync 1 DAGs
[2026-06-25T03:46:38.242+0000] {logging_mixin.py:190} INFO - [2026-06-25T03:46:38.241+0000] {dag.py:4180} INFO - Setting next_dagrun for standing_pipeline_dag to 2026-06-25 00:00:00+00:00, run_after=2026-06-26 00:00:00+00:00
[2026-06-25T03:46:38.267+0000] {processor.py:208} INFO - Processing /opt/airflow/dags/standing_pipeline_dag.py took 1.026 seconds
[2026-06-25T03:47:08.565+0000] {processor.py:186} INFO - Started process (PID=20254) to work on /opt/airflow/dags/standing_pipeline_dag.py
[2026-06-25T03:47:08.568+0000] {processor.py:914} INFO - Processing file /opt/airflow/dags/standing_pipeline_dag.py for tasks to queue
[2026-06-25T03:47:08.570+0000] {logging_mixin.py:190} INFO - [2026-06-25T03:47:08.570+0000] {dagbag.py:588} INFO - Filling up the DagBag from /opt/airflow/dags/standing_pipeline_dag.py
[2026-06-25T03:47:09.560+0000] {processor.py:925} INFO - DAG(s) 'standing_pipeline_dag' retrieved from /opt/airflow/dags/standing_pipeline_dag.py
[2026-06-25T03:47:09.577+0000] {logging_mixin.py:190} INFO - [2026-06-25T03:47:09.576+0000] {dag.py:3239} INFO - Sync 1 DAGs
[2026-06-25T03:47:09.592+0000] {logging_mixin.py:190} INFO - [2026-06-25T03:47:09.592+0000] {dag.py:4180} INFO - Setting next_dagrun for standing_pipeline_dag to 2026-06-25 00:00:00+00:00, run_after=2026-06-26 00:00:00+00:00
[2026-06-25T03:47:09.614+0000] {processor.py:208} INFO - Processing /opt/airflow/dags/standing_pipeline_dag.py took 1.057 seconds
[2026-06-25T03:47:41.485+0000] {processor.py:186} INFO - Started process (PID=20271) to work on /opt/airflow/dags/standing_pipeline_dag.py
[2026-06-25T03:47:41.487+0000] {processor.py:914} INFO - Processing file /opt/airflow/dags/standing_pipeline_dag.py for tasks to queue
[2026-06-25T03:47:41.490+0000] {logging_mixin.py:190} INFO - [2026-06-25T03:47:41.490+0000] {dagbag.py:588} INFO - Filling up the DagBag from /opt/airflow/dags/standing_pipeline_dag.py
[2026-06-25T03:47:42.501+0000] {processor.py:925} INFO - DAG(s) 'standing_pipeline_dag' retrieved from /opt/airflow/dags/standing_pipeline_dag.py
[2026-06-25T03:47:42.519+0000] {logging_mixin.py:190} INFO - [2026-06-25T03:47:42.518+0000] {dag.py:3239} INFO - Sync 1 DAGs
[2026-06-25T03:47:42.536+0000] {logging_mixin.py:190} INFO - [2026-06-25T03:47:42.536+0000] {dag.py:4180} INFO - Setting next_dagrun for standing_pipeline_dag to 2026-06-25 00:00:00+00:00, run_after=2026-06-26 00:00:00+00:00
[2026-06-25T03:47:42.558+0000] {processor.py:208} INFO - Processing /opt/airflow/dags/standing_pipeline_dag.py took 1.082 seconds
[2026-06-25T03:48:14.771+0000] {processor.py:186} INFO - Started process (PID=20288) to work on /opt/airflow/dags/standing_pipeline_dag.py
[2026-06-25T03:48:14.773+0000] {processor.py:914} INFO - Processing file /opt/airflow/dags/standing_pipeline_dag.py for tasks to queue
[2026-06-25T03:48:14.776+0000] {logging_mixin.py:190} INFO - [2026-06-25T03:48:14.775+0000] {dagbag.py:588} INFO - Filling up the DagBag from /opt/airflow/dags/standing_pipeline_dag.py
[2026-06-25T03:48:16.061+0000] {processor.py:925} INFO - DAG(s) 'standing_pipeline_dag' retrieved from /opt/airflow/dags/standing_pipeline_dag.py
[2026-06-25T03:48:16.083+0000] {logging_mixin.py:190} INFO - [2026-06-25T03:48:16.083+0000] {dag.py:3239} INFO - Sync 1 DAGs
[2026-06-25T03:48:16.103+0000] {logging_mixin.py:190} INFO - [2026-06-25T03:48:16.103+0000] {dag.py:4180} INFO - Setting next_dagrun for standing_pipeline_dag to 2026-06-25 00:00:00+00:00, run_after=2026-06-26 00:00:00+00:00
[2026-06-25T03:48:16.132+0000] {processor.py:208} INFO - Processing /opt/airflow/dags/standing_pipeline_dag.py took 1.370 seconds
[2026-06-25T03:48:46.539+0000] {processor.py:186} INFO - Started process (PID=20305) to work on /opt/airflow/dags/standing_pipeline_dag.py
[2026-06-25T03:48:46.541+0000] {processor.py:914} INFO - Processing file /opt/airflow/dags/standing_pipeline_dag.py for tasks to queue
[2026-06-25T03:48:46.544+0000] {logging_mixin.py:190} INFO - [2026-06-25T03:48:46.543+0000] {dagbag.py:588} INFO - Filling up the DagBag from /opt/airflow/dags/standing_pipeline_dag.py
[2026-06-25T03:48:47.566+0000] {processor.py:925} INFO - DAG(s) 'standing_pipeline_dag' retrieved from /opt/airflow/dags/standing_pipeline_dag.py
[2026-06-25T03:48:47.581+0000] {logging_mixin.py:190} INFO - [2026-06-25T03:48:47.581+0000] {dag.py:3239} INFO - Sync 1 DAGs
[2026-06-25T03:48:47.596+0000] {logging_mixin.py:190} INFO - [2026-06-25T03:48:47.596+0000] {dag.py:4180} INFO - Setting next_dagrun for standing_pipeline_dag to 2026-06-25 00:00:00+00:00, run_after=2026-06-26 00:00:00+00:00
[2026-06-25T03:48:47.619+0000] {processor.py:208} INFO - Processing /opt/airflow/dags/standing_pipeline_dag.py took 1.087 seconds
[2026-06-25T03:49:18.445+0000] {processor.py:186} INFO - Started process (PID=20322) to work on /opt/airflow/dags/standing_pipeline_dag.py
[2026-06-25T03:49:18.447+0000] {processor.py:914} INFO - Processing file /opt/airflow/dags/standing_pipeline_dag.py for tasks to queue
[2026-06-25T03:49:18.449+0000] {logging_mixin.py:190} INFO - [2026-06-25T03:49:18.449+0000] {dagbag.py:588} INFO - Filling up the DagBag from /opt/airflow/dags/standing_pipeline_dag.py
[2026-06-25T03:49:19.644+0000] {processor.py:925} INFO - DAG(s) 'standing_pipeline_dag' retrieved from /opt/airflow/dags/standing_pipeline_dag.py
[2026-06-25T03:49:19.664+0000] {logging_mixin.py:190} INFO - [2026-06-25T03:49:19.663+0000] {dag.py:3239} INFO - Sync 1 DAGs
[2026-06-25T03:49:19.682+0000] {logging_mixin.py:190} INFO - [2026-06-25T03:49:19.681+0000] {dag.py:4180} INFO - Setting next_dagrun for standing_pipeline_dag to 2026-06-25 00:00:00+00:00, run_after=2026-06-26 00:00:00+00:00
[2026-06-25T03:49:19.709+0000] {processor.py:208} INFO - Processing /opt/airflow/dags/standing_pipeline_dag.py took 1.272 seconds
[2026-06-25T03:49:50.251+0000] {processor.py:186} INFO - Started process (PID=20339) to work on /opt/airflow/dags/standing_pipeline_dag.py
[2026-06-25T03:49:50.253+0000] {processor.py:914} INFO - Processing file /opt/airflow/dags/standing_pipeline_dag.py for tasks to queue
[2026-06-25T03:49:50.256+0000] {logging_mixin.py:190} INFO - [2026-06-25T03:49:50.255+0000] {dagbag.py:588} INFO - Filling up the DagBag from /opt/airflow/dags/standing_pipeline_dag.py
[2026-06-25T03:49:51.358+0000] {processor.py:925} INFO - DAG(s) 'standing_pipeline_dag' retrieved from /opt/airflow/dags/standing_pipeline_dag.py
[2026-06-25T03:49:51.375+0000] {logging_mixin.py:190} INFO - [2026-06-25T03:49:51.375+0000] {dag.py:3239} INFO - Sync 1 DAGs
[2026-06-25T03:49:51.393+0000] {logging_mixin.py:190} INFO - [2026-06-25T03:49:51.393+0000] {dag.py:4180} INFO - Setting next_dagrun for standing_pipeline_dag to 2026-06-25 00:00:00+00:00, run_after=2026-06-26 00:00:00+00:00
[2026-06-25T03:49:51.416+0000] {processor.py:208} INFO - Processing /opt/airflow/dags/standing_pipeline_dag.py took 1.171 seconds
[2026-06-25T03:50:22.376+0000] {processor.py:186} INFO - Started process (PID=20356) to work on /opt/airflow/dags/standing_pipeline_dag.py
[2026-06-25T03:50:22.379+0000] {processor.py:914} INFO - Processing file /opt/airflow/dags/standing_pipeline_dag.py for tasks to queue
[2026-06-25T03:50:22.381+0000] {logging_mixin.py:190} INFO - [2026-06-25T03:50:22.380+0000] {dagbag.py:588} INFO - Filling up the DagBag from /opt/airflow/dags/standing_pipeline_dag.py
[2026-06-25T03:50:23.463+0000] {processor.py:925} INFO - DAG(s) 'standing_pipeline_dag' retrieved from /opt/airflow/dags/standing_pipeline_dag.py
[2026-06-25T03:50:23.480+0000] {logging_mixin.py:190} INFO - [2026-06-25T03:50:23.479+0000] {dag.py:3239} INFO - Sync 1 DAGs
[2026-06-25T03:50:23.496+0000] {logging_mixin.py:190} INFO - [2026-06-25T03:50:23.496+0000] {dag.py:4180} INFO - Setting next_dagrun for standing_pipeline_dag to 2026-06-25 00:00:00+00:00, run_after=2026-06-26 00:00:00+00:00
[2026-06-25T03:50:23.519+0000] {processor.py:208} INFO - Processing /opt/airflow/dags/standing_pipeline_dag.py took 1.149 seconds
[2026-06-25T03:50:55.013+0000] {processor.py:186} INFO - Started process (PID=20373) to work on /opt/airflow/dags/standing_pipeline_dag.py
[2026-06-25T03:50:55.015+0000] {processor.py:914} INFO - Processing file /opt/airflow/dags/standing_pipeline_dag.py for tasks to queue
[2026-06-25T03:50:55.019+0000] {logging_mixin.py:190} INFO - [2026-06-25T03:50:55.018+0000] {dagbag.py:588} INFO - Filling up the DagBag from /opt/airflow/dags/standing_pipeline_dag.py
[2026-06-25T03:50:55.952+0000] {processor.py:925} INFO - DAG(s) 'standing_pipeline_dag' retrieved from /opt/airflow/dags/standing_pipeline_dag.py
[2026-06-25T03:50:55.968+0000] {logging_mixin.py:190} INFO - [2026-06-25T03:50:55.968+0000] {dag.py:3239} INFO - Sync 1 DAGs
[2026-06-25T03:50:55.985+0000] {logging_mixin.py:190} INFO - [2026-06-25T03:50:55.985+0000] {dag.py:4180} INFO - Setting next_dagrun for standing_pipeline_dag to 2026-06-25 00:00:00+00:00, run_after=2026-06-26 00:00:00+00:00
[2026-06-25T03:50:56.010+0000] {processor.py:208} INFO - Processing /opt/airflow/dags/standing_pipeline_dag.py took 1.005 seconds
[2026-06-25T03:51:26.285+0000] {processor.py:186} INFO - Started process (PID=20390) to work on /opt/airflow/dags/standing_pipeline_dag.py
[2026-06-25T03:51:26.287+0000] {processor.py:914} INFO - Processing file /opt/airflow/dags/standing_pipeline_dag.py for tasks to queue
[2026-06-25T03:51:26.289+0000] {logging_mixin.py:190} INFO - [2026-06-25T03:51:26.289+0000] {dagbag.py:588} INFO - Filling up the DagBag from /opt/airflow/dags/standing_pipeline_dag.py
[2026-06-25T03:51:27.304+0000] {processor.py:925} INFO - DAG(s) 'standing_pipeline_dag' retrieved from /opt/airflow/dags/standing_pipeline_dag.py
[2026-06-25T03:51:27.323+0000] {logging_mixin.py:190} INFO - [2026-06-25T03:51:27.323+0000] {dag.py:3239} INFO - Sync 1 DAGs
[2026-06-25T03:51:27.341+0000] {logging_mixin.py:190} INFO - [2026-06-25T03:51:27.341+0000] {dag.py:4180} INFO - Setting next_dagrun for standing_pipeline_dag to 2026-06-25 00:00:00+00:00, run_after=2026-06-26 00:00:00+00:00
[2026-06-25T03:51:27.363+0000] {processor.py:208} INFO - Processing /opt/airflow/dags/standing_pipeline_dag.py took 1.084 seconds
[2026-06-25T03:51:59.036+0000] {processor.py:186} INFO - Started process (PID=20407) to work on /opt/airflow/dags/standing_pipeline_dag.py
[2026-06-25T03:51:59.038+0000] {processor.py:914} INFO - Processing file /opt/airflow/dags/standing_pipeline_dag.py for tasks to queue
[2026-06-25T03:51:59.041+0000] {logging_mixin.py:190} INFO - [2026-06-25T03:51:59.041+0000] {dagbag.py:588} INFO - Filling up the DagBag from /opt/airflow/dags/standing_pipeline_dag.py
[2026-06-25T03:51:59.957+0000] {processor.py:925} INFO - DAG(s) 'standing_pipeline_dag' retrieved from /opt/airflow/dags/standing_pipeline_dag.py
[2026-06-25T03:51:59.975+0000] {logging_mixin.py:190} INFO - [2026-06-25T03:51:59.974+0000] {dag.py:3239} INFO - Sync 1 DAGs
[2026-06-25T03:51:59.991+0000] {logging_mixin.py:190} INFO - [2026-06-25T03:51:59.990+0000] {dag.py:4180} INFO - Setting next_dagrun for standing_pipeline_dag to 2026-06-25 00:00:00+00:00, run_after=2026-06-26 00:00:00+00:00
[2026-06-25T03:52:00.023+0000] {processor.py:208} INFO - Processing /opt/airflow/dags/standing_pipeline_dag.py took 0.994 seconds
[2026-06-25T03:52:31.789+0000] {processor.py:186} INFO - Started process (PID=20424) to work on /opt/airflow/dags/standing_pipeline_dag.py
[2026-06-25T03:52:31.791+0000] {processor.py:914} INFO - Processing file /opt/airflow/dags/standing_pipeline_dag.py for tasks to queue
[2026-06-25T03:52:31.793+0000] {logging_mixin.py:190} INFO - [2026-06-25T03:52:31.793+0000] {dagbag.py:588} INFO - Filling up the DagBag from /opt/airflow/dags/standing_pipeline_dag.py
[2026-06-25T03:52:32.794+0000] {processor.py:925} INFO - DAG(s) 'standing_pipeline_dag' retrieved from /opt/airflow/dags/standing_pipeline_dag.py
[2026-06-25T03:52:32.814+0000] {logging_mixin.py:190} INFO - [2026-06-25T03:52:32.814+0000] {dag.py:3239} INFO - Sync 1 DAGs
[2026-06-25T03:52:32.834+0000] {logging_mixin.py:190} INFO - [2026-06-25T03:52:32.833+0000] {dag.py:4180} INFO - Setting next_dagrun for standing_pipeline_dag to 2026-06-25 00:00:00+00:00, run_after=2026-06-26 00:00:00+00:00
[2026-06-25T03:52:32.858+0000] {processor.py:208} INFO - Processing /opt/airflow/dags/standing_pipeline_dag.py took 1.076 seconds
[2026-06-25T03:53:04.238+0000] {processor.py:186} INFO - Started process (PID=20441) to work on /opt/airflow/dags/standing_pipeline_dag.py
[2026-06-25T03:53:04.240+0000] {processor.py:914} INFO - Processing file /opt/airflow/dags/standing_pipeline_dag.py for tasks to queue
[2026-06-25T03:53:04.243+0000] {logging_mixin.py:190} INFO - [2026-06-25T03:53:04.242+0000] {dagbag.py:588} INFO - Filling up the DagBag from /opt/airflow/dags/standing_pipeline_dag.py
[2026-06-25T03:53:05.186+0000] {processor.py:925} INFO - DAG(s) 'standing_pipeline_dag' retrieved from /opt/airflow/dags/standing_pipeline_dag.py
[2026-06-25T03:53:05.204+0000] {logging_mixin.py:190} INFO - [2026-06-25T03:53:05.203+0000] {dag.py:3239} INFO - Sync 1 DAGs
[2026-06-25T03:53:05.222+0000] {logging_mixin.py:190} INFO - [2026-06-25T03:53:05.221+0000] {dag.py:4180} INFO - Setting next_dagrun for standing_pipeline_dag to 2026-06-25 00:00:00+00:00, run_after=2026-06-26 00:00:00+00:00
[2026-06-25T03:53:05.246+0000] {processor.py:208} INFO - Processing /opt/airflow/dags/standing_pipeline_dag.py took 1.018 seconds
[2026-06-25T03:53:36.549+0000] {processor.py:186} INFO - Started process (PID=20458) to work on /opt/airflow/dags/standing_pipeline_dag.py
[2026-06-25T03:53:36.551+0000] {processor.py:914} INFO - Processing file /opt/airflow/dags/standing_pipeline_dag.py for tasks to queue
[2026-06-25T03:53:36.554+0000] {logging_mixin.py:190} INFO - [2026-06-25T03:53:36.554+0000] {dagbag.py:588} INFO - Filling up the DagBag from /opt/airflow/dags/standing_pipeline_dag.py
[2026-06-25T03:53:37.519+0000] {processor.py:925} INFO - DAG(s) 'standing_pipeline_dag' retrieved from /opt/airflow/dags/standing_pipeline_dag.py
[2026-06-25T03:53:37.539+0000] {logging_mixin.py:190} INFO - [2026-06-25T03:53:37.538+0000] {dag.py:3239} INFO - Sync 1 DAGs
[2026-06-25T03:53:37.555+0000] {logging_mixin.py:190} INFO - [2026-06-25T03:53:37.554+0000] {dag.py:4180} INFO - Setting next_dagrun for standing_pipeline_dag to 2026-06-25 00:00:00+00:00, run_after=2026-06-26 00:00:00+00:00
[2026-06-25T03:53:37.578+0000] {processor.py:208} INFO - Processing /opt/airflow/dags/standing_pipeline_dag.py took 1.035 seconds
[2026-06-25T03:54:08.158+0000] {processor.py:186} INFO - Started process (PID=20475) to work on /opt/airflow/dags/standing_pipeline_dag.py
[2026-06-25T03:54:08.162+0000] {processor.py:914} INFO - Processing file /opt/airflow/dags/standing_pipeline_dag.py for tasks to queue
[2026-06-25T03:54:08.165+0000] {logging_mixin.py:190} INFO - [2026-06-25T03:54:08.164+0000] {dagbag.py:588} INFO - Filling up the DagBag from /opt/airflow/dags/standing_pipeline_dag.py
[2026-06-25T03:54:09.250+0000] {processor.py:925} INFO - DAG(s) 'standing_pipeline_dag' retrieved from /opt/airflow/dags/standing_pipeline_dag.py
[2026-06-25T03:54:09.266+0000] {logging_mixin.py:190} INFO - [2026-06-25T03:54:09.266+0000] {dag.py:3239} INFO - Sync 1 DAGs
[2026-06-25T03:54:09.280+0000] {logging_mixin.py:190} INFO - [2026-06-25T03:54:09.280+0000] {dag.py:4180} INFO - Setting next_dagrun for standing_pipeline_dag to 2026-06-25 00:00:00+00:00, run_after=2026-06-26 00:00:00+00:00
[2026-06-25T03:54:09.303+0000] {processor.py:208} INFO - Processing /opt/airflow/dags/standing_pipeline_dag.py took 1.162 seconds
[2026-06-25T03:54:41.284+0000] {processor.py:186} INFO - Started process (PID=20492) to work on /opt/airflow/dags/standing_pipeline_dag.py
[2026-06-25T03:54:41.286+0000] {processor.py:914} INFO - Processing file /opt/airflow/dags/standing_pipeline_dag.py for tasks to queue
[2026-06-25T03:54:41.289+0000] {logging_mixin.py:190} INFO - [2026-06-25T03:54:41.288+0000] {dagbag.py:588} INFO - Filling up the DagBag from /opt/airflow/dags/standing_pipeline_dag.py
[2026-06-25T03:54:42.376+0000] {processor.py:925} INFO - DAG(s) 'standing_pipeline_dag' retrieved from /opt/airflow/dags/standing_pipeline_dag.py
[2026-06-25T03:54:42.409+0000] {logging_mixin.py:190} INFO - [2026-06-25T03:54:42.407+0000] {dag.py:3239} INFO - Sync 1 DAGs
[2026-06-25T03:54:42.437+0000] {logging_mixin.py:190} INFO - [2026-06-25T03:54:42.436+0000] {dag.py:4180} INFO - Setting next_dagrun for standing_pipeline_dag to 2026-06-25 00:00:00+00:00, run_after=2026-06-26 00:00:00+00:00
[2026-06-25T03:54:42.473+0000] {processor.py:208} INFO - Processing /opt/airflow/dags/standing_pipeline_dag.py took 1.196 seconds
[2026-06-25T03:55:13.736+0000] {processor.py:186} INFO - Started process (PID=20509) to work on /opt/airflow/dags/standing_pipeline_dag.py
[2026-06-25T03:55:13.739+0000] {processor.py:914} INFO - Processing file /opt/airflow/dags/standing_pipeline_dag.py for tasks to queue
[2026-06-25T03:55:13.741+0000] {logging_mixin.py:190} INFO - [2026-06-25T03:55:13.741+0000] {dagbag.py:588} INFO - Filling up the DagBag from /opt/airflow/dags/standing_pipeline_dag.py
[2026-06-25T03:55:14.668+0000] {processor.py:925} INFO - DAG(s) 'standing_pipeline_dag' retrieved from /opt/airflow/dags/standing_pipeline_dag.py
[2026-06-25T03:55:14.684+0000] {logging_mixin.py:190} INFO - [2026-06-25T03:55:14.684+0000] {dag.py:3239} INFO - Sync 1 DAGs
[2026-06-25T03:55:14.700+0000] {logging_mixin.py:190} INFO - [2026-06-25T03:55:14.700+0000] {dag.py:4180} INFO - Setting next_dagrun for standing_pipeline_dag to 2026-06-25 00:00:00+00:00, run_after=2026-06-26 00:00:00+00:00
[2026-06-25T03:55:14.721+0000] {processor.py:208} INFO - Processing /opt/airflow/dags/standing_pipeline_dag.py took 0.991 seconds
[2026-06-25T03:55:45.679+0000] {processor.py:186} INFO - Started process (PID=20526) to work on /opt/airflow/dags/standing_pipeline_dag.py
[2026-06-25T03:55:45.682+0000] {processor.py:914} INFO - Processing file /opt/airflow/dags/standing_pipeline_dag.py for tasks to queue
[2026-06-25T03:55:45.685+0000] {logging_mixin.py:190} INFO - [2026-06-25T03:55:45.684+0000] {dagbag.py:588} INFO - Filling up the DagBag from /opt/airflow/dags/standing_pipeline_dag.py
[2026-06-25T03:55:46.865+0000] {processor.py:925} INFO - DAG(s) 'standing_pipeline_dag' retrieved from /opt/airflow/dags/standing_pipeline_dag.py
[2026-06-25T03:55:46.880+0000] {logging_mixin.py:190} INFO - [2026-06-25T03:55:46.880+0000] {dag.py:3239} INFO - Sync 1 DAGs
[2026-06-25T03:55:46.896+0000] {logging_mixin.py:190} INFO - [2026-06-25T03:55:46.896+0000] {dag.py:4180} INFO - Setting next_dagrun for standing_pipeline_dag to 2026-06-25 00:00:00+00:00, run_after=2026-06-26 00:00:00+00:00
[2026-06-25T03:55:46.919+0000] {processor.py:208} INFO - Processing /opt/airflow/dags/standing_pipeline_dag.py took 1.248 seconds
[2026-06-25T03:56:17.947+0000] {processor.py:186} INFO - Started process (PID=20543) to work on /opt/airflow/dags/standing_pipeline_dag.py
[2026-06-25T03:56:17.949+0000] {processor.py:914} INFO - Processing file /opt/airflow/dags/standing_pipeline_dag.py for tasks to queue
[2026-06-25T03:56:17.953+0000] {logging_mixin.py:190} INFO - [2026-06-25T03:56:17.952+0000] {dagbag.py:588} INFO - Filling up the DagBag from /opt/airflow/dags/standing_pipeline_dag.py
[2026-06-25T03:56:19.033+0000] {processor.py:925} INFO - DAG(s) 'standing_pipeline_dag' retrieved from /opt/airflow/dags/standing_pipeline_dag.py
[2026-06-25T03:56:19.058+0000] {logging_mixin.py:190} INFO - [2026-06-25T03:56:19.058+0000] {dag.py:3239} INFO - Sync 1 DAGs
[2026-06-25T03:56:19.076+0000] {logging_mixin.py:190} INFO - [2026-06-25T03:56:19.076+0000] {dag.py:4180} INFO - Setting next_dagrun for standing_pipeline_dag to 2026-06-25 00:00:00+00:00, run_after=2026-06-26 00:00:00+00:00
[2026-06-25T03:56:19.108+0000] {processor.py:208} INFO - Processing /opt/airflow/dags/standing_pipeline_dag.py took 1.172 seconds
[2026-06-25T03:56:50.240+0000] {processor.py:186} INFO - Started process (PID=20560) to work on /opt/airflow/dags/standing_pipeline_dag.py
[2026-06-25T03:56:50.244+0000] {processor.py:914} INFO - Processing file /opt/airflow/dags/standing_pipeline_dag.py for tasks to queue
[2026-06-25T03:56:50.249+0000] {logging_mixin.py:190} INFO - [2026-06-25T03:56:50.248+0000] {dagbag.py:588} INFO - Filling up the DagBag from /opt/airflow/dags/standing_pipeline_dag.py
[2026-06-25T03:56:51.248+0000] {processor.py:925} INFO - DAG(s) 'standing_pipeline_dag' retrieved from /opt/airflow/dags/standing_pipeline_dag.py
[2026-06-25T03:56:51.264+0000] {logging_mixin.py:190} INFO - [2026-06-25T03:56:51.264+0000] {dag.py:3239} INFO - Sync 1 DAGs
[2026-06-25T03:56:51.280+0000] {logging_mixin.py:190} INFO - [2026-06-25T03:56:51.280+0000] {dag.py:4180} INFO - Setting next_dagrun for standing_pipeline_dag to 2026-06-25 00:00:00+00:00, run_after=2026-06-26 00:00:00+00:00
[2026-06-25T03:56:51.302+0000] {processor.py:208} INFO - Processing /opt/airflow/dags/standing_pipeline_dag.py took 1.073 seconds
