[2026-06-25T03:20:40.740+0000] {processor.py:186} INFO - Started process (PID=19427) to work on /opt/airflow/dags/team_pipeline_dag.py
[2026-06-25T03:20:40.742+0000] {processor.py:914} INFO - Processing file /opt/airflow/dags/team_pipeline_dag.py for tasks to queue
[2026-06-25T03:20:40.745+0000] {logging_mixin.py:190} INFO - [2026-06-25T03:20:40.744+0000] {dagbag.py:588} INFO - Filling up the DagBag from /opt/airflow/dags/team_pipeline_dag.py
[2026-06-25T03:20:41.815+0000] {processor.py:925} INFO - DAG(s) 'team_pipeline_dag' retrieved from /opt/airflow/dags/team_pipeline_dag.py
[2026-06-25T03:20:41.843+0000] {logging_mixin.py:190} INFO - [2026-06-25T03:20:41.842+0000] {dag.py:3239} INFO - Sync 1 DAGs
[2026-06-25T03:20:41.865+0000] {logging_mixin.py:190} INFO - [2026-06-25T03:20:41.864+0000] {dag.py:4180} INFO - Setting next_dagrun for team_pipeline_dag to 2026-06-25 00:00:00+00:00, run_after=2026-06-26 00:00:00+00:00
[2026-06-25T03:20:41.890+0000] {processor.py:208} INFO - Processing /opt/airflow/dags/team_pipeline_dag.py took 1.156 seconds
[2026-06-25T03:21:12.113+0000] {processor.py:186} INFO - Started process (PID=19444) to work on /opt/airflow/dags/team_pipeline_dag.py
[2026-06-25T03:21:12.115+0000] {processor.py:914} INFO - Processing file /opt/airflow/dags/team_pipeline_dag.py for tasks to queue
[2026-06-25T03:21:12.118+0000] {logging_mixin.py:190} INFO - [2026-06-25T03:21:12.117+0000] {dagbag.py:588} INFO - Filling up the DagBag from /opt/airflow/dags/team_pipeline_dag.py
[2026-06-25T03:21:13.142+0000] {processor.py:925} INFO - DAG(s) 'team_pipeline_dag' retrieved from /opt/airflow/dags/team_pipeline_dag.py
[2026-06-25T03:21:13.164+0000] {logging_mixin.py:190} INFO - [2026-06-25T03:21:13.163+0000] {dag.py:3239} INFO - Sync 1 DAGs
[2026-06-25T03:21:13.182+0000] {logging_mixin.py:190} INFO - [2026-06-25T03:21:13.182+0000] {dag.py:4180} INFO - Setting next_dagrun for team_pipeline_dag to 2026-06-25 00:00:00+00:00, run_after=2026-06-26 00:00:00+00:00
[2026-06-25T03:21:13.237+0000] {processor.py:208} INFO - Processing /opt/airflow/dags/team_pipeline_dag.py took 1.131 seconds
[2026-06-25T03:21:45.159+0000] {processor.py:186} INFO - Started process (PID=19461) to work on /opt/airflow/dags/team_pipeline_dag.py
[2026-06-25T03:21:45.161+0000] {processor.py:914} INFO - Processing file /opt/airflow/dags/team_pipeline_dag.py for tasks to queue
[2026-06-25T03:21:45.163+0000] {logging_mixin.py:190} INFO - [2026-06-25T03:21:45.163+0000] {dagbag.py:588} INFO - Filling up the DagBag from /opt/airflow/dags/team_pipeline_dag.py
[2026-06-25T03:21:46.183+0000] {processor.py:925} INFO - DAG(s) 'team_pipeline_dag' retrieved from /opt/airflow/dags/team_pipeline_dag.py
[2026-06-25T03:21:46.205+0000] {logging_mixin.py:190} INFO - [2026-06-25T03:21:46.204+0000] {dag.py:3239} INFO - Sync 1 DAGs
[2026-06-25T03:21:46.227+0000] {logging_mixin.py:190} INFO - [2026-06-25T03:21:46.227+0000] {dag.py:4180} INFO - Setting next_dagrun for team_pipeline_dag to 2026-06-25 00:00:00+00:00, run_after=2026-06-26 00:00:00+00:00
[2026-06-25T03:21:46.259+0000] {processor.py:208} INFO - Processing /opt/airflow/dags/team_pipeline_dag.py took 1.107 seconds
[2026-06-25T03:22:17.253+0000] {processor.py:186} INFO - Started process (PID=19478) to work on /opt/airflow/dags/team_pipeline_dag.py
[2026-06-25T03:22:17.256+0000] {processor.py:914} INFO - Processing file /opt/airflow/dags/team_pipeline_dag.py for tasks to queue
[2026-06-25T03:22:17.259+0000] {logging_mixin.py:190} INFO - [2026-06-25T03:22:17.258+0000] {dagbag.py:588} INFO - Filling up the DagBag from /opt/airflow/dags/team_pipeline_dag.py
[2026-06-25T03:22:18.338+0000] {processor.py:925} INFO - DAG(s) 'team_pipeline_dag' retrieved from /opt/airflow/dags/team_pipeline_dag.py
[2026-06-25T03:22:18.364+0000] {logging_mixin.py:190} INFO - [2026-06-25T03:22:18.363+0000] {dag.py:3239} INFO - Sync 1 DAGs
[2026-06-25T03:22:18.384+0000] {logging_mixin.py:190} INFO - [2026-06-25T03:22:18.383+0000] {dag.py:4180} INFO - Setting next_dagrun for team_pipeline_dag to 2026-06-25 00:00:00+00:00, run_after=2026-06-26 00:00:00+00:00
[2026-06-25T03:22:18.415+0000] {processor.py:208} INFO - Processing /opt/airflow/dags/team_pipeline_dag.py took 1.169 seconds
[2026-06-25T03:22:49.733+0000] {processor.py:186} INFO - Started process (PID=19495) to work on /opt/airflow/dags/team_pipeline_dag.py
[2026-06-25T03:22:49.736+0000] {processor.py:914} INFO - Processing file /opt/airflow/dags/team_pipeline_dag.py for tasks to queue
[2026-06-25T03:22:49.740+0000] {logging_mixin.py:190} INFO - [2026-06-25T03:22:49.739+0000] {dagbag.py:588} INFO - Filling up the DagBag from /opt/airflow/dags/team_pipeline_dag.py
[2026-06-25T03:22:50.792+0000] {processor.py:925} INFO - DAG(s) 'team_pipeline_dag' retrieved from /opt/airflow/dags/team_pipeline_dag.py
[2026-06-25T03:22:50.810+0000] {logging_mixin.py:190} INFO - [2026-06-25T03:22:50.809+0000] {dag.py:3239} INFO - Sync 1 DAGs
[2026-06-25T03:22:50.828+0000] {logging_mixin.py:190} INFO - [2026-06-25T03:22:50.828+0000] {dag.py:4180} INFO - Setting next_dagrun for team_pipeline_dag to 2026-06-25 00:00:00+00:00, run_after=2026-06-26 00:00:00+00:00
[2026-06-25T03:22:50.856+0000] {processor.py:208} INFO - Processing /opt/airflow/dags/team_pipeline_dag.py took 1.134 seconds
[2026-06-25T03:23:22.554+0000] {processor.py:186} INFO - Started process (PID=19512) to work on /opt/airflow/dags/team_pipeline_dag.py
[2026-06-25T03:23:22.556+0000] {processor.py:914} INFO - Processing file /opt/airflow/dags/team_pipeline_dag.py for tasks to queue
[2026-06-25T03:23:22.558+0000] {logging_mixin.py:190} INFO - [2026-06-25T03:23:22.558+0000] {dagbag.py:588} INFO - Filling up the DagBag from /opt/airflow/dags/team_pipeline_dag.py
[2026-06-25T03:23:23.470+0000] {processor.py:925} INFO - DAG(s) 'team_pipeline_dag' retrieved from /opt/airflow/dags/team_pipeline_dag.py
[2026-06-25T03:23:23.488+0000] {logging_mixin.py:190} INFO - [2026-06-25T03:23:23.487+0000] {dag.py:3239} INFO - Sync 1 DAGs
[2026-06-25T03:23:23.518+0000] {logging_mixin.py:190} INFO - [2026-06-25T03:23:23.518+0000] {dag.py:4180} INFO - Setting next_dagrun for team_pipeline_dag to 2026-06-25 00:00:00+00:00, run_after=2026-06-26 00:00:00+00:00
[2026-06-25T03:23:23.558+0000] {processor.py:208} INFO - Processing /opt/airflow/dags/team_pipeline_dag.py took 1.010 seconds
[2026-06-25T03:23:55.277+0000] {processor.py:186} INFO - Started process (PID=19529) to work on /opt/airflow/dags/team_pipeline_dag.py
[2026-06-25T03:23:55.280+0000] {processor.py:914} INFO - Processing file /opt/airflow/dags/team_pipeline_dag.py for tasks to queue
[2026-06-25T03:23:55.283+0000] {logging_mixin.py:190} INFO - [2026-06-25T03:23:55.283+0000] {dagbag.py:588} INFO - Filling up the DagBag from /opt/airflow/dags/team_pipeline_dag.py
[2026-06-25T03:23:56.273+0000] {processor.py:925} INFO - DAG(s) 'team_pipeline_dag' retrieved from /opt/airflow/dags/team_pipeline_dag.py
[2026-06-25T03:23:56.352+0000] {logging_mixin.py:190} INFO - [2026-06-25T03:23:56.351+0000] {dag.py:3239} INFO - Sync 1 DAGs
[2026-06-25T03:23:56.370+0000] {logging_mixin.py:190} INFO - [2026-06-25T03:23:56.370+0000] {dag.py:4180} INFO - Setting next_dagrun for team_pipeline_dag to 2026-06-25 00:00:00+00:00, run_after=2026-06-26 00:00:00+00:00
[2026-06-25T03:23:56.401+0000] {processor.py:208} INFO - Processing /opt/airflow/dags/team_pipeline_dag.py took 1.131 seconds
[2026-06-25T03:24:27.886+0000] {processor.py:186} INFO - Started process (PID=19546) to work on /opt/airflow/dags/team_pipeline_dag.py
[2026-06-25T03:24:27.888+0000] {processor.py:914} INFO - Processing file /opt/airflow/dags/team_pipeline_dag.py for tasks to queue
[2026-06-25T03:24:27.891+0000] {logging_mixin.py:190} INFO - [2026-06-25T03:24:27.890+0000] {dagbag.py:588} INFO - Filling up the DagBag from /opt/airflow/dags/team_pipeline_dag.py
[2026-06-25T03:24:28.990+0000] {processor.py:925} INFO - DAG(s) 'team_pipeline_dag' retrieved from /opt/airflow/dags/team_pipeline_dag.py
[2026-06-25T03:24:29.012+0000] {logging_mixin.py:190} INFO - [2026-06-25T03:24:29.011+0000] {dag.py:3239} INFO - Sync 1 DAGs
[2026-06-25T03:24:29.035+0000] {logging_mixin.py:190} INFO - [2026-06-25T03:24:29.034+0000] {dag.py:4180} INFO - Setting next_dagrun for team_pipeline_dag to 2026-06-25 00:00:00+00:00, run_after=2026-06-26 00:00:00+00:00
[2026-06-25T03:24:29.062+0000] {processor.py:208} INFO - Processing /opt/airflow/dags/team_pipeline_dag.py took 1.182 seconds
[2026-06-25T03:25:00.335+0000] {processor.py:186} INFO - Started process (PID=19563) to work on /opt/airflow/dags/team_pipeline_dag.py
[2026-06-25T03:25:00.338+0000] {processor.py:914} INFO - Processing file /opt/airflow/dags/team_pipeline_dag.py for tasks to queue
[2026-06-25T03:25:00.340+0000] {logging_mixin.py:190} INFO - [2026-06-25T03:25:00.339+0000] {dagbag.py:588} INFO - Filling up the DagBag from /opt/airflow/dags/team_pipeline_dag.py
[2026-06-25T03:25:01.376+0000] {processor.py:925} INFO - DAG(s) 'team_pipeline_dag' retrieved from /opt/airflow/dags/team_pipeline_dag.py
[2026-06-25T03:25:01.395+0000] {logging_mixin.py:190} INFO - [2026-06-25T03:25:01.395+0000] {dag.py:3239} INFO - Sync 1 DAGs
[2026-06-25T03:25:01.417+0000] {logging_mixin.py:190} INFO - [2026-06-25T03:25:01.417+0000] {dag.py:4180} INFO - Setting next_dagrun for team_pipeline_dag to 2026-06-25 00:00:00+00:00, run_after=2026-06-26 00:00:00+00:00
[2026-06-25T03:25:01.442+0000] {processor.py:208} INFO - Processing /opt/airflow/dags/team_pipeline_dag.py took 1.114 seconds
[2026-06-25T03:25:33.451+0000] {processor.py:186} INFO - Started process (PID=19580) to work on /opt/airflow/dags/team_pipeline_dag.py
[2026-06-25T03:25:33.454+0000] {processor.py:914} INFO - Processing file /opt/airflow/dags/team_pipeline_dag.py for tasks to queue
[2026-06-25T03:25:33.458+0000] {logging_mixin.py:190} INFO - [2026-06-25T03:25:33.457+0000] {dagbag.py:588} INFO - Filling up the DagBag from /opt/airflow/dags/team_pipeline_dag.py
[2026-06-25T03:25:34.598+0000] {processor.py:925} INFO - DAG(s) 'team_pipeline_dag' retrieved from /opt/airflow/dags/team_pipeline_dag.py
[2026-06-25T03:25:34.619+0000] {logging_mixin.py:190} INFO - [2026-06-25T03:25:34.618+0000] {dag.py:3239} INFO - Sync 1 DAGs
[2026-06-25T03:25:34.645+0000] {logging_mixin.py:190} INFO - [2026-06-25T03:25:34.644+0000] {dag.py:4180} INFO - Setting next_dagrun for team_pipeline_dag to 2026-06-25 00:00:00+00:00, run_after=2026-06-26 00:00:00+00:00
[2026-06-25T03:25:34.677+0000] {processor.py:208} INFO - Processing /opt/airflow/dags/team_pipeline_dag.py took 1.234 seconds
[2026-06-25T03:26:07.783+0000] {processor.py:186} INFO - Started process (PID=19597) to work on /opt/airflow/dags/team_pipeline_dag.py
[2026-06-25T03:26:07.786+0000] {processor.py:914} INFO - Processing file /opt/airflow/dags/team_pipeline_dag.py for tasks to queue
[2026-06-25T03:26:07.790+0000] {logging_mixin.py:190} INFO - [2026-06-25T03:26:07.789+0000] {dagbag.py:588} INFO - Filling up the DagBag from /opt/airflow/dags/team_pipeline_dag.py
[2026-06-25T03:26:09.188+0000] {processor.py:925} INFO - DAG(s) 'team_pipeline_dag' retrieved from /opt/airflow/dags/team_pipeline_dag.py
[2026-06-25T03:26:09.210+0000] {logging_mixin.py:190} INFO - [2026-06-25T03:26:09.209+0000] {dag.py:3239} INFO - Sync 1 DAGs
[2026-06-25T03:26:09.228+0000] {logging_mixin.py:190} INFO - [2026-06-25T03:26:09.228+0000] {dag.py:4180} INFO - Setting next_dagrun for team_pipeline_dag to 2026-06-25 00:00:00+00:00, run_after=2026-06-26 00:00:00+00:00
[2026-06-25T03:26:09.260+0000] {processor.py:208} INFO - Processing /opt/airflow/dags/team_pipeline_dag.py took 1.486 seconds
[2026-06-25T03:26:40.077+0000] {processor.py:186} INFO - Started process (PID=19614) to work on /opt/airflow/dags/team_pipeline_dag.py
[2026-06-25T03:26:40.080+0000] {processor.py:914} INFO - Processing file /opt/airflow/dags/team_pipeline_dag.py for tasks to queue
[2026-06-25T03:26:40.082+0000] {logging_mixin.py:190} INFO - [2026-06-25T03:26:40.082+0000] {dagbag.py:588} INFO - Filling up the DagBag from /opt/airflow/dags/team_pipeline_dag.py
[2026-06-25T03:26:41.078+0000] {processor.py:925} INFO - DAG(s) 'team_pipeline_dag' retrieved from /opt/airflow/dags/team_pipeline_dag.py
[2026-06-25T03:26:41.096+0000] {logging_mixin.py:190} INFO - [2026-06-25T03:26:41.095+0000] {dag.py:3239} INFO - Sync 1 DAGs
[2026-06-25T03:26:41.115+0000] {logging_mixin.py:190} INFO - [2026-06-25T03:26:41.115+0000] {dag.py:4180} INFO - Setting next_dagrun for team_pipeline_dag to 2026-06-25 00:00:00+00:00, run_after=2026-06-26 00:00:00+00:00
[2026-06-25T03:26:41.145+0000] {processor.py:208} INFO - Processing /opt/airflow/dags/team_pipeline_dag.py took 1.075 seconds
[2026-06-25T03:27:11.276+0000] {processor.py:186} INFO - Started process (PID=19631) to work on /opt/airflow/dags/team_pipeline_dag.py
[2026-06-25T03:27:11.278+0000] {processor.py:914} INFO - Processing file /opt/airflow/dags/team_pipeline_dag.py for tasks to queue
[2026-06-25T03:27:11.281+0000] {logging_mixin.py:190} INFO - [2026-06-25T03:27:11.280+0000] {dagbag.py:588} INFO - Filling up the DagBag from /opt/airflow/dags/team_pipeline_dag.py
[2026-06-25T03:27:12.163+0000] {processor.py:925} INFO - DAG(s) 'team_pipeline_dag' retrieved from /opt/airflow/dags/team_pipeline_dag.py
[2026-06-25T03:27:12.184+0000] {logging_mixin.py:190} INFO - [2026-06-25T03:27:12.183+0000] {dag.py:3239} INFO - Sync 1 DAGs
[2026-06-25T03:27:12.205+0000] {logging_mixin.py:190} INFO - [2026-06-25T03:27:12.205+0000] {dag.py:4180} INFO - Setting next_dagrun for team_pipeline_dag to 2026-06-25 00:00:00+00:00, run_after=2026-06-26 00:00:00+00:00
[2026-06-25T03:27:12.229+0000] {processor.py:208} INFO - Processing /opt/airflow/dags/team_pipeline_dag.py took 0.959 seconds
[2026-06-25T03:27:42.755+0000] {processor.py:186} INFO - Started process (PID=19648) to work on /opt/airflow/dags/team_pipeline_dag.py
[2026-06-25T03:27:42.758+0000] {processor.py:914} INFO - Processing file /opt/airflow/dags/team_pipeline_dag.py for tasks to queue
[2026-06-25T03:27:42.761+0000] {logging_mixin.py:190} INFO - [2026-06-25T03:27:42.761+0000] {dagbag.py:588} INFO - Filling up the DagBag from /opt/airflow/dags/team_pipeline_dag.py
[2026-06-25T03:27:43.775+0000] {processor.py:925} INFO - DAG(s) 'team_pipeline_dag' retrieved from /opt/airflow/dags/team_pipeline_dag.py
[2026-06-25T03:27:43.794+0000] {logging_mixin.py:190} INFO - [2026-06-25T03:27:43.794+0000] {dag.py:3239} INFO - Sync 1 DAGs
[2026-06-25T03:27:43.812+0000] {logging_mixin.py:190} INFO - [2026-06-25T03:27:43.812+0000] {dag.py:4180} INFO - Setting next_dagrun for team_pipeline_dag to 2026-06-25 00:00:00+00:00, run_after=2026-06-26 00:00:00+00:00
[2026-06-25T03:27:43.832+0000] {processor.py:208} INFO - Processing /opt/airflow/dags/team_pipeline_dag.py took 1.086 seconds
[2026-06-25T03:28:14.669+0000] {processor.py:186} INFO - Started process (PID=19665) to work on /opt/airflow/dags/team_pipeline_dag.py
[2026-06-25T03:28:14.672+0000] {processor.py:914} INFO - Processing file /opt/airflow/dags/team_pipeline_dag.py for tasks to queue
[2026-06-25T03:28:14.674+0000] {logging_mixin.py:190} INFO - [2026-06-25T03:28:14.673+0000] {dagbag.py:588} INFO - Filling up the DagBag from /opt/airflow/dags/team_pipeline_dag.py
[2026-06-25T03:28:15.574+0000] {processor.py:925} INFO - DAG(s) 'team_pipeline_dag' retrieved from /opt/airflow/dags/team_pipeline_dag.py
[2026-06-25T03:28:15.590+0000] {logging_mixin.py:190} INFO - [2026-06-25T03:28:15.589+0000] {dag.py:3239} INFO - Sync 1 DAGs
[2026-06-25T03:28:15.606+0000] {logging_mixin.py:190} INFO - [2026-06-25T03:28:15.606+0000] {dag.py:4180} INFO - Setting next_dagrun for team_pipeline_dag to 2026-06-25 00:00:00+00:00, run_after=2026-06-26 00:00:00+00:00
[2026-06-25T03:28:15.627+0000] {processor.py:208} INFO - Processing /opt/airflow/dags/team_pipeline_dag.py took 0.963 seconds
[2026-06-25T03:28:47.034+0000] {processor.py:186} INFO - Started process (PID=19682) to work on /opt/airflow/dags/team_pipeline_dag.py
[2026-06-25T03:28:47.037+0000] {processor.py:914} INFO - Processing file /opt/airflow/dags/team_pipeline_dag.py for tasks to queue
[2026-06-25T03:28:47.041+0000] {logging_mixin.py:190} INFO - [2026-06-25T03:28:47.040+0000] {dagbag.py:588} INFO - Filling up the DagBag from /opt/airflow/dags/team_pipeline_dag.py
[2026-06-25T03:28:48.032+0000] {processor.py:925} INFO - DAG(s) 'team_pipeline_dag' retrieved from /opt/airflow/dags/team_pipeline_dag.py
[2026-06-25T03:28:48.046+0000] {logging_mixin.py:190} INFO - [2026-06-25T03:28:48.046+0000] {dag.py:3239} INFO - Sync 1 DAGs
[2026-06-25T03:28:48.063+0000] {logging_mixin.py:190} INFO - [2026-06-25T03:28:48.062+0000] {dag.py:4180} INFO - Setting next_dagrun for team_pipeline_dag to 2026-06-25 00:00:00+00:00, run_after=2026-06-26 00:00:00+00:00
[2026-06-25T03:28:48.082+0000] {processor.py:208} INFO - Processing /opt/airflow/dags/team_pipeline_dag.py took 1.054 seconds
[2026-06-25T03:29:19.311+0000] {processor.py:186} INFO - Started process (PID=19699) to work on /opt/airflow/dags/team_pipeline_dag.py
[2026-06-25T03:29:19.313+0000] {processor.py:914} INFO - Processing file /opt/airflow/dags/team_pipeline_dag.py for tasks to queue
[2026-06-25T03:29:19.315+0000] {logging_mixin.py:190} INFO - [2026-06-25T03:29:19.315+0000] {dagbag.py:588} INFO - Filling up the DagBag from /opt/airflow/dags/team_pipeline_dag.py
[2026-06-25T03:29:20.234+0000] {processor.py:925} INFO - DAG(s) 'team_pipeline_dag' retrieved from /opt/airflow/dags/team_pipeline_dag.py
[2026-06-25T03:29:20.251+0000] {logging_mixin.py:190} INFO - [2026-06-25T03:29:20.250+0000] {dag.py:3239} INFO - Sync 1 DAGs
[2026-06-25T03:29:20.274+0000] {logging_mixin.py:190} INFO - [2026-06-25T03:29:20.274+0000] {dag.py:4180} INFO - Setting next_dagrun for team_pipeline_dag to 2026-06-25 00:00:00+00:00, run_after=2026-06-26 00:00:00+00:00
[2026-06-25T03:29:20.300+0000] {processor.py:208} INFO - Processing /opt/airflow/dags/team_pipeline_dag.py took 0.996 seconds
[2026-06-25T03:29:51.642+0000] {processor.py:186} INFO - Started process (PID=19716) to work on /opt/airflow/dags/team_pipeline_dag.py
[2026-06-25T03:29:51.643+0000] {processor.py:914} INFO - Processing file /opt/airflow/dags/team_pipeline_dag.py for tasks to queue
[2026-06-25T03:29:51.645+0000] {logging_mixin.py:190} INFO - [2026-06-25T03:29:51.645+0000] {dagbag.py:588} INFO - Filling up the DagBag from /opt/airflow/dags/team_pipeline_dag.py
[2026-06-25T03:29:52.548+0000] {processor.py:925} INFO - DAG(s) 'team_pipeline_dag' retrieved from /opt/airflow/dags/team_pipeline_dag.py
[2026-06-25T03:29:52.564+0000] {logging_mixin.py:190} INFO - [2026-06-25T03:29:52.564+0000] {dag.py:3239} INFO - Sync 1 DAGs
[2026-06-25T03:29:52.580+0000] {logging_mixin.py:190} INFO - [2026-06-25T03:29:52.579+0000] {dag.py:4180} INFO - Setting next_dagrun for team_pipeline_dag to 2026-06-25 00:00:00+00:00, run_after=2026-06-26 00:00:00+00:00
[2026-06-25T03:29:52.598+0000] {processor.py:208} INFO - Processing /opt/airflow/dags/team_pipeline_dag.py took 0.963 seconds
[2026-06-25T03:30:24.027+0000] {processor.py:186} INFO - Started process (PID=19733) to work on /opt/airflow/dags/team_pipeline_dag.py
[2026-06-25T03:30:24.029+0000] {processor.py:914} INFO - Processing file /opt/airflow/dags/team_pipeline_dag.py for tasks to queue
[2026-06-25T03:30:24.031+0000] {logging_mixin.py:190} INFO - [2026-06-25T03:30:24.031+0000] {dagbag.py:588} INFO - Filling up the DagBag from /opt/airflow/dags/team_pipeline_dag.py
[2026-06-25T03:30:24.914+0000] {processor.py:925} INFO - DAG(s) 'team_pipeline_dag' retrieved from /opt/airflow/dags/team_pipeline_dag.py
[2026-06-25T03:30:24.929+0000] {logging_mixin.py:190} INFO - [2026-06-25T03:30:24.928+0000] {dag.py:3239} INFO - Sync 1 DAGs
[2026-06-25T03:30:24.944+0000] {logging_mixin.py:190} INFO - [2026-06-25T03:30:24.944+0000] {dag.py:4180} INFO - Setting next_dagrun for team_pipeline_dag to 2026-06-25 00:00:00+00:00, run_after=2026-06-26 00:00:00+00:00
[2026-06-25T03:30:24.972+0000] {processor.py:208} INFO - Processing /opt/airflow/dags/team_pipeline_dag.py took 0.950 seconds
[2026-06-25T03:30:57.119+0000] {processor.py:186} INFO - Started process (PID=19750) to work on /opt/airflow/dags/team_pipeline_dag.py
[2026-06-25T03:30:57.122+0000] {processor.py:914} INFO - Processing file /opt/airflow/dags/team_pipeline_dag.py for tasks to queue
[2026-06-25T03:30:57.124+0000] {logging_mixin.py:190} INFO - [2026-06-25T03:30:57.124+0000] {dagbag.py:588} INFO - Filling up the DagBag from /opt/airflow/dags/team_pipeline_dag.py
[2026-06-25T03:30:58.204+0000] {processor.py:925} INFO - DAG(s) 'team_pipeline_dag' retrieved from /opt/airflow/dags/team_pipeline_dag.py
[2026-06-25T03:30:58.224+0000] {logging_mixin.py:190} INFO - [2026-06-25T03:30:58.223+0000] {dag.py:3239} INFO - Sync 1 DAGs
[2026-06-25T03:30:58.240+0000] {logging_mixin.py:190} INFO - [2026-06-25T03:30:58.239+0000] {dag.py:4180} INFO - Setting next_dagrun for team_pipeline_dag to 2026-06-25 00:00:00+00:00, run_after=2026-06-26 00:00:00+00:00
[2026-06-25T03:30:58.259+0000] {processor.py:208} INFO - Processing /opt/airflow/dags/team_pipeline_dag.py took 1.147 seconds
[2026-06-25T03:31:29.704+0000] {processor.py:186} INFO - Started process (PID=19767) to work on /opt/airflow/dags/team_pipeline_dag.py
[2026-06-25T03:31:29.707+0000] {processor.py:914} INFO - Processing file /opt/airflow/dags/team_pipeline_dag.py for tasks to queue
[2026-06-25T03:31:29.710+0000] {logging_mixin.py:190} INFO - [2026-06-25T03:31:29.709+0000] {dagbag.py:588} INFO - Filling up the DagBag from /opt/airflow/dags/team_pipeline_dag.py
[2026-06-25T03:31:30.708+0000] {processor.py:925} INFO - DAG(s) 'team_pipeline_dag' retrieved from /opt/airflow/dags/team_pipeline_dag.py
[2026-06-25T03:31:30.724+0000] {logging_mixin.py:190} INFO - [2026-06-25T03:31:30.724+0000] {dag.py:3239} INFO - Sync 1 DAGs
[2026-06-25T03:31:30.747+0000] {logging_mixin.py:190} INFO - [2026-06-25T03:31:30.747+0000] {dag.py:4180} INFO - Setting next_dagrun for team_pipeline_dag to 2026-06-25 00:00:00+00:00, run_after=2026-06-26 00:00:00+00:00
[2026-06-25T03:31:30.776+0000] {processor.py:208} INFO - Processing /opt/airflow/dags/team_pipeline_dag.py took 1.078 seconds
[2026-06-25T03:32:02.311+0000] {processor.py:186} INFO - Started process (PID=19784) to work on /opt/airflow/dags/team_pipeline_dag.py
[2026-06-25T03:32:02.313+0000] {processor.py:914} INFO - Processing file /opt/airflow/dags/team_pipeline_dag.py for tasks to queue
[2026-06-25T03:32:02.315+0000] {logging_mixin.py:190} INFO - [2026-06-25T03:32:02.314+0000] {dagbag.py:588} INFO - Filling up the DagBag from /opt/airflow/dags/team_pipeline_dag.py
[2026-06-25T03:32:03.324+0000] {processor.py:925} INFO - DAG(s) 'team_pipeline_dag' retrieved from /opt/airflow/dags/team_pipeline_dag.py
[2026-06-25T03:32:03.341+0000] {logging_mixin.py:190} INFO - [2026-06-25T03:32:03.341+0000] {dag.py:3239} INFO - Sync 1 DAGs
[2026-06-25T03:32:03.357+0000] {logging_mixin.py:190} INFO - [2026-06-25T03:32:03.357+0000] {dag.py:4180} INFO - Setting next_dagrun for team_pipeline_dag to 2026-06-25 00:00:00+00:00, run_after=2026-06-26 00:00:00+00:00
[2026-06-25T03:32:03.382+0000] {processor.py:208} INFO - Processing /opt/airflow/dags/team_pipeline_dag.py took 1.077 seconds
[2026-06-25T03:32:34.539+0000] {processor.py:186} INFO - Started process (PID=19801) to work on /opt/airflow/dags/team_pipeline_dag.py
[2026-06-25T03:32:34.541+0000] {processor.py:914} INFO - Processing file /opt/airflow/dags/team_pipeline_dag.py for tasks to queue
[2026-06-25T03:32:34.544+0000] {logging_mixin.py:190} INFO - [2026-06-25T03:32:34.543+0000] {dagbag.py:588} INFO - Filling up the DagBag from /opt/airflow/dags/team_pipeline_dag.py
[2026-06-25T03:32:35.553+0000] {processor.py:925} INFO - DAG(s) 'team_pipeline_dag' retrieved from /opt/airflow/dags/team_pipeline_dag.py
[2026-06-25T03:32:35.570+0000] {logging_mixin.py:190} INFO - [2026-06-25T03:32:35.570+0000] {dag.py:3239} INFO - Sync 1 DAGs
[2026-06-25T03:32:35.587+0000] {logging_mixin.py:190} INFO - [2026-06-25T03:32:35.587+0000] {dag.py:4180} INFO - Setting next_dagrun for team_pipeline_dag to 2026-06-25 00:00:00+00:00, run_after=2026-06-26 00:00:00+00:00
[2026-06-25T03:32:35.610+0000] {processor.py:208} INFO - Processing /opt/airflow/dags/team_pipeline_dag.py took 1.077 seconds
[2026-06-25T03:33:07.412+0000] {processor.py:186} INFO - Started process (PID=19818) to work on /opt/airflow/dags/team_pipeline_dag.py
[2026-06-25T03:33:07.414+0000] {processor.py:914} INFO - Processing file /opt/airflow/dags/team_pipeline_dag.py for tasks to queue
[2026-06-25T03:33:07.417+0000] {logging_mixin.py:190} INFO - [2026-06-25T03:33:07.416+0000] {dagbag.py:588} INFO - Filling up the DagBag from /opt/airflow/dags/team_pipeline_dag.py
[2026-06-25T03:33:08.495+0000] {processor.py:925} INFO - DAG(s) 'team_pipeline_dag' retrieved from /opt/airflow/dags/team_pipeline_dag.py
[2026-06-25T03:33:08.516+0000] {logging_mixin.py:190} INFO - [2026-06-25T03:33:08.515+0000] {dag.py:3239} INFO - Sync 1 DAGs
[2026-06-25T03:33:08.536+0000] {logging_mixin.py:190} INFO - [2026-06-25T03:33:08.536+0000] {dag.py:4180} INFO - Setting next_dagrun for team_pipeline_dag to 2026-06-25 00:00:00+00:00, run_after=2026-06-26 00:00:00+00:00
[2026-06-25T03:33:08.559+0000] {processor.py:208} INFO - Processing /opt/airflow/dags/team_pipeline_dag.py took 1.156 seconds
[2026-06-25T03:33:39.896+0000] {processor.py:186} INFO - Started process (PID=19835) to work on /opt/airflow/dags/team_pipeline_dag.py
[2026-06-25T03:33:39.898+0000] {processor.py:914} INFO - Processing file /opt/airflow/dags/team_pipeline_dag.py for tasks to queue
[2026-06-25T03:33:39.899+0000] {logging_mixin.py:190} INFO - [2026-06-25T03:33:39.899+0000] {dagbag.py:588} INFO - Filling up the DagBag from /opt/airflow/dags/team_pipeline_dag.py
[2026-06-25T03:33:40.789+0000] {processor.py:925} INFO - DAG(s) 'team_pipeline_dag' retrieved from /opt/airflow/dags/team_pipeline_dag.py
[2026-06-25T03:33:40.808+0000] {logging_mixin.py:190} INFO - [2026-06-25T03:33:40.807+0000] {dag.py:3239} INFO - Sync 1 DAGs
[2026-06-25T03:33:40.827+0000] {logging_mixin.py:190} INFO - [2026-06-25T03:33:40.826+0000] {dag.py:4180} INFO - Setting next_dagrun for team_pipeline_dag to 2026-06-25 00:00:00+00:00, run_after=2026-06-26 00:00:00+00:00
[2026-06-25T03:33:40.849+0000] {processor.py:208} INFO - Processing /opt/airflow/dags/team_pipeline_dag.py took 0.959 seconds
[2026-06-25T03:34:12.710+0000] {processor.py:186} INFO - Started process (PID=19852) to work on /opt/airflow/dags/team_pipeline_dag.py
[2026-06-25T03:34:12.713+0000] {processor.py:914} INFO - Processing file /opt/airflow/dags/team_pipeline_dag.py for tasks to queue
[2026-06-25T03:34:12.716+0000] {logging_mixin.py:190} INFO - [2026-06-25T03:34:12.716+0000] {dagbag.py:588} INFO - Filling up the DagBag from /opt/airflow/dags/team_pipeline_dag.py
[2026-06-25T03:34:13.941+0000] {processor.py:925} INFO - DAG(s) 'team_pipeline_dag' retrieved from /opt/airflow/dags/team_pipeline_dag.py
[2026-06-25T03:34:13.964+0000] {logging_mixin.py:190} INFO - [2026-06-25T03:34:13.964+0000] {dag.py:3239} INFO - Sync 1 DAGs
[2026-06-25T03:34:13.983+0000] {logging_mixin.py:190} INFO - [2026-06-25T03:34:13.983+0000] {dag.py:4180} INFO - Setting next_dagrun for team_pipeline_dag to 2026-06-25 00:00:00+00:00, run_after=2026-06-26 00:00:00+00:00
[2026-06-25T03:34:14.016+0000] {processor.py:208} INFO - Processing /opt/airflow/dags/team_pipeline_dag.py took 1.314 seconds
[2026-06-25T03:34:45.260+0000] {processor.py:186} INFO - Started process (PID=19869) to work on /opt/airflow/dags/team_pipeline_dag.py
[2026-06-25T03:34:45.262+0000] {processor.py:914} INFO - Processing file /opt/airflow/dags/team_pipeline_dag.py for tasks to queue
[2026-06-25T03:34:45.264+0000] {logging_mixin.py:190} INFO - [2026-06-25T03:34:45.264+0000] {dagbag.py:588} INFO - Filling up the DagBag from /opt/airflow/dags/team_pipeline_dag.py
[2026-06-25T03:34:46.391+0000] {processor.py:925} INFO - DAG(s) 'team_pipeline_dag' retrieved from /opt/airflow/dags/team_pipeline_dag.py
[2026-06-25T03:34:46.406+0000] {logging_mixin.py:190} INFO - [2026-06-25T03:34:46.405+0000] {dag.py:3239} INFO - Sync 1 DAGs
[2026-06-25T03:34:46.420+0000] {logging_mixin.py:190} INFO - [2026-06-25T03:34:46.419+0000] {dag.py:4180} INFO - Setting next_dagrun for team_pipeline_dag to 2026-06-25 00:00:00+00:00, run_after=2026-06-26 00:00:00+00:00
[2026-06-25T03:34:46.437+0000] {processor.py:208} INFO - Processing /opt/airflow/dags/team_pipeline_dag.py took 1.183 seconds
[2026-06-25T03:35:18.286+0000] {processor.py:186} INFO - Started process (PID=19886) to work on /opt/airflow/dags/team_pipeline_dag.py
[2026-06-25T03:35:18.288+0000] {processor.py:914} INFO - Processing file /opt/airflow/dags/team_pipeline_dag.py for tasks to queue
[2026-06-25T03:35:18.292+0000] {logging_mixin.py:190} INFO - [2026-06-25T03:35:18.291+0000] {dagbag.py:588} INFO - Filling up the DagBag from /opt/airflow/dags/team_pipeline_dag.py
[2026-06-25T03:35:19.475+0000] {processor.py:925} INFO - DAG(s) 'team_pipeline_dag' retrieved from /opt/airflow/dags/team_pipeline_dag.py
[2026-06-25T03:35:19.495+0000] {logging_mixin.py:190} INFO - [2026-06-25T03:35:19.494+0000] {dag.py:3239} INFO - Sync 1 DAGs
[2026-06-25T03:35:19.516+0000] {logging_mixin.py:190} INFO - [2026-06-25T03:35:19.516+0000] {dag.py:4180} INFO - Setting next_dagrun for team_pipeline_dag to 2026-06-25 00:00:00+00:00, run_after=2026-06-26 00:00:00+00:00
[2026-06-25T03:35:19.552+0000] {processor.py:208} INFO - Processing /opt/airflow/dags/team_pipeline_dag.py took 1.274 seconds
[2026-06-25T03:35:50.902+0000] {processor.py:186} INFO - Started process (PID=19903) to work on /opt/airflow/dags/team_pipeline_dag.py
[2026-06-25T03:35:50.904+0000] {processor.py:914} INFO - Processing file /opt/airflow/dags/team_pipeline_dag.py for tasks to queue
[2026-06-25T03:35:50.907+0000] {logging_mixin.py:190} INFO - [2026-06-25T03:35:50.906+0000] {dagbag.py:588} INFO - Filling up the DagBag from /opt/airflow/dags/team_pipeline_dag.py
[2026-06-25T03:35:51.947+0000] {processor.py:925} INFO - DAG(s) 'team_pipeline_dag' retrieved from /opt/airflow/dags/team_pipeline_dag.py
[2026-06-25T03:35:51.963+0000] {logging_mixin.py:190} INFO - [2026-06-25T03:35:51.963+0000] {dag.py:3239} INFO - Sync 1 DAGs
[2026-06-25T03:35:51.980+0000] {logging_mixin.py:190} INFO - [2026-06-25T03:35:51.980+0000] {dag.py:4180} INFO - Setting next_dagrun for team_pipeline_dag to 2026-06-25 00:00:00+00:00, run_after=2026-06-26 00:00:00+00:00
[2026-06-25T03:35:52.001+0000] {processor.py:208} INFO - Processing /opt/airflow/dags/team_pipeline_dag.py took 1.106 seconds
[2026-06-25T03:36:22.249+0000] {processor.py:186} INFO - Started process (PID=19920) to work on /opt/airflow/dags/team_pipeline_dag.py
[2026-06-25T03:36:22.251+0000] {processor.py:914} INFO - Processing file /opt/airflow/dags/team_pipeline_dag.py for tasks to queue
[2026-06-25T03:36:22.254+0000] {logging_mixin.py:190} INFO - [2026-06-25T03:36:22.253+0000] {dagbag.py:588} INFO - Filling up the DagBag from /opt/airflow/dags/team_pipeline_dag.py
[2026-06-25T03:36:23.181+0000] {processor.py:925} INFO - DAG(s) 'team_pipeline_dag' retrieved from /opt/airflow/dags/team_pipeline_dag.py
[2026-06-25T03:36:23.197+0000] {logging_mixin.py:190} INFO - [2026-06-25T03:36:23.197+0000] {dag.py:3239} INFO - Sync 1 DAGs
[2026-06-25T03:36:23.215+0000] {logging_mixin.py:190} INFO - [2026-06-25T03:36:23.215+0000] {dag.py:4180} INFO - Setting next_dagrun for team_pipeline_dag to 2026-06-25 00:00:00+00:00, run_after=2026-06-26 00:00:00+00:00
[2026-06-25T03:36:23.238+0000] {processor.py:208} INFO - Processing /opt/airflow/dags/team_pipeline_dag.py took 0.996 seconds
[2026-06-25T03:36:58.763+0000] {processor.py:186} INFO - Started process (PID=19937) to work on /opt/airflow/dags/team_pipeline_dag.py
[2026-06-25T03:36:58.765+0000] {processor.py:914} INFO - Processing file /opt/airflow/dags/team_pipeline_dag.py for tasks to queue
[2026-06-25T03:36:58.768+0000] {logging_mixin.py:190} INFO - [2026-06-25T03:36:58.768+0000] {dagbag.py:588} INFO - Filling up the DagBag from /opt/airflow/dags/team_pipeline_dag.py
[2026-06-25T03:36:59.922+0000] {processor.py:925} INFO - DAG(s) 'team_pipeline_dag' retrieved from /opt/airflow/dags/team_pipeline_dag.py
[2026-06-25T03:36:59.939+0000] {logging_mixin.py:190} INFO - [2026-06-25T03:36:59.939+0000] {dag.py:3239} INFO - Sync 1 DAGs
[2026-06-25T03:36:59.957+0000] {logging_mixin.py:190} INFO - [2026-06-25T03:36:59.956+0000] {dag.py:4180} INFO - Setting next_dagrun for team_pipeline_dag to 2026-06-25 00:00:00+00:00, run_after=2026-06-26 00:00:00+00:00
[2026-06-25T03:36:59.976+0000] {processor.py:208} INFO - Processing /opt/airflow/dags/team_pipeline_dag.py took 1.222 seconds
[2026-06-25T03:37:31.061+0000] {processor.py:186} INFO - Started process (PID=19954) to work on /opt/airflow/dags/team_pipeline_dag.py
[2026-06-25T03:37:31.063+0000] {processor.py:914} INFO - Processing file /opt/airflow/dags/team_pipeline_dag.py for tasks to queue
[2026-06-25T03:37:31.067+0000] {logging_mixin.py:190} INFO - [2026-06-25T03:37:31.065+0000] {dagbag.py:588} INFO - Filling up the DagBag from /opt/airflow/dags/team_pipeline_dag.py
[2026-06-25T03:37:32.120+0000] {processor.py:925} INFO - DAG(s) 'team_pipeline_dag' retrieved from /opt/airflow/dags/team_pipeline_dag.py
[2026-06-25T03:37:32.138+0000] {logging_mixin.py:190} INFO - [2026-06-25T03:37:32.138+0000] {dag.py:3239} INFO - Sync 1 DAGs
[2026-06-25T03:37:32.158+0000] {logging_mixin.py:190} INFO - [2026-06-25T03:37:32.158+0000] {dag.py:4180} INFO - Setting next_dagrun for team_pipeline_dag to 2026-06-25 00:00:00+00:00, run_after=2026-06-26 00:00:00+00:00
[2026-06-25T03:37:32.181+0000] {processor.py:208} INFO - Processing /opt/airflow/dags/team_pipeline_dag.py took 1.127 seconds
[2026-06-25T03:38:02.541+0000] {processor.py:186} INFO - Started process (PID=19971) to work on /opt/airflow/dags/team_pipeline_dag.py
[2026-06-25T03:38:02.543+0000] {processor.py:914} INFO - Processing file /opt/airflow/dags/team_pipeline_dag.py for tasks to queue
[2026-06-25T03:38:02.546+0000] {logging_mixin.py:190} INFO - [2026-06-25T03:38:02.546+0000] {dagbag.py:588} INFO - Filling up the DagBag from /opt/airflow/dags/team_pipeline_dag.py
[2026-06-25T03:38:03.676+0000] {processor.py:925} INFO - DAG(s) 'team_pipeline_dag' retrieved from /opt/airflow/dags/team_pipeline_dag.py
[2026-06-25T03:38:03.695+0000] {logging_mixin.py:190} INFO - [2026-06-25T03:38:03.694+0000] {dag.py:3239} INFO - Sync 1 DAGs
[2026-06-25T03:38:03.712+0000] {logging_mixin.py:190} INFO - [2026-06-25T03:38:03.712+0000] {dag.py:4180} INFO - Setting next_dagrun for team_pipeline_dag to 2026-06-25 00:00:00+00:00, run_after=2026-06-26 00:00:00+00:00
[2026-06-25T03:38:03.736+0000] {processor.py:208} INFO - Processing /opt/airflow/dags/team_pipeline_dag.py took 1.203 seconds
[2026-06-25T03:38:35.379+0000] {processor.py:186} INFO - Started process (PID=19988) to work on /opt/airflow/dags/team_pipeline_dag.py
[2026-06-25T03:38:35.381+0000] {processor.py:914} INFO - Processing file /opt/airflow/dags/team_pipeline_dag.py for tasks to queue
[2026-06-25T03:38:35.385+0000] {logging_mixin.py:190} INFO - [2026-06-25T03:38:35.384+0000] {dagbag.py:588} INFO - Filling up the DagBag from /opt/airflow/dags/team_pipeline_dag.py
[2026-06-25T03:38:36.431+0000] {processor.py:925} INFO - DAG(s) 'team_pipeline_dag' retrieved from /opt/airflow/dags/team_pipeline_dag.py
[2026-06-25T03:38:36.449+0000] {logging_mixin.py:190} INFO - [2026-06-25T03:38:36.448+0000] {dag.py:3239} INFO - Sync 1 DAGs
[2026-06-25T03:38:36.479+0000] {logging_mixin.py:190} INFO - [2026-06-25T03:38:36.478+0000] {dag.py:4180} INFO - Setting next_dagrun for team_pipeline_dag to 2026-06-25 00:00:00+00:00, run_after=2026-06-26 00:00:00+00:00
[2026-06-25T03:38:36.511+0000] {processor.py:208} INFO - Processing /opt/airflow/dags/team_pipeline_dag.py took 1.139 seconds
[2026-06-25T03:39:08.008+0000] {processor.py:186} INFO - Started process (PID=20005) to work on /opt/airflow/dags/team_pipeline_dag.py
[2026-06-25T03:39:08.010+0000] {processor.py:914} INFO - Processing file /opt/airflow/dags/team_pipeline_dag.py for tasks to queue
[2026-06-25T03:39:08.013+0000] {logging_mixin.py:190} INFO - [2026-06-25T03:39:08.013+0000] {dagbag.py:588} INFO - Filling up the DagBag from /opt/airflow/dags/team_pipeline_dag.py
[2026-06-25T03:39:09.125+0000] {processor.py:925} INFO - DAG(s) 'team_pipeline_dag' retrieved from /opt/airflow/dags/team_pipeline_dag.py
[2026-06-25T03:39:09.151+0000] {logging_mixin.py:190} INFO - [2026-06-25T03:39:09.151+0000] {dag.py:3239} INFO - Sync 1 DAGs
[2026-06-25T03:39:09.171+0000] {logging_mixin.py:190} INFO - [2026-06-25T03:39:09.170+0000] {dag.py:4180} INFO - Setting next_dagrun for team_pipeline_dag to 2026-06-25 00:00:00+00:00, run_after=2026-06-26 00:00:00+00:00
[2026-06-25T03:39:09.192+0000] {processor.py:208} INFO - Processing /opt/airflow/dags/team_pipeline_dag.py took 1.191 seconds
[2026-06-25T03:39:41.225+0000] {processor.py:186} INFO - Started process (PID=20022) to work on /opt/airflow/dags/team_pipeline_dag.py
[2026-06-25T03:39:41.228+0000] {processor.py:914} INFO - Processing file /opt/airflow/dags/team_pipeline_dag.py for tasks to queue
[2026-06-25T03:39:41.231+0000] {logging_mixin.py:190} INFO - [2026-06-25T03:39:41.230+0000] {dagbag.py:588} INFO - Filling up the DagBag from /opt/airflow/dags/team_pipeline_dag.py
[2026-06-25T03:39:42.432+0000] {processor.py:925} INFO - DAG(s) 'team_pipeline_dag' retrieved from /opt/airflow/dags/team_pipeline_dag.py
[2026-06-25T03:39:42.452+0000] {logging_mixin.py:190} INFO - [2026-06-25T03:39:42.451+0000] {dag.py:3239} INFO - Sync 1 DAGs
[2026-06-25T03:39:42.470+0000] {logging_mixin.py:190} INFO - [2026-06-25T03:39:42.470+0000] {dag.py:4180} INFO - Setting next_dagrun for team_pipeline_dag to 2026-06-25 00:00:00+00:00, run_after=2026-06-26 00:00:00+00:00
[2026-06-25T03:39:42.492+0000] {processor.py:208} INFO - Processing /opt/airflow/dags/team_pipeline_dag.py took 1.274 seconds
[2026-06-25T03:40:13.735+0000] {processor.py:186} INFO - Started process (PID=20039) to work on /opt/airflow/dags/team_pipeline_dag.py
[2026-06-25T03:40:13.737+0000] {processor.py:914} INFO - Processing file /opt/airflow/dags/team_pipeline_dag.py for tasks to queue
[2026-06-25T03:40:13.741+0000] {logging_mixin.py:190} INFO - [2026-06-25T03:40:13.740+0000] {dagbag.py:588} INFO - Filling up the DagBag from /opt/airflow/dags/team_pipeline_dag.py
[2026-06-25T03:40:14.961+0000] {processor.py:925} INFO - DAG(s) 'team_pipeline_dag' retrieved from /opt/airflow/dags/team_pipeline_dag.py
[2026-06-25T03:40:14.982+0000] {logging_mixin.py:190} INFO - [2026-06-25T03:40:14.982+0000] {dag.py:3239} INFO - Sync 1 DAGs
[2026-06-25T03:40:15.005+0000] {logging_mixin.py:190} INFO - [2026-06-25T03:40:15.005+0000] {dag.py:4180} INFO - Setting next_dagrun for team_pipeline_dag to 2026-06-25 00:00:00+00:00, run_after=2026-06-26 00:00:00+00:00
[2026-06-25T03:40:15.029+0000] {processor.py:208} INFO - Processing /opt/airflow/dags/team_pipeline_dag.py took 1.305 seconds
[2026-06-25T03:40:45.926+0000] {processor.py:186} INFO - Started process (PID=20056) to work on /opt/airflow/dags/team_pipeline_dag.py
[2026-06-25T03:40:45.928+0000] {processor.py:914} INFO - Processing file /opt/airflow/dags/team_pipeline_dag.py for tasks to queue
[2026-06-25T03:40:45.930+0000] {logging_mixin.py:190} INFO - [2026-06-25T03:40:45.930+0000] {dagbag.py:588} INFO - Filling up the DagBag from /opt/airflow/dags/team_pipeline_dag.py
[2026-06-25T03:40:46.999+0000] {processor.py:925} INFO - DAG(s) 'team_pipeline_dag' retrieved from /opt/airflow/dags/team_pipeline_dag.py
[2026-06-25T03:40:47.020+0000] {logging_mixin.py:190} INFO - [2026-06-25T03:40:47.020+0000] {dag.py:3239} INFO - Sync 1 DAGs
[2026-06-25T03:40:47.038+0000] {logging_mixin.py:190} INFO - [2026-06-25T03:40:47.038+0000] {dag.py:4180} INFO - Setting next_dagrun for team_pipeline_dag to 2026-06-25 00:00:00+00:00, run_after=2026-06-26 00:00:00+00:00
[2026-06-25T03:40:47.057+0000] {processor.py:208} INFO - Processing /opt/airflow/dags/team_pipeline_dag.py took 1.137 seconds
[2026-06-25T03:41:19.029+0000] {processor.py:186} INFO - Started process (PID=20073) to work on /opt/airflow/dags/team_pipeline_dag.py
[2026-06-25T03:41:19.031+0000] {processor.py:914} INFO - Processing file /opt/airflow/dags/team_pipeline_dag.py for tasks to queue
[2026-06-25T03:41:19.034+0000] {logging_mixin.py:190} INFO - [2026-06-25T03:41:19.033+0000] {dagbag.py:588} INFO - Filling up the DagBag from /opt/airflow/dags/team_pipeline_dag.py
[2026-06-25T03:41:20.088+0000] {processor.py:925} INFO - DAG(s) 'team_pipeline_dag' retrieved from /opt/airflow/dags/team_pipeline_dag.py
[2026-06-25T03:41:20.114+0000] {logging_mixin.py:190} INFO - [2026-06-25T03:41:20.114+0000] {dag.py:3239} INFO - Sync 1 DAGs
[2026-06-25T03:41:20.140+0000] {logging_mixin.py:190} INFO - [2026-06-25T03:41:20.140+0000] {dag.py:4180} INFO - Setting next_dagrun for team_pipeline_dag to 2026-06-25 00:00:00+00:00, run_after=2026-06-26 00:00:00+00:00
[2026-06-25T03:41:20.172+0000] {processor.py:208} INFO - Processing /opt/airflow/dags/team_pipeline_dag.py took 1.150 seconds
[2026-06-25T03:41:52.205+0000] {processor.py:186} INFO - Started process (PID=20090) to work on /opt/airflow/dags/team_pipeline_dag.py
[2026-06-25T03:41:52.206+0000] {processor.py:914} INFO - Processing file /opt/airflow/dags/team_pipeline_dag.py for tasks to queue
[2026-06-25T03:41:52.209+0000] {logging_mixin.py:190} INFO - [2026-06-25T03:41:52.208+0000] {dagbag.py:588} INFO - Filling up the DagBag from /opt/airflow/dags/team_pipeline_dag.py
[2026-06-25T03:41:53.331+0000] {processor.py:925} INFO - DAG(s) 'team_pipeline_dag' retrieved from /opt/airflow/dags/team_pipeline_dag.py
[2026-06-25T03:41:53.352+0000] {logging_mixin.py:190} INFO - [2026-06-25T03:41:53.351+0000] {dag.py:3239} INFO - Sync 1 DAGs
[2026-06-25T03:41:53.379+0000] {logging_mixin.py:190} INFO - [2026-06-25T03:41:53.379+0000] {dag.py:4180} INFO - Setting next_dagrun for team_pipeline_dag to 2026-06-25 00:00:00+00:00, run_after=2026-06-26 00:00:00+00:00
[2026-06-25T03:41:53.401+0000] {processor.py:208} INFO - Processing /opt/airflow/dags/team_pipeline_dag.py took 1.204 seconds
[2026-06-25T03:42:25.522+0000] {processor.py:186} INFO - Started process (PID=20107) to work on /opt/airflow/dags/team_pipeline_dag.py
[2026-06-25T03:42:25.524+0000] {processor.py:914} INFO - Processing file /opt/airflow/dags/team_pipeline_dag.py for tasks to queue
[2026-06-25T03:42:25.527+0000] {logging_mixin.py:190} INFO - [2026-06-25T03:42:25.526+0000] {dagbag.py:588} INFO - Filling up the DagBag from /opt/airflow/dags/team_pipeline_dag.py
[2026-06-25T03:42:26.585+0000] {processor.py:925} INFO - DAG(s) 'team_pipeline_dag' retrieved from /opt/airflow/dags/team_pipeline_dag.py
[2026-06-25T03:42:26.632+0000] {logging_mixin.py:190} INFO - [2026-06-25T03:42:26.632+0000] {dag.py:3239} INFO - Sync 1 DAGs
[2026-06-25T03:42:26.664+0000] {logging_mixin.py:190} INFO - [2026-06-25T03:42:26.663+0000] {dag.py:4180} INFO - Setting next_dagrun for team_pipeline_dag to 2026-06-25 00:00:00+00:00, run_after=2026-06-26 00:00:00+00:00
[2026-06-25T03:42:26.723+0000] {processor.py:208} INFO - Processing /opt/airflow/dags/team_pipeline_dag.py took 1.208 seconds
[2026-06-25T03:42:58.029+0000] {processor.py:186} INFO - Started process (PID=20124) to work on /opt/airflow/dags/team_pipeline_dag.py
[2026-06-25T03:42:58.032+0000] {processor.py:914} INFO - Processing file /opt/airflow/dags/team_pipeline_dag.py for tasks to queue
[2026-06-25T03:42:58.036+0000] {logging_mixin.py:190} INFO - [2026-06-25T03:42:58.035+0000] {dagbag.py:588} INFO - Filling up the DagBag from /opt/airflow/dags/team_pipeline_dag.py
[2026-06-25T03:42:59.175+0000] {processor.py:925} INFO - DAG(s) 'team_pipeline_dag' retrieved from /opt/airflow/dags/team_pipeline_dag.py
[2026-06-25T03:42:59.197+0000] {logging_mixin.py:190} INFO - [2026-06-25T03:42:59.196+0000] {dag.py:3239} INFO - Sync 1 DAGs
[2026-06-25T03:42:59.223+0000] {logging_mixin.py:190} INFO - [2026-06-25T03:42:59.223+0000] {dag.py:4180} INFO - Setting next_dagrun for team_pipeline_dag to 2026-06-25 00:00:00+00:00, run_after=2026-06-26 00:00:00+00:00
[2026-06-25T03:42:59.250+0000] {processor.py:208} INFO - Processing /opt/airflow/dags/team_pipeline_dag.py took 1.233 seconds
[2026-06-25T03:43:30.326+0000] {processor.py:186} INFO - Started process (PID=20141) to work on /opt/airflow/dags/team_pipeline_dag.py
[2026-06-25T03:43:30.328+0000] {processor.py:914} INFO - Processing file /opt/airflow/dags/team_pipeline_dag.py for tasks to queue
[2026-06-25T03:43:30.330+0000] {logging_mixin.py:190} INFO - [2026-06-25T03:43:30.330+0000] {dagbag.py:588} INFO - Filling up the DagBag from /opt/airflow/dags/team_pipeline_dag.py
[2026-06-25T03:43:31.481+0000] {processor.py:925} INFO - DAG(s) 'team_pipeline_dag' retrieved from /opt/airflow/dags/team_pipeline_dag.py
[2026-06-25T03:43:31.499+0000] {logging_mixin.py:190} INFO - [2026-06-25T03:43:31.498+0000] {dag.py:3239} INFO - Sync 1 DAGs
[2026-06-25T03:43:31.515+0000] {logging_mixin.py:190} INFO - [2026-06-25T03:43:31.514+0000] {dag.py:4180} INFO - Setting next_dagrun for team_pipeline_dag to 2026-06-25 00:00:00+00:00, run_after=2026-06-26 00:00:00+00:00
[2026-06-25T03:43:31.536+0000] {processor.py:208} INFO - Processing /opt/airflow/dags/team_pipeline_dag.py took 1.217 seconds
[2026-06-25T03:44:01.946+0000] {processor.py:186} INFO - Started process (PID=20158) to work on /opt/airflow/dags/team_pipeline_dag.py
[2026-06-25T03:44:01.948+0000] {processor.py:914} INFO - Processing file /opt/airflow/dags/team_pipeline_dag.py for tasks to queue
[2026-06-25T03:44:01.951+0000] {logging_mixin.py:190} INFO - [2026-06-25T03:44:01.950+0000] {dagbag.py:588} INFO - Filling up the DagBag from /opt/airflow/dags/team_pipeline_dag.py
[2026-06-25T03:44:03.110+0000] {processor.py:925} INFO - DAG(s) 'team_pipeline_dag' retrieved from /opt/airflow/dags/team_pipeline_dag.py
[2026-06-25T03:44:03.131+0000] {logging_mixin.py:190} INFO - [2026-06-25T03:44:03.131+0000] {dag.py:3239} INFO - Sync 1 DAGs
[2026-06-25T03:44:03.148+0000] {logging_mixin.py:190} INFO - [2026-06-25T03:44:03.148+0000] {dag.py:4180} INFO - Setting next_dagrun for team_pipeline_dag to 2026-06-25 00:00:00+00:00, run_after=2026-06-26 00:00:00+00:00
[2026-06-25T03:44:03.230+0000] {processor.py:208} INFO - Processing /opt/airflow/dags/team_pipeline_dag.py took 1.291 seconds
[2026-06-25T03:44:34.580+0000] {processor.py:186} INFO - Started process (PID=20175) to work on /opt/airflow/dags/team_pipeline_dag.py
[2026-06-25T03:44:34.584+0000] {processor.py:914} INFO - Processing file /opt/airflow/dags/team_pipeline_dag.py for tasks to queue
[2026-06-25T03:44:34.586+0000] {logging_mixin.py:190} INFO - [2026-06-25T03:44:34.586+0000] {dagbag.py:588} INFO - Filling up the DagBag from /opt/airflow/dags/team_pipeline_dag.py
[2026-06-25T03:44:35.575+0000] {processor.py:925} INFO - DAG(s) 'team_pipeline_dag' retrieved from /opt/airflow/dags/team_pipeline_dag.py
[2026-06-25T03:44:35.598+0000] {logging_mixin.py:190} INFO - [2026-06-25T03:44:35.598+0000] {dag.py:3239} INFO - Sync 1 DAGs
[2026-06-25T03:44:35.636+0000] {logging_mixin.py:190} INFO - [2026-06-25T03:44:35.636+0000] {dag.py:4180} INFO - Setting next_dagrun for team_pipeline_dag to 2026-06-25 00:00:00+00:00, run_after=2026-06-26 00:00:00+00:00
[2026-06-25T03:44:35.670+0000] {processor.py:208} INFO - Processing /opt/airflow/dags/team_pipeline_dag.py took 1.097 seconds
[2026-06-25T03:45:06.672+0000] {processor.py:186} INFO - Started process (PID=20192) to work on /opt/airflow/dags/team_pipeline_dag.py
[2026-06-25T03:45:06.674+0000] {processor.py:914} INFO - Processing file /opt/airflow/dags/team_pipeline_dag.py for tasks to queue
[2026-06-25T03:45:06.677+0000] {logging_mixin.py:190} INFO - [2026-06-25T03:45:06.676+0000] {dagbag.py:588} INFO - Filling up the DagBag from /opt/airflow/dags/team_pipeline_dag.py
[2026-06-25T03:45:07.612+0000] {processor.py:925} INFO - DAG(s) 'team_pipeline_dag' retrieved from /opt/airflow/dags/team_pipeline_dag.py
[2026-06-25T03:45:07.629+0000] {logging_mixin.py:190} INFO - [2026-06-25T03:45:07.628+0000] {dag.py:3239} INFO - Sync 1 DAGs
[2026-06-25T03:45:07.646+0000] {logging_mixin.py:190} INFO - [2026-06-25T03:45:07.645+0000] {dag.py:4180} INFO - Setting next_dagrun for team_pipeline_dag to 2026-06-25 00:00:00+00:00, run_after=2026-06-26 00:00:00+00:00
[2026-06-25T03:45:07.666+0000] {processor.py:208} INFO - Processing /opt/airflow/dags/team_pipeline_dag.py took 1.000 seconds
[2026-06-25T03:45:39.136+0000] {processor.py:186} INFO - Started process (PID=20209) to work on /opt/airflow/dags/team_pipeline_dag.py
[2026-06-25T03:45:39.138+0000] {processor.py:914} INFO - Processing file /opt/airflow/dags/team_pipeline_dag.py for tasks to queue
[2026-06-25T03:45:39.141+0000] {logging_mixin.py:190} INFO - [2026-06-25T03:45:39.141+0000] {dagbag.py:588} INFO - Filling up the DagBag from /opt/airflow/dags/team_pipeline_dag.py
[2026-06-25T03:45:40.149+0000] {processor.py:925} INFO - DAG(s) 'team_pipeline_dag' retrieved from /opt/airflow/dags/team_pipeline_dag.py
[2026-06-25T03:45:40.167+0000] {logging_mixin.py:190} INFO - [2026-06-25T03:45:40.167+0000] {dag.py:3239} INFO - Sync 1 DAGs
[2026-06-25T03:45:40.185+0000] {logging_mixin.py:190} INFO - [2026-06-25T03:45:40.185+0000] {dag.py:4180} INFO - Setting next_dagrun for team_pipeline_dag to 2026-06-25 00:00:00+00:00, run_after=2026-06-26 00:00:00+00:00
[2026-06-25T03:45:40.211+0000] {processor.py:208} INFO - Processing /opt/airflow/dags/team_pipeline_dag.py took 1.083 seconds
[2026-06-25T03:46:11.073+0000] {processor.py:186} INFO - Started process (PID=20226) to work on /opt/airflow/dags/team_pipeline_dag.py
[2026-06-25T03:46:11.076+0000] {processor.py:914} INFO - Processing file /opt/airflow/dags/team_pipeline_dag.py for tasks to queue
[2026-06-25T03:46:11.078+0000] {logging_mixin.py:190} INFO - [2026-06-25T03:46:11.078+0000] {dagbag.py:588} INFO - Filling up the DagBag from /opt/airflow/dags/team_pipeline_dag.py
[2026-06-25T03:46:11.968+0000] {processor.py:925} INFO - DAG(s) 'team_pipeline_dag' retrieved from /opt/airflow/dags/team_pipeline_dag.py
[2026-06-25T03:46:11.984+0000] {logging_mixin.py:190} INFO - [2026-06-25T03:46:11.983+0000] {dag.py:3239} INFO - Sync 1 DAGs
[2026-06-25T03:46:11.999+0000] {logging_mixin.py:190} INFO - [2026-06-25T03:46:11.999+0000] {dag.py:4180} INFO - Setting next_dagrun for team_pipeline_dag to 2026-06-25 00:00:00+00:00, run_after=2026-06-26 00:00:00+00:00
[2026-06-25T03:46:12.016+0000] {processor.py:208} INFO - Processing /opt/airflow/dags/team_pipeline_dag.py took 0.951 seconds
[2026-06-25T03:46:43.465+0000] {processor.py:186} INFO - Started process (PID=20243) to work on /opt/airflow/dags/team_pipeline_dag.py
[2026-06-25T03:46:43.467+0000] {processor.py:914} INFO - Processing file /opt/airflow/dags/team_pipeline_dag.py for tasks to queue
[2026-06-25T03:46:43.472+0000] {logging_mixin.py:190} INFO - [2026-06-25T03:46:43.471+0000] {dagbag.py:588} INFO - Filling up the DagBag from /opt/airflow/dags/team_pipeline_dag.py
[2026-06-25T03:46:44.419+0000] {processor.py:925} INFO - DAG(s) 'team_pipeline_dag' retrieved from /opt/airflow/dags/team_pipeline_dag.py
[2026-06-25T03:46:44.436+0000] {logging_mixin.py:190} INFO - [2026-06-25T03:46:44.436+0000] {dag.py:3239} INFO - Sync 1 DAGs
[2026-06-25T03:46:44.452+0000] {logging_mixin.py:190} INFO - [2026-06-25T03:46:44.452+0000] {dag.py:4180} INFO - Setting next_dagrun for team_pipeline_dag to 2026-06-25 00:00:00+00:00, run_after=2026-06-26 00:00:00+00:00
[2026-06-25T03:46:44.473+0000] {processor.py:208} INFO - Processing /opt/airflow/dags/team_pipeline_dag.py took 1.017 seconds
[2026-06-25T03:47:14.744+0000] {processor.py:186} INFO - Started process (PID=20260) to work on /opt/airflow/dags/team_pipeline_dag.py
[2026-06-25T03:47:14.746+0000] {processor.py:914} INFO - Processing file /opt/airflow/dags/team_pipeline_dag.py for tasks to queue
[2026-06-25T03:47:14.749+0000] {logging_mixin.py:190} INFO - [2026-06-25T03:47:14.748+0000] {dagbag.py:588} INFO - Filling up the DagBag from /opt/airflow/dags/team_pipeline_dag.py
[2026-06-25T03:47:15.821+0000] {processor.py:925} INFO - DAG(s) 'team_pipeline_dag' retrieved from /opt/airflow/dags/team_pipeline_dag.py
[2026-06-25T03:47:15.838+0000] {logging_mixin.py:190} INFO - [2026-06-25T03:47:15.838+0000] {dag.py:3239} INFO - Sync 1 DAGs
[2026-06-25T03:47:15.855+0000] {logging_mixin.py:190} INFO - [2026-06-25T03:47:15.855+0000] {dag.py:4180} INFO - Setting next_dagrun for team_pipeline_dag to 2026-06-25 00:00:00+00:00, run_after=2026-06-26 00:00:00+00:00
[2026-06-25T03:47:15.877+0000] {processor.py:208} INFO - Processing /opt/airflow/dags/team_pipeline_dag.py took 1.139 seconds
[2026-06-25T03:47:47.685+0000] {processor.py:186} INFO - Started process (PID=20277) to work on /opt/airflow/dags/team_pipeline_dag.py
[2026-06-25T03:47:47.687+0000] {processor.py:914} INFO - Processing file /opt/airflow/dags/team_pipeline_dag.py for tasks to queue
[2026-06-25T03:47:47.689+0000] {logging_mixin.py:190} INFO - [2026-06-25T03:47:47.689+0000] {dagbag.py:588} INFO - Filling up the DagBag from /opt/airflow/dags/team_pipeline_dag.py
[2026-06-25T03:47:48.699+0000] {processor.py:925} INFO - DAG(s) 'team_pipeline_dag' retrieved from /opt/airflow/dags/team_pipeline_dag.py
[2026-06-25T03:47:48.726+0000] {logging_mixin.py:190} INFO - [2026-06-25T03:47:48.725+0000] {dag.py:3239} INFO - Sync 1 DAGs
[2026-06-25T03:47:48.744+0000] {logging_mixin.py:190} INFO - [2026-06-25T03:47:48.744+0000] {dag.py:4180} INFO - Setting next_dagrun for team_pipeline_dag to 2026-06-25 00:00:00+00:00, run_after=2026-06-26 00:00:00+00:00
[2026-06-25T03:47:48.767+0000] {processor.py:208} INFO - Processing /opt/airflow/dags/team_pipeline_dag.py took 1.088 seconds
[2026-06-25T03:48:21.258+0000] {processor.py:186} INFO - Started process (PID=20294) to work on /opt/airflow/dags/team_pipeline_dag.py
[2026-06-25T03:48:21.260+0000] {processor.py:914} INFO - Processing file /opt/airflow/dags/team_pipeline_dag.py for tasks to queue
[2026-06-25T03:48:21.263+0000] {logging_mixin.py:190} INFO - [2026-06-25T03:48:21.263+0000] {dagbag.py:588} INFO - Filling up the DagBag from /opt/airflow/dags/team_pipeline_dag.py
[2026-06-25T03:48:22.347+0000] {processor.py:925} INFO - DAG(s) 'team_pipeline_dag' retrieved from /opt/airflow/dags/team_pipeline_dag.py
[2026-06-25T03:48:22.366+0000] {logging_mixin.py:190} INFO - [2026-06-25T03:48:22.365+0000] {dag.py:3239} INFO - Sync 1 DAGs
[2026-06-25T03:48:22.383+0000] {logging_mixin.py:190} INFO - [2026-06-25T03:48:22.382+0000] {dag.py:4180} INFO - Setting next_dagrun for team_pipeline_dag to 2026-06-25 00:00:00+00:00, run_after=2026-06-26 00:00:00+00:00
[2026-06-25T03:48:22.405+0000] {processor.py:208} INFO - Processing /opt/airflow/dags/team_pipeline_dag.py took 1.155 seconds
[2026-06-25T03:48:53.786+0000] {processor.py:186} INFO - Started process (PID=20311) to work on /opt/airflow/dags/team_pipeline_dag.py
[2026-06-25T03:48:53.788+0000] {processor.py:914} INFO - Processing file /opt/airflow/dags/team_pipeline_dag.py for tasks to queue
[2026-06-25T03:48:53.791+0000] {logging_mixin.py:190} INFO - [2026-06-25T03:48:53.790+0000] {dagbag.py:588} INFO - Filling up the DagBag from /opt/airflow/dags/team_pipeline_dag.py
[2026-06-25T03:48:54.704+0000] {processor.py:925} INFO - DAG(s) 'team_pipeline_dag' retrieved from /opt/airflow/dags/team_pipeline_dag.py
[2026-06-25T03:48:54.725+0000] {logging_mixin.py:190} INFO - [2026-06-25T03:48:54.724+0000] {dag.py:3239} INFO - Sync 1 DAGs
[2026-06-25T03:48:54.740+0000] {logging_mixin.py:190} INFO - [2026-06-25T03:48:54.740+0000] {dag.py:4180} INFO - Setting next_dagrun for team_pipeline_dag to 2026-06-25 00:00:00+00:00, run_after=2026-06-26 00:00:00+00:00
[2026-06-25T03:48:54.763+0000] {processor.py:208} INFO - Processing /opt/airflow/dags/team_pipeline_dag.py took 0.984 seconds
[2026-06-25T03:49:25.773+0000] {processor.py:186} INFO - Started process (PID=20328) to work on /opt/airflow/dags/team_pipeline_dag.py
[2026-06-25T03:49:25.776+0000] {processor.py:914} INFO - Processing file /opt/airflow/dags/team_pipeline_dag.py for tasks to queue
[2026-06-25T03:49:25.780+0000] {logging_mixin.py:190} INFO - [2026-06-25T03:49:25.779+0000] {dagbag.py:588} INFO - Filling up the DagBag from /opt/airflow/dags/team_pipeline_dag.py
[2026-06-25T03:49:26.706+0000] {processor.py:925} INFO - DAG(s) 'team_pipeline_dag' retrieved from /opt/airflow/dags/team_pipeline_dag.py
[2026-06-25T03:49:26.729+0000] {logging_mixin.py:190} INFO - [2026-06-25T03:49:26.728+0000] {dag.py:3239} INFO - Sync 1 DAGs
[2026-06-25T03:49:26.745+0000] {logging_mixin.py:190} INFO - [2026-06-25T03:49:26.745+0000] {dag.py:4180} INFO - Setting next_dagrun for team_pipeline_dag to 2026-06-25 00:00:00+00:00, run_after=2026-06-26 00:00:00+00:00
[2026-06-25T03:49:26.767+0000] {processor.py:208} INFO - Processing /opt/airflow/dags/team_pipeline_dag.py took 1.002 seconds
[2026-06-25T03:49:57.663+0000] {processor.py:186} INFO - Started process (PID=20345) to work on /opt/airflow/dags/team_pipeline_dag.py
[2026-06-25T03:49:57.665+0000] {processor.py:914} INFO - Processing file /opt/airflow/dags/team_pipeline_dag.py for tasks to queue
[2026-06-25T03:49:57.668+0000] {logging_mixin.py:190} INFO - [2026-06-25T03:49:57.667+0000] {dagbag.py:588} INFO - Filling up the DagBag from /opt/airflow/dags/team_pipeline_dag.py
[2026-06-25T03:49:58.781+0000] {processor.py:925} INFO - DAG(s) 'team_pipeline_dag' retrieved from /opt/airflow/dags/team_pipeline_dag.py
[2026-06-25T03:49:58.805+0000] {logging_mixin.py:190} INFO - [2026-06-25T03:49:58.804+0000] {dag.py:3239} INFO - Sync 1 DAGs
[2026-06-25T03:49:58.826+0000] {logging_mixin.py:190} INFO - [2026-06-25T03:49:58.825+0000] {dag.py:4180} INFO - Setting next_dagrun for team_pipeline_dag to 2026-06-25 00:00:00+00:00, run_after=2026-06-26 00:00:00+00:00
[2026-06-25T03:49:58.847+0000] {processor.py:208} INFO - Processing /opt/airflow/dags/team_pipeline_dag.py took 1.192 seconds
[2026-06-25T03:50:29.859+0000] {processor.py:186} INFO - Started process (PID=20362) to work on /opt/airflow/dags/team_pipeline_dag.py
[2026-06-25T03:50:29.861+0000] {processor.py:914} INFO - Processing file /opt/airflow/dags/team_pipeline_dag.py for tasks to queue
[2026-06-25T03:50:29.864+0000] {logging_mixin.py:190} INFO - [2026-06-25T03:50:29.864+0000] {dagbag.py:588} INFO - Filling up the DagBag from /opt/airflow/dags/team_pipeline_dag.py
[2026-06-25T03:50:30.953+0000] {processor.py:925} INFO - DAG(s) 'team_pipeline_dag' retrieved from /opt/airflow/dags/team_pipeline_dag.py
[2026-06-25T03:50:30.966+0000] {logging_mixin.py:190} INFO - [2026-06-25T03:50:30.966+0000] {dag.py:3239} INFO - Sync 1 DAGs
[2026-06-25T03:50:30.982+0000] {logging_mixin.py:190} INFO - [2026-06-25T03:50:30.982+0000] {dag.py:4180} INFO - Setting next_dagrun for team_pipeline_dag to 2026-06-25 00:00:00+00:00, run_after=2026-06-26 00:00:00+00:00
[2026-06-25T03:50:31.004+0000] {processor.py:208} INFO - Processing /opt/airflow/dags/team_pipeline_dag.py took 1.153 seconds
[2026-06-25T03:51:01.195+0000] {processor.py:186} INFO - Started process (PID=20379) to work on /opt/airflow/dags/team_pipeline_dag.py
[2026-06-25T03:51:01.197+0000] {processor.py:914} INFO - Processing file /opt/airflow/dags/team_pipeline_dag.py for tasks to queue
[2026-06-25T03:51:01.201+0000] {logging_mixin.py:190} INFO - [2026-06-25T03:51:01.200+0000] {dagbag.py:588} INFO - Filling up the DagBag from /opt/airflow/dags/team_pipeline_dag.py
[2026-06-25T03:51:02.208+0000] {processor.py:925} INFO - DAG(s) 'team_pipeline_dag' retrieved from /opt/airflow/dags/team_pipeline_dag.py
[2026-06-25T03:51:02.225+0000] {logging_mixin.py:190} INFO - [2026-06-25T03:51:02.225+0000] {dag.py:3239} INFO - Sync 1 DAGs
[2026-06-25T03:51:02.241+0000] {logging_mixin.py:190} INFO - [2026-06-25T03:51:02.241+0000] {dag.py:4180} INFO - Setting next_dagrun for team_pipeline_dag to 2026-06-25 00:00:00+00:00, run_after=2026-06-26 00:00:00+00:00
[2026-06-25T03:51:02.266+0000] {processor.py:208} INFO - Processing /opt/airflow/dags/team_pipeline_dag.py took 1.079 seconds
[2026-06-25T03:51:32.484+0000] {processor.py:186} INFO - Started process (PID=20396) to work on /opt/airflow/dags/team_pipeline_dag.py
[2026-06-25T03:51:32.486+0000] {processor.py:914} INFO - Processing file /opt/airflow/dags/team_pipeline_dag.py for tasks to queue
[2026-06-25T03:51:32.489+0000] {logging_mixin.py:190} INFO - [2026-06-25T03:51:32.488+0000] {dagbag.py:588} INFO - Filling up the DagBag from /opt/airflow/dags/team_pipeline_dag.py
[2026-06-25T03:51:33.521+0000] {processor.py:925} INFO - DAG(s) 'team_pipeline_dag' retrieved from /opt/airflow/dags/team_pipeline_dag.py
[2026-06-25T03:51:33.538+0000] {logging_mixin.py:190} INFO - [2026-06-25T03:51:33.538+0000] {dag.py:3239} INFO - Sync 1 DAGs
[2026-06-25T03:51:33.556+0000] {logging_mixin.py:190} INFO - [2026-06-25T03:51:33.556+0000] {dag.py:4180} INFO - Setting next_dagrun for team_pipeline_dag to 2026-06-25 00:00:00+00:00, run_after=2026-06-26 00:00:00+00:00
[2026-06-25T03:51:33.578+0000] {processor.py:208} INFO - Processing /opt/airflow/dags/team_pipeline_dag.py took 1.101 seconds
[2026-06-25T03:52:05.240+0000] {processor.py:186} INFO - Started process (PID=20413) to work on /opt/airflow/dags/team_pipeline_dag.py
[2026-06-25T03:52:05.242+0000] {processor.py:914} INFO - Processing file /opt/airflow/dags/team_pipeline_dag.py for tasks to queue
[2026-06-25T03:52:05.244+0000] {logging_mixin.py:190} INFO - [2026-06-25T03:52:05.244+0000] {dagbag.py:588} INFO - Filling up the DagBag from /opt/airflow/dags/team_pipeline_dag.py
[2026-06-25T03:52:06.251+0000] {processor.py:925} INFO - DAG(s) 'team_pipeline_dag' retrieved from /opt/airflow/dags/team_pipeline_dag.py
[2026-06-25T03:52:06.268+0000] {logging_mixin.py:190} INFO - [2026-06-25T03:52:06.268+0000] {dag.py:3239} INFO - Sync 1 DAGs
[2026-06-25T03:52:06.287+0000] {logging_mixin.py:190} INFO - [2026-06-25T03:52:06.287+0000] {dag.py:4180} INFO - Setting next_dagrun for team_pipeline_dag to 2026-06-25 00:00:00+00:00, run_after=2026-06-26 00:00:00+00:00
[2026-06-25T03:52:06.312+0000] {processor.py:208} INFO - Processing /opt/airflow/dags/team_pipeline_dag.py took 1.079 seconds
[2026-06-25T03:52:37.991+0000] {processor.py:186} INFO - Started process (PID=20430) to work on /opt/airflow/dags/team_pipeline_dag.py
[2026-06-25T03:52:37.993+0000] {processor.py:914} INFO - Processing file /opt/airflow/dags/team_pipeline_dag.py for tasks to queue
[2026-06-25T03:52:37.995+0000] {logging_mixin.py:190} INFO - [2026-06-25T03:52:37.995+0000] {dagbag.py:588} INFO - Filling up the DagBag from /opt/airflow/dags/team_pipeline_dag.py
[2026-06-25T03:52:39.002+0000] {processor.py:925} INFO - DAG(s) 'team_pipeline_dag' retrieved from /opt/airflow/dags/team_pipeline_dag.py
[2026-06-25T03:52:39.020+0000] {logging_mixin.py:190} INFO - [2026-06-25T03:52:39.020+0000] {dag.py:3239} INFO - Sync 1 DAGs
[2026-06-25T03:52:39.037+0000] {logging_mixin.py:190} INFO - [2026-06-25T03:52:39.037+0000] {dag.py:4180} INFO - Setting next_dagrun for team_pipeline_dag to 2026-06-25 00:00:00+00:00, run_after=2026-06-26 00:00:00+00:00
[2026-06-25T03:52:39.057+0000] {processor.py:208} INFO - Processing /opt/airflow/dags/team_pipeline_dag.py took 1.073 seconds
[2026-06-25T03:53:09.730+0000] {processor.py:186} INFO - Started process (PID=20447) to work on /opt/airflow/dags/team_pipeline_dag.py
[2026-06-25T03:53:09.732+0000] {processor.py:914} INFO - Processing file /opt/airflow/dags/team_pipeline_dag.py for tasks to queue
[2026-06-25T03:53:09.734+0000] {logging_mixin.py:190} INFO - [2026-06-25T03:53:09.734+0000] {dagbag.py:588} INFO - Filling up the DagBag from /opt/airflow/dags/team_pipeline_dag.py
[2026-06-25T03:53:10.785+0000] {processor.py:925} INFO - DAG(s) 'team_pipeline_dag' retrieved from /opt/airflow/dags/team_pipeline_dag.py
[2026-06-25T03:53:10.807+0000] {logging_mixin.py:190} INFO - [2026-06-25T03:53:10.807+0000] {dag.py:3239} INFO - Sync 1 DAGs
[2026-06-25T03:53:10.824+0000] {logging_mixin.py:190} INFO - [2026-06-25T03:53:10.823+0000] {dag.py:4180} INFO - Setting next_dagrun for team_pipeline_dag to 2026-06-25 00:00:00+00:00, run_after=2026-06-26 00:00:00+00:00
[2026-06-25T03:53:10.845+0000] {processor.py:208} INFO - Processing /opt/airflow/dags/team_pipeline_dag.py took 1.122 seconds
[2026-06-25T03:53:42.938+0000] {processor.py:186} INFO - Started process (PID=20464) to work on /opt/airflow/dags/team_pipeline_dag.py
[2026-06-25T03:53:42.941+0000] {processor.py:914} INFO - Processing file /opt/airflow/dags/team_pipeline_dag.py for tasks to queue
[2026-06-25T03:53:42.945+0000] {logging_mixin.py:190} INFO - [2026-06-25T03:53:42.944+0000] {dagbag.py:588} INFO - Filling up the DagBag from /opt/airflow/dags/team_pipeline_dag.py
[2026-06-25T03:53:44.047+0000] {processor.py:925} INFO - DAG(s) 'team_pipeline_dag' retrieved from /opt/airflow/dags/team_pipeline_dag.py
[2026-06-25T03:53:44.066+0000] {logging_mixin.py:190} INFO - [2026-06-25T03:53:44.066+0000] {dag.py:3239} INFO - Sync 1 DAGs
[2026-06-25T03:53:44.084+0000] {logging_mixin.py:190} INFO - [2026-06-25T03:53:44.084+0000] {dag.py:4180} INFO - Setting next_dagrun for team_pipeline_dag to 2026-06-25 00:00:00+00:00, run_after=2026-06-26 00:00:00+00:00
[2026-06-25T03:53:44.113+0000] {processor.py:208} INFO - Processing /opt/airflow/dags/team_pipeline_dag.py took 1.185 seconds
[2026-06-25T03:54:14.415+0000] {processor.py:186} INFO - Started process (PID=20481) to work on /opt/airflow/dags/team_pipeline_dag.py
[2026-06-25T03:54:14.418+0000] {processor.py:914} INFO - Processing file /opt/airflow/dags/team_pipeline_dag.py for tasks to queue
[2026-06-25T03:54:14.421+0000] {logging_mixin.py:190} INFO - [2026-06-25T03:54:14.421+0000] {dagbag.py:588} INFO - Filling up the DagBag from /opt/airflow/dags/team_pipeline_dag.py
[2026-06-25T03:54:15.447+0000] {processor.py:925} INFO - DAG(s) 'team_pipeline_dag' retrieved from /opt/airflow/dags/team_pipeline_dag.py
[2026-06-25T03:54:15.466+0000] {logging_mixin.py:190} INFO - [2026-06-25T03:54:15.466+0000] {dag.py:3239} INFO - Sync 1 DAGs
[2026-06-25T03:54:15.485+0000] {logging_mixin.py:190} INFO - [2026-06-25T03:54:15.484+0000] {dag.py:4180} INFO - Setting next_dagrun for team_pipeline_dag to 2026-06-25 00:00:00+00:00, run_after=2026-06-26 00:00:00+00:00
[2026-06-25T03:54:15.511+0000] {processor.py:208} INFO - Processing /opt/airflow/dags/team_pipeline_dag.py took 1.102 seconds
[2026-06-25T03:54:47.684+0000] {processor.py:186} INFO - Started process (PID=20498) to work on /opt/airflow/dags/team_pipeline_dag.py
[2026-06-25T03:54:47.686+0000] {processor.py:914} INFO - Processing file /opt/airflow/dags/team_pipeline_dag.py for tasks to queue
[2026-06-25T03:54:47.690+0000] {logging_mixin.py:190} INFO - [2026-06-25T03:54:47.690+0000] {dagbag.py:588} INFO - Filling up the DagBag from /opt/airflow/dags/team_pipeline_dag.py
[2026-06-25T03:54:48.668+0000] {processor.py:925} INFO - DAG(s) 'team_pipeline_dag' retrieved from /opt/airflow/dags/team_pipeline_dag.py
[2026-06-25T03:54:48.684+0000] {logging_mixin.py:190} INFO - [2026-06-25T03:54:48.683+0000] {dag.py:3239} INFO - Sync 1 DAGs
[2026-06-25T03:54:48.698+0000] {logging_mixin.py:190} INFO - [2026-06-25T03:54:48.698+0000] {dag.py:4180} INFO - Setting next_dagrun for team_pipeline_dag to 2026-06-25 00:00:00+00:00, run_after=2026-06-26 00:00:00+00:00
[2026-06-25T03:54:48.718+0000] {processor.py:208} INFO - Processing /opt/airflow/dags/team_pipeline_dag.py took 1.044 seconds
[2026-06-25T03:55:20.282+0000] {processor.py:186} INFO - Started process (PID=20515) to work on /opt/airflow/dags/team_pipeline_dag.py
[2026-06-25T03:55:20.284+0000] {processor.py:914} INFO - Processing file /opt/airflow/dags/team_pipeline_dag.py for tasks to queue
[2026-06-25T03:55:20.287+0000] {logging_mixin.py:190} INFO - [2026-06-25T03:55:20.286+0000] {dagbag.py:588} INFO - Filling up the DagBag from /opt/airflow/dags/team_pipeline_dag.py
[2026-06-25T03:55:21.347+0000] {processor.py:925} INFO - DAG(s) 'team_pipeline_dag' retrieved from /opt/airflow/dags/team_pipeline_dag.py
[2026-06-25T03:55:21.364+0000] {logging_mixin.py:190} INFO - [2026-06-25T03:55:21.363+0000] {dag.py:3239} INFO - Sync 1 DAGs
[2026-06-25T03:55:21.380+0000] {logging_mixin.py:190} INFO - [2026-06-25T03:55:21.379+0000] {dag.py:4180} INFO - Setting next_dagrun for team_pipeline_dag to 2026-06-25 00:00:00+00:00, run_after=2026-06-26 00:00:00+00:00
[2026-06-25T03:55:21.408+0000] {processor.py:208} INFO - Processing /opt/airflow/dags/team_pipeline_dag.py took 1.133 seconds
[2026-06-25T03:55:53.232+0000] {processor.py:186} INFO - Started process (PID=20532) to work on /opt/airflow/dags/team_pipeline_dag.py
[2026-06-25T03:55:53.235+0000] {processor.py:914} INFO - Processing file /opt/airflow/dags/team_pipeline_dag.py for tasks to queue
[2026-06-25T03:55:53.242+0000] {logging_mixin.py:190} INFO - [2026-06-25T03:55:53.241+0000] {dagbag.py:588} INFO - Filling up the DagBag from /opt/airflow/dags/team_pipeline_dag.py
[2026-06-25T03:55:55.149+0000] {processor.py:925} INFO - DAG(s) 'team_pipeline_dag' retrieved from /opt/airflow/dags/team_pipeline_dag.py
[2026-06-25T03:55:55.174+0000] {logging_mixin.py:190} INFO - [2026-06-25T03:55:55.173+0000] {dag.py:3239} INFO - Sync 1 DAGs
[2026-06-25T03:55:55.197+0000] {logging_mixin.py:190} INFO - [2026-06-25T03:55:55.197+0000] {dag.py:4180} INFO - Setting next_dagrun for team_pipeline_dag to 2026-06-25 00:00:00+00:00, run_after=2026-06-26 00:00:00+00:00
[2026-06-25T03:55:55.232+0000] {processor.py:208} INFO - Processing /opt/airflow/dags/team_pipeline_dag.py took 2.023 seconds
[2026-06-25T03:56:25.501+0000] {processor.py:186} INFO - Started process (PID=20549) to work on /opt/airflow/dags/team_pipeline_dag.py
[2026-06-25T03:56:25.505+0000] {processor.py:914} INFO - Processing file /opt/airflow/dags/team_pipeline_dag.py for tasks to queue
[2026-06-25T03:56:25.512+0000] {logging_mixin.py:190} INFO - [2026-06-25T03:56:25.511+0000] {dagbag.py:588} INFO - Filling up the DagBag from /opt/airflow/dags/team_pipeline_dag.py
[2026-06-25T03:56:26.529+0000] {processor.py:925} INFO - DAG(s) 'team_pipeline_dag' retrieved from /opt/airflow/dags/team_pipeline_dag.py
[2026-06-25T03:56:26.543+0000] {logging_mixin.py:190} INFO - [2026-06-25T03:56:26.543+0000] {dag.py:3239} INFO - Sync 1 DAGs
[2026-06-25T03:56:26.558+0000] {logging_mixin.py:190} INFO - [2026-06-25T03:56:26.558+0000] {dag.py:4180} INFO - Setting next_dagrun for team_pipeline_dag to 2026-06-25 00:00:00+00:00, run_after=2026-06-26 00:00:00+00:00
[2026-06-25T03:56:26.578+0000] {processor.py:208} INFO - Processing /opt/airflow/dags/team_pipeline_dag.py took 1.094 seconds
