[2026-06-25T03:16:45.149+0000] {local_task_job_runner.py:123} INFO - ::group::Pre task execution logs
[2026-06-25T03:16:45.163+0000] {taskinstance.py:2614} INFO - Dependencies all met for dep_context=non-requeueable deps ti=<TaskInstance: fixture_pipeline_dag.bronze_ingestion scheduled__2026-06-24T00:00:00+00:00 [queued]>
[2026-06-25T03:16:45.172+0000] {taskinstance.py:2614} INFO - Dependencies all met for dep_context=requeueable deps ti=<TaskInstance: fixture_pipeline_dag.bronze_ingestion scheduled__2026-06-24T00:00:00+00:00 [queued]>
[2026-06-25T03:16:45.177+0000] {taskinstance.py:2867} INFO - Starting attempt 1 of 1
[2026-06-25T03:16:45.195+0000] {taskinstance.py:2890} INFO - Executing <Task(PythonOperator): bronze_ingestion> on 2026-06-24 00:00:00+00:00
[2026-06-25T03:16:45.210+0000] {standard_task_runner.py:104} INFO - Running: ['airflow', 'tasks', 'run', 'fixture_pipeline_dag', 'bronze_ingestion', 'scheduled__2026-06-24T00:00:00+00:00', '--job-id', '130', '--raw', '--subdir', 'DAGS_FOLDER/fixture_pipeline_dag.py', '--cfg-path', '/tmp/tmpi248xk02']
[2026-06-25T03:16:45.213+0000] {logging_mixin.py:190} WARNING - /home/airflow/.local/lib/python3.12/site-packages/airflow/task/task_runner/standard_task_runner.py:70 DeprecationWarning: This process (pid=18997) is multi-threaded, use of fork() may lead to deadlocks in the child.
[2026-06-25T03:16:45.214+0000] {standard_task_runner.py:105} INFO - Job 130: Subtask bronze_ingestion
[2026-06-25T03:16:45.215+0000] {standard_task_runner.py:72} INFO - Started process 19011 to run task
[2026-06-25T03:16:45.288+0000] {task_command.py:467} INFO - Running <TaskInstance: fixture_pipeline_dag.bronze_ingestion scheduled__2026-06-24T00:00:00+00:00 [running]> on host 63be96c18349
[2026-06-25T03:16:45.389+0000] {taskinstance.py:3134} INFO - Exporting env vars: AIRFLOW_CTX_DAG_OWNER='airflow' AIRFLOW_CTX_DAG_ID='fixture_pipeline_dag' AIRFLOW_CTX_TASK_ID='bronze_ingestion' AIRFLOW_CTX_EXECUTION_DATE='2026-06-24T00:00:00+00:00' AIRFLOW_CTX_TRY_NUMBER='1' AIRFLOW_CTX_DAG_RUN_ID='scheduled__2026-06-24T00:00:00+00:00'
[2026-06-25T03:16:45.392+0000] {taskinstance.py:732} INFO - ::endgroup::
[2026-06-25T03:16:46.560+0000] {logging_mixin.py:190} INFO - 2026-05-01: 2 fixtures
[2026-06-25T03:16:47.595+0000] {logging_mixin.py:190} INFO - 2026-05-02: 3 fixtures
[2026-06-25T03:16:48.945+0000] {logging_mixin.py:190} INFO - 2026-05-03: 5 fixtures
[2026-06-25T03:16:49.778+0000] {logging_mixin.py:190} INFO - 2026-05-04: 2 fixtures
[2026-06-25T03:16:50.174+0000] {logging_mixin.py:190} INFO - 2026-05-05: 1 fixtures
[2026-06-25T03:16:50.963+0000] {logging_mixin.py:190} INFO - 2026-05-06: 0 fixtures
[2026-06-25T03:16:51.691+0000] {logging_mixin.py:190} INFO - 2026-05-07: 0 fixtures
[2026-06-25T03:16:52.463+0000] {logging_mixin.py:190} INFO - 2026-05-08: 2 fixtures
[2026-06-25T03:16:53.307+0000] {logging_mixin.py:190} INFO - 2026-05-09: 5 fixtures
[2026-06-25T03:16:54.070+0000] {logging_mixin.py:190} INFO - 2026-05-10: 5 fixtures
[2026-06-25T03:16:54.747+0000] {logging_mixin.py:190} INFO - 2026-05-11: 1 fixtures
[2026-06-25T03:16:55.503+0000] {logging_mixin.py:190} INFO - 2026-05-12: 4 fixtures
[2026-06-25T03:16:56.302+0000] {logging_mixin.py:190} INFO - 2026-05-13: 3 fixtures
[2026-06-25T03:16:57.102+0000] {logging_mixin.py:190} INFO - 2026-05-14: 0 fixtures
[2026-06-25T03:16:57.787+0000] {logging_mixin.py:190} INFO - 2026-05-15: 1 fixtures
[2026-06-25T03:16:58.484+0000] {logging_mixin.py:190} INFO - 2026-05-16: 3 fixtures
[2026-06-25T03:16:59.222+0000] {logging_mixin.py:190} INFO - 2026-05-17: 9 fixtures
[2026-06-25T03:16:59.938+0000] {logging_mixin.py:190} INFO - 2026-05-18: 0 fixtures
[2026-06-25T03:17:00.673+0000] {logging_mixin.py:190} INFO - 2026-05-19: 0 fixtures
[2026-06-25T03:17:01.452+0000] {logging_mixin.py:190} INFO - 2026-05-20: 0 fixtures
[2026-06-25T03:17:02.209+0000] {logging_mixin.py:190} INFO - 2026-05-21: 2 fixtures
[2026-06-25T03:17:02.963+0000] {logging_mixin.py:190} INFO - 2026-05-22: 0 fixtures
[2026-06-25T03:17:03.720+0000] {logging_mixin.py:190} INFO - 2026-05-23: 0 fixtures
[2026-06-25T03:17:04.479+0000] {logging_mixin.py:190} INFO - 2026-05-24: 0 fixtures
[2026-06-25T03:17:05.169+0000] {logging_mixin.py:190} INFO - 2026-05-25: 1 fixtures
[2026-06-25T03:17:06.164+0000] {logging_mixin.py:190} INFO - 2026-05-26: 0 fixtures
[2026-06-25T03:17:07.188+0000] {logging_mixin.py:190} INFO - 2026-05-27: 0 fixtures
[2026-06-25T03:17:07.884+0000] {logging_mixin.py:190} INFO - 2026-05-28: 0 fixtures
[2026-06-25T03:17:08.695+0000] {logging_mixin.py:190} INFO - 2026-05-29: 0 fixtures
[2026-06-25T03:17:09.650+0000] {logging_mixin.py:190} INFO - 2026-05-30: 0 fixtures
[2026-06-25T03:17:09.674+0000] {logging_mixin.py:190} INFO - {'records': 49, 'object_name': 'fixtures/2026/06/25/fixtures_20260625_031709.json'}
[2026-06-25T03:17:09.675+0000] {python.py:240} INFO - Done. Returned value was: None
[2026-06-25T03:17:09.683+0000] {taskinstance.py:341} INFO - ::group::Post task execution logs
[2026-06-25T03:17:09.685+0000] {taskinstance.py:353} INFO - Marking task as SUCCESS. dag_id=fixture_pipeline_dag, task_id=bronze_ingestion, run_id=scheduled__2026-06-24T00:00:00+00:00, execution_date=20260624T000000, start_date=20260625T031645, end_date=20260625T031709
[2026-06-25T03:17:09.764+0000] {local_task_job_runner.py:266} INFO - Task exited with return code 0
[2026-06-25T03:17:09.788+0000] {taskinstance.py:3901} INFO - 1 downstream tasks scheduled from follow-on schedule check
[2026-06-25T03:17:09.799+0000] {local_task_job_runner.py:245} INFO - ::endgroup::
