[2026-06-23T19:18:58.381+0000] {local_task_job_runner.py:123} INFO - ::group::Pre task execution logs
[2026-06-23T19:18:58.394+0000] {taskinstance.py:2614} INFO - Dependencies all met for dep_context=non-requeueable deps ti=<TaskInstance: standing_pipeline_dag.silver_transformation scheduled__2026-06-22T00:00:00+00:00 [queued]>
[2026-06-23T19:18:58.403+0000] {taskinstance.py:2614} INFO - Dependencies all met for dep_context=requeueable deps ti=<TaskInstance: standing_pipeline_dag.silver_transformation scheduled__2026-06-22T00:00:00+00:00 [queued]>
[2026-06-23T19:18:58.406+0000] {taskinstance.py:2867} INFO - Starting attempt 1 of 1
[2026-06-23T19:18:58.420+0000] {taskinstance.py:2890} INFO - Executing <Task(PythonOperator): silver_transformation> on 2026-06-22 00:00:00+00:00
[2026-06-23T19:18:58.431+0000] {standard_task_runner.py:104} INFO - Running: ['airflow', 'tasks', 'run', 'standing_pipeline_dag', 'silver_transformation', 'scheduled__2026-06-22T00:00:00+00:00', '--job-id', '32', '--raw', '--subdir', 'DAGS_FOLDER/standing_pipeline_dag.py', '--cfg-path', '/tmp/tmpb7kg3714']
[2026-06-23T19:18:58.435+0000] {standard_task_runner.py:105} INFO - Job 32: Subtask silver_transformation
[2026-06-23T19:18:58.435+0000] {logging_mixin.py:190} WARNING - /home/airflow/.local/lib/python3.12/site-packages/airflow/task/task_runner/standard_task_runner.py:70 DeprecationWarning: This process (pid=10063) is multi-threaded, use of fork() may lead to deadlocks in the child.
[2026-06-23T19:18:58.438+0000] {standard_task_runner.py:72} INFO - Started process 10077 to run task
[2026-06-23T19:18:58.496+0000] {task_command.py:467} INFO - Running <TaskInstance: standing_pipeline_dag.silver_transformation scheduled__2026-06-22T00:00:00+00:00 [running]> on host d817d2ea344d
[2026-06-23T19:18:58.548+0000] {taskinstance.py:3134} INFO - Exporting env vars: AIRFLOW_CTX_DAG_OWNER='airflow' AIRFLOW_CTX_DAG_ID='standing_pipeline_dag' AIRFLOW_CTX_TASK_ID='silver_transformation' AIRFLOW_CTX_EXECUTION_DATE='2026-06-22T00:00:00+00:00' AIRFLOW_CTX_TRY_NUMBER='1' AIRFLOW_CTX_DAG_RUN_ID='scheduled__2026-06-22T00:00:00+00:00'
[2026-06-23T19:18:58.550+0000] {taskinstance.py:732} INFO - ::endgroup::
[2026-06-23T19:18:58.665+0000] {logging_mixin.py:190} INFO - {'records': 24, 'table': 'silver.standings'}
[2026-06-23T19:18:58.667+0000] {python.py:240} INFO - Done. Returned value was: None
[2026-06-23T19:18:58.673+0000] {taskinstance.py:341} INFO - ::group::Post task execution logs
[2026-06-23T19:18:58.675+0000] {taskinstance.py:353} INFO - Marking task as SUCCESS. dag_id=standing_pipeline_dag, task_id=silver_transformation, run_id=scheduled__2026-06-22T00:00:00+00:00, execution_date=20260622T000000, start_date=20260623T191858, end_date=20260623T191858
[2026-06-23T19:18:58.737+0000] {local_task_job_runner.py:266} INFO - Task exited with return code 0
[2026-06-23T19:18:58.754+0000] {taskinstance.py:3901} INFO - 1 downstream tasks scheduled from follow-on schedule check
[2026-06-23T19:18:58.764+0000] {local_task_job_runner.py:245} INFO - ::endgroup::
[2026-06-23T19:43:44.026+0000] {local_task_job_runner.py:123} INFO - ::group::Pre task execution logs
[2026-06-23T19:43:44.044+0000] {taskinstance.py:2614} INFO - Dependencies all met for dep_context=non-requeueable deps ti=<TaskInstance: standing_pipeline_dag.silver_transformation scheduled__2026-06-22T00:00:00+00:00 [queued]>
[2026-06-23T19:43:44.052+0000] {taskinstance.py:2614} INFO - Dependencies all met for dep_context=requeueable deps ti=<TaskInstance: standing_pipeline_dag.silver_transformation scheduled__2026-06-22T00:00:00+00:00 [queued]>
[2026-06-23T19:43:44.054+0000] {taskinstance.py:2867} INFO - Starting attempt 1 of 1
[2026-06-23T19:43:44.073+0000] {taskinstance.py:2890} INFO - Executing <Task(PythonOperator): silver_transformation> on 2026-06-22 00:00:00+00:00
[2026-06-23T19:43:44.089+0000] {standard_task_runner.py:104} INFO - Running: ['airflow', 'tasks', 'run', 'standing_pipeline_dag', 'silver_transformation', 'scheduled__2026-06-22T00:00:00+00:00', '--job-id', '15', '--raw', '--subdir', 'DAGS_FOLDER/standing_pipeline_dag.py', '--cfg-path', '/tmp/tmpv1ltcn0p']
[2026-06-23T19:43:44.092+0000] {standard_task_runner.py:105} INFO - Job 15: Subtask silver_transformation
[2026-06-23T19:43:44.092+0000] {logging_mixin.py:190} WARNING - /home/airflow/.local/lib/python3.12/site-packages/airflow/task/task_runner/standard_task_runner.py:70 DeprecationWarning: This process (pid=297) is multi-threaded, use of fork() may lead to deadlocks in the child.
[2026-06-23T19:43:44.094+0000] {standard_task_runner.py:72} INFO - Started process 311 to run task
[2026-06-23T19:43:44.147+0000] {task_command.py:467} INFO - Running <TaskInstance: standing_pipeline_dag.silver_transformation scheduled__2026-06-22T00:00:00+00:00 [running]> on host 63be96c18349
[2026-06-23T19:43:44.217+0000] {taskinstance.py:3134} INFO - Exporting env vars: AIRFLOW_CTX_DAG_OWNER='airflow' AIRFLOW_CTX_DAG_ID='standing_pipeline_dag' AIRFLOW_CTX_TASK_ID='silver_transformation' AIRFLOW_CTX_EXECUTION_DATE='2026-06-22T00:00:00+00:00' AIRFLOW_CTX_TRY_NUMBER='1' AIRFLOW_CTX_DAG_RUN_ID='scheduled__2026-06-22T00:00:00+00:00'
[2026-06-23T19:43:44.220+0000] {taskinstance.py:732} INFO - ::endgroup::
[2026-06-23T19:43:44.343+0000] {logging_mixin.py:190} INFO - {'records': 24, 'table': 'silver.standings'}
[2026-06-23T19:43:44.345+0000] {python.py:240} INFO - Done. Returned value was: None
[2026-06-23T19:43:44.350+0000] {taskinstance.py:341} INFO - ::group::Post task execution logs
[2026-06-23T19:43:44.352+0000] {taskinstance.py:353} INFO - Marking task as SUCCESS. dag_id=standing_pipeline_dag, task_id=silver_transformation, run_id=scheduled__2026-06-22T00:00:00+00:00, execution_date=20260622T000000, start_date=20260623T194344, end_date=20260623T194344
[2026-06-23T19:43:44.390+0000] {local_task_job_runner.py:266} INFO - Task exited with return code 0
[2026-06-23T19:43:44.402+0000] {taskinstance.py:3901} INFO - 1 downstream tasks scheduled from follow-on schedule check
[2026-06-23T19:43:44.407+0000] {local_task_job_runner.py:245} INFO - ::endgroup::
