[2026-06-25T03:14:59.338+0000] {local_task_job_runner.py:123} INFO - ::group::Pre task execution logs
[2026-06-25T03:14:59.371+0000] {taskinstance.py:2614} INFO - Dependencies all met for dep_context=non-requeueable deps ti=<TaskInstance: sportflow_master_pipeline_dag.fixtures_bronze scheduled__2026-06-24T00:00:00+00:00 [queued]>
[2026-06-25T03:14:59.404+0000] {taskinstance.py:2614} INFO - Dependencies all met for dep_context=requeueable deps ti=<TaskInstance: sportflow_master_pipeline_dag.fixtures_bronze scheduled__2026-06-24T00:00:00+00:00 [queued]>
[2026-06-25T03:14:59.453+0000] {taskinstance.py:2867} INFO - Starting attempt 1 of 1
[2026-06-25T03:14:59.506+0000] {taskinstance.py:2890} INFO - Executing <Task(PythonOperator): fixtures_bronze> on 2026-06-24 00:00:00+00:00
[2026-06-25T03:14:59.534+0000] {standard_task_runner.py:104} INFO - Running: ['airflow', 'tasks', 'run', 'sportflow_master_pipeline_dag', 'fixtures_bronze', 'scheduled__2026-06-24T00:00:00+00:00', '--job-id', '126', '--raw', '--subdir', 'DAGS_FOLDER/sportflow_master_pipeline_dag.py', '--cfg-path', '/tmp/tmpk9_7_w7l']
[2026-06-25T03:14:59.540+0000] {standard_task_runner.py:105} INFO - Job 126: Subtask fixtures_bronze
[2026-06-25T03:14:59.542+0000] {logging_mixin.py:190} WARNING - /home/airflow/.local/lib/python3.12/site-packages/airflow/task/task_runner/standard_task_runner.py:70 DeprecationWarning: This process (pid=18933) is multi-threaded, use of fork() may lead to deadlocks in the child.
[2026-06-25T03:14:59.544+0000] {standard_task_runner.py:72} INFO - Started process 18947 to run task
[2026-06-25T03:14:59.663+0000] {task_command.py:467} INFO - Running <TaskInstance: sportflow_master_pipeline_dag.fixtures_bronze scheduled__2026-06-24T00:00:00+00:00 [running]> on host 63be96c18349
[2026-06-25T03:14:59.882+0000] {taskinstance.py:3134} INFO - Exporting env vars: AIRFLOW_CTX_DAG_OWNER='airflow' AIRFLOW_CTX_DAG_ID='sportflow_master_pipeline_dag' AIRFLOW_CTX_TASK_ID='fixtures_bronze' AIRFLOW_CTX_EXECUTION_DATE='2026-06-24T00:00:00+00:00' AIRFLOW_CTX_TRY_NUMBER='1' AIRFLOW_CTX_DAG_RUN_ID='scheduled__2026-06-24T00:00:00+00:00'
[2026-06-25T03:14:59.885+0000] {taskinstance.py:732} INFO - ::endgroup::
[2026-06-25T03:15:00.879+0000] {logging_mixin.py:190} INFO - 2026-05-01: 2 fixtures
[2026-06-25T03:15:01.691+0000] {logging_mixin.py:190} INFO - 2026-05-02: 3 fixtures
[2026-06-25T03:15:02.569+0000] {logging_mixin.py:190} INFO - 2026-05-03: 5 fixtures
[2026-06-25T03:15:03.307+0000] {logging_mixin.py:190} INFO - 2026-05-04: 2 fixtures
[2026-06-25T03:15:04.048+0000] {logging_mixin.py:190} INFO - 2026-05-05: 1 fixtures
[2026-06-25T03:15:04.967+0000] {logging_mixin.py:190} INFO - 2026-05-06: 0 fixtures
[2026-06-25T03:15:06.189+0000] {logging_mixin.py:190} INFO - 2026-05-07: 0 fixtures
[2026-06-25T03:15:07.022+0000] {logging_mixin.py:190} INFO - 2026-05-08: 2 fixtures
[2026-06-25T03:15:07.816+0000] {logging_mixin.py:190} INFO - 2026-05-09: 5 fixtures
[2026-06-25T03:15:08.621+0000] {logging_mixin.py:190} INFO - 2026-05-10: 5 fixtures
[2026-06-25T03:15:09.457+0000] {logging_mixin.py:190} INFO - 2026-05-11: 1 fixtures
[2026-06-25T03:15:10.574+0000] {logging_mixin.py:190} INFO - 2026-05-12: 4 fixtures
[2026-06-25T03:15:11.424+0000] {logging_mixin.py:190} INFO - 2026-05-13: 3 fixtures
[2026-06-25T03:15:12.214+0000] {logging_mixin.py:190} INFO - 2026-05-14: 0 fixtures
[2026-06-25T03:15:12.957+0000] {logging_mixin.py:190} INFO - 2026-05-15: 1 fixtures
[2026-06-25T03:15:14.054+0000] {logging_mixin.py:190} INFO - 2026-05-16: 3 fixtures
[2026-06-25T03:15:14.927+0000] {logging_mixin.py:190} INFO - 2026-05-17: 9 fixtures
[2026-06-25T03:15:15.651+0000] {logging_mixin.py:190} INFO - 2026-05-18: 0 fixtures
[2026-06-25T03:15:16.370+0000] {logging_mixin.py:190} INFO - 2026-05-19: 0 fixtures
[2026-06-25T03:15:17.150+0000] {logging_mixin.py:190} INFO - 2026-05-20: 0 fixtures
[2026-06-25T03:15:17.936+0000] {logging_mixin.py:190} INFO - 2026-05-21: 2 fixtures
[2026-06-25T03:15:18.746+0000] {logging_mixin.py:190} INFO - 2026-05-22: 0 fixtures
[2026-06-25T03:15:19.566+0000] {logging_mixin.py:190} INFO - 2026-05-23: 0 fixtures
[2026-06-25T03:15:20.282+0000] {logging_mixin.py:190} INFO - 2026-05-24: 0 fixtures
[2026-06-25T03:15:21.023+0000] {logging_mixin.py:190} INFO - 2026-05-25: 1 fixtures
[2026-06-25T03:15:21.734+0000] {logging_mixin.py:190} INFO - 2026-05-26: 0 fixtures
[2026-06-25T03:15:22.552+0000] {logging_mixin.py:190} INFO - 2026-05-27: 0 fixtures
[2026-06-25T03:15:23.603+0000] {logging_mixin.py:190} INFO - 2026-05-28: 0 fixtures
[2026-06-25T03:15:24.725+0000] {logging_mixin.py:190} INFO - 2026-05-29: 0 fixtures
[2026-06-25T03:15:25.688+0000] {logging_mixin.py:190} INFO - 2026-05-30: 0 fixtures
[2026-06-25T03:15:25.726+0000] {logging_mixin.py:190} INFO - {'records': 49, 'object_name': 'fixtures/2026/06/25/fixtures_20260625_031525.json'}
[2026-06-25T03:15:25.729+0000] {python.py:240} INFO - Done. Returned value was: None
[2026-06-25T03:15:25.749+0000] {taskinstance.py:341} INFO - ::group::Post task execution logs
[2026-06-25T03:15:25.753+0000] {taskinstance.py:353} INFO - Marking task as SUCCESS. dag_id=sportflow_master_pipeline_dag, task_id=fixtures_bronze, run_id=scheduled__2026-06-24T00:00:00+00:00, execution_date=20260624T000000, start_date=20260625T031459, end_date=20260625T031525
[2026-06-25T03:15:25.896+0000] {local_task_job_runner.py:266} INFO - Task exited with return code 0
[2026-06-25T03:15:25.954+0000] {taskinstance.py:3901} INFO - 1 downstream tasks scheduled from follow-on schedule check
[2026-06-25T03:15:25.971+0000] {local_task_job_runner.py:245} INFO - ::endgroup::
