[2026-06-23T01:12:15.440+0000] {local_task_job_runner.py:123} INFO - ::group::Pre task execution logs
[2026-06-23T01:12:15.467+0000] {taskinstance.py:2614} INFO - Dependencies all met for dep_context=non-requeueable deps ti=<TaskInstance: competition_pipeline_dag.gold_load scheduled__2026-06-22T00:00:00+00:00 [queued]>
[2026-06-23T01:12:15.486+0000] {taskinstance.py:2614} INFO - Dependencies all met for dep_context=requeueable deps ti=<TaskInstance: competition_pipeline_dag.gold_load scheduled__2026-06-22T00:00:00+00:00 [queued]>
[2026-06-23T01:12:15.489+0000] {taskinstance.py:2867} INFO - Starting attempt 1 of 1
[2026-06-23T01:12:15.522+0000] {taskinstance.py:2890} INFO - Executing <Task(PythonOperator): gold_load> on 2026-06-22 00:00:00+00:00
[2026-06-23T01:12:15.548+0000] {standard_task_runner.py:104} INFO - Running: ['airflow', 'tasks', 'run', 'competition_pipeline_dag', 'gold_load', 'scheduled__2026-06-22T00:00:00+00:00', '--job-id', '11', '--raw', '--subdir', 'DAGS_FOLDER/competition_pipeline_dag.py', '--cfg-path', '/tmp/tmpgwslr5hm']
[2026-06-23T01:12:15.557+0000] {logging_mixin.py:190} WARNING - /home/airflow/.local/lib/python3.12/site-packages/airflow/task/task_runner/standard_task_runner.py:70 DeprecationWarning: This process (pid=1154) is multi-threaded, use of fork() may lead to deadlocks in the child.
[2026-06-23T01:12:15.557+0000] {standard_task_runner.py:105} INFO - Job 11: Subtask gold_load
[2026-06-23T01:12:15.560+0000] {standard_task_runner.py:72} INFO - Started process 1168 to run task
[2026-06-23T01:12:15.667+0000] {task_command.py:467} INFO - Running <TaskInstance: competition_pipeline_dag.gold_load scheduled__2026-06-22T00:00:00+00:00 [running]> on host d817d2ea344d
[2026-06-23T01:12:15.887+0000] {taskinstance.py:3134} INFO - Exporting env vars: AIRFLOW_CTX_DAG_OWNER='airflow' AIRFLOW_CTX_DAG_ID='competition_pipeline_dag' AIRFLOW_CTX_TASK_ID='gold_load' AIRFLOW_CTX_EXECUTION_DATE='2026-06-22T00:00:00+00:00' AIRFLOW_CTX_TRY_NUMBER='1' AIRFLOW_CTX_DAG_RUN_ID='scheduled__2026-06-22T00:00:00+00:00'
[2026-06-23T01:12:15.891+0000] {taskinstance.py:732} INFO - ::endgroup::
[2026-06-23T01:12:16.137+0000] {logging_mixin.py:190} INFO - {'records': 4, 'table': 'gold.dim_competitions'}
[2026-06-23T01:12:16.139+0000] {python.py:240} INFO - Done. Returned value was: None
[2026-06-23T01:12:16.158+0000] {taskinstance.py:341} INFO - ::group::Post task execution logs
[2026-06-23T01:12:16.160+0000] {taskinstance.py:353} INFO - Marking task as SUCCESS. dag_id=competition_pipeline_dag, task_id=gold_load, run_id=scheduled__2026-06-22T00:00:00+00:00, execution_date=20260622T000000, start_date=20260623T011215, end_date=20260623T011216
[2026-06-23T01:12:16.273+0000] {local_task_job_runner.py:266} INFO - Task exited with return code 0
[2026-06-23T01:12:16.303+0000] {taskinstance.py:3901} INFO - 0 downstream tasks scheduled from follow-on schedule check
[2026-06-23T01:12:16.307+0000] {local_task_job_runner.py:245} INFO - ::endgroup::
[2026-06-23T19:45:26.613+0000] {local_task_job_runner.py:123} INFO - ::group::Pre task execution logs
[2026-06-23T19:45:26.634+0000] {taskinstance.py:2614} INFO - Dependencies all met for dep_context=non-requeueable deps ti=<TaskInstance: competition_pipeline_dag.gold_load scheduled__2026-06-22T00:00:00+00:00 [queued]>
[2026-06-23T19:45:26.646+0000] {taskinstance.py:2614} INFO - Dependencies all met for dep_context=requeueable deps ti=<TaskInstance: competition_pipeline_dag.gold_load scheduled__2026-06-22T00:00:00+00:00 [queued]>
[2026-06-23T19:45:26.649+0000] {taskinstance.py:2867} INFO - Starting attempt 1 of 1
[2026-06-23T19:45:26.676+0000] {taskinstance.py:2890} INFO - Executing <Task(PythonOperator): gold_load> on 2026-06-22 00:00:00+00:00
[2026-06-23T19:45:26.701+0000] {standard_task_runner.py:104} INFO - Running: ['airflow', 'tasks', 'run', 'competition_pipeline_dag', 'gold_load', 'scheduled__2026-06-22T00:00:00+00:00', '--job-id', '33', '--raw', '--subdir', 'DAGS_FOLDER/competition_pipeline_dag.py', '--cfg-path', '/tmp/tmpop4b0yzo']
[2026-06-23T19:45:26.710+0000] {logging_mixin.py:190} WARNING - /home/airflow/.local/lib/python3.12/site-packages/airflow/task/task_runner/standard_task_runner.py:70 DeprecationWarning: This process (pid=595) is multi-threaded, use of fork() may lead to deadlocks in the child.
[2026-06-23T19:45:26.710+0000] {standard_task_runner.py:105} INFO - Job 33: Subtask gold_load
[2026-06-23T19:45:26.713+0000] {standard_task_runner.py:72} INFO - Started process 609 to run task
[2026-06-23T19:45:26.803+0000] {task_command.py:467} INFO - Running <TaskInstance: competition_pipeline_dag.gold_load scheduled__2026-06-22T00:00:00+00:00 [running]> on host 63be96c18349
[2026-06-23T19:45:26.887+0000] {taskinstance.py:3134} INFO - Exporting env vars: AIRFLOW_CTX_DAG_OWNER='airflow' AIRFLOW_CTX_DAG_ID='competition_pipeline_dag' AIRFLOW_CTX_TASK_ID='gold_load' AIRFLOW_CTX_EXECUTION_DATE='2026-06-22T00:00:00+00:00' AIRFLOW_CTX_TRY_NUMBER='1' AIRFLOW_CTX_DAG_RUN_ID='scheduled__2026-06-22T00:00:00+00:00'
[2026-06-23T19:45:26.890+0000] {taskinstance.py:732} INFO - ::endgroup::
[2026-06-23T19:45:26.982+0000] {logging_mixin.py:190} INFO - {'records': 4, 'table': 'gold.dim_competitions'}
[2026-06-23T19:45:26.984+0000] {python.py:240} INFO - Done. Returned value was: None
[2026-06-23T19:45:26.990+0000] {taskinstance.py:341} INFO - ::group::Post task execution logs
[2026-06-23T19:45:26.991+0000] {taskinstance.py:353} INFO - Marking task as SUCCESS. dag_id=competition_pipeline_dag, task_id=gold_load, run_id=scheduled__2026-06-22T00:00:00+00:00, execution_date=20260622T000000, start_date=20260623T194526, end_date=20260623T194526
[2026-06-23T19:45:27.053+0000] {local_task_job_runner.py:266} INFO - Task exited with return code 0
[2026-06-23T19:45:27.067+0000] {taskinstance.py:3901} INFO - 0 downstream tasks scheduled from follow-on schedule check
[2026-06-23T19:45:27.069+0000] {local_task_job_runner.py:245} INFO - ::endgroup::
