[2026-06-23T19:19:07.973+0000] {local_task_job_runner.py:123} INFO - ::group::Pre task execution logs
[2026-06-23T19:19:07.985+0000] {taskinstance.py:2614} INFO - Dependencies all met for dep_context=non-requeueable deps ti=<TaskInstance: standing_pipeline_dag.gold_load scheduled__2026-06-22T00:00:00+00:00 [queued]>
[2026-06-23T19:19:07.993+0000] {taskinstance.py:2614} INFO - Dependencies all met for dep_context=requeueable deps ti=<TaskInstance: standing_pipeline_dag.gold_load scheduled__2026-06-22T00:00:00+00:00 [queued]>
[2026-06-23T19:19:07.996+0000] {taskinstance.py:2867} INFO - Starting attempt 1 of 1
[2026-06-23T19:19:08.012+0000] {taskinstance.py:2890} INFO - Executing <Task(PythonOperator): gold_load> on 2026-06-22 00:00:00+00:00
[2026-06-23T19:19:08.023+0000] {standard_task_runner.py:104} INFO - Running: ['airflow', 'tasks', 'run', 'standing_pipeline_dag', 'gold_load', 'scheduled__2026-06-22T00:00:00+00:00', '--job-id', '34', '--raw', '--subdir', 'DAGS_FOLDER/standing_pipeline_dag.py', '--cfg-path', '/tmp/tmpqut1_ylf']
[2026-06-23T19:19:08.026+0000] {logging_mixin.py:190} WARNING - /home/airflow/.local/lib/python3.12/site-packages/airflow/task/task_runner/standard_task_runner.py:70 DeprecationWarning: This process (pid=10097) is multi-threaded, use of fork() may lead to deadlocks in the child.
[2026-06-23T19:19:08.026+0000] {standard_task_runner.py:105} INFO - Job 34: Subtask gold_load
[2026-06-23T19:19:08.028+0000] {standard_task_runner.py:72} INFO - Started process 10111 to run task
[2026-06-23T19:19:08.085+0000] {task_command.py:467} INFO - Running <TaskInstance: standing_pipeline_dag.gold_load scheduled__2026-06-22T00:00:00+00:00 [running]> on host d817d2ea344d
[2026-06-23T19:19:08.140+0000] {taskinstance.py:3134} INFO - Exporting env vars: AIRFLOW_CTX_DAG_OWNER='airflow' AIRFLOW_CTX_DAG_ID='standing_pipeline_dag' AIRFLOW_CTX_TASK_ID='gold_load' AIRFLOW_CTX_EXECUTION_DATE='2026-06-22T00:00:00+00:00' AIRFLOW_CTX_TRY_NUMBER='1' AIRFLOW_CTX_DAG_RUN_ID='scheduled__2026-06-22T00:00:00+00:00'
[2026-06-23T19:19:08.143+0000] {taskinstance.py:732} INFO - ::endgroup::
[2026-06-23T19:19:08.218+0000] {logging_mixin.py:190} INFO - {'records': 24, 'table': 'gold.fact_standings'}
[2026-06-23T19:19:08.220+0000] {python.py:240} INFO - Done. Returned value was: None
[2026-06-23T19:19:08.226+0000] {taskinstance.py:341} INFO - ::group::Post task execution logs
[2026-06-23T19:19:08.227+0000] {taskinstance.py:353} INFO - Marking task as SUCCESS. dag_id=standing_pipeline_dag, task_id=gold_load, run_id=scheduled__2026-06-22T00:00:00+00:00, execution_date=20260622T000000, start_date=20260623T191907, end_date=20260623T191908
[2026-06-23T19:19:08.287+0000] {local_task_job_runner.py:266} INFO - Task exited with return code 0
[2026-06-23T19:19:08.301+0000] {taskinstance.py:3901} INFO - 0 downstream tasks scheduled from follow-on schedule check
[2026-06-23T19:19:08.305+0000] {local_task_job_runner.py:245} INFO - ::endgroup::
[2026-06-23T19:44:31.742+0000] {local_task_job_runner.py:123} INFO - ::group::Pre task execution logs
[2026-06-23T19:44:31.762+0000] {taskinstance.py:2614} INFO - Dependencies all met for dep_context=non-requeueable deps ti=<TaskInstance: standing_pipeline_dag.gold_load scheduled__2026-06-22T00:00:00+00:00 [queued]>
[2026-06-23T19:44:31.772+0000] {taskinstance.py:2614} INFO - Dependencies all met for dep_context=requeueable deps ti=<TaskInstance: standing_pipeline_dag.gold_load scheduled__2026-06-22T00:00:00+00:00 [queued]>
[2026-06-23T19:44:31.773+0000] {taskinstance.py:2867} INFO - Starting attempt 1 of 1
[2026-06-23T19:44:31.789+0000] {taskinstance.py:2890} INFO - Executing <Task(PythonOperator): gold_load> on 2026-06-22 00:00:00+00:00
[2026-06-23T19:44:31.803+0000] {standard_task_runner.py:104} INFO - Running: ['airflow', 'tasks', 'run', 'standing_pipeline_dag', 'gold_load', 'scheduled__2026-06-22T00:00:00+00:00', '--job-id', '23', '--raw', '--subdir', 'DAGS_FOLDER/standing_pipeline_dag.py', '--cfg-path', '/tmp/tmp0mix7rn7']
[2026-06-23T19:44:31.808+0000] {standard_task_runner.py:105} INFO - Job 23: Subtask gold_load
[2026-06-23T19:44:31.809+0000] {logging_mixin.py:190} WARNING - /home/airflow/.local/lib/python3.12/site-packages/airflow/task/task_runner/standard_task_runner.py:70 DeprecationWarning: This process (pid=427) is multi-threaded, use of fork() may lead to deadlocks in the child.
[2026-06-23T19:44:31.810+0000] {standard_task_runner.py:72} INFO - Started process 441 to run task
[2026-06-23T19:44:31.899+0000] {task_command.py:467} INFO - Running <TaskInstance: standing_pipeline_dag.gold_load scheduled__2026-06-22T00:00:00+00:00 [running]> on host 63be96c18349
[2026-06-23T19:44:31.967+0000] {taskinstance.py:3134} INFO - Exporting env vars: AIRFLOW_CTX_DAG_OWNER='airflow' AIRFLOW_CTX_DAG_ID='standing_pipeline_dag' AIRFLOW_CTX_TASK_ID='gold_load' AIRFLOW_CTX_EXECUTION_DATE='2026-06-22T00:00:00+00:00' AIRFLOW_CTX_TRY_NUMBER='1' AIRFLOW_CTX_DAG_RUN_ID='scheduled__2026-06-22T00:00:00+00:00'
[2026-06-23T19:44:31.969+0000] {taskinstance.py:732} INFO - ::endgroup::
[2026-06-23T19:44:32.061+0000] {logging_mixin.py:190} INFO - {'records': 24, 'table': 'gold.fact_standings'}
[2026-06-23T19:44:32.062+0000] {python.py:240} INFO - Done. Returned value was: None
[2026-06-23T19:44:32.068+0000] {taskinstance.py:341} INFO - ::group::Post task execution logs
[2026-06-23T19:44:32.069+0000] {taskinstance.py:353} INFO - Marking task as SUCCESS. dag_id=standing_pipeline_dag, task_id=gold_load, run_id=scheduled__2026-06-22T00:00:00+00:00, execution_date=20260622T000000, start_date=20260623T194431, end_date=20260623T194432
[2026-06-23T19:44:32.108+0000] {local_task_job_runner.py:266} INFO - Task exited with return code 0
[2026-06-23T19:44:32.119+0000] {taskinstance.py:3901} INFO - 0 downstream tasks scheduled from follow-on schedule check
[2026-06-23T19:44:32.121+0000] {local_task_job_runner.py:245} INFO - ::endgroup::
