[2026-06-23T18:03:54.619+0000] {local_task_job_runner.py:123} INFO - ::group::Pre task execution logs
[2026-06-23T18:03:54.627+0000] {taskinstance.py:2614} INFO - Dependencies all met for dep_context=non-requeueable deps ti=<TaskInstance: fixture_pipeline_dag.bronze_ingestion scheduled__2026-06-22T00:00:00+00:00 [queued]>
[2026-06-23T18:03:54.634+0000] {taskinstance.py:2614} INFO - Dependencies all met for dep_context=requeueable deps ti=<TaskInstance: fixture_pipeline_dag.bronze_ingestion scheduled__2026-06-22T00:00:00+00:00 [queued]>
[2026-06-23T18:03:54.636+0000] {taskinstance.py:2867} INFO - Starting attempt 1 of 1
[2026-06-23T18:03:54.649+0000] {taskinstance.py:2890} INFO - Executing <Task(PythonOperator): bronze_ingestion> on 2026-06-22 00:00:00+00:00
[2026-06-23T18:03:54.662+0000] {standard_task_runner.py:104} INFO - Running: ['airflow', 'tasks', 'run', 'fixture_pipeline_dag', 'bronze_ingestion', 'scheduled__2026-06-22T00:00:00+00:00', '--job-id', '24', '--raw', '--subdir', 'DAGS_FOLDER/fixture_pipeline_dag.py', '--cfg-path', '/tmp/tmpp3u37w_z']
[2026-06-23T18:03:54.666+0000] {logging_mixin.py:190} WARNING - /home/airflow/.local/lib/python3.12/site-packages/airflow/task/task_runner/standard_task_runner.py:70 DeprecationWarning: This process (pid=8077) is multi-threaded, use of fork() may lead to deadlocks in the child.
[2026-06-23T18:03:54.667+0000] {standard_task_runner.py:105} INFO - Job 24: Subtask bronze_ingestion
[2026-06-23T18:03:54.669+0000] {standard_task_runner.py:72} INFO - Started process 8091 to run task
[2026-06-23T18:03:54.742+0000] {task_command.py:467} INFO - Running <TaskInstance: fixture_pipeline_dag.bronze_ingestion scheduled__2026-06-22T00:00:00+00:00 [running]> on host d817d2ea344d
[2026-06-23T18:03:54.804+0000] {taskinstance.py:3134} INFO - Exporting env vars: AIRFLOW_CTX_DAG_OWNER='airflow' AIRFLOW_CTX_DAG_ID='fixture_pipeline_dag' AIRFLOW_CTX_TASK_ID='bronze_ingestion' AIRFLOW_CTX_EXECUTION_DATE='2026-06-22T00:00:00+00:00' AIRFLOW_CTX_TRY_NUMBER='1' AIRFLOW_CTX_DAG_RUN_ID='scheduled__2026-06-22T00:00:00+00:00'
[2026-06-23T18:03:54.807+0000] {taskinstance.py:732} INFO - ::endgroup::
[2026-06-23T18:03:55.743+0000] {logging_mixin.py:190} INFO - {'records': 9, 'object_name': 'fixtures/2026/06/23/fixtures_20260623_180355.json'}
[2026-06-23T18:03:55.744+0000] {python.py:240} INFO - Done. Returned value was: None
[2026-06-23T18:03:55.749+0000] {taskinstance.py:341} INFO - ::group::Post task execution logs
[2026-06-23T18:03:55.750+0000] {taskinstance.py:353} INFO - Marking task as SUCCESS. dag_id=fixture_pipeline_dag, task_id=bronze_ingestion, run_id=scheduled__2026-06-22T00:00:00+00:00, execution_date=20260622T000000, start_date=20260623T180354, end_date=20260623T180355
[2026-06-23T18:03:55.776+0000] {local_task_job_runner.py:266} INFO - Task exited with return code 0
[2026-06-23T18:03:55.795+0000] {taskinstance.py:3901} INFO - 1 downstream tasks scheduled from follow-on schedule check
[2026-06-23T18:03:55.803+0000] {local_task_job_runner.py:245} INFO - ::endgroup::
[2026-06-23T19:43:37.648+0000] {local_task_job_runner.py:123} INFO - ::group::Pre task execution logs
[2026-06-23T19:43:37.662+0000] {taskinstance.py:2614} INFO - Dependencies all met for dep_context=non-requeueable deps ti=<TaskInstance: fixture_pipeline_dag.bronze_ingestion scheduled__2026-06-22T00:00:00+00:00 [queued]>
[2026-06-23T19:43:37.672+0000] {taskinstance.py:2614} INFO - Dependencies all met for dep_context=requeueable deps ti=<TaskInstance: fixture_pipeline_dag.bronze_ingestion scheduled__2026-06-22T00:00:00+00:00 [queued]>
[2026-06-23T19:43:37.673+0000] {taskinstance.py:2867} INFO - Starting attempt 1 of 1
[2026-06-23T19:43:37.690+0000] {taskinstance.py:2890} INFO - Executing <Task(PythonOperator): bronze_ingestion> on 2026-06-22 00:00:00+00:00
[2026-06-23T19:43:37.705+0000] {standard_task_runner.py:104} INFO - Running: ['airflow', 'tasks', 'run', 'fixture_pipeline_dag', 'bronze_ingestion', 'scheduled__2026-06-22T00:00:00+00:00', '--job-id', '14', '--raw', '--subdir', 'DAGS_FOLDER/fixture_pipeline_dag.py', '--cfg-path', '/tmp/tmp0d48rh0x']
[2026-06-23T19:43:37.711+0000] {standard_task_runner.py:105} INFO - Job 14: Subtask bronze_ingestion
[2026-06-23T19:43:37.714+0000] {logging_mixin.py:190} WARNING - /home/airflow/.local/lib/python3.12/site-packages/airflow/task/task_runner/standard_task_runner.py:70 DeprecationWarning: This process (pid=281) is multi-threaded, use of fork() may lead to deadlocks in the child.
[2026-06-23T19:43:37.716+0000] {standard_task_runner.py:72} INFO - Started process 295 to run task
[2026-06-23T19:43:37.807+0000] {task_command.py:467} INFO - Running <TaskInstance: fixture_pipeline_dag.bronze_ingestion scheduled__2026-06-22T00:00:00+00:00 [running]> on host 63be96c18349
[2026-06-23T19:43:37.900+0000] {taskinstance.py:3134} INFO - Exporting env vars: AIRFLOW_CTX_DAG_OWNER='airflow' AIRFLOW_CTX_DAG_ID='fixture_pipeline_dag' AIRFLOW_CTX_TASK_ID='bronze_ingestion' AIRFLOW_CTX_EXECUTION_DATE='2026-06-22T00:00:00+00:00' AIRFLOW_CTX_TRY_NUMBER='1' AIRFLOW_CTX_DAG_RUN_ID='scheduled__2026-06-22T00:00:00+00:00'
[2026-06-23T19:43:37.904+0000] {taskinstance.py:732} INFO - ::endgroup::
[2026-06-23T19:43:38.901+0000] {logging_mixin.py:190} INFO - {'records': 9, 'object_name': 'fixtures/2026/06/23/fixtures_20260623_194338.json'}
[2026-06-23T19:43:38.903+0000] {python.py:240} INFO - Done. Returned value was: None
[2026-06-23T19:43:38.909+0000] {taskinstance.py:341} INFO - ::group::Post task execution logs
[2026-06-23T19:43:38.910+0000] {taskinstance.py:353} INFO - Marking task as SUCCESS. dag_id=fixture_pipeline_dag, task_id=bronze_ingestion, run_id=scheduled__2026-06-22T00:00:00+00:00, execution_date=20260622T000000, start_date=20260623T194337, end_date=20260623T194338
[2026-06-23T19:43:38.946+0000] {local_task_job_runner.py:266} INFO - Task exited with return code 0
[2026-06-23T19:43:38.967+0000] {taskinstance.py:3901} INFO - 1 downstream tasks scheduled from follow-on schedule check
[2026-06-23T19:43:38.973+0000] {local_task_job_runner.py:245} INFO - ::endgroup::
