[2026-06-23T19:18:47.404+0000] {local_task_job_runner.py:123} INFO - ::group::Pre task execution logs
[2026-06-23T19:18:47.414+0000] {taskinstance.py:2614} INFO - Dependencies all met for dep_context=non-requeueable deps ti=<TaskInstance: standing_pipeline_dag.bronze_ingestion scheduled__2026-06-22T00:00:00+00:00 [queued]>
[2026-06-23T19:18:47.421+0000] {taskinstance.py:2614} INFO - Dependencies all met for dep_context=requeueable deps ti=<TaskInstance: standing_pipeline_dag.bronze_ingestion scheduled__2026-06-22T00:00:00+00:00 [queued]>
[2026-06-23T19:18:47.424+0000] {taskinstance.py:2867} INFO - Starting attempt 1 of 1
[2026-06-23T19:18:47.438+0000] {taskinstance.py:2890} INFO - Executing <Task(PythonOperator): bronze_ingestion> on 2026-06-22 00:00:00+00:00
[2026-06-23T19:18:47.449+0000] {standard_task_runner.py:104} INFO - Running: ['airflow', 'tasks', 'run', 'standing_pipeline_dag', 'bronze_ingestion', 'scheduled__2026-06-22T00:00:00+00:00', '--job-id', '30', '--raw', '--subdir', 'DAGS_FOLDER/standing_pipeline_dag.py', '--cfg-path', '/tmp/tmpsxqfs598']
[2026-06-23T19:18:47.452+0000] {logging_mixin.py:190} WARNING - /home/airflow/.local/lib/python3.12/site-packages/airflow/task/task_runner/standard_task_runner.py:70 DeprecationWarning: This process (pid=10029) is multi-threaded, use of fork() may lead to deadlocks in the child.
[2026-06-23T19:18:47.453+0000] {standard_task_runner.py:105} INFO - Job 30: Subtask bronze_ingestion
[2026-06-23T19:18:47.454+0000] {standard_task_runner.py:72} INFO - Started process 10043 to run task
[2026-06-23T19:18:47.526+0000] {task_command.py:467} INFO - Running <TaskInstance: standing_pipeline_dag.bronze_ingestion scheduled__2026-06-22T00:00:00+00:00 [running]> on host d817d2ea344d
[2026-06-23T19:18:47.594+0000] {taskinstance.py:3134} INFO - Exporting env vars: AIRFLOW_CTX_DAG_OWNER='airflow' AIRFLOW_CTX_DAG_ID='standing_pipeline_dag' AIRFLOW_CTX_TASK_ID='bronze_ingestion' AIRFLOW_CTX_EXECUTION_DATE='2026-06-22T00:00:00+00:00' AIRFLOW_CTX_TRY_NUMBER='1' AIRFLOW_CTX_DAG_RUN_ID='scheduled__2026-06-22T00:00:00+00:00'
[2026-06-23T19:18:47.597+0000] {taskinstance.py:732} INFO - ::endgroup::
[2026-06-23T19:18:48.684+0000] {logging_mixin.py:190} INFO - {'records': 24, 'object_name': 'standings/2026/06/23/standings_20260623_191848.json'}
[2026-06-23T19:18:48.686+0000] {python.py:240} INFO - Done. Returned value was: None
[2026-06-23T19:18:48.693+0000] {taskinstance.py:341} INFO - ::group::Post task execution logs
[2026-06-23T19:18:48.694+0000] {taskinstance.py:353} INFO - Marking task as SUCCESS. dag_id=standing_pipeline_dag, task_id=bronze_ingestion, run_id=scheduled__2026-06-22T00:00:00+00:00, execution_date=20260622T000000, start_date=20260623T191847, end_date=20260623T191848
[2026-06-23T19:18:48.761+0000] {local_task_job_runner.py:266} INFO - Task exited with return code 0
[2026-06-23T19:18:48.778+0000] {taskinstance.py:3901} INFO - 1 downstream tasks scheduled from follow-on schedule check
[2026-06-23T19:18:48.784+0000] {local_task_job_runner.py:245} INFO - ::endgroup::
[2026-06-23T19:42:58.571+0000] {local_task_job_runner.py:123} INFO - ::group::Pre task execution logs
[2026-06-23T19:42:58.584+0000] {taskinstance.py:2614} INFO - Dependencies all met for dep_context=non-requeueable deps ti=<TaskInstance: standing_pipeline_dag.bronze_ingestion scheduled__2026-06-22T00:00:00+00:00 [queued]>
[2026-06-23T19:42:58.594+0000] {taskinstance.py:2614} INFO - Dependencies all met for dep_context=requeueable deps ti=<TaskInstance: standing_pipeline_dag.bronze_ingestion scheduled__2026-06-22T00:00:00+00:00 [queued]>
[2026-06-23T19:42:58.596+0000] {taskinstance.py:2867} INFO - Starting attempt 1 of 1
[2026-06-23T19:42:58.614+0000] {taskinstance.py:2890} INFO - Executing <Task(PythonOperator): bronze_ingestion> on 2026-06-22 00:00:00+00:00
[2026-06-23T19:42:58.635+0000] {standard_task_runner.py:104} INFO - Running: ['airflow', 'tasks', 'run', 'standing_pipeline_dag', 'bronze_ingestion', 'scheduled__2026-06-22T00:00:00+00:00', '--job-id', '8', '--raw', '--subdir', 'DAGS_FOLDER/standing_pipeline_dag.py', '--cfg-path', '/tmp/tmpk1id1xwb']
[2026-06-23T19:42:58.651+0000] {standard_task_runner.py:105} INFO - Job 8: Subtask bronze_ingestion
[2026-06-23T19:42:58.651+0000] {logging_mixin.py:190} WARNING - /home/airflow/.local/lib/python3.12/site-packages/airflow/task/task_runner/standard_task_runner.py:70 DeprecationWarning: This process (pid=176) is multi-threaded, use of fork() may lead to deadlocks in the child.
[2026-06-23T19:42:58.653+0000] {standard_task_runner.py:72} INFO - Started process 190 to run task
[2026-06-23T19:42:58.726+0000] {task_command.py:467} INFO - Running <TaskInstance: standing_pipeline_dag.bronze_ingestion scheduled__2026-06-22T00:00:00+00:00 [running]> on host 63be96c18349
[2026-06-23T19:42:58.778+0000] {taskinstance.py:3134} INFO - Exporting env vars: AIRFLOW_CTX_DAG_OWNER='airflow' AIRFLOW_CTX_DAG_ID='standing_pipeline_dag' AIRFLOW_CTX_TASK_ID='bronze_ingestion' AIRFLOW_CTX_EXECUTION_DATE='2026-06-22T00:00:00+00:00' AIRFLOW_CTX_TRY_NUMBER='1' AIRFLOW_CTX_DAG_RUN_ID='scheduled__2026-06-22T00:00:00+00:00'
[2026-06-23T19:42:58.780+0000] {taskinstance.py:732} INFO - ::endgroup::
[2026-06-23T19:42:59.512+0000] {logging_mixin.py:190} INFO - {'records': 24, 'object_name': 'standings/2026/06/23/standings_20260623_194259.json'}
[2026-06-23T19:42:59.514+0000] {python.py:240} INFO - Done. Returned value was: None
[2026-06-23T19:42:59.521+0000] {taskinstance.py:341} INFO - ::group::Post task execution logs
[2026-06-23T19:42:59.523+0000] {taskinstance.py:353} INFO - Marking task as SUCCESS. dag_id=standing_pipeline_dag, task_id=bronze_ingestion, run_id=scheduled__2026-06-22T00:00:00+00:00, execution_date=20260622T000000, start_date=20260623T194258, end_date=20260623T194259
[2026-06-23T19:42:59.598+0000] {local_task_job_runner.py:266} INFO - Task exited with return code 0
[2026-06-23T19:42:59.629+0000] {taskinstance.py:3901} INFO - 1 downstream tasks scheduled from follow-on schedule check
[2026-06-23T19:42:59.638+0000] {local_task_job_runner.py:245} INFO - ::endgroup::
