[2026-06-22T15:56:14.653+0000] {local_task_job_runner.py:123} INFO - ::group::Pre task execution logs
[2026-06-22T15:56:14.689+0000] {taskinstance.py:2614} INFO - Dependencies all met for dep_context=non-requeueable deps ti=<TaskInstance: competition_ingestion_dag.ingest_competitions manual__2026-06-22T15:56:00.668709+00:00 [queued]>
[2026-06-22T15:56:14.715+0000] {taskinstance.py:2614} INFO - Dependencies all met for dep_context=requeueable deps ti=<TaskInstance: competition_ingestion_dag.ingest_competitions manual__2026-06-22T15:56:00.668709+00:00 [queued]>
[2026-06-22T15:56:14.720+0000] {taskinstance.py:2867} INFO - Starting attempt 1 of 1
[2026-06-22T15:56:14.761+0000] {taskinstance.py:2890} INFO - Executing <Task(PythonOperator): ingest_competitions> on 2026-06-22 15:56:00.668709+00:00
[2026-06-22T15:56:14.774+0000] {standard_task_runner.py:72} INFO - Started process 152 to run task
[2026-06-22T15:56:14.785+0000] {standard_task_runner.py:104} INFO - Running: ['airflow', 'tasks', 'run', 'competition_ingestion_dag', 'ingest_competitions', 'manual__2026-06-22T15:56:00.668709+00:00', '--job-id', '4', '--raw', '--subdir', 'DAGS_FOLDER/competition_ingestion_dag.py', '--cfg-path', '/tmp/tmptfo3eqnb']
[2026-06-22T15:56:14.792+0000] {standard_task_runner.py:105} INFO - Job 4: Subtask ingest_competitions
[2026-06-22T15:56:14.927+0000] {task_command.py:467} INFO - Running <TaskInstance: competition_ingestion_dag.ingest_competitions manual__2026-06-22T15:56:00.668709+00:00 [running]> on host 9257d06b7f4c
[2026-06-22T15:56:15.039+0000] {taskinstance.py:3134} INFO - Exporting env vars: AIRFLOW_CTX_DAG_OWNER='airflow' AIRFLOW_CTX_DAG_ID='competition_ingestion_dag' AIRFLOW_CTX_TASK_ID='ingest_competitions' AIRFLOW_CTX_EXECUTION_DATE='2026-06-22T15:56:00.668709+00:00' AIRFLOW_CTX_TRY_NUMBER='1' AIRFLOW_CTX_DAG_RUN_ID='manual__2026-06-22T15:56:00.668709+00:00'
[2026-06-22T15:56:15.042+0000] {taskinstance.py:732} INFO - ::endgroup::
[2026-06-22T15:56:16.191+0000] {taskinstance.py:3313} ERROR - Task failed with exception
Traceback (most recent call last):
  File "/home/airflow/.local/lib/python3.12/site-packages/airflow/models/taskinstance.py", line 768, in _execute_task
    result = _execute_callable(context=context, **execute_callable_kwargs)
             ^^^^^^^^^^^^^^^^^^^^^^^^^^^^^^^^^^^^^^^^^^^^^^^^^^^^^^^^^^^^^
  File "/home/airflow/.local/lib/python3.12/site-packages/airflow/models/taskinstance.py", line 734, in _execute_callable
    return ExecutionCallableRunner(
           ^^^^^^^^^^^^^^^^^^^^^^^^
  File "/home/airflow/.local/lib/python3.12/site-packages/airflow/utils/operator_helpers.py", line 252, in run
    return self.func(*args, **kwargs)
           ^^^^^^^^^^^^^^^^^^^^^^^^^^
  File "/home/airflow/.local/lib/python3.12/site-packages/airflow/models/baseoperator.py", line 424, in wrapper
    return func(self, *args, **kwargs)
           ^^^^^^^^^^^^^^^^^^^^^^^^^^^
  File "/home/airflow/.local/lib/python3.12/site-packages/airflow/operators/python.py", line 238, in execute
    return_value = self.execute_callable()
                   ^^^^^^^^^^^^^^^^^^^^^^^
  File "/home/airflow/.local/lib/python3.12/site-packages/airflow/operators/python.py", line 256, in execute_callable
    return runner.run(*self.op_args, **self.op_kwargs)
           ^^^^^^^^^^^^^^^^^^^^^^^^^^^^^^^^^^^^^^^^^^^
  File "/home/airflow/.local/lib/python3.12/site-packages/airflow/utils/operator_helpers.py", line 252, in run
    return self.func(*args, **kwargs)
           ^^^^^^^^^^^^^^^^^^^^^^^^^^
  File "/opt/airflow/dags/competition_ingestion_dag.py", line 15, in run_competition_ingestion
    .execute()
     ^^^^^^^^^
  File "/opt/airflow/src/ingestion/competitions/service.py", line 14, in execute
    competitions = self.extractor.extract()
                   ^^^^^^^^^^^^^^^^^^^^^^^^
  File "/opt/airflow/src/ingestion/competitions/extractor.py", line 11, in extract
    response = self.client.get_leagues()
               ^^^^^^^^^^^^^^^^^^^^^^^^^
  File "/opt/airflow/src/ingestion/competitions/client.py", line 20, in get_leagues
    response.raise_for_status()
  File "/home/airflow/.local/lib/python3.12/site-packages/requests/models.py", line 1024, in raise_for_status
    raise HTTPError(http_error_msg, response=self)
requests.exceptions.HTTPError: 401 Client Error: Unauthorized for url: https://api.sportmonks.com/v3/football/leagues
[2026-06-22T15:56:16.249+0000] {taskinstance.py:1226} INFO - Marking task as FAILED. dag_id=competition_ingestion_dag, task_id=ingest_competitions, run_id=manual__2026-06-22T15:56:00.668709+00:00, execution_date=20260622T155600, start_date=20260622T155614, end_date=20260622T155616
[2026-06-22T15:56:16.283+0000] {taskinstance.py:341} INFO - ::group::Post task execution logs
[2026-06-22T15:56:16.285+0000] {standard_task_runner.py:124} ERROR - Failed to execute job 4 for task ingest_competitions (401 Client Error: Unauthorized for url: https://api.sportmonks.com/v3/football/leagues; 152)
Traceback (most recent call last):
  File "/home/airflow/.local/lib/python3.12/site-packages/airflow/task/task_runner/standard_task_runner.py", line 117, in _start_by_fork
    ret = args.func(args, dag=self.dag)
          ^^^^^^^^^^^^^^^^^^^^^^^^^^^^^
  File "/home/airflow/.local/lib/python3.12/site-packages/airflow/cli/cli_config.py", line 49, in command
    return func(*args, **kwargs)
           ^^^^^^^^^^^^^^^^^^^^^
  File "/home/airflow/.local/lib/python3.12/site-packages/airflow/utils/cli.py", line 116, in wrapper
    return f(*args, **kwargs)
           ^^^^^^^^^^^^^^^^^^
  File "/home/airflow/.local/lib/python3.12/site-packages/airflow/cli/commands/task_command.py", line 483, in task_run
    task_return_code = _run_task_by_selected_method(args, _dag, ti)
                       ^^^^^^^^^^^^^^^^^^^^^^^^^^^^^^^^^^^^^^^^^^^^
  File "/home/airflow/.local/lib/python3.12/site-packages/airflow/cli/commands/task_command.py", line 256, in _run_task_by_selected_method
    return _run_raw_task(args, ti)
           ^^^^^^^^^^^^^^^^^^^^^^^
  File "/home/airflow/.local/lib/python3.12/site-packages/airflow/cli/commands/task_command.py", line 341, in _run_raw_task
    return ti._run_raw_task(
           ^^^^^^^^^^^^^^^^^
  File "/home/airflow/.local/lib/python3.12/site-packages/airflow/utils/session.py", line 97, in wrapper
    return func(*args, session=session, **kwargs)
           ^^^^^^^^^^^^^^^^^^^^^^^^^^^^^^^^^^^^^^
  File "/home/airflow/.local/lib/python3.12/site-packages/airflow/models/taskinstance.py", line 3006, in _run_raw_task
    return _run_raw_task(
           ^^^^^^^^^^^^^^
  File "/home/airflow/.local/lib/python3.12/site-packages/airflow/models/taskinstance.py", line 274, in _run_raw_task
    TaskInstance._execute_task_with_callbacks(
  File "/home/airflow/.local/lib/python3.12/site-packages/airflow/models/taskinstance.py", line 3161, in _execute_task_with_callbacks
    result = self._execute_task(context, task_orig)
             ^^^^^^^^^^^^^^^^^^^^^^^^^^^^^^^^^^^^^^
  File "/home/airflow/.local/lib/python3.12/site-packages/airflow/models/taskinstance.py", line 3185, in _execute_task
    return _execute_task(self, context, task_orig)
           ^^^^^^^^^^^^^^^^^^^^^^^^^^^^^^^^^^^^^^^
  File "/home/airflow/.local/lib/python3.12/site-packages/airflow/models/taskinstance.py", line 768, in _execute_task
    result = _execute_callable(context=context, **execute_callable_kwargs)
             ^^^^^^^^^^^^^^^^^^^^^^^^^^^^^^^^^^^^^^^^^^^^^^^^^^^^^^^^^^^^^
  File "/home/airflow/.local/lib/python3.12/site-packages/airflow/models/taskinstance.py", line 734, in _execute_callable
    return ExecutionCallableRunner(
           ^^^^^^^^^^^^^^^^^^^^^^^^
  File "/home/airflow/.local/lib/python3.12/site-packages/airflow/utils/operator_helpers.py", line 252, in run
    return self.func(*args, **kwargs)
           ^^^^^^^^^^^^^^^^^^^^^^^^^^
  File "/home/airflow/.local/lib/python3.12/site-packages/airflow/models/baseoperator.py", line 424, in wrapper
    return func(self, *args, **kwargs)
           ^^^^^^^^^^^^^^^^^^^^^^^^^^^
  File "/home/airflow/.local/lib/python3.12/site-packages/airflow/operators/python.py", line 238, in execute
    return_value = self.execute_callable()
                   ^^^^^^^^^^^^^^^^^^^^^^^
  File "/home/airflow/.local/lib/python3.12/site-packages/airflow/operators/python.py", line 256, in execute_callable
    return runner.run(*self.op_args, **self.op_kwargs)
           ^^^^^^^^^^^^^^^^^^^^^^^^^^^^^^^^^^^^^^^^^^^
  File "/home/airflow/.local/lib/python3.12/site-packages/airflow/utils/operator_helpers.py", line 252, in run
    return self.func(*args, **kwargs)
           ^^^^^^^^^^^^^^^^^^^^^^^^^^
  File "/opt/airflow/dags/competition_ingestion_dag.py", line 15, in run_competition_ingestion
    .execute()
     ^^^^^^^^^
  File "/opt/airflow/src/ingestion/competitions/service.py", line 14, in execute
    competitions = self.extractor.extract()
                   ^^^^^^^^^^^^^^^^^^^^^^^^
  File "/opt/airflow/src/ingestion/competitions/extractor.py", line 11, in extract
    response = self.client.get_leagues()
               ^^^^^^^^^^^^^^^^^^^^^^^^^
  File "/opt/airflow/src/ingestion/competitions/client.py", line 20, in get_leagues
    response.raise_for_status()
  File "/home/airflow/.local/lib/python3.12/site-packages/requests/models.py", line 1024, in raise_for_status
    raise HTTPError(http_error_msg, response=self)
requests.exceptions.HTTPError: 401 Client Error: Unauthorized for url: https://api.sportmonks.com/v3/football/leagues
[2026-06-22T15:56:16.334+0000] {local_task_job_runner.py:266} INFO - Task exited with return code 1
[2026-06-22T15:56:16.351+0000] {taskinstance.py:3901} INFO - 0 downstream tasks scheduled from follow-on schedule check
[2026-06-22T15:56:16.354+0000] {local_task_job_runner.py:245} INFO - ::endgroup::
