[2026-06-23T01:11:51.561+0000] {local_task_job_runner.py:123} INFO - ::group::Pre task execution logs
[2026-06-23T01:11:51.587+0000] {taskinstance.py:2614} INFO - Dependencies all met for dep_context=non-requeueable deps ti=<TaskInstance: competition_pipeline_dag.bronze_ingestion scheduled__2026-06-22T00:00:00+00:00 [queued]>
[2026-06-23T01:11:51.596+0000] {taskinstance.py:2614} INFO - Dependencies all met for dep_context=requeueable deps ti=<TaskInstance: competition_pipeline_dag.bronze_ingestion scheduled__2026-06-22T00:00:00+00:00 [queued]>
[2026-06-23T01:11:51.610+0000] {taskinstance.py:2867} INFO - Starting attempt 1 of 1
[2026-06-23T01:11:51.997+0000] {taskinstance.py:2890} INFO - Executing <Task(PythonOperator): bronze_ingestion> on 2026-06-22 00:00:00+00:00
[2026-06-23T01:11:52.078+0000] {standard_task_runner.py:104} INFO - Running: ['airflow', 'tasks', 'run', 'competition_pipeline_dag', 'bronze_ingestion', 'scheduled__2026-06-22T00:00:00+00:00', '--job-id', '9', '--raw', '--subdir', 'DAGS_FOLDER/competition_pipeline_dag.py', '--cfg-path', '/tmp/tmp3kqljeqs']
[2026-06-23T01:11:52.082+0000] {logging_mixin.py:190} WARNING - /home/airflow/.local/lib/python3.12/site-packages/airflow/task/task_runner/standard_task_runner.py:70 DeprecationWarning: This process (pid=1118) is multi-threaded, use of fork() may lead to deadlocks in the child.
[2026-06-23T01:11:52.101+0000] {standard_task_runner.py:105} INFO - Job 9: Subtask bronze_ingestion
[2026-06-23T01:11:52.103+0000] {standard_task_runner.py:72} INFO - Started process 1132 to run task
[2026-06-23T01:11:52.613+0000] {task_command.py:467} INFO - Running <TaskInstance: competition_pipeline_dag.bronze_ingestion scheduled__2026-06-22T00:00:00+00:00 [running]> on host d817d2ea344d
[2026-06-23T01:11:52.821+0000] {taskinstance.py:3134} INFO - Exporting env vars: AIRFLOW_CTX_DAG_OWNER='airflow' AIRFLOW_CTX_DAG_ID='competition_pipeline_dag' AIRFLOW_CTX_TASK_ID='bronze_ingestion' AIRFLOW_CTX_EXECUTION_DATE='2026-06-22T00:00:00+00:00' AIRFLOW_CTX_TRY_NUMBER='1' AIRFLOW_CTX_DAG_RUN_ID='scheduled__2026-06-22T00:00:00+00:00'
[2026-06-23T01:11:52.825+0000] {taskinstance.py:732} INFO - ::endgroup::
[2026-06-23T01:11:53.797+0000] {logging_mixin.py:190} INFO - {'records': 4, 'object_name': 'competitions/2026/06/23/competitions_20260623_011153.json'}
[2026-06-23T01:11:53.802+0000] {python.py:240} INFO - Done. Returned value was: None
[2026-06-23T01:11:53.816+0000] {taskinstance.py:341} INFO - ::group::Post task execution logs
[2026-06-23T01:11:53.819+0000] {taskinstance.py:353} INFO - Marking task as SUCCESS. dag_id=competition_pipeline_dag, task_id=bronze_ingestion, run_id=scheduled__2026-06-22T00:00:00+00:00, execution_date=20260622T000000, start_date=20260623T011151, end_date=20260623T011153
[2026-06-23T01:11:53.864+0000] {local_task_job_runner.py:266} INFO - Task exited with return code 0
[2026-06-23T01:11:53.902+0000] {taskinstance.py:3901} INFO - 1 downstream tasks scheduled from follow-on schedule check
[2026-06-23T01:11:53.912+0000] {local_task_job_runner.py:245} INFO - ::endgroup::
[2026-06-23T19:44:54.491+0000] {local_task_job_runner.py:123} INFO - ::group::Pre task execution logs
[2026-06-23T19:44:54.505+0000] {taskinstance.py:2614} INFO - Dependencies all met for dep_context=non-requeueable deps ti=<TaskInstance: competition_pipeline_dag.bronze_ingestion scheduled__2026-06-22T00:00:00+00:00 [queued]>
[2026-06-23T19:44:54.513+0000] {taskinstance.py:2614} INFO - Dependencies all met for dep_context=requeueable deps ti=<TaskInstance: competition_pipeline_dag.bronze_ingestion scheduled__2026-06-22T00:00:00+00:00 [queued]>
[2026-06-23T19:44:54.514+0000] {taskinstance.py:2867} INFO - Starting attempt 1 of 1
[2026-06-23T19:44:54.537+0000] {taskinstance.py:2890} INFO - Executing <Task(PythonOperator): bronze_ingestion> on 2026-06-22 00:00:00+00:00
[2026-06-23T19:44:54.561+0000] {standard_task_runner.py:104} INFO - Running: ['airflow', 'tasks', 'run', 'competition_pipeline_dag', 'bronze_ingestion', 'scheduled__2026-06-22T00:00:00+00:00', '--job-id', '27', '--raw', '--subdir', 'DAGS_FOLDER/competition_pipeline_dag.py', '--cfg-path', '/tmp/tmp11ux_wji']
[2026-06-23T19:44:54.567+0000] {standard_task_runner.py:105} INFO - Job 27: Subtask bronze_ingestion
[2026-06-23T19:44:54.569+0000] {logging_mixin.py:190} WARNING - /home/airflow/.local/lib/python3.12/site-packages/airflow/task/task_runner/standard_task_runner.py:70 DeprecationWarning: This process (pid=495) is multi-threaded, use of fork() may lead to deadlocks in the child.
[2026-06-23T19:44:54.571+0000] {standard_task_runner.py:72} INFO - Started process 509 to run task
[2026-06-23T19:44:54.640+0000] {task_command.py:467} INFO - Running <TaskInstance: competition_pipeline_dag.bronze_ingestion scheduled__2026-06-22T00:00:00+00:00 [running]> on host 63be96c18349
[2026-06-23T19:44:54.708+0000] {taskinstance.py:3134} INFO - Exporting env vars: AIRFLOW_CTX_DAG_OWNER='airflow' AIRFLOW_CTX_DAG_ID='competition_pipeline_dag' AIRFLOW_CTX_TASK_ID='bronze_ingestion' AIRFLOW_CTX_EXECUTION_DATE='2026-06-22T00:00:00+00:00' AIRFLOW_CTX_TRY_NUMBER='1' AIRFLOW_CTX_DAG_RUN_ID='scheduled__2026-06-22T00:00:00+00:00'
[2026-06-23T19:44:54.711+0000] {taskinstance.py:732} INFO - ::endgroup::
[2026-06-23T19:44:55.831+0000] {logging_mixin.py:190} INFO - {'records': 4, 'object_name': 'competitions/2026/06/23/competitions_20260623_194455.json'}
[2026-06-23T19:44:55.833+0000] {python.py:240} INFO - Done. Returned value was: None
[2026-06-23T19:44:55.842+0000] {taskinstance.py:341} INFO - ::group::Post task execution logs
[2026-06-23T19:44:55.844+0000] {taskinstance.py:353} INFO - Marking task as SUCCESS. dag_id=competition_pipeline_dag, task_id=bronze_ingestion, run_id=scheduled__2026-06-22T00:00:00+00:00, execution_date=20260622T000000, start_date=20260623T194454, end_date=20260623T194455
[2026-06-23T19:44:55.922+0000] {local_task_job_runner.py:266} INFO - Task exited with return code 0
[2026-06-23T19:44:55.945+0000] {taskinstance.py:3901} INFO - 1 downstream tasks scheduled from follow-on schedule check
[2026-06-23T19:44:55.954+0000] {local_task_job_runner.py:245} INFO - ::endgroup::
