[2026-06-23T01:12:03.865+0000] {local_task_job_runner.py:123} INFO - ::group::Pre task execution logs
[2026-06-23T01:12:03.904+0000] {taskinstance.py:2614} INFO - Dependencies all met for dep_context=non-requeueable deps ti=<TaskInstance: competition_pipeline_dag.silver_transformation scheduled__2026-06-22T00:00:00+00:00 [queued]>
[2026-06-23T01:12:03.927+0000] {taskinstance.py:2614} INFO - Dependencies all met for dep_context=requeueable deps ti=<TaskInstance: competition_pipeline_dag.silver_transformation scheduled__2026-06-22T00:00:00+00:00 [queued]>
[2026-06-23T01:12:03.931+0000] {taskinstance.py:2867} INFO - Starting attempt 1 of 1
[2026-06-23T01:12:03.969+0000] {taskinstance.py:2890} INFO - Executing <Task(PythonOperator): silver_transformation> on 2026-06-22 00:00:00+00:00
[2026-06-23T01:12:03.990+0000] {standard_task_runner.py:104} INFO - Running: ['airflow', 'tasks', 'run', 'competition_pipeline_dag', 'silver_transformation', 'scheduled__2026-06-22T00:00:00+00:00', '--job-id', '10', '--raw', '--subdir', 'DAGS_FOLDER/competition_pipeline_dag.py', '--cfg-path', '/tmp/tmpaql07t_a']
[2026-06-23T01:12:03.997+0000] {standard_task_runner.py:105} INFO - Job 10: Subtask silver_transformation
[2026-06-23T01:12:04.000+0000] {logging_mixin.py:190} WARNING - /home/airflow/.local/lib/python3.12/site-packages/airflow/task/task_runner/standard_task_runner.py:70 DeprecationWarning: This process (pid=1136) is multi-threaded, use of fork() may lead to deadlocks in the child.
[2026-06-23T01:12:04.003+0000] {standard_task_runner.py:72} INFO - Started process 1150 to run task
[2026-06-23T01:12:04.088+0000] {task_command.py:467} INFO - Running <TaskInstance: competition_pipeline_dag.silver_transformation scheduled__2026-06-22T00:00:00+00:00 [running]> on host d817d2ea344d
[2026-06-23T01:12:04.261+0000] {taskinstance.py:3134} INFO - Exporting env vars: AIRFLOW_CTX_DAG_OWNER='airflow' AIRFLOW_CTX_DAG_ID='competition_pipeline_dag' AIRFLOW_CTX_TASK_ID='silver_transformation' AIRFLOW_CTX_EXECUTION_DATE='2026-06-22T00:00:00+00:00' AIRFLOW_CTX_TRY_NUMBER='1' AIRFLOW_CTX_DAG_RUN_ID='scheduled__2026-06-22T00:00:00+00:00'
[2026-06-23T01:12:04.265+0000] {taskinstance.py:732} INFO - ::endgroup::
[2026-06-23T01:12:04.755+0000] {logging_mixin.py:190} INFO - {'records': 4, 'table': 'silver.competitions'}
[2026-06-23T01:12:04.756+0000] {python.py:240} INFO - Done. Returned value was: None
[2026-06-23T01:12:04.765+0000] {taskinstance.py:341} INFO - ::group::Post task execution logs
[2026-06-23T01:12:04.767+0000] {taskinstance.py:353} INFO - Marking task as SUCCESS. dag_id=competition_pipeline_dag, task_id=silver_transformation, run_id=scheduled__2026-06-22T00:00:00+00:00, execution_date=20260622T000000, start_date=20260623T011203, end_date=20260623T011204
[2026-06-23T01:12:04.827+0000] {local_task_job_runner.py:266} INFO - Task exited with return code 0
[2026-06-23T01:12:04.842+0000] {taskinstance.py:3901} INFO - 1 downstream tasks scheduled from follow-on schedule check
[2026-06-23T01:12:04.850+0000] {local_task_job_runner.py:245} INFO - ::endgroup::
[2026-06-23T19:45:11.257+0000] {local_task_job_runner.py:123} INFO - ::group::Pre task execution logs
[2026-06-23T19:45:11.272+0000] {taskinstance.py:2614} INFO - Dependencies all met for dep_context=non-requeueable deps ti=<TaskInstance: competition_pipeline_dag.silver_transformation scheduled__2026-06-22T00:00:00+00:00 [queued]>
[2026-06-23T19:45:11.280+0000] {taskinstance.py:2614} INFO - Dependencies all met for dep_context=requeueable deps ti=<TaskInstance: competition_pipeline_dag.silver_transformation scheduled__2026-06-22T00:00:00+00:00 [queued]>
[2026-06-23T19:45:11.281+0000] {taskinstance.py:2867} INFO - Starting attempt 1 of 1
[2026-06-23T19:45:11.294+0000] {taskinstance.py:2890} INFO - Executing <Task(PythonOperator): silver_transformation> on 2026-06-22 00:00:00+00:00
[2026-06-23T19:45:11.307+0000] {standard_task_runner.py:104} INFO - Running: ['airflow', 'tasks', 'run', 'competition_pipeline_dag', 'silver_transformation', 'scheduled__2026-06-22T00:00:00+00:00', '--job-id', '30', '--raw', '--subdir', 'DAGS_FOLDER/competition_pipeline_dag.py', '--cfg-path', '/tmp/tmpcxb47q94']
[2026-06-23T19:45:11.311+0000] {standard_task_runner.py:105} INFO - Job 30: Subtask silver_transformation
[2026-06-23T19:45:11.311+0000] {logging_mixin.py:190} WARNING - /home/airflow/.local/lib/python3.12/site-packages/airflow/task/task_runner/standard_task_runner.py:70 DeprecationWarning: This process (pid=545) is multi-threaded, use of fork() may lead to deadlocks in the child.
[2026-06-23T19:45:11.313+0000] {standard_task_runner.py:72} INFO - Started process 559 to run task
[2026-06-23T19:45:11.370+0000] {task_command.py:467} INFO - Running <TaskInstance: competition_pipeline_dag.silver_transformation scheduled__2026-06-22T00:00:00+00:00 [running]> on host 63be96c18349
[2026-06-23T19:45:11.432+0000] {taskinstance.py:3134} INFO - Exporting env vars: AIRFLOW_CTX_DAG_OWNER='airflow' AIRFLOW_CTX_DAG_ID='competition_pipeline_dag' AIRFLOW_CTX_TASK_ID='silver_transformation' AIRFLOW_CTX_EXECUTION_DATE='2026-06-22T00:00:00+00:00' AIRFLOW_CTX_TRY_NUMBER='1' AIRFLOW_CTX_DAG_RUN_ID='scheduled__2026-06-22T00:00:00+00:00'
[2026-06-23T19:45:11.434+0000] {taskinstance.py:732} INFO - ::endgroup::
[2026-06-23T19:45:11.537+0000] {logging_mixin.py:190} INFO - {'records': 4, 'table': 'silver.competitions'}
[2026-06-23T19:45:11.539+0000] {python.py:240} INFO - Done. Returned value was: None
[2026-06-23T19:45:11.546+0000] {taskinstance.py:341} INFO - ::group::Post task execution logs
[2026-06-23T19:45:11.547+0000] {taskinstance.py:353} INFO - Marking task as SUCCESS. dag_id=competition_pipeline_dag, task_id=silver_transformation, run_id=scheduled__2026-06-22T00:00:00+00:00, execution_date=20260622T000000, start_date=20260623T194511, end_date=20260623T194511
[2026-06-23T19:45:11.613+0000] {local_task_job_runner.py:266} INFO - Task exited with return code 0
[2026-06-23T19:45:11.639+0000] {taskinstance.py:3901} INFO - 1 downstream tasks scheduled from follow-on schedule check
[2026-06-23T19:45:11.646+0000] {local_task_job_runner.py:245} INFO - ::endgroup::
