[2026-06-24T17:10:35.508+0000] {local_task_job_runner.py:123} INFO - ::group::Pre task execution logs
[2026-06-24T17:10:35.517+0000] {taskinstance.py:2614} INFO - Dependencies all met for dep_context=non-requeueable deps ti=<TaskInstance: sportflow_master_pipeline_dag.fixtures_bronze manual__2026-06-24T17:10:04.934453+00:00 [queued]>
[2026-06-24T17:10:35.523+0000] {taskinstance.py:2614} INFO - Dependencies all met for dep_context=requeueable deps ti=<TaskInstance: sportflow_master_pipeline_dag.fixtures_bronze manual__2026-06-24T17:10:04.934453+00:00 [queued]>
[2026-06-24T17:10:35.527+0000] {taskinstance.py:2867} INFO - Starting attempt 1 of 1
[2026-06-24T17:10:35.542+0000] {taskinstance.py:2890} INFO - Executing <Task(PythonOperator): fixtures_bronze> on 2026-06-24 17:10:04.934453+00:00
[2026-06-24T17:10:35.554+0000] {standard_task_runner.py:104} INFO - Running: ['airflow', 'tasks', 'run', 'sportflow_master_pipeline_dag', 'fixtures_bronze', 'manual__2026-06-24T17:10:04.934453+00:00', '--job-id', '96', '--raw', '--subdir', 'DAGS_FOLDER/sportflow_master_pipeline_dag.py', '--cfg-path', '/tmp/tmp3rc_6378']
[2026-06-24T17:10:35.556+0000] {logging_mixin.py:190} WARNING - /home/airflow/.local/lib/python3.12/site-packages/airflow/task/task_runner/standard_task_runner.py:70 DeprecationWarning: This process (pid=15931) is multi-threaded, use of fork() may lead to deadlocks in the child.
[2026-06-24T17:10:35.557+0000] {standard_task_runner.py:105} INFO - Job 96: Subtask fixtures_bronze
[2026-06-24T17:10:35.559+0000] {standard_task_runner.py:72} INFO - Started process 15945 to run task
[2026-06-24T17:10:35.623+0000] {task_command.py:467} INFO - Running <TaskInstance: sportflow_master_pipeline_dag.fixtures_bronze manual__2026-06-24T17:10:04.934453+00:00 [running]> on host 63be96c18349
[2026-06-24T17:10:35.684+0000] {taskinstance.py:3134} INFO - Exporting env vars: AIRFLOW_CTX_DAG_OWNER='airflow' AIRFLOW_CTX_DAG_ID='sportflow_master_pipeline_dag' AIRFLOW_CTX_TASK_ID='fixtures_bronze' AIRFLOW_CTX_EXECUTION_DATE='2026-06-24T17:10:04.934453+00:00' AIRFLOW_CTX_TRY_NUMBER='1' AIRFLOW_CTX_DAG_RUN_ID='manual__2026-06-24T17:10:04.934453+00:00'
[2026-06-24T17:10:35.686+0000] {taskinstance.py:732} INFO - ::endgroup::
[2026-06-24T17:10:36.593+0000] {logging_mixin.py:190} INFO - 2026-05-01: 2 fixtures
[2026-06-24T17:10:37.415+0000] {logging_mixin.py:190} INFO - 2026-05-02: 3 fixtures
[2026-06-24T17:10:38.235+0000] {logging_mixin.py:190} INFO - 2026-05-03: 5 fixtures
[2026-06-24T17:10:38.955+0000] {logging_mixin.py:190} INFO - 2026-05-04: 2 fixtures
[2026-06-24T17:10:39.666+0000] {logging_mixin.py:190} INFO - 2026-05-05: 1 fixtures
[2026-06-24T17:10:40.454+0000] {logging_mixin.py:190} INFO - 2026-05-06: 0 fixtures
[2026-06-24T17:10:41.147+0000] {logging_mixin.py:190} INFO - 2026-05-07: 0 fixtures
[2026-06-24T17:10:41.960+0000] {logging_mixin.py:190} INFO - 2026-05-08: 2 fixtures
[2026-06-24T17:10:42.723+0000] {logging_mixin.py:190} INFO - 2026-05-09: 5 fixtures
[2026-06-24T17:10:43.485+0000] {logging_mixin.py:190} INFO - 2026-05-10: 5 fixtures
[2026-06-24T17:10:44.179+0000] {logging_mixin.py:190} INFO - 2026-05-11: 1 fixtures
[2026-06-24T17:10:45.005+0000] {logging_mixin.py:190} INFO - 2026-05-12: 4 fixtures
[2026-06-24T17:10:45.762+0000] {logging_mixin.py:190} INFO - 2026-05-13: 3 fixtures
[2026-06-24T17:10:46.614+0000] {logging_mixin.py:190} INFO - 2026-05-14: 0 fixtures
[2026-06-24T17:10:47.301+0000] {logging_mixin.py:190} INFO - 2026-05-15: 1 fixtures
[2026-06-24T17:10:47.992+0000] {logging_mixin.py:190} INFO - 2026-05-16: 3 fixtures
[2026-06-24T17:10:48.761+0000] {logging_mixin.py:190} INFO - 2026-05-17: 9 fixtures
[2026-06-24T17:10:49.476+0000] {logging_mixin.py:190} INFO - 2026-05-18: 0 fixtures
[2026-06-24T17:10:50.167+0000] {logging_mixin.py:190} INFO - 2026-05-19: 0 fixtures
[2026-06-24T17:10:50.924+0000] {logging_mixin.py:190} INFO - 2026-05-20: 0 fixtures
[2026-06-24T17:10:51.658+0000] {logging_mixin.py:190} INFO - 2026-05-21: 2 fixtures
[2026-06-24T17:10:52.432+0000] {logging_mixin.py:190} INFO - 2026-05-22: 0 fixtures
[2026-06-24T17:10:53.211+0000] {logging_mixin.py:190} INFO - 2026-05-23: 0 fixtures
[2026-06-24T17:10:53.906+0000] {logging_mixin.py:190} INFO - 2026-05-24: 0 fixtures
[2026-06-24T17:10:54.585+0000] {logging_mixin.py:190} INFO - 2026-05-25: 1 fixtures
[2026-06-24T17:10:55.306+0000] {logging_mixin.py:190} INFO - 2026-05-26: 0 fixtures
[2026-06-24T17:10:56.096+0000] {logging_mixin.py:190} INFO - 2026-05-27: 0 fixtures
[2026-06-24T17:10:56.839+0000] {logging_mixin.py:190} INFO - 2026-05-28: 0 fixtures
[2026-06-24T17:10:57.598+0000] {logging_mixin.py:190} INFO - 2026-05-29: 0 fixtures
[2026-06-24T17:10:58.010+0000] {logging_mixin.py:190} INFO - 2026-05-30: 0 fixtures
[2026-06-24T17:10:58.023+0000] {logging_mixin.py:190} INFO - {'records': 49, 'object_name': 'fixtures/2026/06/24/fixtures_20260624_171058.json'}
[2026-06-24T17:10:58.025+0000] {python.py:240} INFO - Done. Returned value was: None
[2026-06-24T17:10:58.030+0000] {taskinstance.py:341} INFO - ::group::Post task execution logs
[2026-06-24T17:10:58.031+0000] {taskinstance.py:353} INFO - Marking task as SUCCESS. dag_id=sportflow_master_pipeline_dag, task_id=fixtures_bronze, run_id=manual__2026-06-24T17:10:04.934453+00:00, execution_date=20260624T171004, start_date=20260624T171035, end_date=20260624T171058
[2026-06-24T17:10:58.066+0000] {local_task_job_runner.py:266} INFO - Task exited with return code 0
[2026-06-24T17:10:58.083+0000] {taskinstance.py:3901} INFO - 1 downstream tasks scheduled from follow-on schedule check
[2026-06-24T17:10:58.091+0000] {local_task_job_runner.py:245} INFO - ::endgroup::
