[2026-06-24T17:11:03.177+0000] {local_task_job_runner.py:123} INFO - ::group::Pre task execution logs
[2026-06-24T17:11:03.186+0000] {taskinstance.py:2614} INFO - Dependencies all met for dep_context=non-requeueable deps ti=<TaskInstance: sportflow_master_pipeline_dag.standings_bronze manual__2026-06-24T17:10:04.934453+00:00 [queued]>
[2026-06-24T17:11:03.193+0000] {taskinstance.py:2614} INFO - Dependencies all met for dep_context=requeueable deps ti=<TaskInstance: sportflow_master_pipeline_dag.standings_bronze manual__2026-06-24T17:10:04.934453+00:00 [queued]>
[2026-06-24T17:11:03.195+0000] {taskinstance.py:2867} INFO - Starting attempt 1 of 1
[2026-06-24T17:11:03.214+0000] {taskinstance.py:2890} INFO - Executing <Task(PythonOperator): standings_bronze> on 2026-06-24 17:10:04.934453+00:00
[2026-06-24T17:11:03.225+0000] {standard_task_runner.py:104} INFO - Running: ['airflow', 'tasks', 'run', 'sportflow_master_pipeline_dag', 'standings_bronze', 'manual__2026-06-24T17:10:04.934453+00:00', '--job-id', '97', '--raw', '--subdir', 'DAGS_FOLDER/sportflow_master_pipeline_dag.py', '--cfg-path', '/tmp/tmp3gun8d2f']
[2026-06-24T17:11:03.228+0000] {logging_mixin.py:190} WARNING - /home/airflow/.local/lib/python3.12/site-packages/airflow/task/task_runner/standard_task_runner.py:70 DeprecationWarning: This process (pid=15947) is multi-threaded, use of fork() may lead to deadlocks in the child.
[2026-06-24T17:11:03.229+0000] {standard_task_runner.py:105} INFO - Job 97: Subtask standings_bronze
[2026-06-24T17:11:03.230+0000] {standard_task_runner.py:72} INFO - Started process 15961 to run task
[2026-06-24T17:11:03.292+0000] {task_command.py:467} INFO - Running <TaskInstance: sportflow_master_pipeline_dag.standings_bronze manual__2026-06-24T17:10:04.934453+00:00 [running]> on host 63be96c18349
[2026-06-24T17:11:03.350+0000] {taskinstance.py:3134} INFO - Exporting env vars: AIRFLOW_CTX_DAG_OWNER='airflow' AIRFLOW_CTX_DAG_ID='sportflow_master_pipeline_dag' AIRFLOW_CTX_TASK_ID='standings_bronze' AIRFLOW_CTX_EXECUTION_DATE='2026-06-24T17:10:04.934453+00:00' AIRFLOW_CTX_TRY_NUMBER='1' AIRFLOW_CTX_DAG_RUN_ID='manual__2026-06-24T17:10:04.934453+00:00'
[2026-06-24T17:11:03.353+0000] {taskinstance.py:732} INFO - ::endgroup::
[2026-06-24T17:11:04.197+0000] {logging_mixin.py:190} INFO - Season 759: 14 standings
[2026-06-24T17:11:04.978+0000] {logging_mixin.py:190} INFO - Season 819: 0 standings
[2026-06-24T17:11:05.808+0000] {logging_mixin.py:190} INFO - Season 825: 24 standings
[2026-06-24T17:11:06.683+0000] {logging_mixin.py:190} INFO - Season 1273: 12 standings
[2026-06-24T17:11:07.445+0000] {logging_mixin.py:190} INFO - Season 1274: 12 standings
[2026-06-24T17:11:08.143+0000] {logging_mixin.py:190} INFO - Season 1275: 12 standings
[2026-06-24T17:11:08.516+0000] {logging_mixin.py:190} INFO - Season 1276: 12 standings
[2026-06-24T17:11:09.337+0000] {logging_mixin.py:190} INFO - Season 1277: 12 standings
[2026-06-24T17:11:10.134+0000] {logging_mixin.py:190} INFO - Season 1278: 12 standings
[2026-06-24T17:11:10.843+0000] {logging_mixin.py:190} INFO - Season 1279: 12 standings
[2026-06-24T17:11:11.223+0000] {logging_mixin.py:190} INFO - Season 1280: 12 standings
[2026-06-24T17:11:11.979+0000] {logging_mixin.py:190} INFO - Season 1281: 12 standings
[2026-06-24T17:11:12.666+0000] {logging_mixin.py:190} INFO - Season 1282: 12 standings
[2026-06-24T17:11:13.417+0000] {logging_mixin.py:190} INFO - Season 1286: 12 standings
[2026-06-24T17:11:14.192+0000] {logging_mixin.py:190} INFO - Season 1927: 24 standings
[2026-06-24T17:11:14.961+0000] {logging_mixin.py:190} INFO - Season 1928: 24 standings
[2026-06-24T17:11:15.765+0000] {logging_mixin.py:190} INFO - Season 1929: 24 standings
[2026-06-24T17:11:16.493+0000] {logging_mixin.py:190} INFO - Season 1930: 18 standings
[2026-06-24T17:11:17.188+0000] {logging_mixin.py:190} INFO - Season 1931: 24 standings
[2026-06-24T17:11:17.937+0000] {logging_mixin.py:190} INFO - Season 1932: 24 standings
[2026-06-24T17:11:18.794+0000] {logging_mixin.py:190} INFO - Season 1933: 24 standings
[2026-06-24T17:11:19.553+0000] {logging_mixin.py:190} INFO - Season 1934: 24 standings
[2026-06-24T17:11:20.339+0000] {logging_mixin.py:190} INFO - Season 1935: 24 standings
[2026-06-24T17:11:21.112+0000] {logging_mixin.py:190} INFO - Season 1936: 24 standings
[2026-06-24T17:11:21.486+0000] {logging_mixin.py:190} INFO - Season 1937: 24 standings
[2026-06-24T17:11:21.510+0000] {logging_mixin.py:190} INFO - {'records': 428, 'object_name': 'standings/2026/06/24/standings_20260624_171121.json'}
[2026-06-24T17:11:21.512+0000] {python.py:240} INFO - Done. Returned value was: None
[2026-06-24T17:11:21.517+0000] {taskinstance.py:341} INFO - ::group::Post task execution logs
[2026-06-24T17:11:21.519+0000] {taskinstance.py:353} INFO - Marking task as SUCCESS. dag_id=sportflow_master_pipeline_dag, task_id=standings_bronze, run_id=manual__2026-06-24T17:10:04.934453+00:00, execution_date=20260624T171004, start_date=20260624T171103, end_date=20260624T171121
[2026-06-24T17:11:21.557+0000] {local_task_job_runner.py:266} INFO - Task exited with return code 0
[2026-06-24T17:11:21.574+0000] {taskinstance.py:3901} INFO - 1 downstream tasks scheduled from follow-on schedule check
[2026-06-24T17:11:21.581+0000] {local_task_job_runner.py:245} INFO - ::endgroup::
