[2026-06-24T03:02:40.634+0000] {local_task_job_runner.py:123} INFO - ::group::Pre task execution logs
[2026-06-24T03:02:40.652+0000] {taskinstance.py:2614} INFO - Dependencies all met for dep_context=non-requeueable deps ti=<TaskInstance: team_pipeline_dag.bronze_ingestion manual__2026-06-24T03:02:32.730422+00:00 [queued]>
[2026-06-24T03:02:40.665+0000] {taskinstance.py:2614} INFO - Dependencies all met for dep_context=requeueable deps ti=<TaskInstance: team_pipeline_dag.bronze_ingestion manual__2026-06-24T03:02:32.730422+00:00 [queued]>
[2026-06-24T03:02:40.668+0000] {taskinstance.py:2867} INFO - Starting attempt 1 of 1
[2026-06-24T03:02:40.705+0000] {taskinstance.py:2890} INFO - Executing <Task(PythonOperator): bronze_ingestion> on 2026-06-24 03:02:32.730422+00:00
[2026-06-24T03:02:40.722+0000] {standard_task_runner.py:104} INFO - Running: ['airflow', 'tasks', 'run', 'team_pipeline_dag', 'bronze_ingestion', 'manual__2026-06-24T03:02:32.730422+00:00', '--job-id', '69', '--raw', '--subdir', 'DAGS_FOLDER/team_pipeline_dag.py', '--cfg-path', '/tmp/tmpqr0zjfp1']
[2026-06-24T03:02:40.727+0000] {standard_task_runner.py:105} INFO - Job 69: Subtask bronze_ingestion
[2026-06-24T03:02:40.728+0000] {logging_mixin.py:190} WARNING - /home/airflow/.local/lib/python3.12/site-packages/airflow/task/task_runner/standard_task_runner.py:70 DeprecationWarning: This process (pid=2657) is multi-threaded, use of fork() may lead to deadlocks in the child.
[2026-06-24T03:02:40.729+0000] {standard_task_runner.py:72} INFO - Started process 2671 to run task
[2026-06-24T03:02:40.803+0000] {task_command.py:467} INFO - Running <TaskInstance: team_pipeline_dag.bronze_ingestion manual__2026-06-24T03:02:32.730422+00:00 [running]> on host 63be96c18349
[2026-06-24T03:02:40.878+0000] {taskinstance.py:3134} INFO - Exporting env vars: AIRFLOW_CTX_DAG_OWNER='airflow' AIRFLOW_CTX_DAG_ID='team_pipeline_dag' AIRFLOW_CTX_TASK_ID='bronze_ingestion' AIRFLOW_CTX_EXECUTION_DATE='2026-06-24T03:02:32.730422+00:00' AIRFLOW_CTX_TRY_NUMBER='1' AIRFLOW_CTX_DAG_RUN_ID='manual__2026-06-24T03:02:32.730422+00:00'
[2026-06-24T03:02:40.880+0000] {taskinstance.py:732} INFO - ::endgroup::
[2026-06-24T03:02:41.925+0000] {logging_mixin.py:190} INFO - Country 320: 22 teams
[2026-06-24T03:02:42.700+0000] {logging_mixin.py:190} INFO - Country 1161: 25 teams
[2026-06-24T03:02:43.295+0000] {logging_mixin.py:190} INFO - Country 462: 0 teams
[2026-06-24T03:02:44.271+0000] {logging_mixin.py:190} INFO - Country 5: 2 teams
[2026-06-24T03:02:45.524+0000] {logging_mixin.py:190} INFO - Country 38: 0 teams
[2026-06-24T03:02:46.555+0000] {logging_mixin.py:190} INFO - Country 32: 0 teams
[2026-06-24T03:02:47.336+0000] {logging_mixin.py:190} INFO - Country 251: 0 teams
[2026-06-24T03:02:48.438+0000] {logging_mixin.py:190} INFO - Country 404: 0 teams
[2026-06-24T03:02:48.455+0000] {logging_mixin.py:190} INFO - {'records': 49, 'object_name': 'teams/2026/06/24/teams_20260624_030248.json'}
[2026-06-24T03:02:48.457+0000] {python.py:240} INFO - Done. Returned value was: None
[2026-06-24T03:02:48.463+0000] {taskinstance.py:341} INFO - ::group::Post task execution logs
[2026-06-24T03:02:48.465+0000] {taskinstance.py:353} INFO - Marking task as SUCCESS. dag_id=team_pipeline_dag, task_id=bronze_ingestion, run_id=manual__2026-06-24T03:02:32.730422+00:00, execution_date=20260624T030232, start_date=20260624T030240, end_date=20260624T030248
[2026-06-24T03:02:48.536+0000] {local_task_job_runner.py:266} INFO - Task exited with return code 0
[2026-06-24T03:02:48.557+0000] {taskinstance.py:3901} INFO - 1 downstream tasks scheduled from follow-on schedule check
[2026-06-24T03:02:48.565+0000] {local_task_job_runner.py:245} INFO - ::endgroup::
