[2026-06-23T16:04:53.072+0000] {local_task_job_runner.py:123} INFO - ::group::Pre task execution logs
[2026-06-23T16:04:53.082+0000] {taskinstance.py:2614} INFO - Dependencies all met for dep_context=non-requeueable deps ti=<TaskInstance: team_pipeline_dag.bronze_ingestion scheduled__2026-06-22T00:00:00+00:00 [queued]>
[2026-06-23T16:04:53.091+0000] {taskinstance.py:2614} INFO - Dependencies all met for dep_context=requeueable deps ti=<TaskInstance: team_pipeline_dag.bronze_ingestion scheduled__2026-06-22T00:00:00+00:00 [queued]>
[2026-06-23T16:04:53.093+0000] {taskinstance.py:2867} INFO - Starting attempt 1 of 1
[2026-06-23T16:04:53.106+0000] {taskinstance.py:2890} INFO - Executing <Task(PythonOperator): bronze_ingestion> on 2026-06-22 00:00:00+00:00
[2026-06-23T16:04:53.117+0000] {standard_task_runner.py:104} INFO - Running: ['airflow', 'tasks', 'run', 'team_pipeline_dag', 'bronze_ingestion', 'scheduled__2026-06-22T00:00:00+00:00', '--job-id', '12', '--raw', '--subdir', 'DAGS_FOLDER/team_pipeline_dag.py', '--cfg-path', '/tmp/tmpsnck6kzi']
[2026-06-23T16:04:53.122+0000] {logging_mixin.py:190} WARNING - /home/airflow/.local/lib/python3.12/site-packages/airflow/task/task_runner/standard_task_runner.py:70 DeprecationWarning: This process (pid=5635) is multi-threaded, use of fork() may lead to deadlocks in the child.
[2026-06-23T16:04:53.122+0000] {standard_task_runner.py:105} INFO - Job 12: Subtask bronze_ingestion
[2026-06-23T16:04:53.124+0000] {standard_task_runner.py:72} INFO - Started process 5649 to run task
[2026-06-23T16:04:53.221+0000] {task_command.py:467} INFO - Running <TaskInstance: team_pipeline_dag.bronze_ingestion scheduled__2026-06-22T00:00:00+00:00 [running]> on host d817d2ea344d
[2026-06-23T16:04:53.277+0000] {taskinstance.py:3134} INFO - Exporting env vars: AIRFLOW_CTX_DAG_OWNER='airflow' AIRFLOW_CTX_DAG_ID='team_pipeline_dag' AIRFLOW_CTX_TASK_ID='bronze_ingestion' AIRFLOW_CTX_EXECUTION_DATE='2026-06-22T00:00:00+00:00' AIRFLOW_CTX_TRY_NUMBER='1' AIRFLOW_CTX_DAG_RUN_ID='scheduled__2026-06-22T00:00:00+00:00'
[2026-06-23T16:04:53.279+0000] {taskinstance.py:732} INFO - ::endgroup::
[2026-06-23T16:04:54.413+0000] {logging_mixin.py:190} INFO - {'records': 22, 'object_name': 'teams/2026/06/23/teams_20260623_160454.json'}
[2026-06-23T16:04:54.415+0000] {python.py:240} INFO - Done. Returned value was: None
[2026-06-23T16:04:54.420+0000] {taskinstance.py:341} INFO - ::group::Post task execution logs
[2026-06-23T16:04:54.422+0000] {taskinstance.py:353} INFO - Marking task as SUCCESS. dag_id=team_pipeline_dag, task_id=bronze_ingestion, run_id=scheduled__2026-06-22T00:00:00+00:00, execution_date=20260622T000000, start_date=20260623T160453, end_date=20260623T160454
[2026-06-23T16:04:54.474+0000] {local_task_job_runner.py:266} INFO - Task exited with return code 0
[2026-06-23T16:04:54.490+0000] {taskinstance.py:3901} INFO - 1 downstream tasks scheduled from follow-on schedule check
[2026-06-23T16:04:54.496+0000] {local_task_job_runner.py:245} INFO - ::endgroup::
[2026-06-23T19:44:37.832+0000] {local_task_job_runner.py:123} INFO - ::group::Pre task execution logs
[2026-06-23T19:44:37.850+0000] {taskinstance.py:2614} INFO - Dependencies all met for dep_context=non-requeueable deps ti=<TaskInstance: team_pipeline_dag.bronze_ingestion scheduled__2026-06-22T00:00:00+00:00 [queued]>
[2026-06-23T19:44:37.858+0000] {taskinstance.py:2614} INFO - Dependencies all met for dep_context=requeueable deps ti=<TaskInstance: team_pipeline_dag.bronze_ingestion scheduled__2026-06-22T00:00:00+00:00 [queued]>
[2026-06-23T19:44:37.860+0000] {taskinstance.py:2867} INFO - Starting attempt 1 of 1
[2026-06-23T19:44:37.874+0000] {taskinstance.py:2890} INFO - Executing <Task(PythonOperator): bronze_ingestion> on 2026-06-22 00:00:00+00:00
[2026-06-23T19:44:37.890+0000] {standard_task_runner.py:104} INFO - Running: ['airflow', 'tasks', 'run', 'team_pipeline_dag', 'bronze_ingestion', 'scheduled__2026-06-22T00:00:00+00:00', '--job-id', '24', '--raw', '--subdir', 'DAGS_FOLDER/team_pipeline_dag.py', '--cfg-path', '/tmp/tmpr1y3u3d_']
[2026-06-23T19:44:37.894+0000] {standard_task_runner.py:105} INFO - Job 24: Subtask bronze_ingestion
[2026-06-23T19:44:37.894+0000] {logging_mixin.py:190} WARNING - /home/airflow/.local/lib/python3.12/site-packages/airflow/task/task_runner/standard_task_runner.py:70 DeprecationWarning: This process (pid=445) is multi-threaded, use of fork() may lead to deadlocks in the child.
[2026-06-23T19:44:37.896+0000] {standard_task_runner.py:72} INFO - Started process 459 to run task
[2026-06-23T19:44:37.954+0000] {task_command.py:467} INFO - Running <TaskInstance: team_pipeline_dag.bronze_ingestion scheduled__2026-06-22T00:00:00+00:00 [running]> on host 63be96c18349
[2026-06-23T19:44:38.011+0000] {taskinstance.py:3134} INFO - Exporting env vars: AIRFLOW_CTX_DAG_OWNER='airflow' AIRFLOW_CTX_DAG_ID='team_pipeline_dag' AIRFLOW_CTX_TASK_ID='bronze_ingestion' AIRFLOW_CTX_EXECUTION_DATE='2026-06-22T00:00:00+00:00' AIRFLOW_CTX_TRY_NUMBER='1' AIRFLOW_CTX_DAG_RUN_ID='scheduled__2026-06-22T00:00:00+00:00'
[2026-06-23T19:44:38.013+0000] {taskinstance.py:732} INFO - ::endgroup::
[2026-06-23T19:44:38.892+0000] {logging_mixin.py:190} INFO - {'records': 22, 'object_name': 'teams/2026/06/23/teams_20260623_194438.json'}
[2026-06-23T19:44:38.893+0000] {python.py:240} INFO - Done. Returned value was: None
[2026-06-23T19:44:38.900+0000] {taskinstance.py:341} INFO - ::group::Post task execution logs
[2026-06-23T19:44:38.901+0000] {taskinstance.py:353} INFO - Marking task as SUCCESS. dag_id=team_pipeline_dag, task_id=bronze_ingestion, run_id=scheduled__2026-06-22T00:00:00+00:00, execution_date=20260622T000000, start_date=20260623T194437, end_date=20260623T194438
[2026-06-23T19:44:38.960+0000] {local_task_job_runner.py:266} INFO - Task exited with return code 0
[2026-06-23T19:44:38.980+0000] {taskinstance.py:3901} INFO - 1 downstream tasks scheduled from follow-on schedule check
[2026-06-23T19:44:38.988+0000] {local_task_job_runner.py:245} INFO - ::endgroup::
