[2026-06-24T03:21:15.915+0000] {local_task_job_runner.py:123} INFO - ::group::Pre task execution logs
[2026-06-24T03:21:15.925+0000] {taskinstance.py:2614} INFO - Dependencies all met for dep_context=non-requeueable deps ti=<TaskInstance: sportflow_master_pipeline_dag.fixtures_bronze manual__2026-06-24T03:20:40.529804+00:00 [queued]>
[2026-06-24T03:21:15.935+0000] {taskinstance.py:2614} INFO - Dependencies all met for dep_context=requeueable deps ti=<TaskInstance: sportflow_master_pipeline_dag.fixtures_bronze manual__2026-06-24T03:20:40.529804+00:00 [queued]>
[2026-06-24T03:21:15.937+0000] {taskinstance.py:2867} INFO - Starting attempt 1 of 1
[2026-06-24T03:21:15.957+0000] {taskinstance.py:2890} INFO - Executing <Task(PythonOperator): fixtures_bronze> on 2026-06-24 03:20:40.529804+00:00
[2026-06-24T03:21:15.972+0000] {standard_task_runner.py:104} INFO - Running: ['airflow', 'tasks', 'run', 'sportflow_master_pipeline_dag', 'fixtures_bronze', 'manual__2026-06-24T03:20:40.529804+00:00', '--job-id', '81', '--raw', '--subdir', 'DAGS_FOLDER/sportflow_master_pipeline_dag.py', '--cfg-path', '/tmp/tmpm5tl_d6t']
[2026-06-24T03:21:15.976+0000] {standard_task_runner.py:105} INFO - Job 81: Subtask fixtures_bronze
[2026-06-24T03:21:15.978+0000] {logging_mixin.py:190} WARNING - /home/airflow/.local/lib/python3.12/site-packages/airflow/task/task_runner/standard_task_runner.py:70 DeprecationWarning: This process (pid=3371) is multi-threaded, use of fork() may lead to deadlocks in the child.
[2026-06-24T03:21:15.980+0000] {standard_task_runner.py:72} INFO - Started process 3385 to run task
[2026-06-24T03:21:16.042+0000] {task_command.py:467} INFO - Running <TaskInstance: sportflow_master_pipeline_dag.fixtures_bronze manual__2026-06-24T03:20:40.529804+00:00 [running]> on host 63be96c18349
[2026-06-24T03:21:16.117+0000] {taskinstance.py:3134} INFO - Exporting env vars: AIRFLOW_CTX_DAG_OWNER='airflow' AIRFLOW_CTX_DAG_ID='sportflow_master_pipeline_dag' AIRFLOW_CTX_TASK_ID='fixtures_bronze' AIRFLOW_CTX_EXECUTION_DATE='2026-06-24T03:20:40.529804+00:00' AIRFLOW_CTX_TRY_NUMBER='1' AIRFLOW_CTX_DAG_RUN_ID='manual__2026-06-24T03:20:40.529804+00:00'
[2026-06-24T03:21:16.119+0000] {taskinstance.py:732} INFO - ::endgroup::
[2026-06-24T03:21:17.338+0000] {logging_mixin.py:190} INFO - 2026-05-01: 2 fixtures
[2026-06-24T03:21:18.763+0000] {logging_mixin.py:190} INFO - 2026-05-02: 3 fixtures
[2026-06-24T03:21:20.194+0000] {logging_mixin.py:190} INFO - 2026-05-03: 5 fixtures
[2026-06-24T03:21:21.828+0000] {logging_mixin.py:190} INFO - 2026-05-04: 2 fixtures
[2026-06-24T03:21:23.022+0000] {logging_mixin.py:190} INFO - 2026-05-05: 1 fixtures
[2026-06-24T03:21:24.527+0000] {logging_mixin.py:190} INFO - 2026-05-06: 0 fixtures
[2026-06-24T03:21:25.931+0000] {logging_mixin.py:190} INFO - 2026-05-07: 0 fixtures
[2026-06-24T03:21:27.359+0000] {logging_mixin.py:190} INFO - 2026-05-08: 2 fixtures
[2026-06-24T03:21:28.491+0000] {logging_mixin.py:190} INFO - 2026-05-09: 5 fixtures
[2026-06-24T03:21:29.883+0000] {logging_mixin.py:190} INFO - 2026-05-10: 5 fixtures
[2026-06-24T03:21:30.958+0000] {logging_mixin.py:190} INFO - 2026-05-11: 1 fixtures
[2026-06-24T03:21:32.491+0000] {logging_mixin.py:190} INFO - 2026-05-12: 4 fixtures
[2026-06-24T03:21:34.028+0000] {logging_mixin.py:190} INFO - 2026-05-13: 3 fixtures
[2026-06-24T03:21:35.149+0000] {logging_mixin.py:190} INFO - 2026-05-14: 0 fixtures
[2026-06-24T03:21:36.790+0000] {logging_mixin.py:190} INFO - 2026-05-15: 1 fixtures
[2026-06-24T03:21:37.908+0000] {logging_mixin.py:190} INFO - 2026-05-16: 3 fixtures
[2026-06-24T03:21:39.451+0000] {logging_mixin.py:190} INFO - 2026-05-17: 9 fixtures
[2026-06-24T03:21:40.712+0000] {logging_mixin.py:190} INFO - 2026-05-18: 0 fixtures
[2026-06-24T03:21:41.603+0000] {logging_mixin.py:190} INFO - 2026-05-19: 0 fixtures
[2026-06-24T03:21:42.552+0000] {logging_mixin.py:190} INFO - 2026-05-20: 0 fixtures
[2026-06-24T03:21:43.336+0000] {logging_mixin.py:190} INFO - 2026-05-21: 2 fixtures
[2026-06-24T03:21:44.113+0000] {logging_mixin.py:190} INFO - 2026-05-22: 0 fixtures
[2026-06-24T03:21:44.893+0000] {logging_mixin.py:190} INFO - 2026-05-23: 0 fixtures
[2026-06-24T03:21:46.409+0000] {logging_mixin.py:190} INFO - 2026-05-24: 0 fixtures
[2026-06-24T03:21:47.574+0000] {logging_mixin.py:190} INFO - 2026-05-25: 1 fixtures
[2026-06-24T03:21:49.064+0000] {logging_mixin.py:190} INFO - 2026-05-26: 0 fixtures
[2026-06-24T03:21:50.503+0000] {logging_mixin.py:190} INFO - 2026-05-27: 0 fixtures
[2026-06-24T03:21:51.841+0000] {logging_mixin.py:190} INFO - 2026-05-28: 0 fixtures
[2026-06-24T03:21:53.690+0000] {logging_mixin.py:190} INFO - 2026-05-29: 0 fixtures
[2026-06-24T03:21:54.916+0000] {logging_mixin.py:190} INFO - 2026-05-30: 0 fixtures
[2026-06-24T03:21:54.940+0000] {logging_mixin.py:190} INFO - {'records': 49, 'object_name': 'fixtures/2026/06/24/fixtures_20260624_032154.json'}
[2026-06-24T03:21:54.942+0000] {python.py:240} INFO - Done. Returned value was: None
[2026-06-24T03:21:54.950+0000] {taskinstance.py:341} INFO - ::group::Post task execution logs
[2026-06-24T03:21:54.951+0000] {taskinstance.py:353} INFO - Marking task as SUCCESS. dag_id=sportflow_master_pipeline_dag, task_id=fixtures_bronze, run_id=manual__2026-06-24T03:20:40.529804+00:00, execution_date=20260624T032040, start_date=20260624T032115, end_date=20260624T032154
[2026-06-24T03:21:55.012+0000] {local_task_job_runner.py:266} INFO - Task exited with return code 0
[2026-06-24T03:21:55.036+0000] {taskinstance.py:3901} INFO - 1 downstream tasks scheduled from follow-on schedule check
[2026-06-24T03:21:55.045+0000] {local_task_job_runner.py:245} INFO - ::endgroup::
