[2026-06-23T17:14:31.813+0000] {local_task_job_runner.py:123} INFO - ::group::Pre task execution logs
[2026-06-23T17:14:31.825+0000] {taskinstance.py:2614} INFO - Dependencies all met for dep_context=non-requeueable deps ti=<TaskInstance: season_pipeline_dag.silver_transformation scheduled__2026-06-22T00:00:00+00:00 [queued]>
[2026-06-23T17:14:31.832+0000] {taskinstance.py:2614} INFO - Dependencies all met for dep_context=requeueable deps ti=<TaskInstance: season_pipeline_dag.silver_transformation scheduled__2026-06-22T00:00:00+00:00 [queued]>
[2026-06-23T17:14:31.835+0000] {taskinstance.py:2867} INFO - Starting attempt 1 of 1
[2026-06-23T17:14:31.851+0000] {taskinstance.py:2890} INFO - Executing <Task(PythonOperator): silver_transformation> on 2026-06-22 00:00:00+00:00
[2026-06-23T17:14:31.862+0000] {standard_task_runner.py:104} INFO - Running: ['airflow', 'tasks', 'run', 'season_pipeline_dag', 'silver_transformation', 'scheduled__2026-06-22T00:00:00+00:00', '--job-id', '20', '--raw', '--subdir', 'DAGS_FOLDER/seasons_pipeline_dag.py', '--cfg-path', '/tmp/tmpr7e0uipg']
[2026-06-23T17:14:31.865+0000] {logging_mixin.py:190} WARNING - /home/airflow/.local/lib/python3.12/site-packages/airflow/task/task_runner/standard_task_runner.py:70 DeprecationWarning: This process (pid=6970) is multi-threaded, use of fork() may lead to deadlocks in the child.
[2026-06-23T17:14:31.867+0000] {standard_task_runner.py:105} INFO - Job 20: Subtask silver_transformation
[2026-06-23T17:14:31.869+0000] {standard_task_runner.py:72} INFO - Started process 6984 to run task
[2026-06-23T17:14:31.935+0000] {task_command.py:467} INFO - Running <TaskInstance: season_pipeline_dag.silver_transformation scheduled__2026-06-22T00:00:00+00:00 [running]> on host d817d2ea344d
[2026-06-23T17:14:31.993+0000] {taskinstance.py:3134} INFO - Exporting env vars: AIRFLOW_CTX_DAG_OWNER='airflow' AIRFLOW_CTX_DAG_ID='season_pipeline_dag' AIRFLOW_CTX_TASK_ID='silver_transformation' AIRFLOW_CTX_EXECUTION_DATE='2026-06-22T00:00:00+00:00' AIRFLOW_CTX_TRY_NUMBER='1' AIRFLOW_CTX_DAG_RUN_ID='scheduled__2026-06-22T00:00:00+00:00'
[2026-06-23T17:14:31.996+0000] {taskinstance.py:732} INFO - ::endgroup::
[2026-06-23T17:14:32.104+0000] {logging_mixin.py:190} INFO - {'records': 25, 'table': 'silver.seasons'}
[2026-06-23T17:14:32.105+0000] {python.py:240} INFO - Done. Returned value was: None
[2026-06-23T17:14:32.111+0000] {taskinstance.py:341} INFO - ::group::Post task execution logs
[2026-06-23T17:14:32.113+0000] {taskinstance.py:353} INFO - Marking task as SUCCESS. dag_id=season_pipeline_dag, task_id=silver_transformation, run_id=scheduled__2026-06-22T00:00:00+00:00, execution_date=20260622T000000, start_date=20260623T171431, end_date=20260623T171432
[2026-06-23T17:14:32.168+0000] {local_task_job_runner.py:266} INFO - Task exited with return code 0
[2026-06-23T17:14:32.180+0000] {taskinstance.py:3901} INFO - 1 downstream tasks scheduled from follow-on schedule check
[2026-06-23T17:14:32.187+0000] {local_task_job_runner.py:245} INFO - ::endgroup::
[2026-06-23T19:44:43.407+0000] {local_task_job_runner.py:123} INFO - ::group::Pre task execution logs
[2026-06-23T19:44:43.434+0000] {taskinstance.py:2614} INFO - Dependencies all met for dep_context=non-requeueable deps ti=<TaskInstance: season_pipeline_dag.silver_transformation scheduled__2026-06-22T00:00:00+00:00 [queued]>
[2026-06-23T19:44:43.451+0000] {taskinstance.py:2614} INFO - Dependencies all met for dep_context=requeueable deps ti=<TaskInstance: season_pipeline_dag.silver_transformation scheduled__2026-06-22T00:00:00+00:00 [queued]>
[2026-06-23T19:44:43.453+0000] {taskinstance.py:2867} INFO - Starting attempt 1 of 1
[2026-06-23T19:44:43.475+0000] {taskinstance.py:2890} INFO - Executing <Task(PythonOperator): silver_transformation> on 2026-06-22 00:00:00+00:00
[2026-06-23T19:44:43.492+0000] {standard_task_runner.py:104} INFO - Running: ['airflow', 'tasks', 'run', 'season_pipeline_dag', 'silver_transformation', 'scheduled__2026-06-22T00:00:00+00:00', '--job-id', '25', '--raw', '--subdir', 'DAGS_FOLDER/seasons_pipeline_dag.py', '--cfg-path', '/tmp/tmp3omn988o']
[2026-06-23T19:44:43.497+0000] {standard_task_runner.py:105} INFO - Job 25: Subtask silver_transformation
[2026-06-23T19:44:43.499+0000] {logging_mixin.py:190} WARNING - /home/airflow/.local/lib/python3.12/site-packages/airflow/task/task_runner/standard_task_runner.py:70 DeprecationWarning: This process (pid=461) is multi-threaded, use of fork() may lead to deadlocks in the child.
[2026-06-23T19:44:43.501+0000] {standard_task_runner.py:72} INFO - Started process 475 to run task
[2026-06-23T19:44:43.575+0000] {task_command.py:467} INFO - Running <TaskInstance: season_pipeline_dag.silver_transformation scheduled__2026-06-22T00:00:00+00:00 [running]> on host 63be96c18349
[2026-06-23T19:44:43.634+0000] {taskinstance.py:3134} INFO - Exporting env vars: AIRFLOW_CTX_DAG_OWNER='airflow' AIRFLOW_CTX_DAG_ID='season_pipeline_dag' AIRFLOW_CTX_TASK_ID='silver_transformation' AIRFLOW_CTX_EXECUTION_DATE='2026-06-22T00:00:00+00:00' AIRFLOW_CTX_TRY_NUMBER='1' AIRFLOW_CTX_DAG_RUN_ID='scheduled__2026-06-22T00:00:00+00:00'
[2026-06-23T19:44:43.636+0000] {taskinstance.py:732} INFO - ::endgroup::
[2026-06-23T19:44:43.726+0000] {logging_mixin.py:190} INFO - {'records': 25, 'table': 'silver.seasons'}
[2026-06-23T19:44:43.727+0000] {python.py:240} INFO - Done. Returned value was: None
[2026-06-23T19:44:43.733+0000] {taskinstance.py:341} INFO - ::group::Post task execution logs
[2026-06-23T19:44:43.735+0000] {taskinstance.py:353} INFO - Marking task as SUCCESS. dag_id=season_pipeline_dag, task_id=silver_transformation, run_id=scheduled__2026-06-22T00:00:00+00:00, execution_date=20260622T000000, start_date=20260623T194443, end_date=20260623T194443
[2026-06-23T19:44:43.798+0000] {local_task_job_runner.py:266} INFO - Task exited with return code 0
[2026-06-23T19:44:43.820+0000] {taskinstance.py:3901} INFO - 1 downstream tasks scheduled from follow-on schedule check
[2026-06-23T19:44:43.831+0000] {local_task_job_runner.py:245} INFO - ::endgroup::
