[2026-06-23T18:04:04.831+0000] {local_task_job_runner.py:123} INFO - ::group::Pre task execution logs
[2026-06-23T18:04:04.843+0000] {taskinstance.py:2614} INFO - Dependencies all met for dep_context=non-requeueable deps ti=<TaskInstance: fixture_pipeline_dag.silver_transformation scheduled__2026-06-22T00:00:00+00:00 [queued]>
[2026-06-23T18:04:04.850+0000] {taskinstance.py:2614} INFO - Dependencies all met for dep_context=requeueable deps ti=<TaskInstance: fixture_pipeline_dag.silver_transformation scheduled__2026-06-22T00:00:00+00:00 [queued]>
[2026-06-23T18:04:04.853+0000] {taskinstance.py:2867} INFO - Starting attempt 1 of 1
[2026-06-23T18:04:04.866+0000] {taskinstance.py:2890} INFO - Executing <Task(PythonOperator): silver_transformation> on 2026-06-22 00:00:00+00:00
[2026-06-23T18:04:04.878+0000] {standard_task_runner.py:104} INFO - Running: ['airflow', 'tasks', 'run', 'fixture_pipeline_dag', 'silver_transformation', 'scheduled__2026-06-22T00:00:00+00:00', '--job-id', '26', '--raw', '--subdir', 'DAGS_FOLDER/fixture_pipeline_dag.py', '--cfg-path', '/tmp/tmp81c09fba']
[2026-06-23T18:04:04.883+0000] {standard_task_runner.py:105} INFO - Job 26: Subtask silver_transformation
[2026-06-23T18:04:04.884+0000] {logging_mixin.py:190} WARNING - /home/airflow/.local/lib/python3.12/site-packages/airflow/task/task_runner/standard_task_runner.py:70 DeprecationWarning: This process (pid=8111) is multi-threaded, use of fork() may lead to deadlocks in the child.
[2026-06-23T18:04:04.886+0000] {standard_task_runner.py:72} INFO - Started process 8125 to run task
[2026-06-23T18:04:04.958+0000] {task_command.py:467} INFO - Running <TaskInstance: fixture_pipeline_dag.silver_transformation scheduled__2026-06-22T00:00:00+00:00 [running]> on host d817d2ea344d
[2026-06-23T18:04:05.023+0000] {taskinstance.py:3134} INFO - Exporting env vars: AIRFLOW_CTX_DAG_OWNER='airflow' AIRFLOW_CTX_DAG_ID='fixture_pipeline_dag' AIRFLOW_CTX_TASK_ID='silver_transformation' AIRFLOW_CTX_EXECUTION_DATE='2026-06-22T00:00:00+00:00' AIRFLOW_CTX_TRY_NUMBER='1' AIRFLOW_CTX_DAG_RUN_ID='scheduled__2026-06-22T00:00:00+00:00'
[2026-06-23T18:04:05.026+0000] {taskinstance.py:732} INFO - ::endgroup::
[2026-06-23T18:04:05.177+0000] {logging_mixin.py:190} INFO - {'records': 9, 'table': 'silver.fixtures'}
[2026-06-23T18:04:05.180+0000] {python.py:240} INFO - Done. Returned value was: None
[2026-06-23T18:04:05.185+0000] {taskinstance.py:341} INFO - ::group::Post task execution logs
[2026-06-23T18:04:05.187+0000] {taskinstance.py:353} INFO - Marking task as SUCCESS. dag_id=fixture_pipeline_dag, task_id=silver_transformation, run_id=scheduled__2026-06-22T00:00:00+00:00, execution_date=20260622T000000, start_date=20260623T180404, end_date=20260623T180405
[2026-06-23T18:04:05.227+0000] {local_task_job_runner.py:266} INFO - Task exited with return code 0
[2026-06-23T18:04:05.240+0000] {taskinstance.py:3901} INFO - 1 downstream tasks scheduled from follow-on schedule check
[2026-06-23T18:04:05.247+0000] {local_task_job_runner.py:245} INFO - ::endgroup::
[2026-06-23T19:44:26.935+0000] {local_task_job_runner.py:123} INFO - ::group::Pre task execution logs
[2026-06-23T19:44:26.949+0000] {taskinstance.py:2614} INFO - Dependencies all met for dep_context=non-requeueable deps ti=<TaskInstance: fixture_pipeline_dag.silver_transformation scheduled__2026-06-22T00:00:00+00:00 [queued]>
[2026-06-23T19:44:26.957+0000] {taskinstance.py:2614} INFO - Dependencies all met for dep_context=requeueable deps ti=<TaskInstance: fixture_pipeline_dag.silver_transformation scheduled__2026-06-22T00:00:00+00:00 [queued]>
[2026-06-23T19:44:26.959+0000] {taskinstance.py:2867} INFO - Starting attempt 1 of 1
[2026-06-23T19:44:26.972+0000] {taskinstance.py:2890} INFO - Executing <Task(PythonOperator): silver_transformation> on 2026-06-22 00:00:00+00:00
[2026-06-23T19:44:26.984+0000] {standard_task_runner.py:104} INFO - Running: ['airflow', 'tasks', 'run', 'fixture_pipeline_dag', 'silver_transformation', 'scheduled__2026-06-22T00:00:00+00:00', '--job-id', '22', '--raw', '--subdir', 'DAGS_FOLDER/fixture_pipeline_dag.py', '--cfg-path', '/tmp/tmps3nqfbj7']
[2026-06-23T19:44:26.988+0000] {standard_task_runner.py:105} INFO - Job 22: Subtask silver_transformation
[2026-06-23T19:44:26.988+0000] {logging_mixin.py:190} WARNING - /home/airflow/.local/lib/python3.12/site-packages/airflow/task/task_runner/standard_task_runner.py:70 DeprecationWarning: This process (pid=411) is multi-threaded, use of fork() may lead to deadlocks in the child.
[2026-06-23T19:44:26.990+0000] {standard_task_runner.py:72} INFO - Started process 425 to run task
[2026-06-23T19:44:27.044+0000] {task_command.py:467} INFO - Running <TaskInstance: fixture_pipeline_dag.silver_transformation scheduled__2026-06-22T00:00:00+00:00 [running]> on host 63be96c18349
[2026-06-23T19:44:27.111+0000] {taskinstance.py:3134} INFO - Exporting env vars: AIRFLOW_CTX_DAG_OWNER='airflow' AIRFLOW_CTX_DAG_ID='fixture_pipeline_dag' AIRFLOW_CTX_TASK_ID='silver_transformation' AIRFLOW_CTX_EXECUTION_DATE='2026-06-22T00:00:00+00:00' AIRFLOW_CTX_TRY_NUMBER='1' AIRFLOW_CTX_DAG_RUN_ID='scheduled__2026-06-22T00:00:00+00:00'
[2026-06-23T19:44:27.113+0000] {taskinstance.py:732} INFO - ::endgroup::
[2026-06-23T19:44:27.225+0000] {logging_mixin.py:190} INFO - {'records': 9, 'table': 'silver.fixtures'}
[2026-06-23T19:44:27.227+0000] {python.py:240} INFO - Done. Returned value was: None
[2026-06-23T19:44:27.235+0000] {taskinstance.py:341} INFO - ::group::Post task execution logs
[2026-06-23T19:44:27.237+0000] {taskinstance.py:353} INFO - Marking task as SUCCESS. dag_id=fixture_pipeline_dag, task_id=silver_transformation, run_id=scheduled__2026-06-22T00:00:00+00:00, execution_date=20260622T000000, start_date=20260623T194426, end_date=20260623T194427
[2026-06-23T19:44:27.288+0000] {local_task_job_runner.py:266} INFO - Task exited with return code 0
[2026-06-23T19:44:27.308+0000] {taskinstance.py:3901} INFO - 1 downstream tasks scheduled from follow-on schedule check
[2026-06-23T19:44:27.315+0000] {local_task_job_runner.py:245} INFO - ::endgroup::
