[2026-06-25T03:17:17.097+0000] {local_task_job_runner.py:123} INFO - ::group::Pre task execution logs
[2026-06-25T03:17:17.111+0000] {taskinstance.py:2614} INFO - Dependencies all met for dep_context=non-requeueable deps ti=<TaskInstance: team_pipeline_dag.bronze_ingestion scheduled__2026-06-24T00:00:00+00:00 [queued]>
[2026-06-25T03:17:17.120+0000] {taskinstance.py:2614} INFO - Dependencies all met for dep_context=requeueable deps ti=<TaskInstance: team_pipeline_dag.bronze_ingestion scheduled__2026-06-24T00:00:00+00:00 [queued]>
[2026-06-25T03:17:17.122+0000] {taskinstance.py:2867} INFO - Starting attempt 1 of 1
[2026-06-25T03:17:17.144+0000] {taskinstance.py:2890} INFO - Executing <Task(PythonOperator): bronze_ingestion> on 2026-06-24 00:00:00+00:00
[2026-06-25T03:17:17.162+0000] {standard_task_runner.py:104} INFO - Running: ['airflow', 'tasks', 'run', 'team_pipeline_dag', 'bronze_ingestion', 'scheduled__2026-06-24T00:00:00+00:00', '--job-id', '131', '--raw', '--subdir', 'DAGS_FOLDER/team_pipeline_dag.py', '--cfg-path', '/tmp/tmpj3v7k6wf']
[2026-06-25T03:17:17.166+0000] {standard_task_runner.py:105} INFO - Job 131: Subtask bronze_ingestion
[2026-06-25T03:17:17.170+0000] {logging_mixin.py:190} WARNING - /home/airflow/.local/lib/python3.12/site-packages/airflow/task/task_runner/standard_task_runner.py:70 DeprecationWarning: This process (pid=19013) is multi-threaded, use of fork() may lead to deadlocks in the child.
[2026-06-25T03:17:17.172+0000] {standard_task_runner.py:72} INFO - Started process 19027 to run task
[2026-06-25T03:17:17.249+0000] {task_command.py:467} INFO - Running <TaskInstance: team_pipeline_dag.bronze_ingestion scheduled__2026-06-24T00:00:00+00:00 [running]> on host 63be96c18349
[2026-06-25T03:17:17.347+0000] {taskinstance.py:3134} INFO - Exporting env vars: AIRFLOW_CTX_DAG_OWNER='airflow' AIRFLOW_CTX_DAG_ID='team_pipeline_dag' AIRFLOW_CTX_TASK_ID='bronze_ingestion' AIRFLOW_CTX_EXECUTION_DATE='2026-06-24T00:00:00+00:00' AIRFLOW_CTX_TRY_NUMBER='1' AIRFLOW_CTX_DAG_RUN_ID='scheduled__2026-06-24T00:00:00+00:00'
[2026-06-25T03:17:17.351+0000] {taskinstance.py:732} INFO - ::endgroup::
[2026-06-25T03:17:19.239+0000] {logging_mixin.py:190} INFO - Country 320: 22 teams
[2026-06-25T03:17:20.563+0000] {logging_mixin.py:190} INFO - Country 1161: 25 teams
[2026-06-25T03:17:22.684+0000] {logging_mixin.py:190} INFO - Country 462: 0 teams
[2026-06-25T03:17:24.317+0000] {logging_mixin.py:190} INFO - Country 5: 2 teams
[2026-06-25T03:17:26.074+0000] {logging_mixin.py:190} INFO - Country 38: 0 teams
[2026-06-25T03:17:27.211+0000] {logging_mixin.py:190} INFO - Country 32: 0 teams
[2026-06-25T03:17:28.001+0000] {logging_mixin.py:190} INFO - Country 251: 0 teams
[2026-06-25T03:17:28.755+0000] {logging_mixin.py:190} INFO - Country 404: 0 teams
[2026-06-25T03:17:28.787+0000] {logging_mixin.py:190} INFO - {'records': 49, 'object_name': 'teams/2026/06/25/teams_20260625_031728.json'}
[2026-06-25T03:17:28.790+0000] {python.py:240} INFO - Done. Returned value was: None
[2026-06-25T03:17:28.813+0000] {taskinstance.py:341} INFO - ::group::Post task execution logs
[2026-06-25T03:17:28.819+0000] {taskinstance.py:353} INFO - Marking task as SUCCESS. dag_id=team_pipeline_dag, task_id=bronze_ingestion, run_id=scheduled__2026-06-24T00:00:00+00:00, execution_date=20260624T000000, start_date=20260625T031717, end_date=20260625T031728
[2026-06-25T03:17:28.948+0000] {local_task_job_runner.py:266} INFO - Task exited with return code 0
[2026-06-25T03:17:29.010+0000] {taskinstance.py:3901} INFO - 1 downstream tasks scheduled from follow-on schedule check
[2026-06-25T03:17:29.032+0000] {local_task_job_runner.py:245} INFO - ::endgroup::
