[2026-06-25T03:16:13.879+0000] {local_task_job_runner.py:123} INFO - ::group::Pre task execution logs
[2026-06-25T03:16:13.891+0000] {taskinstance.py:2614} INFO - Dependencies all met for dep_context=non-requeueable deps ti=<TaskInstance: standing_pipeline_dag.bronze_ingestion scheduled__2026-06-24T00:00:00+00:00 [queued]>
[2026-06-25T03:16:13.897+0000] {taskinstance.py:2614} INFO - Dependencies all met for dep_context=requeueable deps ti=<TaskInstance: standing_pipeline_dag.bronze_ingestion scheduled__2026-06-24T00:00:00+00:00 [queued]>
[2026-06-25T03:16:13.900+0000] {taskinstance.py:2867} INFO - Starting attempt 1 of 1
[2026-06-25T03:16:13.917+0000] {taskinstance.py:2890} INFO - Executing <Task(PythonOperator): bronze_ingestion> on 2026-06-24 00:00:00+00:00
[2026-06-25T03:16:13.931+0000] {standard_task_runner.py:104} INFO - Running: ['airflow', 'tasks', 'run', 'standing_pipeline_dag', 'bronze_ingestion', 'scheduled__2026-06-24T00:00:00+00:00', '--job-id', '128', '--raw', '--subdir', 'DAGS_FOLDER/standing_pipeline_dag.py', '--cfg-path', '/tmp/tmpyxr6iii5']
[2026-06-25T03:16:13.935+0000] {standard_task_runner.py:105} INFO - Job 128: Subtask bronze_ingestion
[2026-06-25T03:16:13.935+0000] {logging_mixin.py:190} WARNING - /home/airflow/.local/lib/python3.12/site-packages/airflow/task/task_runner/standard_task_runner.py:70 DeprecationWarning: This process (pid=18965) is multi-threaded, use of fork() may lead to deadlocks in the child.
[2026-06-25T03:16:13.938+0000] {standard_task_runner.py:72} INFO - Started process 18979 to run task
[2026-06-25T03:16:14.009+0000] {task_command.py:467} INFO - Running <TaskInstance: standing_pipeline_dag.bronze_ingestion scheduled__2026-06-24T00:00:00+00:00 [running]> on host 63be96c18349
[2026-06-25T03:16:14.085+0000] {taskinstance.py:3134} INFO - Exporting env vars: AIRFLOW_CTX_DAG_OWNER='airflow' AIRFLOW_CTX_DAG_ID='standing_pipeline_dag' AIRFLOW_CTX_TASK_ID='bronze_ingestion' AIRFLOW_CTX_EXECUTION_DATE='2026-06-24T00:00:00+00:00' AIRFLOW_CTX_TRY_NUMBER='1' AIRFLOW_CTX_DAG_RUN_ID='scheduled__2026-06-24T00:00:00+00:00'
[2026-06-25T03:16:14.088+0000] {taskinstance.py:732} INFO - ::endgroup::
[2026-06-25T03:16:14.528+0000] {logging_mixin.py:190} INFO - Season 759: 14 standings
[2026-06-25T03:16:14.907+0000] {logging_mixin.py:190} INFO - Season 819: 0 standings
[2026-06-25T03:16:15.780+0000] {logging_mixin.py:190} INFO - Season 825: 24 standings
[2026-06-25T03:16:16.954+0000] {logging_mixin.py:190} INFO - Season 1273: 12 standings
[2026-06-25T03:16:17.570+0000] {logging_mixin.py:190} INFO - Season 1274: 12 standings
[2026-06-25T03:16:18.388+0000] {logging_mixin.py:190} INFO - Season 1275: 12 standings
[2026-06-25T03:16:19.608+0000] {logging_mixin.py:190} INFO - Season 1276: 12 standings
[2026-06-25T03:16:21.341+0000] {logging_mixin.py:190} INFO - Season 1277: 12 standings
[2026-06-25T03:16:23.055+0000] {logging_mixin.py:190} INFO - Season 1278: 12 standings
[2026-06-25T03:16:23.414+0000] {logging_mixin.py:190} INFO - Season 1279: 12 standings
[2026-06-25T03:16:23.822+0000] {logging_mixin.py:190} INFO - Season 1280: 12 standings
[2026-06-25T03:16:24.225+0000] {logging_mixin.py:190} INFO - Season 1281: 12 standings
[2026-06-25T03:16:24.615+0000] {logging_mixin.py:190} INFO - Season 1282: 12 standings
[2026-06-25T03:16:24.998+0000] {logging_mixin.py:190} INFO - Season 1286: 12 standings
[2026-06-25T03:16:25.397+0000] {logging_mixin.py:190} INFO - Season 1927: 24 standings
[2026-06-25T03:16:25.824+0000] {logging_mixin.py:190} INFO - Season 1928: 24 standings
[2026-06-25T03:16:26.193+0000] {logging_mixin.py:190} INFO - Season 1929: 24 standings
[2026-06-25T03:16:26.564+0000] {logging_mixin.py:190} INFO - Season 1930: 18 standings
[2026-06-25T03:16:26.932+0000] {logging_mixin.py:190} INFO - Season 1931: 24 standings
[2026-06-25T03:16:27.309+0000] {logging_mixin.py:190} INFO - Season 1932: 24 standings
[2026-06-25T03:16:27.765+0000] {logging_mixin.py:190} INFO - Season 1933: 24 standings
[2026-06-25T03:16:28.165+0000] {logging_mixin.py:190} INFO - Season 1934: 24 standings
[2026-06-25T03:16:28.546+0000] {logging_mixin.py:190} INFO - Season 1935: 24 standings
[2026-06-25T03:16:28.917+0000] {logging_mixin.py:190} INFO - Season 1936: 24 standings
[2026-06-25T03:16:29.300+0000] {logging_mixin.py:190} INFO - Season 1937: 24 standings
[2026-06-25T03:16:29.347+0000] {logging_mixin.py:190} INFO - {'records': 428, 'object_name': 'standings/2026/06/25/standings_20260625_031629.json'}
[2026-06-25T03:16:29.348+0000] {python.py:240} INFO - Done. Returned value was: None
[2026-06-25T03:16:29.355+0000] {taskinstance.py:341} INFO - ::group::Post task execution logs
[2026-06-25T03:16:29.358+0000] {taskinstance.py:353} INFO - Marking task as SUCCESS. dag_id=standing_pipeline_dag, task_id=bronze_ingestion, run_id=scheduled__2026-06-24T00:00:00+00:00, execution_date=20260624T000000, start_date=20260625T031613, end_date=20260625T031629
[2026-06-25T03:16:29.451+0000] {local_task_job_runner.py:266} INFO - Task exited with return code 0
[2026-06-25T03:16:29.478+0000] {taskinstance.py:3901} INFO - 1 downstream tasks scheduled from follow-on schedule check
[2026-06-25T03:16:29.487+0000] {local_task_job_runner.py:245} INFO - ::endgroup::
