[2026-06-25T03:14:19.182+0000] {local_task_job_runner.py:123} INFO - ::group::Pre task execution logs
[2026-06-25T03:14:19.202+0000] {taskinstance.py:2614} INFO - Dependencies all met for dep_context=non-requeueable deps ti=<TaskInstance: sportflow_master_pipeline_dag.teams_bronze scheduled__2026-06-24T00:00:00+00:00 [queued]>
[2026-06-25T03:14:19.217+0000] {taskinstance.py:2614} INFO - Dependencies all met for dep_context=requeueable deps ti=<TaskInstance: sportflow_master_pipeline_dag.teams_bronze scheduled__2026-06-24T00:00:00+00:00 [queued]>
[2026-06-25T03:14:19.251+0000] {taskinstance.py:2867} INFO - Starting attempt 1 of 1
[2026-06-25T03:14:19.412+0000] {taskinstance.py:2890} INFO - Executing <Task(PythonOperator): teams_bronze> on 2026-06-24 00:00:00+00:00
[2026-06-25T03:14:19.440+0000] {standard_task_runner.py:104} INFO - Running: ['airflow', 'tasks', 'run', 'sportflow_master_pipeline_dag', 'teams_bronze', 'scheduled__2026-06-24T00:00:00+00:00', '--job-id', '124', '--raw', '--subdir', 'DAGS_FOLDER/sportflow_master_pipeline_dag.py', '--cfg-path', '/tmp/tmpm3r9830a']
[2026-06-25T03:14:19.455+0000] {standard_task_runner.py:105} INFO - Job 124: Subtask teams_bronze
[2026-06-25T03:14:19.500+0000] {logging_mixin.py:190} WARNING - /home/airflow/.local/lib/python3.12/site-packages/airflow/task/task_runner/standard_task_runner.py:70 DeprecationWarning: This process (pid=18901) is multi-threaded, use of fork() may lead to deadlocks in the child.
[2026-06-25T03:14:19.508+0000] {standard_task_runner.py:72} INFO - Started process 18915 to run task
[2026-06-25T03:14:19.648+0000] {task_command.py:467} INFO - Running <TaskInstance: sportflow_master_pipeline_dag.teams_bronze scheduled__2026-06-24T00:00:00+00:00 [running]> on host 63be96c18349
[2026-06-25T03:14:19.791+0000] {taskinstance.py:3134} INFO - Exporting env vars: AIRFLOW_CTX_DAG_OWNER='airflow' AIRFLOW_CTX_DAG_ID='sportflow_master_pipeline_dag' AIRFLOW_CTX_TASK_ID='teams_bronze' AIRFLOW_CTX_EXECUTION_DATE='2026-06-24T00:00:00+00:00' AIRFLOW_CTX_TRY_NUMBER='1' AIRFLOW_CTX_DAG_RUN_ID='scheduled__2026-06-24T00:00:00+00:00'
[2026-06-25T03:14:19.795+0000] {taskinstance.py:732} INFO - ::endgroup::
[2026-06-25T03:14:20.686+0000] {logging_mixin.py:190} INFO - Country 320: 22 teams
[2026-06-25T03:14:21.080+0000] {logging_mixin.py:190} INFO - Country 1161: 25 teams
[2026-06-25T03:14:21.813+0000] {logging_mixin.py:190} INFO - Country 462: 0 teams
[2026-06-25T03:14:22.580+0000] {logging_mixin.py:190} INFO - Country 5: 2 teams
[2026-06-25T03:14:23.283+0000] {logging_mixin.py:190} INFO - Country 38: 0 teams
[2026-06-25T03:14:24.084+0000] {logging_mixin.py:190} INFO - Country 32: 0 teams
[2026-06-25T03:14:24.904+0000] {logging_mixin.py:190} INFO - Country 251: 0 teams
[2026-06-25T03:14:25.660+0000] {logging_mixin.py:190} INFO - Country 404: 0 teams
[2026-06-25T03:14:25.702+0000] {logging_mixin.py:190} INFO - {'records': 49, 'object_name': 'teams/2026/06/25/teams_20260625_031425.json'}
[2026-06-25T03:14:25.705+0000] {python.py:240} INFO - Done. Returned value was: None
[2026-06-25T03:14:25.727+0000] {taskinstance.py:341} INFO - ::group::Post task execution logs
[2026-06-25T03:14:25.732+0000] {taskinstance.py:353} INFO - Marking task as SUCCESS. dag_id=sportflow_master_pipeline_dag, task_id=teams_bronze, run_id=scheduled__2026-06-24T00:00:00+00:00, execution_date=20260624T000000, start_date=20260625T031419, end_date=20260625T031425
[2026-06-25T03:14:25.864+0000] {local_task_job_runner.py:266} INFO - Task exited with return code 0
[2026-06-25T03:14:26.044+0000] {taskinstance.py:3901} INFO - 1 downstream tasks scheduled from follow-on schedule check
[2026-06-25T03:14:26.079+0000] {local_task_job_runner.py:245} INFO - ::endgroup::
