[2026-06-24T03:17:10.747+0000] {local_task_job_runner.py:123} INFO - ::group::Pre task execution logs
[2026-06-24T03:17:10.761+0000] {taskinstance.py:2614} INFO - Dependencies all met for dep_context=non-requeueable deps ti=<TaskInstance: standing_pipeline_dag.bronze_ingestion manual__2026-06-24T03:17:05.745242+00:00 [queued]>
[2026-06-24T03:17:10.770+0000] {taskinstance.py:2614} INFO - Dependencies all met for dep_context=requeueable deps ti=<TaskInstance: standing_pipeline_dag.bronze_ingestion manual__2026-06-24T03:17:05.745242+00:00 [queued]>
[2026-06-24T03:17:10.773+0000] {taskinstance.py:2867} INFO - Starting attempt 1 of 1
[2026-06-24T03:17:10.793+0000] {taskinstance.py:2890} INFO - Executing <Task(PythonOperator): bronze_ingestion> on 2026-06-24 03:17:05.745242+00:00
[2026-06-24T03:17:10.808+0000] {standard_task_runner.py:104} INFO - Running: ['airflow', 'tasks', 'run', 'standing_pipeline_dag', 'bronze_ingestion', 'manual__2026-06-24T03:17:05.745242+00:00', '--job-id', '75', '--raw', '--subdir', 'DAGS_FOLDER/standing_pipeline_dag.py', '--cfg-path', '/tmp/tmphfbjm687']
[2026-06-24T03:17:10.812+0000] {logging_mixin.py:190} WARNING - /home/airflow/.local/lib/python3.12/site-packages/airflow/task/task_runner/standard_task_runner.py:70 DeprecationWarning: This process (pid=3186) is multi-threaded, use of fork() may lead to deadlocks in the child.
[2026-06-24T03:17:10.812+0000] {standard_task_runner.py:105} INFO - Job 75: Subtask bronze_ingestion
[2026-06-24T03:17:10.815+0000] {standard_task_runner.py:72} INFO - Started process 3200 to run task
[2026-06-24T03:17:10.882+0000] {task_command.py:467} INFO - Running <TaskInstance: standing_pipeline_dag.bronze_ingestion manual__2026-06-24T03:17:05.745242+00:00 [running]> on host 63be96c18349
[2026-06-24T03:17:10.958+0000] {taskinstance.py:3134} INFO - Exporting env vars: AIRFLOW_CTX_DAG_OWNER='airflow' AIRFLOW_CTX_DAG_ID='standing_pipeline_dag' AIRFLOW_CTX_TASK_ID='bronze_ingestion' AIRFLOW_CTX_EXECUTION_DATE='2026-06-24T03:17:05.745242+00:00' AIRFLOW_CTX_TRY_NUMBER='1' AIRFLOW_CTX_DAG_RUN_ID='manual__2026-06-24T03:17:05.745242+00:00'
[2026-06-24T03:17:10.961+0000] {taskinstance.py:732} INFO - ::endgroup::
[2026-06-24T03:17:13.329+0000] {logging_mixin.py:190} INFO - Season 759: 14 standings
[2026-06-24T03:17:14.967+0000] {logging_mixin.py:190} INFO - Season 819: 0 standings
[2026-06-24T03:17:16.660+0000] {logging_mixin.py:190} INFO - Season 825: 24 standings
[2026-06-24T03:17:18.364+0000] {logging_mixin.py:190} INFO - Season 1273: 12 standings
[2026-06-24T03:17:19.884+0000] {logging_mixin.py:190} INFO - Season 1274: 12 standings
[2026-06-24T03:17:21.622+0000] {logging_mixin.py:190} INFO - Season 1275: 12 standings
[2026-06-24T03:17:22.714+0000] {logging_mixin.py:190} INFO - Season 1276: 12 standings
[2026-06-24T03:17:23.671+0000] {logging_mixin.py:190} INFO - Season 1277: 12 standings
[2026-06-24T03:17:25.433+0000] {logging_mixin.py:190} INFO - Season 1278: 12 standings
[2026-06-24T03:17:26.679+0000] {logging_mixin.py:190} INFO - Season 1279: 12 standings
[2026-06-24T03:17:27.910+0000] {logging_mixin.py:190} INFO - Season 1280: 12 standings
[2026-06-24T03:17:28.812+0000] {logging_mixin.py:190} INFO - Season 1281: 12 standings
[2026-06-24T03:17:29.815+0000] {logging_mixin.py:190} INFO - Season 1282: 12 standings
[2026-06-24T03:17:30.958+0000] {logging_mixin.py:190} INFO - Season 1286: 12 standings
[2026-06-24T03:17:31.942+0000] {logging_mixin.py:190} INFO - Season 1927: 24 standings
[2026-06-24T03:17:32.734+0000] {logging_mixin.py:190} INFO - Season 1928: 24 standings
[2026-06-24T03:17:33.808+0000] {logging_mixin.py:190} INFO - Season 1929: 24 standings
[2026-06-24T03:17:36.263+0000] {logging_mixin.py:190} INFO - Season 1930: 18 standings
[2026-06-24T03:17:37.904+0000] {logging_mixin.py:190} INFO - Season 1931: 24 standings
[2026-06-24T03:17:40.258+0000] {logging_mixin.py:190} INFO - Season 1932: 24 standings
[2026-06-24T03:17:41.992+0000] {logging_mixin.py:190} INFO - Season 1933: 24 standings
[2026-06-24T03:17:43.531+0000] {logging_mixin.py:190} INFO - Season 1934: 24 standings
[2026-06-24T03:17:44.756+0000] {logging_mixin.py:190} INFO - Season 1935: 24 standings
[2026-06-24T03:17:46.581+0000] {logging_mixin.py:190} INFO - Season 1936: 24 standings
[2026-06-24T03:17:47.527+0000] {logging_mixin.py:190} INFO - Season 1937: 24 standings
[2026-06-24T03:17:47.564+0000] {logging_mixin.py:190} INFO - {'records': 428, 'object_name': 'standings/2026/06/24/standings_20260624_031747.json'}
[2026-06-24T03:17:47.567+0000] {python.py:240} INFO - Done. Returned value was: None
[2026-06-24T03:17:47.574+0000] {taskinstance.py:341} INFO - ::group::Post task execution logs
[2026-06-24T03:17:47.576+0000] {taskinstance.py:353} INFO - Marking task as SUCCESS. dag_id=standing_pipeline_dag, task_id=bronze_ingestion, run_id=manual__2026-06-24T03:17:05.745242+00:00, execution_date=20260624T031705, start_date=20260624T031710, end_date=20260624T031747
[2026-06-24T03:17:47.643+0000] {local_task_job_runner.py:266} INFO - Task exited with return code 0
[2026-06-24T03:17:47.677+0000] {taskinstance.py:3901} INFO - 1 downstream tasks scheduled from follow-on schedule check
[2026-06-24T03:17:47.687+0000] {local_task_job_runner.py:245} INFO - ::endgroup::
