[2026-06-24T03:22:00.112+0000] {local_task_job_runner.py:123} INFO - ::group::Pre task execution logs
[2026-06-24T03:22:00.126+0000] {taskinstance.py:2614} INFO - Dependencies all met for dep_context=non-requeueable deps ti=<TaskInstance: sportflow_master_pipeline_dag.standings_bronze manual__2026-06-24T03:20:40.529804+00:00 [queued]>
[2026-06-24T03:22:00.135+0000] {taskinstance.py:2614} INFO - Dependencies all met for dep_context=requeueable deps ti=<TaskInstance: sportflow_master_pipeline_dag.standings_bronze manual__2026-06-24T03:20:40.529804+00:00 [queued]>
[2026-06-24T03:22:00.137+0000] {taskinstance.py:2867} INFO - Starting attempt 1 of 1
[2026-06-24T03:22:00.153+0000] {taskinstance.py:2890} INFO - Executing <Task(PythonOperator): standings_bronze> on 2026-06-24 03:20:40.529804+00:00
[2026-06-24T03:22:00.169+0000] {standard_task_runner.py:104} INFO - Running: ['airflow', 'tasks', 'run', 'sportflow_master_pipeline_dag', 'standings_bronze', 'manual__2026-06-24T03:20:40.529804+00:00', '--job-id', '82', '--raw', '--subdir', 'DAGS_FOLDER/sportflow_master_pipeline_dag.py', '--cfg-path', '/tmp/tmpjh9q_kzs']
[2026-06-24T03:22:00.173+0000] {logging_mixin.py:190} WARNING - /home/airflow/.local/lib/python3.12/site-packages/airflow/task/task_runner/standard_task_runner.py:70 DeprecationWarning: This process (pid=3387) is multi-threaded, use of fork() may lead to deadlocks in the child.
[2026-06-24T03:22:00.174+0000] {standard_task_runner.py:105} INFO - Job 82: Subtask standings_bronze
[2026-06-24T03:22:00.175+0000] {standard_task_runner.py:72} INFO - Started process 3401 to run task
[2026-06-24T03:22:00.246+0000] {task_command.py:467} INFO - Running <TaskInstance: sportflow_master_pipeline_dag.standings_bronze manual__2026-06-24T03:20:40.529804+00:00 [running]> on host 63be96c18349
[2026-06-24T03:22:00.325+0000] {taskinstance.py:3134} INFO - Exporting env vars: AIRFLOW_CTX_DAG_OWNER='airflow' AIRFLOW_CTX_DAG_ID='sportflow_master_pipeline_dag' AIRFLOW_CTX_TASK_ID='standings_bronze' AIRFLOW_CTX_EXECUTION_DATE='2026-06-24T03:20:40.529804+00:00' AIRFLOW_CTX_TRY_NUMBER='1' AIRFLOW_CTX_DAG_RUN_ID='manual__2026-06-24T03:20:40.529804+00:00'
[2026-06-24T03:22:00.327+0000] {taskinstance.py:732} INFO - ::endgroup::
[2026-06-24T03:22:01.408+0000] {logging_mixin.py:190} INFO - Season 759: 14 standings
[2026-06-24T03:22:02.917+0000] {logging_mixin.py:190} INFO - Season 819: 0 standings
[2026-06-24T03:22:03.733+0000] {logging_mixin.py:190} INFO - Season 825: 24 standings
[2026-06-24T03:22:04.842+0000] {logging_mixin.py:190} INFO - Season 1273: 12 standings
[2026-06-24T03:22:06.463+0000] {logging_mixin.py:190} INFO - Season 1274: 12 standings
[2026-06-24T03:22:07.706+0000] {logging_mixin.py:190} INFO - Season 1275: 12 standings
[2026-06-24T03:22:08.409+0000] {logging_mixin.py:190} INFO - Season 1276: 12 standings
[2026-06-24T03:22:09.558+0000] {logging_mixin.py:190} INFO - Season 1277: 12 standings
[2026-06-24T03:22:11.905+0000] {logging_mixin.py:190} INFO - Season 1278: 12 standings
[2026-06-24T03:22:13.341+0000] {logging_mixin.py:190} INFO - Season 1279: 12 standings
[2026-06-24T03:22:15.099+0000] {logging_mixin.py:190} INFO - Season 1280: 12 standings
[2026-06-24T03:22:15.940+0000] {logging_mixin.py:190} INFO - Season 1281: 12 standings
[2026-06-24T03:22:17.027+0000] {logging_mixin.py:190} INFO - Season 1282: 12 standings
[2026-06-24T03:22:18.395+0000] {logging_mixin.py:190} INFO - Season 1286: 12 standings
[2026-06-24T03:22:19.580+0000] {logging_mixin.py:190} INFO - Season 1927: 24 standings
[2026-06-24T03:22:20.542+0000] {logging_mixin.py:190} INFO - Season 1928: 24 standings
[2026-06-24T03:22:21.737+0000] {logging_mixin.py:190} INFO - Season 1929: 24 standings
[2026-06-24T03:22:22.964+0000] {logging_mixin.py:190} INFO - Season 1930: 18 standings
[2026-06-24T03:22:24.316+0000] {logging_mixin.py:190} INFO - Season 1931: 24 standings
[2026-06-24T03:22:25.289+0000] {logging_mixin.py:190} INFO - Season 1932: 24 standings
[2026-06-24T03:22:26.171+0000] {logging_mixin.py:190} INFO - Season 1933: 24 standings
[2026-06-24T03:22:27.062+0000] {logging_mixin.py:190} INFO - Season 1934: 24 standings
[2026-06-24T03:22:28.802+0000] {logging_mixin.py:190} INFO - Season 1935: 24 standings
[2026-06-24T03:22:30.277+0000] {logging_mixin.py:190} INFO - Season 1936: 24 standings
[2026-06-24T03:22:31.569+0000] {logging_mixin.py:190} INFO - Season 1937: 24 standings
[2026-06-24T03:22:31.595+0000] {logging_mixin.py:190} INFO - {'records': 428, 'object_name': 'standings/2026/06/24/standings_20260624_032231.json'}
[2026-06-24T03:22:31.596+0000] {python.py:240} INFO - Done. Returned value was: None
[2026-06-24T03:22:31.602+0000] {taskinstance.py:341} INFO - ::group::Post task execution logs
[2026-06-24T03:22:31.604+0000] {taskinstance.py:353} INFO - Marking task as SUCCESS. dag_id=sportflow_master_pipeline_dag, task_id=standings_bronze, run_id=manual__2026-06-24T03:20:40.529804+00:00, execution_date=20260624T032040, start_date=20260624T032200, end_date=20260624T032231
[2026-06-24T03:22:31.643+0000] {local_task_job_runner.py:266} INFO - Task exited with return code 0
[2026-06-24T03:22:31.662+0000] {taskinstance.py:3901} INFO - 1 downstream tasks scheduled from follow-on schedule check
[2026-06-24T03:22:31.670+0000] {local_task_job_runner.py:245} INFO - ::endgroup::
