[2026-06-23T16:05:03.593+0000] {local_task_job_runner.py:123} INFO - ::group::Pre task execution logs
[2026-06-23T16:05:03.605+0000] {taskinstance.py:2614} INFO - Dependencies all met for dep_context=non-requeueable deps ti=<TaskInstance: team_pipeline_dag.silver_transformation scheduled__2026-06-22T00:00:00+00:00 [queued]>
[2026-06-23T16:05:03.612+0000] {taskinstance.py:2614} INFO - Dependencies all met for dep_context=requeueable deps ti=<TaskInstance: team_pipeline_dag.silver_transformation scheduled__2026-06-22T00:00:00+00:00 [queued]>
[2026-06-23T16:05:03.615+0000] {taskinstance.py:2867} INFO - Starting attempt 1 of 1
[2026-06-23T16:05:03.629+0000] {taskinstance.py:2890} INFO - Executing <Task(PythonOperator): silver_transformation> on 2026-06-22 00:00:00+00:00
[2026-06-23T16:05:03.641+0000] {standard_task_runner.py:104} INFO - Running: ['airflow', 'tasks', 'run', 'team_pipeline_dag', 'silver_transformation', 'scheduled__2026-06-22T00:00:00+00:00', '--job-id', '14', '--raw', '--subdir', 'DAGS_FOLDER/team_pipeline_dag.py', '--cfg-path', '/tmp/tmpgaul9wgs']
[2026-06-23T16:05:03.645+0000] {logging_mixin.py:190} WARNING - /home/airflow/.local/lib/python3.12/site-packages/airflow/task/task_runner/standard_task_runner.py:70 DeprecationWarning: This process (pid=5669) is multi-threaded, use of fork() may lead to deadlocks in the child.
[2026-06-23T16:05:03.646+0000] {standard_task_runner.py:105} INFO - Job 14: Subtask silver_transformation
[2026-06-23T16:05:03.647+0000] {standard_task_runner.py:72} INFO - Started process 5683 to run task
[2026-06-23T16:05:03.713+0000] {task_command.py:467} INFO - Running <TaskInstance: team_pipeline_dag.silver_transformation scheduled__2026-06-22T00:00:00+00:00 [running]> on host d817d2ea344d
[2026-06-23T16:05:03.763+0000] {taskinstance.py:3134} INFO - Exporting env vars: AIRFLOW_CTX_DAG_OWNER='airflow' AIRFLOW_CTX_DAG_ID='team_pipeline_dag' AIRFLOW_CTX_TASK_ID='silver_transformation' AIRFLOW_CTX_EXECUTION_DATE='2026-06-22T00:00:00+00:00' AIRFLOW_CTX_TRY_NUMBER='1' AIRFLOW_CTX_DAG_RUN_ID='scheduled__2026-06-22T00:00:00+00:00'
[2026-06-23T16:05:03.765+0000] {taskinstance.py:732} INFO - ::endgroup::
[2026-06-23T16:05:03.879+0000] {logging_mixin.py:190} INFO - {'records': 22, 'table': 'silver.teams'}
[2026-06-23T16:05:03.880+0000] {python.py:240} INFO - Done. Returned value was: None
[2026-06-23T16:05:03.886+0000] {taskinstance.py:341} INFO - ::group::Post task execution logs
[2026-06-23T16:05:03.888+0000] {taskinstance.py:353} INFO - Marking task as SUCCESS. dag_id=team_pipeline_dag, task_id=silver_transformation, run_id=scheduled__2026-06-22T00:00:00+00:00, execution_date=20260622T000000, start_date=20260623T160503, end_date=20260623T160503
[2026-06-23T16:05:03.947+0000] {local_task_job_runner.py:266} INFO - Task exited with return code 0
[2026-06-23T16:05:03.961+0000] {taskinstance.py:3901} INFO - 1 downstream tasks scheduled from follow-on schedule check
[2026-06-23T16:05:03.969+0000] {local_task_job_runner.py:245} INFO - ::endgroup::
[2026-06-23T19:45:00.499+0000] {local_task_job_runner.py:123} INFO - ::group::Pre task execution logs
[2026-06-23T19:45:00.512+0000] {taskinstance.py:2614} INFO - Dependencies all met for dep_context=non-requeueable deps ti=<TaskInstance: team_pipeline_dag.silver_transformation scheduled__2026-06-22T00:00:00+00:00 [queued]>
[2026-06-23T19:45:00.518+0000] {taskinstance.py:2614} INFO - Dependencies all met for dep_context=requeueable deps ti=<TaskInstance: team_pipeline_dag.silver_transformation scheduled__2026-06-22T00:00:00+00:00 [queued]>
[2026-06-23T19:45:00.519+0000] {taskinstance.py:2867} INFO - Starting attempt 1 of 1
[2026-06-23T19:45:00.532+0000] {taskinstance.py:2890} INFO - Executing <Task(PythonOperator): silver_transformation> on 2026-06-22 00:00:00+00:00
[2026-06-23T19:45:00.546+0000] {standard_task_runner.py:104} INFO - Running: ['airflow', 'tasks', 'run', 'team_pipeline_dag', 'silver_transformation', 'scheduled__2026-06-22T00:00:00+00:00', '--job-id', '28', '--raw', '--subdir', 'DAGS_FOLDER/team_pipeline_dag.py', '--cfg-path', '/tmp/tmpehceall2']
[2026-06-23T19:45:00.549+0000] {standard_task_runner.py:105} INFO - Job 28: Subtask silver_transformation
[2026-06-23T19:45:00.549+0000] {logging_mixin.py:190} WARNING - /home/airflow/.local/lib/python3.12/site-packages/airflow/task/task_runner/standard_task_runner.py:70 DeprecationWarning: This process (pid=511) is multi-threaded, use of fork() may lead to deadlocks in the child.
[2026-06-23T19:45:00.550+0000] {standard_task_runner.py:72} INFO - Started process 525 to run task
[2026-06-23T19:45:00.608+0000] {task_command.py:467} INFO - Running <TaskInstance: team_pipeline_dag.silver_transformation scheduled__2026-06-22T00:00:00+00:00 [running]> on host 63be96c18349
[2026-06-23T19:45:00.666+0000] {taskinstance.py:3134} INFO - Exporting env vars: AIRFLOW_CTX_DAG_OWNER='airflow' AIRFLOW_CTX_DAG_ID='team_pipeline_dag' AIRFLOW_CTX_TASK_ID='silver_transformation' AIRFLOW_CTX_EXECUTION_DATE='2026-06-22T00:00:00+00:00' AIRFLOW_CTX_TRY_NUMBER='1' AIRFLOW_CTX_DAG_RUN_ID='scheduled__2026-06-22T00:00:00+00:00'
[2026-06-23T19:45:00.669+0000] {taskinstance.py:732} INFO - ::endgroup::
[2026-06-23T19:45:00.785+0000] {logging_mixin.py:190} INFO - {'records': 22, 'table': 'silver.teams'}
[2026-06-23T19:45:00.787+0000] {python.py:240} INFO - Done. Returned value was: None
[2026-06-23T19:45:00.794+0000] {taskinstance.py:341} INFO - ::group::Post task execution logs
[2026-06-23T19:45:00.796+0000] {taskinstance.py:353} INFO - Marking task as SUCCESS. dag_id=team_pipeline_dag, task_id=silver_transformation, run_id=scheduled__2026-06-22T00:00:00+00:00, execution_date=20260622T000000, start_date=20260623T194500, end_date=20260623T194500
[2026-06-23T19:45:00.848+0000] {local_task_job_runner.py:266} INFO - Task exited with return code 0
[2026-06-23T19:45:00.864+0000] {taskinstance.py:3901} INFO - 1 downstream tasks scheduled from follow-on schedule check
[2026-06-23T19:45:00.874+0000] {local_task_job_runner.py:245} INFO - ::endgroup::
