[2026-06-23T19:37:49.823+0000] {processor.py:186} INFO - Started process (PID=10668) to work on /opt/airflow/dags/sportflow_master_pipeline_dag.py
[2026-06-23T19:37:49.825+0000] {processor.py:914} INFO - Processing file /opt/airflow/dags/sportflow_master_pipeline_dag.py for tasks to queue
[2026-06-23T19:37:49.829+0000] {logging_mixin.py:190} INFO - [2026-06-23T19:37:49.828+0000] {dagbag.py:588} INFO - Filling up the DagBag from /opt/airflow/dags/sportflow_master_pipeline_dag.py
[2026-06-23T19:37:51.650+0000] {processor.py:925} INFO - DAG(s) 'sportflow_master_pipeline_dag' retrieved from /opt/airflow/dags/sportflow_master_pipeline_dag.py
[2026-06-23T19:37:51.760+0000] {logging_mixin.py:190} INFO - [2026-06-23T19:37:51.759+0000] {override.py:1912} INFO - Created Permission View: can read on DAG:sportflow_master_pipeline_dag
[2026-06-23T19:37:51.770+0000] {logging_mixin.py:190} INFO - [2026-06-23T19:37:51.770+0000] {override.py:1912} INFO - Created Permission View: can edit on DAG:sportflow_master_pipeline_dag
[2026-06-23T19:37:51.779+0000] {logging_mixin.py:190} INFO - [2026-06-23T19:37:51.779+0000] {override.py:1912} INFO - Created Permission View: can delete on DAG:sportflow_master_pipeline_dag
[2026-06-23T19:37:51.791+0000] {logging_mixin.py:190} INFO - [2026-06-23T19:37:51.791+0000] {override.py:1912} INFO - Created Permission View: can read on DAG Run:sportflow_master_pipeline_dag
[2026-06-23T19:37:51.799+0000] {logging_mixin.py:190} INFO - [2026-06-23T19:37:51.799+0000] {override.py:1912} INFO - Created Permission View: menu access on DAG Run:sportflow_master_pipeline_dag
[2026-06-23T19:37:51.806+0000] {logging_mixin.py:190} INFO - [2026-06-23T19:37:51.806+0000] {override.py:1912} INFO - Created Permission View: can delete on DAG Run:sportflow_master_pipeline_dag
[2026-06-23T19:37:51.814+0000] {logging_mixin.py:190} INFO - [2026-06-23T19:37:51.813+0000] {override.py:1912} INFO - Created Permission View: can create on DAG Run:sportflow_master_pipeline_dag
[2026-06-23T19:37:51.816+0000] {logging_mixin.py:190} INFO - [2026-06-23T19:37:51.815+0000] {dag.py:3239} INFO - Sync 1 DAGs
[2026-06-23T19:37:51.826+0000] {logging_mixin.py:190} INFO - [2026-06-23T19:37:51.826+0000] {dag.py:3262} INFO - Creating ORM DAG for sportflow_master_pipeline_dag
[2026-06-23T19:37:51.835+0000] {logging_mixin.py:190} INFO - [2026-06-23T19:37:51.835+0000] {dag.py:4180} INFO - Setting next_dagrun for sportflow_master_pipeline_dag to 2026-06-22 00:00:00+00:00, run_after=2026-06-23 00:00:00+00:00
[2026-06-23T19:37:51.860+0000] {processor.py:208} INFO - Processing /opt/airflow/dags/sportflow_master_pipeline_dag.py took 2.044 seconds
[2026-06-23T19:38:22.164+0000] {processor.py:186} INFO - Started process (PID=10685) to work on /opt/airflow/dags/sportflow_master_pipeline_dag.py
[2026-06-23T19:38:22.167+0000] {processor.py:914} INFO - Processing file /opt/airflow/dags/sportflow_master_pipeline_dag.py for tasks to queue
[2026-06-23T19:38:22.173+0000] {logging_mixin.py:190} INFO - [2026-06-23T19:38:22.172+0000] {dagbag.py:588} INFO - Filling up the DagBag from /opt/airflow/dags/sportflow_master_pipeline_dag.py
[2026-06-23T19:38:23.368+0000] {processor.py:925} INFO - DAG(s) 'sportflow_master_pipeline_dag' retrieved from /opt/airflow/dags/sportflow_master_pipeline_dag.py
[2026-06-23T19:38:23.403+0000] {logging_mixin.py:190} INFO - [2026-06-23T19:38:23.403+0000] {dag.py:3239} INFO - Sync 1 DAGs
[2026-06-23T19:38:23.433+0000] {logging_mixin.py:190} INFO - [2026-06-23T19:38:23.433+0000] {dag.py:4180} INFO - Setting next_dagrun for sportflow_master_pipeline_dag to 2026-06-22 00:00:00+00:00, run_after=2026-06-23 00:00:00+00:00
[2026-06-23T19:38:23.468+0000] {processor.py:208} INFO - Processing /opt/airflow/dags/sportflow_master_pipeline_dag.py took 1.313 seconds
[2026-06-23T19:38:54.211+0000] {processor.py:186} INFO - Started process (PID=10702) to work on /opt/airflow/dags/sportflow_master_pipeline_dag.py
[2026-06-23T19:38:54.213+0000] {processor.py:914} INFO - Processing file /opt/airflow/dags/sportflow_master_pipeline_dag.py for tasks to queue
[2026-06-23T19:38:54.217+0000] {logging_mixin.py:190} INFO - [2026-06-23T19:38:54.217+0000] {dagbag.py:588} INFO - Filling up the DagBag from /opt/airflow/dags/sportflow_master_pipeline_dag.py
[2026-06-23T19:38:55.478+0000] {processor.py:925} INFO - DAG(s) 'sportflow_master_pipeline_dag' retrieved from /opt/airflow/dags/sportflow_master_pipeline_dag.py
[2026-06-23T19:38:55.505+0000] {logging_mixin.py:190} INFO - [2026-06-23T19:38:55.505+0000] {dag.py:3239} INFO - Sync 1 DAGs
[2026-06-23T19:38:55.526+0000] {logging_mixin.py:190} INFO - [2026-06-23T19:38:55.526+0000] {dag.py:4180} INFO - Setting next_dagrun for sportflow_master_pipeline_dag to 2026-06-22 00:00:00+00:00, run_after=2026-06-23 00:00:00+00:00
[2026-06-23T19:38:55.553+0000] {processor.py:208} INFO - Processing /opt/airflow/dags/sportflow_master_pipeline_dag.py took 1.348 seconds
[2026-06-23T19:39:26.073+0000] {processor.py:186} INFO - Started process (PID=10719) to work on /opt/airflow/dags/sportflow_master_pipeline_dag.py
[2026-06-23T19:39:26.074+0000] {processor.py:914} INFO - Processing file /opt/airflow/dags/sportflow_master_pipeline_dag.py for tasks to queue
[2026-06-23T19:39:26.077+0000] {logging_mixin.py:190} INFO - [2026-06-23T19:39:26.077+0000] {dagbag.py:588} INFO - Filling up the DagBag from /opt/airflow/dags/sportflow_master_pipeline_dag.py
[2026-06-23T19:39:27.190+0000] {processor.py:925} INFO - DAG(s) 'sportflow_master_pipeline_dag' retrieved from /opt/airflow/dags/sportflow_master_pipeline_dag.py
[2026-06-23T19:39:27.216+0000] {logging_mixin.py:190} INFO - [2026-06-23T19:39:27.215+0000] {dag.py:3239} INFO - Sync 1 DAGs
[2026-06-23T19:39:27.241+0000] {logging_mixin.py:190} INFO - [2026-06-23T19:39:27.240+0000] {dag.py:4180} INFO - Setting next_dagrun for sportflow_master_pipeline_dag to 2026-06-22 00:00:00+00:00, run_after=2026-06-23 00:00:00+00:00
[2026-06-23T19:39:27.265+0000] {processor.py:208} INFO - Processing /opt/airflow/dags/sportflow_master_pipeline_dag.py took 1.198 seconds
[2026-06-23T19:39:57.835+0000] {processor.py:186} INFO - Started process (PID=10736) to work on /opt/airflow/dags/sportflow_master_pipeline_dag.py
[2026-06-23T19:39:57.838+0000] {processor.py:914} INFO - Processing file /opt/airflow/dags/sportflow_master_pipeline_dag.py for tasks to queue
[2026-06-23T19:39:57.843+0000] {logging_mixin.py:190} INFO - [2026-06-23T19:39:57.842+0000] {dagbag.py:588} INFO - Filling up the DagBag from /opt/airflow/dags/sportflow_master_pipeline_dag.py
[2026-06-23T19:39:59.404+0000] {processor.py:925} INFO - DAG(s) 'sportflow_master_pipeline_dag' retrieved from /opt/airflow/dags/sportflow_master_pipeline_dag.py
[2026-06-23T19:39:59.427+0000] {logging_mixin.py:190} INFO - [2026-06-23T19:39:59.427+0000] {dag.py:3239} INFO - Sync 1 DAGs
[2026-06-23T19:39:59.450+0000] {logging_mixin.py:190} INFO - [2026-06-23T19:39:59.449+0000] {dag.py:4180} INFO - Setting next_dagrun for sportflow_master_pipeline_dag to 2026-06-22 00:00:00+00:00, run_after=2026-06-23 00:00:00+00:00
[2026-06-23T19:39:59.476+0000] {processor.py:208} INFO - Processing /opt/airflow/dags/sportflow_master_pipeline_dag.py took 1.651 seconds
[2026-06-23T19:40:30.492+0000] {processor.py:186} INFO - Started process (PID=10753) to work on /opt/airflow/dags/sportflow_master_pipeline_dag.py
[2026-06-23T19:40:30.494+0000] {processor.py:914} INFO - Processing file /opt/airflow/dags/sportflow_master_pipeline_dag.py for tasks to queue
[2026-06-23T19:40:30.498+0000] {logging_mixin.py:190} INFO - [2026-06-23T19:40:30.498+0000] {dagbag.py:588} INFO - Filling up the DagBag from /opt/airflow/dags/sportflow_master_pipeline_dag.py
[2026-06-23T19:40:31.788+0000] {processor.py:925} INFO - DAG(s) 'sportflow_master_pipeline_dag' retrieved from /opt/airflow/dags/sportflow_master_pipeline_dag.py
[2026-06-23T19:40:31.820+0000] {logging_mixin.py:190} INFO - [2026-06-23T19:40:31.819+0000] {dag.py:3239} INFO - Sync 1 DAGs
[2026-06-23T19:40:31.863+0000] {logging_mixin.py:190} INFO - [2026-06-23T19:40:31.863+0000] {dag.py:4180} INFO - Setting next_dagrun for sportflow_master_pipeline_dag to 2026-06-22 00:00:00+00:00, run_after=2026-06-23 00:00:00+00:00
[2026-06-23T19:40:31.897+0000] {processor.py:208} INFO - Processing /opt/airflow/dags/sportflow_master_pipeline_dag.py took 1.413 seconds
[2026-06-23T19:41:02.884+0000] {processor.py:186} INFO - Started process (PID=10770) to work on /opt/airflow/dags/sportflow_master_pipeline_dag.py
[2026-06-23T19:41:02.886+0000] {processor.py:914} INFO - Processing file /opt/airflow/dags/sportflow_master_pipeline_dag.py for tasks to queue
[2026-06-23T19:41:02.890+0000] {logging_mixin.py:190} INFO - [2026-06-23T19:41:02.889+0000] {dagbag.py:588} INFO - Filling up the DagBag from /opt/airflow/dags/sportflow_master_pipeline_dag.py
[2026-06-23T19:41:04.070+0000] {processor.py:925} INFO - DAG(s) 'sportflow_master_pipeline_dag' retrieved from /opt/airflow/dags/sportflow_master_pipeline_dag.py
[2026-06-23T19:41:04.096+0000] {logging_mixin.py:190} INFO - [2026-06-23T19:41:04.096+0000] {dag.py:3239} INFO - Sync 1 DAGs
[2026-06-23T19:41:04.122+0000] {logging_mixin.py:190} INFO - [2026-06-23T19:41:04.121+0000] {dag.py:4180} INFO - Setting next_dagrun for sportflow_master_pipeline_dag to 2026-06-22 00:00:00+00:00, run_after=2026-06-23 00:00:00+00:00
[2026-06-23T19:41:04.165+0000] {processor.py:208} INFO - Processing /opt/airflow/dags/sportflow_master_pipeline_dag.py took 1.288 seconds
[2026-06-23T19:42:05.234+0000] {processor.py:186} INFO - Started process (PID=68) to work on /opt/airflow/dags/sportflow_master_pipeline_dag.py
[2026-06-23T19:42:05.240+0000] {processor.py:914} INFO - Processing file /opt/airflow/dags/sportflow_master_pipeline_dag.py for tasks to queue
[2026-06-23T19:42:05.259+0000] {logging_mixin.py:190} INFO - [2026-06-23T19:42:05.256+0000] {dagbag.py:588} INFO - Filling up the DagBag from /opt/airflow/dags/sportflow_master_pipeline_dag.py
[2026-06-23T19:42:10.890+0000] {processor.py:925} INFO - DAG(s) 'sportflow_master_pipeline_dag' retrieved from /opt/airflow/dags/sportflow_master_pipeline_dag.py
[2026-06-23T19:42:11.146+0000] {logging_mixin.py:190} INFO - [2026-06-23T19:42:11.144+0000] {override.py:1912} INFO - Created Permission View: can edit on DAG:sportflow_master_pipeline_dag
[2026-06-23T19:42:11.170+0000] {logging_mixin.py:190} INFO - [2026-06-23T19:42:11.169+0000] {override.py:1912} INFO - Created Permission View: can delete on DAG:sportflow_master_pipeline_dag
[2026-06-23T19:42:11.189+0000] {logging_mixin.py:190} INFO - [2026-06-23T19:42:11.188+0000] {override.py:1912} INFO - Created Permission View: can read on DAG:sportflow_master_pipeline_dag
[2026-06-23T19:42:11.213+0000] {logging_mixin.py:190} INFO - [2026-06-23T19:42:11.213+0000] {override.py:1912} INFO - Created Permission View: can delete on DAG Run:sportflow_master_pipeline_dag
[2026-06-23T19:42:11.230+0000] {logging_mixin.py:190} INFO - [2026-06-23T19:42:11.229+0000] {override.py:1912} INFO - Created Permission View: can create on DAG Run:sportflow_master_pipeline_dag
[2026-06-23T19:42:11.248+0000] {logging_mixin.py:190} INFO - [2026-06-23T19:42:11.247+0000] {override.py:1912} INFO - Created Permission View: menu access on DAG Run:sportflow_master_pipeline_dag
[2026-06-23T19:42:11.267+0000] {logging_mixin.py:190} INFO - [2026-06-23T19:42:11.267+0000] {override.py:1912} INFO - Created Permission View: can read on DAG Run:sportflow_master_pipeline_dag
[2026-06-23T19:42:11.271+0000] {logging_mixin.py:190} INFO - [2026-06-23T19:42:11.270+0000] {dag.py:3239} INFO - Sync 1 DAGs
[2026-06-23T19:42:11.288+0000] {logging_mixin.py:190} INFO - [2026-06-23T19:42:11.287+0000] {dag.py:3262} INFO - Creating ORM DAG for sportflow_master_pipeline_dag
[2026-06-23T19:42:11.300+0000] {logging_mixin.py:190} INFO - [2026-06-23T19:42:11.300+0000] {dag.py:4180} INFO - Setting next_dagrun for sportflow_master_pipeline_dag to 2026-06-22 00:00:00+00:00, run_after=2026-06-23 00:00:00+00:00
[2026-06-23T19:42:11.328+0000] {processor.py:208} INFO - Processing /opt/airflow/dags/sportflow_master_pipeline_dag.py took 6.131 seconds
[2026-06-23T19:45:38.901+0000] {processor.py:186} INFO - Started process (PID=643) to work on /opt/airflow/dags/sportflow_master_pipeline_dag.py
[2026-06-23T19:45:38.904+0000] {processor.py:914} INFO - Processing file /opt/airflow/dags/sportflow_master_pipeline_dag.py for tasks to queue
[2026-06-23T19:45:38.909+0000] {logging_mixin.py:190} INFO - [2026-06-23T19:45:38.908+0000] {dagbag.py:588} INFO - Filling up the DagBag from /opt/airflow/dags/sportflow_master_pipeline_dag.py
[2026-06-23T19:45:40.717+0000] {processor.py:925} INFO - DAG(s) 'sportflow_master_pipeline_dag' retrieved from /opt/airflow/dags/sportflow_master_pipeline_dag.py
[2026-06-23T19:45:40.738+0000] {logging_mixin.py:190} INFO - [2026-06-23T19:45:40.737+0000] {dag.py:3239} INFO - Sync 1 DAGs
[2026-06-23T19:45:40.759+0000] {logging_mixin.py:190} INFO - [2026-06-23T19:45:40.759+0000] {dag.py:4180} INFO - Setting next_dagrun for sportflow_master_pipeline_dag to 2026-06-23 00:00:00+00:00, run_after=2026-06-24 00:00:00+00:00
[2026-06-23T19:45:40.803+0000] {processor.py:208} INFO - Processing /opt/airflow/dags/sportflow_master_pipeline_dag.py took 1.912 seconds
[2026-06-23T19:46:11.606+0000] {processor.py:186} INFO - Started process (PID=660) to work on /opt/airflow/dags/sportflow_master_pipeline_dag.py
[2026-06-23T19:46:11.608+0000] {processor.py:914} INFO - Processing file /opt/airflow/dags/sportflow_master_pipeline_dag.py for tasks to queue
[2026-06-23T19:46:11.612+0000] {logging_mixin.py:190} INFO - [2026-06-23T19:46:11.611+0000] {dagbag.py:588} INFO - Filling up the DagBag from /opt/airflow/dags/sportflow_master_pipeline_dag.py
[2026-06-23T19:46:13.442+0000] {processor.py:925} INFO - DAG(s) 'sportflow_master_pipeline_dag' retrieved from /opt/airflow/dags/sportflow_master_pipeline_dag.py
[2026-06-23T19:46:13.463+0000] {logging_mixin.py:190} INFO - [2026-06-23T19:46:13.462+0000] {dag.py:3239} INFO - Sync 1 DAGs
[2026-06-23T19:46:13.481+0000] {logging_mixin.py:190} INFO - [2026-06-23T19:46:13.481+0000] {dag.py:4180} INFO - Setting next_dagrun for sportflow_master_pipeline_dag to 2026-06-23 00:00:00+00:00, run_after=2026-06-24 00:00:00+00:00
[2026-06-23T19:46:13.514+0000] {processor.py:208} INFO - Processing /opt/airflow/dags/sportflow_master_pipeline_dag.py took 1.915 seconds
[2026-06-23T19:46:43.885+0000] {processor.py:186} INFO - Started process (PID=677) to work on /opt/airflow/dags/sportflow_master_pipeline_dag.py
[2026-06-23T19:46:43.887+0000] {processor.py:914} INFO - Processing file /opt/airflow/dags/sportflow_master_pipeline_dag.py for tasks to queue
[2026-06-23T19:46:43.891+0000] {logging_mixin.py:190} INFO - [2026-06-23T19:46:43.891+0000] {dagbag.py:588} INFO - Filling up the DagBag from /opt/airflow/dags/sportflow_master_pipeline_dag.py
[2026-06-23T19:46:45.554+0000] {processor.py:925} INFO - DAG(s) 'sportflow_master_pipeline_dag' retrieved from /opt/airflow/dags/sportflow_master_pipeline_dag.py
[2026-06-23T19:46:45.574+0000] {logging_mixin.py:190} INFO - [2026-06-23T19:46:45.573+0000] {dag.py:3239} INFO - Sync 1 DAGs
[2026-06-23T19:46:45.592+0000] {logging_mixin.py:190} INFO - [2026-06-23T19:46:45.592+0000] {dag.py:4180} INFO - Setting next_dagrun for sportflow_master_pipeline_dag to 2026-06-23 00:00:00+00:00, run_after=2026-06-24 00:00:00+00:00
[2026-06-23T19:46:45.613+0000] {processor.py:208} INFO - Processing /opt/airflow/dags/sportflow_master_pipeline_dag.py took 1.736 seconds
[2026-06-23T19:47:16.535+0000] {processor.py:186} INFO - Started process (PID=694) to work on /opt/airflow/dags/sportflow_master_pipeline_dag.py
[2026-06-23T19:47:16.538+0000] {processor.py:914} INFO - Processing file /opt/airflow/dags/sportflow_master_pipeline_dag.py for tasks to queue
[2026-06-23T19:47:16.543+0000] {logging_mixin.py:190} INFO - [2026-06-23T19:47:16.542+0000] {dagbag.py:588} INFO - Filling up the DagBag from /opt/airflow/dags/sportflow_master_pipeline_dag.py
[2026-06-23T19:47:18.316+0000] {processor.py:925} INFO - DAG(s) 'sportflow_master_pipeline_dag' retrieved from /opt/airflow/dags/sportflow_master_pipeline_dag.py
[2026-06-23T19:47:18.336+0000] {logging_mixin.py:190} INFO - [2026-06-23T19:47:18.335+0000] {dag.py:3239} INFO - Sync 1 DAGs
[2026-06-23T19:47:18.357+0000] {logging_mixin.py:190} INFO - [2026-06-23T19:47:18.357+0000] {dag.py:4180} INFO - Setting next_dagrun for sportflow_master_pipeline_dag to 2026-06-23 00:00:00+00:00, run_after=2026-06-24 00:00:00+00:00
[2026-06-23T19:47:18.379+0000] {processor.py:208} INFO - Processing /opt/airflow/dags/sportflow_master_pipeline_dag.py took 1.853 seconds
[2026-06-23T19:47:49.090+0000] {processor.py:186} INFO - Started process (PID=711) to work on /opt/airflow/dags/sportflow_master_pipeline_dag.py
[2026-06-23T19:47:49.092+0000] {processor.py:914} INFO - Processing file /opt/airflow/dags/sportflow_master_pipeline_dag.py for tasks to queue
[2026-06-23T19:47:49.095+0000] {logging_mixin.py:190} INFO - [2026-06-23T19:47:49.095+0000] {dagbag.py:588} INFO - Filling up the DagBag from /opt/airflow/dags/sportflow_master_pipeline_dag.py
[2026-06-23T19:47:50.665+0000] {processor.py:925} INFO - DAG(s) 'sportflow_master_pipeline_dag' retrieved from /opt/airflow/dags/sportflow_master_pipeline_dag.py
[2026-06-23T19:47:50.693+0000] {logging_mixin.py:190} INFO - [2026-06-23T19:47:50.692+0000] {dag.py:3239} INFO - Sync 1 DAGs
[2026-06-23T19:47:50.715+0000] {logging_mixin.py:190} INFO - [2026-06-23T19:47:50.715+0000] {dag.py:4180} INFO - Setting next_dagrun for sportflow_master_pipeline_dag to 2026-06-23 00:00:00+00:00, run_after=2026-06-24 00:00:00+00:00
[2026-06-23T19:47:50.739+0000] {processor.py:208} INFO - Processing /opt/airflow/dags/sportflow_master_pipeline_dag.py took 1.657 seconds
[2026-06-23T19:48:21.688+0000] {processor.py:186} INFO - Started process (PID=728) to work on /opt/airflow/dags/sportflow_master_pipeline_dag.py
[2026-06-23T19:48:21.690+0000] {processor.py:914} INFO - Processing file /opt/airflow/dags/sportflow_master_pipeline_dag.py for tasks to queue
[2026-06-23T19:48:21.694+0000] {logging_mixin.py:190} INFO - [2026-06-23T19:48:21.693+0000] {dagbag.py:588} INFO - Filling up the DagBag from /opt/airflow/dags/sportflow_master_pipeline_dag.py
[2026-06-23T19:48:23.584+0000] {processor.py:925} INFO - DAG(s) 'sportflow_master_pipeline_dag' retrieved from /opt/airflow/dags/sportflow_master_pipeline_dag.py
[2026-06-23T19:48:23.602+0000] {logging_mixin.py:190} INFO - [2026-06-23T19:48:23.602+0000] {dag.py:3239} INFO - Sync 1 DAGs
[2026-06-23T19:48:23.620+0000] {logging_mixin.py:190} INFO - [2026-06-23T19:48:23.619+0000] {dag.py:4180} INFO - Setting next_dagrun for sportflow_master_pipeline_dag to 2026-06-23 00:00:00+00:00, run_after=2026-06-24 00:00:00+00:00
[2026-06-23T19:48:23.645+0000] {processor.py:208} INFO - Processing /opt/airflow/dags/sportflow_master_pipeline_dag.py took 1.966 seconds
[2026-06-23T19:48:54.232+0000] {processor.py:186} INFO - Started process (PID=745) to work on /opt/airflow/dags/sportflow_master_pipeline_dag.py
[2026-06-23T19:48:54.235+0000] {processor.py:914} INFO - Processing file /opt/airflow/dags/sportflow_master_pipeline_dag.py for tasks to queue
[2026-06-23T19:48:54.239+0000] {logging_mixin.py:190} INFO - [2026-06-23T19:48:54.239+0000] {dagbag.py:588} INFO - Filling up the DagBag from /opt/airflow/dags/sportflow_master_pipeline_dag.py
[2026-06-23T19:48:56.323+0000] {processor.py:925} INFO - DAG(s) 'sportflow_master_pipeline_dag' retrieved from /opt/airflow/dags/sportflow_master_pipeline_dag.py
[2026-06-23T19:48:56.349+0000] {logging_mixin.py:190} INFO - [2026-06-23T19:48:56.349+0000] {dag.py:3239} INFO - Sync 1 DAGs
[2026-06-23T19:48:56.379+0000] {logging_mixin.py:190} INFO - [2026-06-23T19:48:56.379+0000] {dag.py:4180} INFO - Setting next_dagrun for sportflow_master_pipeline_dag to 2026-06-23 00:00:00+00:00, run_after=2026-06-24 00:00:00+00:00
[2026-06-23T19:48:56.418+0000] {processor.py:208} INFO - Processing /opt/airflow/dags/sportflow_master_pipeline_dag.py took 2.193 seconds
[2026-06-23T19:49:27.447+0000] {processor.py:186} INFO - Started process (PID=762) to work on /opt/airflow/dags/sportflow_master_pipeline_dag.py
[2026-06-23T19:49:27.449+0000] {processor.py:914} INFO - Processing file /opt/airflow/dags/sportflow_master_pipeline_dag.py for tasks to queue
[2026-06-23T19:49:27.453+0000] {logging_mixin.py:190} INFO - [2026-06-23T19:49:27.452+0000] {dagbag.py:588} INFO - Filling up the DagBag from /opt/airflow/dags/sportflow_master_pipeline_dag.py
[2026-06-23T19:49:28.824+0000] {processor.py:925} INFO - DAG(s) 'sportflow_master_pipeline_dag' retrieved from /opt/airflow/dags/sportflow_master_pipeline_dag.py
[2026-06-23T19:49:28.843+0000] {logging_mixin.py:190} INFO - [2026-06-23T19:49:28.843+0000] {dag.py:3239} INFO - Sync 1 DAGs
[2026-06-23T19:49:28.860+0000] {logging_mixin.py:190} INFO - [2026-06-23T19:49:28.860+0000] {dag.py:4180} INFO - Setting next_dagrun for sportflow_master_pipeline_dag to 2026-06-23 00:00:00+00:00, run_after=2026-06-24 00:00:00+00:00
[2026-06-23T19:49:28.884+0000] {processor.py:208} INFO - Processing /opt/airflow/dags/sportflow_master_pipeline_dag.py took 1.444 seconds
[2026-06-23T19:49:59.689+0000] {processor.py:186} INFO - Started process (PID=779) to work on /opt/airflow/dags/sportflow_master_pipeline_dag.py
[2026-06-23T19:49:59.691+0000] {processor.py:914} INFO - Processing file /opt/airflow/dags/sportflow_master_pipeline_dag.py for tasks to queue
[2026-06-23T19:49:59.696+0000] {logging_mixin.py:190} INFO - [2026-06-23T19:49:59.695+0000] {dagbag.py:588} INFO - Filling up the DagBag from /opt/airflow/dags/sportflow_master_pipeline_dag.py
[2026-06-23T19:50:01.762+0000] {processor.py:925} INFO - DAG(s) 'sportflow_master_pipeline_dag' retrieved from /opt/airflow/dags/sportflow_master_pipeline_dag.py
[2026-06-23T19:50:01.799+0000] {logging_mixin.py:190} INFO - [2026-06-23T19:50:01.799+0000] {dag.py:3239} INFO - Sync 1 DAGs
[2026-06-23T19:50:01.826+0000] {logging_mixin.py:190} INFO - [2026-06-23T19:50:01.825+0000] {dag.py:4180} INFO - Setting next_dagrun for sportflow_master_pipeline_dag to 2026-06-23 00:00:00+00:00, run_after=2026-06-24 00:00:00+00:00
[2026-06-23T19:50:01.862+0000] {processor.py:208} INFO - Processing /opt/airflow/dags/sportflow_master_pipeline_dag.py took 2.180 seconds
[2026-06-23T19:50:32.329+0000] {processor.py:186} INFO - Started process (PID=796) to work on /opt/airflow/dags/sportflow_master_pipeline_dag.py
[2026-06-23T19:50:32.331+0000] {processor.py:914} INFO - Processing file /opt/airflow/dags/sportflow_master_pipeline_dag.py for tasks to queue
[2026-06-23T19:50:32.336+0000] {logging_mixin.py:190} INFO - [2026-06-23T19:50:32.335+0000] {dagbag.py:588} INFO - Filling up the DagBag from /opt/airflow/dags/sportflow_master_pipeline_dag.py
[2026-06-23T19:50:34.004+0000] {processor.py:925} INFO - DAG(s) 'sportflow_master_pipeline_dag' retrieved from /opt/airflow/dags/sportflow_master_pipeline_dag.py
[2026-06-23T19:50:34.028+0000] {logging_mixin.py:190} INFO - [2026-06-23T19:50:34.027+0000] {dag.py:3239} INFO - Sync 1 DAGs
[2026-06-23T19:50:34.050+0000] {logging_mixin.py:190} INFO - [2026-06-23T19:50:34.050+0000] {dag.py:4180} INFO - Setting next_dagrun for sportflow_master_pipeline_dag to 2026-06-23 00:00:00+00:00, run_after=2026-06-24 00:00:00+00:00
[2026-06-23T19:50:34.078+0000] {processor.py:208} INFO - Processing /opt/airflow/dags/sportflow_master_pipeline_dag.py took 1.754 seconds
[2026-06-23T19:51:04.746+0000] {processor.py:186} INFO - Started process (PID=813) to work on /opt/airflow/dags/sportflow_master_pipeline_dag.py
[2026-06-23T19:51:04.748+0000] {processor.py:914} INFO - Processing file /opt/airflow/dags/sportflow_master_pipeline_dag.py for tasks to queue
[2026-06-23T19:51:04.753+0000] {logging_mixin.py:190} INFO - [2026-06-23T19:51:04.753+0000] {dagbag.py:588} INFO - Filling up the DagBag from /opt/airflow/dags/sportflow_master_pipeline_dag.py
[2026-06-23T19:51:06.466+0000] {processor.py:925} INFO - DAG(s) 'sportflow_master_pipeline_dag' retrieved from /opt/airflow/dags/sportflow_master_pipeline_dag.py
[2026-06-23T19:51:06.499+0000] {logging_mixin.py:190} INFO - [2026-06-23T19:51:06.498+0000] {dag.py:3239} INFO - Sync 1 DAGs
[2026-06-23T19:51:06.531+0000] {logging_mixin.py:190} INFO - [2026-06-23T19:51:06.530+0000] {dag.py:4180} INFO - Setting next_dagrun for sportflow_master_pipeline_dag to 2026-06-23 00:00:00+00:00, run_after=2026-06-24 00:00:00+00:00
[2026-06-23T19:51:06.573+0000] {processor.py:208} INFO - Processing /opt/airflow/dags/sportflow_master_pipeline_dag.py took 1.834 seconds
[2026-06-23T19:51:36.795+0000] {processor.py:186} INFO - Started process (PID=830) to work on /opt/airflow/dags/sportflow_master_pipeline_dag.py
[2026-06-23T19:51:36.797+0000] {processor.py:914} INFO - Processing file /opt/airflow/dags/sportflow_master_pipeline_dag.py for tasks to queue
[2026-06-23T19:51:36.801+0000] {logging_mixin.py:190} INFO - [2026-06-23T19:51:36.800+0000] {dagbag.py:588} INFO - Filling up the DagBag from /opt/airflow/dags/sportflow_master_pipeline_dag.py
[2026-06-23T19:51:38.520+0000] {processor.py:925} INFO - DAG(s) 'sportflow_master_pipeline_dag' retrieved from /opt/airflow/dags/sportflow_master_pipeline_dag.py
[2026-06-23T19:51:38.541+0000] {logging_mixin.py:190} INFO - [2026-06-23T19:51:38.541+0000] {dag.py:3239} INFO - Sync 1 DAGs
[2026-06-23T19:51:38.565+0000] {logging_mixin.py:190} INFO - [2026-06-23T19:51:38.565+0000] {dag.py:4180} INFO - Setting next_dagrun for sportflow_master_pipeline_dag to 2026-06-23 00:00:00+00:00, run_after=2026-06-24 00:00:00+00:00
[2026-06-23T19:51:38.591+0000] {processor.py:208} INFO - Processing /opt/airflow/dags/sportflow_master_pipeline_dag.py took 1.802 seconds
[2026-06-23T19:52:09.568+0000] {processor.py:186} INFO - Started process (PID=847) to work on /opt/airflow/dags/sportflow_master_pipeline_dag.py
[2026-06-23T19:52:09.570+0000] {processor.py:914} INFO - Processing file /opt/airflow/dags/sportflow_master_pipeline_dag.py for tasks to queue
[2026-06-23T19:52:09.574+0000] {logging_mixin.py:190} INFO - [2026-06-23T19:52:09.573+0000] {dagbag.py:588} INFO - Filling up the DagBag from /opt/airflow/dags/sportflow_master_pipeline_dag.py
[2026-06-23T19:52:10.991+0000] {processor.py:925} INFO - DAG(s) 'sportflow_master_pipeline_dag' retrieved from /opt/airflow/dags/sportflow_master_pipeline_dag.py
[2026-06-23T19:52:11.008+0000] {logging_mixin.py:190} INFO - [2026-06-23T19:52:11.007+0000] {dag.py:3239} INFO - Sync 1 DAGs
[2026-06-23T19:52:11.031+0000] {logging_mixin.py:190} INFO - [2026-06-23T19:52:11.031+0000] {dag.py:4180} INFO - Setting next_dagrun for sportflow_master_pipeline_dag to 2026-06-23 00:00:00+00:00, run_after=2026-06-24 00:00:00+00:00
[2026-06-23T19:52:11.056+0000] {processor.py:208} INFO - Processing /opt/airflow/dags/sportflow_master_pipeline_dag.py took 1.494 seconds
[2026-06-23T19:52:41.643+0000] {processor.py:186} INFO - Started process (PID=864) to work on /opt/airflow/dags/sportflow_master_pipeline_dag.py
[2026-06-23T19:52:41.646+0000] {processor.py:914} INFO - Processing file /opt/airflow/dags/sportflow_master_pipeline_dag.py for tasks to queue
[2026-06-23T19:52:41.650+0000] {logging_mixin.py:190} INFO - [2026-06-23T19:52:41.649+0000] {dagbag.py:588} INFO - Filling up the DagBag from /opt/airflow/dags/sportflow_master_pipeline_dag.py
[2026-06-23T19:52:43.449+0000] {processor.py:925} INFO - DAG(s) 'sportflow_master_pipeline_dag' retrieved from /opt/airflow/dags/sportflow_master_pipeline_dag.py
[2026-06-23T19:52:43.474+0000] {logging_mixin.py:190} INFO - [2026-06-23T19:52:43.473+0000] {dag.py:3239} INFO - Sync 1 DAGs
[2026-06-23T19:52:43.495+0000] {logging_mixin.py:190} INFO - [2026-06-23T19:52:43.495+0000] {dag.py:4180} INFO - Setting next_dagrun for sportflow_master_pipeline_dag to 2026-06-23 00:00:00+00:00, run_after=2026-06-24 00:00:00+00:00
[2026-06-23T19:52:43.521+0000] {processor.py:208} INFO - Processing /opt/airflow/dags/sportflow_master_pipeline_dag.py took 1.884 seconds
[2026-06-23T19:53:14.090+0000] {processor.py:186} INFO - Started process (PID=881) to work on /opt/airflow/dags/sportflow_master_pipeline_dag.py
[2026-06-23T19:53:14.092+0000] {processor.py:914} INFO - Processing file /opt/airflow/dags/sportflow_master_pipeline_dag.py for tasks to queue
[2026-06-23T19:53:14.095+0000] {logging_mixin.py:190} INFO - [2026-06-23T19:53:14.095+0000] {dagbag.py:588} INFO - Filling up the DagBag from /opt/airflow/dags/sportflow_master_pipeline_dag.py
[2026-06-23T19:53:15.844+0000] {processor.py:925} INFO - DAG(s) 'sportflow_master_pipeline_dag' retrieved from /opt/airflow/dags/sportflow_master_pipeline_dag.py
[2026-06-23T19:53:15.873+0000] {logging_mixin.py:190} INFO - [2026-06-23T19:53:15.873+0000] {dag.py:3239} INFO - Sync 1 DAGs
[2026-06-23T19:53:15.906+0000] {logging_mixin.py:190} INFO - [2026-06-23T19:53:15.906+0000] {dag.py:4180} INFO - Setting next_dagrun for sportflow_master_pipeline_dag to 2026-06-23 00:00:00+00:00, run_after=2026-06-24 00:00:00+00:00
[2026-06-23T19:53:15.959+0000] {processor.py:208} INFO - Processing /opt/airflow/dags/sportflow_master_pipeline_dag.py took 1.875 seconds
[2026-06-23T19:53:46.649+0000] {processor.py:186} INFO - Started process (PID=898) to work on /opt/airflow/dags/sportflow_master_pipeline_dag.py
[2026-06-23T19:53:46.652+0000] {processor.py:914} INFO - Processing file /opt/airflow/dags/sportflow_master_pipeline_dag.py for tasks to queue
[2026-06-23T19:53:46.656+0000] {logging_mixin.py:190} INFO - [2026-06-23T19:53:46.656+0000] {dagbag.py:588} INFO - Filling up the DagBag from /opt/airflow/dags/sportflow_master_pipeline_dag.py
[2026-06-23T19:53:48.582+0000] {processor.py:925} INFO - DAG(s) 'sportflow_master_pipeline_dag' retrieved from /opt/airflow/dags/sportflow_master_pipeline_dag.py
[2026-06-23T19:53:48.602+0000] {logging_mixin.py:190} INFO - [2026-06-23T19:53:48.601+0000] {dag.py:3239} INFO - Sync 1 DAGs
[2026-06-23T19:53:48.621+0000] {logging_mixin.py:190} INFO - [2026-06-23T19:53:48.620+0000] {dag.py:4180} INFO - Setting next_dagrun for sportflow_master_pipeline_dag to 2026-06-23 00:00:00+00:00, run_after=2026-06-24 00:00:00+00:00
[2026-06-23T19:53:48.643+0000] {processor.py:208} INFO - Processing /opt/airflow/dags/sportflow_master_pipeline_dag.py took 2.002 seconds
[2026-06-23T19:54:19.500+0000] {processor.py:186} INFO - Started process (PID=915) to work on /opt/airflow/dags/sportflow_master_pipeline_dag.py
[2026-06-23T19:54:19.502+0000] {processor.py:914} INFO - Processing file /opt/airflow/dags/sportflow_master_pipeline_dag.py for tasks to queue
[2026-06-23T19:54:19.505+0000] {logging_mixin.py:190} INFO - [2026-06-23T19:54:19.505+0000] {dagbag.py:588} INFO - Filling up the DagBag from /opt/airflow/dags/sportflow_master_pipeline_dag.py
[2026-06-23T19:54:20.979+0000] {processor.py:925} INFO - DAG(s) 'sportflow_master_pipeline_dag' retrieved from /opt/airflow/dags/sportflow_master_pipeline_dag.py
[2026-06-23T19:54:21.020+0000] {logging_mixin.py:190} INFO - [2026-06-23T19:54:21.019+0000] {dag.py:3239} INFO - Sync 1 DAGs
[2026-06-23T19:54:21.047+0000] {logging_mixin.py:190} INFO - [2026-06-23T19:54:21.047+0000] {dag.py:4180} INFO - Setting next_dagrun for sportflow_master_pipeline_dag to 2026-06-23 00:00:00+00:00, run_after=2026-06-24 00:00:00+00:00
[2026-06-23T19:54:21.078+0000] {processor.py:208} INFO - Processing /opt/airflow/dags/sportflow_master_pipeline_dag.py took 1.584 seconds
[2026-06-23T19:54:51.328+0000] {processor.py:186} INFO - Started process (PID=932) to work on /opt/airflow/dags/sportflow_master_pipeline_dag.py
[2026-06-23T19:54:51.330+0000] {processor.py:914} INFO - Processing file /opt/airflow/dags/sportflow_master_pipeline_dag.py for tasks to queue
[2026-06-23T19:54:51.334+0000] {logging_mixin.py:190} INFO - [2026-06-23T19:54:51.334+0000] {dagbag.py:588} INFO - Filling up the DagBag from /opt/airflow/dags/sportflow_master_pipeline_dag.py
[2026-06-23T19:54:53.346+0000] {processor.py:925} INFO - DAG(s) 'sportflow_master_pipeline_dag' retrieved from /opt/airflow/dags/sportflow_master_pipeline_dag.py
[2026-06-23T19:54:53.369+0000] {logging_mixin.py:190} INFO - [2026-06-23T19:54:53.369+0000] {dag.py:3239} INFO - Sync 1 DAGs
[2026-06-23T19:54:53.387+0000] {logging_mixin.py:190} INFO - [2026-06-23T19:54:53.386+0000] {dag.py:4180} INFO - Setting next_dagrun for sportflow_master_pipeline_dag to 2026-06-23 00:00:00+00:00, run_after=2026-06-24 00:00:00+00:00
[2026-06-23T19:54:53.410+0000] {processor.py:208} INFO - Processing /opt/airflow/dags/sportflow_master_pipeline_dag.py took 2.092 seconds
[2026-06-23T19:55:23.631+0000] {processor.py:186} INFO - Started process (PID=949) to work on /opt/airflow/dags/sportflow_master_pipeline_dag.py
[2026-06-23T19:55:23.633+0000] {processor.py:914} INFO - Processing file /opt/airflow/dags/sportflow_master_pipeline_dag.py for tasks to queue
[2026-06-23T19:55:23.638+0000] {logging_mixin.py:190} INFO - [2026-06-23T19:55:23.637+0000] {dagbag.py:588} INFO - Filling up the DagBag from /opt/airflow/dags/sportflow_master_pipeline_dag.py
[2026-06-23T19:55:24.961+0000] {processor.py:925} INFO - DAG(s) 'sportflow_master_pipeline_dag' retrieved from /opt/airflow/dags/sportflow_master_pipeline_dag.py
[2026-06-23T19:55:24.981+0000] {logging_mixin.py:190} INFO - [2026-06-23T19:55:24.980+0000] {dag.py:3239} INFO - Sync 1 DAGs
[2026-06-23T19:55:24.998+0000] {logging_mixin.py:190} INFO - [2026-06-23T19:55:24.998+0000] {dag.py:4180} INFO - Setting next_dagrun for sportflow_master_pipeline_dag to 2026-06-23 00:00:00+00:00, run_after=2026-06-24 00:00:00+00:00
[2026-06-23T19:55:25.022+0000] {processor.py:208} INFO - Processing /opt/airflow/dags/sportflow_master_pipeline_dag.py took 1.398 seconds
[2026-06-23T19:55:55.387+0000] {processor.py:186} INFO - Started process (PID=966) to work on /opt/airflow/dags/sportflow_master_pipeline_dag.py
[2026-06-23T19:55:55.390+0000] {processor.py:914} INFO - Processing file /opt/airflow/dags/sportflow_master_pipeline_dag.py for tasks to queue
[2026-06-23T19:55:55.396+0000] {logging_mixin.py:190} INFO - [2026-06-23T19:55:55.395+0000] {dagbag.py:588} INFO - Filling up the DagBag from /opt/airflow/dags/sportflow_master_pipeline_dag.py
[2026-06-23T19:55:57.121+0000] {processor.py:925} INFO - DAG(s) 'sportflow_master_pipeline_dag' retrieved from /opt/airflow/dags/sportflow_master_pipeline_dag.py
[2026-06-23T19:55:57.141+0000] {logging_mixin.py:190} INFO - [2026-06-23T19:55:57.140+0000] {dag.py:3239} INFO - Sync 1 DAGs
[2026-06-23T19:55:57.164+0000] {logging_mixin.py:190} INFO - [2026-06-23T19:55:57.163+0000] {dag.py:4180} INFO - Setting next_dagrun for sportflow_master_pipeline_dag to 2026-06-23 00:00:00+00:00, run_after=2026-06-24 00:00:00+00:00
[2026-06-23T19:55:57.187+0000] {processor.py:208} INFO - Processing /opt/airflow/dags/sportflow_master_pipeline_dag.py took 1.808 seconds
[2026-06-23T19:56:27.648+0000] {processor.py:186} INFO - Started process (PID=983) to work on /opt/airflow/dags/sportflow_master_pipeline_dag.py
[2026-06-23T19:56:27.649+0000] {processor.py:914} INFO - Processing file /opt/airflow/dags/sportflow_master_pipeline_dag.py for tasks to queue
[2026-06-23T19:56:27.653+0000] {logging_mixin.py:190} INFO - [2026-06-23T19:56:27.652+0000] {dagbag.py:588} INFO - Filling up the DagBag from /opt/airflow/dags/sportflow_master_pipeline_dag.py
[2026-06-23T19:56:28.984+0000] {processor.py:925} INFO - DAG(s) 'sportflow_master_pipeline_dag' retrieved from /opt/airflow/dags/sportflow_master_pipeline_dag.py
[2026-06-23T19:56:29.008+0000] {logging_mixin.py:190} INFO - [2026-06-23T19:56:29.007+0000] {dag.py:3239} INFO - Sync 1 DAGs
[2026-06-23T19:56:29.028+0000] {logging_mixin.py:190} INFO - [2026-06-23T19:56:29.028+0000] {dag.py:4180} INFO - Setting next_dagrun for sportflow_master_pipeline_dag to 2026-06-23 00:00:00+00:00, run_after=2026-06-24 00:00:00+00:00
[2026-06-23T19:56:29.055+0000] {processor.py:208} INFO - Processing /opt/airflow/dags/sportflow_master_pipeline_dag.py took 1.413 seconds
[2026-06-23T19:56:59.273+0000] {processor.py:186} INFO - Started process (PID=1000) to work on /opt/airflow/dags/sportflow_master_pipeline_dag.py
[2026-06-23T19:56:59.275+0000] {processor.py:914} INFO - Processing file /opt/airflow/dags/sportflow_master_pipeline_dag.py for tasks to queue
[2026-06-23T19:56:59.279+0000] {logging_mixin.py:190} INFO - [2026-06-23T19:56:59.278+0000] {dagbag.py:588} INFO - Filling up the DagBag from /opt/airflow/dags/sportflow_master_pipeline_dag.py
[2026-06-23T19:57:01.259+0000] {processor.py:925} INFO - DAG(s) 'sportflow_master_pipeline_dag' retrieved from /opt/airflow/dags/sportflow_master_pipeline_dag.py
[2026-06-23T19:57:01.281+0000] {logging_mixin.py:190} INFO - [2026-06-23T19:57:01.281+0000] {dag.py:3239} INFO - Sync 1 DAGs
[2026-06-23T19:57:01.302+0000] {logging_mixin.py:190} INFO - [2026-06-23T19:57:01.301+0000] {dag.py:4180} INFO - Setting next_dagrun for sportflow_master_pipeline_dag to 2026-06-23 00:00:00+00:00, run_after=2026-06-24 00:00:00+00:00
[2026-06-23T19:57:01.321+0000] {processor.py:208} INFO - Processing /opt/airflow/dags/sportflow_master_pipeline_dag.py took 2.056 seconds
[2026-06-23T19:57:31.894+0000] {processor.py:186} INFO - Started process (PID=1017) to work on /opt/airflow/dags/sportflow_master_pipeline_dag.py
[2026-06-23T19:57:31.896+0000] {processor.py:914} INFO - Processing file /opt/airflow/dags/sportflow_master_pipeline_dag.py for tasks to queue
[2026-06-23T19:57:31.899+0000] {logging_mixin.py:190} INFO - [2026-06-23T19:57:31.899+0000] {dagbag.py:588} INFO - Filling up the DagBag from /opt/airflow/dags/sportflow_master_pipeline_dag.py
[2026-06-23T19:57:33.211+0000] {processor.py:925} INFO - DAG(s) 'sportflow_master_pipeline_dag' retrieved from /opt/airflow/dags/sportflow_master_pipeline_dag.py
[2026-06-23T19:57:33.230+0000] {logging_mixin.py:190} INFO - [2026-06-23T19:57:33.229+0000] {dag.py:3239} INFO - Sync 1 DAGs
[2026-06-23T19:57:33.250+0000] {logging_mixin.py:190} INFO - [2026-06-23T19:57:33.249+0000] {dag.py:4180} INFO - Setting next_dagrun for sportflow_master_pipeline_dag to 2026-06-23 00:00:00+00:00, run_after=2026-06-24 00:00:00+00:00
[2026-06-23T19:57:33.271+0000] {processor.py:208} INFO - Processing /opt/airflow/dags/sportflow_master_pipeline_dag.py took 1.382 seconds
[2026-06-23T19:58:04.115+0000] {processor.py:186} INFO - Started process (PID=1034) to work on /opt/airflow/dags/sportflow_master_pipeline_dag.py
[2026-06-23T19:58:04.117+0000] {processor.py:914} INFO - Processing file /opt/airflow/dags/sportflow_master_pipeline_dag.py for tasks to queue
[2026-06-23T19:58:04.121+0000] {logging_mixin.py:190} INFO - [2026-06-23T19:58:04.120+0000] {dagbag.py:588} INFO - Filling up the DagBag from /opt/airflow/dags/sportflow_master_pipeline_dag.py
[2026-06-23T19:58:05.926+0000] {processor.py:925} INFO - DAG(s) 'sportflow_master_pipeline_dag' retrieved from /opt/airflow/dags/sportflow_master_pipeline_dag.py
[2026-06-23T19:58:05.949+0000] {logging_mixin.py:190} INFO - [2026-06-23T19:58:05.948+0000] {dag.py:3239} INFO - Sync 1 DAGs
[2026-06-23T19:58:05.970+0000] {logging_mixin.py:190} INFO - [2026-06-23T19:58:05.969+0000] {dag.py:4180} INFO - Setting next_dagrun for sportflow_master_pipeline_dag to 2026-06-23 00:00:00+00:00, run_after=2026-06-24 00:00:00+00:00
[2026-06-23T19:58:05.996+0000] {processor.py:208} INFO - Processing /opt/airflow/dags/sportflow_master_pipeline_dag.py took 1.887 seconds
[2026-06-23T19:58:36.577+0000] {processor.py:186} INFO - Started process (PID=1051) to work on /opt/airflow/dags/sportflow_master_pipeline_dag.py
[2026-06-23T19:58:36.579+0000] {processor.py:914} INFO - Processing file /opt/airflow/dags/sportflow_master_pipeline_dag.py for tasks to queue
[2026-06-23T19:58:36.591+0000] {logging_mixin.py:190} INFO - [2026-06-23T19:58:36.583+0000] {dagbag.py:588} INFO - Filling up the DagBag from /opt/airflow/dags/sportflow_master_pipeline_dag.py
[2026-06-23T19:58:38.699+0000] {processor.py:925} INFO - DAG(s) 'sportflow_master_pipeline_dag' retrieved from /opt/airflow/dags/sportflow_master_pipeline_dag.py
[2026-06-23T19:58:38.744+0000] {logging_mixin.py:190} INFO - [2026-06-23T19:58:38.743+0000] {dag.py:3239} INFO - Sync 1 DAGs
[2026-06-23T19:58:38.774+0000] {logging_mixin.py:190} INFO - [2026-06-23T19:58:38.773+0000] {dag.py:4180} INFO - Setting next_dagrun for sportflow_master_pipeline_dag to 2026-06-23 00:00:00+00:00, run_after=2026-06-24 00:00:00+00:00
[2026-06-23T19:58:38.841+0000] {processor.py:208} INFO - Processing /opt/airflow/dags/sportflow_master_pipeline_dag.py took 2.271 seconds
[2026-06-23T19:59:09.450+0000] {processor.py:186} INFO - Started process (PID=1068) to work on /opt/airflow/dags/sportflow_master_pipeline_dag.py
[2026-06-23T19:59:09.454+0000] {processor.py:914} INFO - Processing file /opt/airflow/dags/sportflow_master_pipeline_dag.py for tasks to queue
[2026-06-23T19:59:09.460+0000] {logging_mixin.py:190} INFO - [2026-06-23T19:59:09.459+0000] {dagbag.py:588} INFO - Filling up the DagBag from /opt/airflow/dags/sportflow_master_pipeline_dag.py
[2026-06-23T19:59:11.484+0000] {processor.py:925} INFO - DAG(s) 'sportflow_master_pipeline_dag' retrieved from /opt/airflow/dags/sportflow_master_pipeline_dag.py
[2026-06-23T19:59:11.505+0000] {logging_mixin.py:190} INFO - [2026-06-23T19:59:11.505+0000] {dag.py:3239} INFO - Sync 1 DAGs
[2026-06-23T19:59:11.524+0000] {logging_mixin.py:190} INFO - [2026-06-23T19:59:11.524+0000] {dag.py:4180} INFO - Setting next_dagrun for sportflow_master_pipeline_dag to 2026-06-23 00:00:00+00:00, run_after=2026-06-24 00:00:00+00:00
[2026-06-23T19:59:11.556+0000] {processor.py:208} INFO - Processing /opt/airflow/dags/sportflow_master_pipeline_dag.py took 2.117 seconds
[2026-06-23T19:59:42.411+0000] {processor.py:186} INFO - Started process (PID=1085) to work on /opt/airflow/dags/sportflow_master_pipeline_dag.py
[2026-06-23T19:59:42.413+0000] {processor.py:914} INFO - Processing file /opt/airflow/dags/sportflow_master_pipeline_dag.py for tasks to queue
[2026-06-23T19:59:42.417+0000] {logging_mixin.py:190} INFO - [2026-06-23T19:59:42.417+0000] {dagbag.py:588} INFO - Filling up the DagBag from /opt/airflow/dags/sportflow_master_pipeline_dag.py
[2026-06-23T19:59:44.072+0000] {processor.py:925} INFO - DAG(s) 'sportflow_master_pipeline_dag' retrieved from /opt/airflow/dags/sportflow_master_pipeline_dag.py
[2026-06-23T19:59:44.092+0000] {logging_mixin.py:190} INFO - [2026-06-23T19:59:44.091+0000] {dag.py:3239} INFO - Sync 1 DAGs
[2026-06-23T19:59:44.111+0000] {logging_mixin.py:190} INFO - [2026-06-23T19:59:44.111+0000] {dag.py:4180} INFO - Setting next_dagrun for sportflow_master_pipeline_dag to 2026-06-23 00:00:00+00:00, run_after=2026-06-24 00:00:00+00:00
[2026-06-23T19:59:44.137+0000] {processor.py:208} INFO - Processing /opt/airflow/dags/sportflow_master_pipeline_dag.py took 1.737 seconds
[2026-06-23T20:00:14.385+0000] {processor.py:186} INFO - Started process (PID=1102) to work on /opt/airflow/dags/sportflow_master_pipeline_dag.py
[2026-06-23T20:00:14.387+0000] {processor.py:914} INFO - Processing file /opt/airflow/dags/sportflow_master_pipeline_dag.py for tasks to queue
[2026-06-23T20:00:14.392+0000] {logging_mixin.py:190} INFO - [2026-06-23T20:00:14.392+0000] {dagbag.py:588} INFO - Filling up the DagBag from /opt/airflow/dags/sportflow_master_pipeline_dag.py
[2026-06-23T20:00:16.122+0000] {processor.py:925} INFO - DAG(s) 'sportflow_master_pipeline_dag' retrieved from /opt/airflow/dags/sportflow_master_pipeline_dag.py
[2026-06-23T20:00:16.152+0000] {logging_mixin.py:190} INFO - [2026-06-23T20:00:16.151+0000] {dag.py:3239} INFO - Sync 1 DAGs
[2026-06-23T20:00:16.183+0000] {logging_mixin.py:190} INFO - [2026-06-23T20:00:16.183+0000] {dag.py:4180} INFO - Setting next_dagrun for sportflow_master_pipeline_dag to 2026-06-23 00:00:00+00:00, run_after=2026-06-24 00:00:00+00:00
[2026-06-23T20:00:16.223+0000] {processor.py:208} INFO - Processing /opt/airflow/dags/sportflow_master_pipeline_dag.py took 1.847 seconds
[2026-06-23T20:00:46.688+0000] {processor.py:186} INFO - Started process (PID=1119) to work on /opt/airflow/dags/sportflow_master_pipeline_dag.py
[2026-06-23T20:00:46.692+0000] {processor.py:914} INFO - Processing file /opt/airflow/dags/sportflow_master_pipeline_dag.py for tasks to queue
[2026-06-23T20:00:46.697+0000] {logging_mixin.py:190} INFO - [2026-06-23T20:00:46.697+0000] {dagbag.py:588} INFO - Filling up the DagBag from /opt/airflow/dags/sportflow_master_pipeline_dag.py
[2026-06-23T20:00:48.536+0000] {processor.py:925} INFO - DAG(s) 'sportflow_master_pipeline_dag' retrieved from /opt/airflow/dags/sportflow_master_pipeline_dag.py
[2026-06-23T20:00:48.557+0000] {logging_mixin.py:190} INFO - [2026-06-23T20:00:48.556+0000] {dag.py:3239} INFO - Sync 1 DAGs
[2026-06-23T20:00:48.578+0000] {logging_mixin.py:190} INFO - [2026-06-23T20:00:48.578+0000] {dag.py:4180} INFO - Setting next_dagrun for sportflow_master_pipeline_dag to 2026-06-23 00:00:00+00:00, run_after=2026-06-24 00:00:00+00:00
[2026-06-23T20:00:48.604+0000] {processor.py:208} INFO - Processing /opt/airflow/dags/sportflow_master_pipeline_dag.py took 1.924 seconds
[2026-06-23T20:01:19.441+0000] {processor.py:186} INFO - Started process (PID=1136) to work on /opt/airflow/dags/sportflow_master_pipeline_dag.py
[2026-06-23T20:01:19.444+0000] {processor.py:914} INFO - Processing file /opt/airflow/dags/sportflow_master_pipeline_dag.py for tasks to queue
[2026-06-23T20:01:19.449+0000] {logging_mixin.py:190} INFO - [2026-06-23T20:01:19.448+0000] {dagbag.py:588} INFO - Filling up the DagBag from /opt/airflow/dags/sportflow_master_pipeline_dag.py
[2026-06-23T20:01:21.373+0000] {processor.py:925} INFO - DAG(s) 'sportflow_master_pipeline_dag' retrieved from /opt/airflow/dags/sportflow_master_pipeline_dag.py
[2026-06-23T20:01:21.394+0000] {logging_mixin.py:190} INFO - [2026-06-23T20:01:21.393+0000] {dag.py:3239} INFO - Sync 1 DAGs
[2026-06-23T20:01:21.413+0000] {logging_mixin.py:190} INFO - [2026-06-23T20:01:21.413+0000] {dag.py:4180} INFO - Setting next_dagrun for sportflow_master_pipeline_dag to 2026-06-23 00:00:00+00:00, run_after=2026-06-24 00:00:00+00:00
[2026-06-23T20:01:21.435+0000] {processor.py:208} INFO - Processing /opt/airflow/dags/sportflow_master_pipeline_dag.py took 2.001 seconds
[2026-06-23T20:01:52.204+0000] {processor.py:186} INFO - Started process (PID=1153) to work on /opt/airflow/dags/sportflow_master_pipeline_dag.py
[2026-06-23T20:01:52.206+0000] {processor.py:914} INFO - Processing file /opt/airflow/dags/sportflow_master_pipeline_dag.py for tasks to queue
[2026-06-23T20:01:52.209+0000] {logging_mixin.py:190} INFO - [2026-06-23T20:01:52.209+0000] {dagbag.py:588} INFO - Filling up the DagBag from /opt/airflow/dags/sportflow_master_pipeline_dag.py
[2026-06-23T20:01:53.791+0000] {processor.py:925} INFO - DAG(s) 'sportflow_master_pipeline_dag' retrieved from /opt/airflow/dags/sportflow_master_pipeline_dag.py
[2026-06-23T20:01:53.809+0000] {logging_mixin.py:190} INFO - [2026-06-23T20:01:53.808+0000] {dag.py:3239} INFO - Sync 1 DAGs
[2026-06-23T20:01:53.825+0000] {logging_mixin.py:190} INFO - [2026-06-23T20:01:53.824+0000] {dag.py:4180} INFO - Setting next_dagrun for sportflow_master_pipeline_dag to 2026-06-23 00:00:00+00:00, run_after=2026-06-24 00:00:00+00:00
[2026-06-23T20:01:53.847+0000] {processor.py:208} INFO - Processing /opt/airflow/dags/sportflow_master_pipeline_dag.py took 1.649 seconds
[2026-06-23T20:02:24.431+0000] {processor.py:186} INFO - Started process (PID=1170) to work on /opt/airflow/dags/sportflow_master_pipeline_dag.py
[2026-06-23T20:02:24.433+0000] {processor.py:914} INFO - Processing file /opt/airflow/dags/sportflow_master_pipeline_dag.py for tasks to queue
[2026-06-23T20:02:24.437+0000] {logging_mixin.py:190} INFO - [2026-06-23T20:02:24.436+0000] {dagbag.py:588} INFO - Filling up the DagBag from /opt/airflow/dags/sportflow_master_pipeline_dag.py
[2026-06-23T20:02:26.306+0000] {processor.py:925} INFO - DAG(s) 'sportflow_master_pipeline_dag' retrieved from /opt/airflow/dags/sportflow_master_pipeline_dag.py
[2026-06-23T20:02:26.337+0000] {logging_mixin.py:190} INFO - [2026-06-23T20:02:26.336+0000] {dag.py:3239} INFO - Sync 1 DAGs
[2026-06-23T20:02:26.376+0000] {logging_mixin.py:190} INFO - [2026-06-23T20:02:26.376+0000] {dag.py:4180} INFO - Setting next_dagrun for sportflow_master_pipeline_dag to 2026-06-23 00:00:00+00:00, run_after=2026-06-24 00:00:00+00:00
[2026-06-23T20:02:26.425+0000] {processor.py:208} INFO - Processing /opt/airflow/dags/sportflow_master_pipeline_dag.py took 1.999 seconds
[2026-06-23T20:02:56.849+0000] {processor.py:186} INFO - Started process (PID=1187) to work on /opt/airflow/dags/sportflow_master_pipeline_dag.py
[2026-06-23T20:02:56.851+0000] {processor.py:914} INFO - Processing file /opt/airflow/dags/sportflow_master_pipeline_dag.py for tasks to queue
[2026-06-23T20:02:56.855+0000] {logging_mixin.py:190} INFO - [2026-06-23T20:02:56.854+0000] {dagbag.py:588} INFO - Filling up the DagBag from /opt/airflow/dags/sportflow_master_pipeline_dag.py
[2026-06-23T20:02:58.612+0000] {processor.py:925} INFO - DAG(s) 'sportflow_master_pipeline_dag' retrieved from /opt/airflow/dags/sportflow_master_pipeline_dag.py
[2026-06-23T20:02:58.632+0000] {logging_mixin.py:190} INFO - [2026-06-23T20:02:58.631+0000] {dag.py:3239} INFO - Sync 1 DAGs
[2026-06-23T20:02:58.655+0000] {logging_mixin.py:190} INFO - [2026-06-23T20:02:58.655+0000] {dag.py:4180} INFO - Setting next_dagrun for sportflow_master_pipeline_dag to 2026-06-23 00:00:00+00:00, run_after=2026-06-24 00:00:00+00:00
[2026-06-23T20:02:58.680+0000] {processor.py:208} INFO - Processing /opt/airflow/dags/sportflow_master_pipeline_dag.py took 1.838 seconds
[2026-06-23T20:03:28.922+0000] {processor.py:186} INFO - Started process (PID=1204) to work on /opt/airflow/dags/sportflow_master_pipeline_dag.py
[2026-06-23T20:03:28.924+0000] {processor.py:914} INFO - Processing file /opt/airflow/dags/sportflow_master_pipeline_dag.py for tasks to queue
[2026-06-23T20:03:28.928+0000] {logging_mixin.py:190} INFO - [2026-06-23T20:03:28.927+0000] {dagbag.py:588} INFO - Filling up the DagBag from /opt/airflow/dags/sportflow_master_pipeline_dag.py
[2026-06-23T20:03:30.674+0000] {processor.py:925} INFO - DAG(s) 'sportflow_master_pipeline_dag' retrieved from /opt/airflow/dags/sportflow_master_pipeline_dag.py
[2026-06-23T20:03:30.713+0000] {logging_mixin.py:190} INFO - [2026-06-23T20:03:30.712+0000] {dag.py:3239} INFO - Sync 1 DAGs
[2026-06-23T20:03:30.738+0000] {logging_mixin.py:190} INFO - [2026-06-23T20:03:30.737+0000] {dag.py:4180} INFO - Setting next_dagrun for sportflow_master_pipeline_dag to 2026-06-23 00:00:00+00:00, run_after=2026-06-24 00:00:00+00:00
[2026-06-23T20:03:30.778+0000] {processor.py:208} INFO - Processing /opt/airflow/dags/sportflow_master_pipeline_dag.py took 1.864 seconds
[2026-06-23T20:04:00.999+0000] {processor.py:186} INFO - Started process (PID=1221) to work on /opt/airflow/dags/sportflow_master_pipeline_dag.py
[2026-06-23T20:04:01.002+0000] {processor.py:914} INFO - Processing file /opt/airflow/dags/sportflow_master_pipeline_dag.py for tasks to queue
[2026-06-23T20:04:01.007+0000] {logging_mixin.py:190} INFO - [2026-06-23T20:04:01.007+0000] {dagbag.py:588} INFO - Filling up the DagBag from /opt/airflow/dags/sportflow_master_pipeline_dag.py
[2026-06-23T20:04:02.619+0000] {processor.py:925} INFO - DAG(s) 'sportflow_master_pipeline_dag' retrieved from /opt/airflow/dags/sportflow_master_pipeline_dag.py
[2026-06-23T20:04:02.645+0000] {logging_mixin.py:190} INFO - [2026-06-23T20:04:02.644+0000] {dag.py:3239} INFO - Sync 1 DAGs
[2026-06-23T20:04:02.678+0000] {logging_mixin.py:190} INFO - [2026-06-23T20:04:02.678+0000] {dag.py:4180} INFO - Setting next_dagrun for sportflow_master_pipeline_dag to 2026-06-23 00:00:00+00:00, run_after=2026-06-24 00:00:00+00:00
[2026-06-23T20:04:02.703+0000] {processor.py:208} INFO - Processing /opt/airflow/dags/sportflow_master_pipeline_dag.py took 1.713 seconds
[2026-06-23T20:04:32.943+0000] {processor.py:186} INFO - Started process (PID=1238) to work on /opt/airflow/dags/sportflow_master_pipeline_dag.py
[2026-06-23T20:04:32.945+0000] {processor.py:914} INFO - Processing file /opt/airflow/dags/sportflow_master_pipeline_dag.py for tasks to queue
[2026-06-23T20:04:32.950+0000] {logging_mixin.py:190} INFO - [2026-06-23T20:04:32.949+0000] {dagbag.py:588} INFO - Filling up the DagBag from /opt/airflow/dags/sportflow_master_pipeline_dag.py
[2026-06-23T20:04:34.778+0000] {processor.py:925} INFO - DAG(s) 'sportflow_master_pipeline_dag' retrieved from /opt/airflow/dags/sportflow_master_pipeline_dag.py
[2026-06-23T20:04:34.810+0000] {logging_mixin.py:190} INFO - [2026-06-23T20:04:34.810+0000] {dag.py:3239} INFO - Sync 1 DAGs
[2026-06-23T20:04:34.837+0000] {logging_mixin.py:190} INFO - [2026-06-23T20:04:34.837+0000] {dag.py:4180} INFO - Setting next_dagrun for sportflow_master_pipeline_dag to 2026-06-23 00:00:00+00:00, run_after=2026-06-24 00:00:00+00:00
[2026-06-23T20:04:34.870+0000] {processor.py:208} INFO - Processing /opt/airflow/dags/sportflow_master_pipeline_dag.py took 1.933 seconds
[2026-06-23T20:05:05.130+0000] {processor.py:186} INFO - Started process (PID=1255) to work on /opt/airflow/dags/sportflow_master_pipeline_dag.py
[2026-06-23T20:05:05.133+0000] {processor.py:914} INFO - Processing file /opt/airflow/dags/sportflow_master_pipeline_dag.py for tasks to queue
[2026-06-23T20:05:05.137+0000] {logging_mixin.py:190} INFO - [2026-06-23T20:05:05.137+0000] {dagbag.py:588} INFO - Filling up the DagBag from /opt/airflow/dags/sportflow_master_pipeline_dag.py
[2026-06-23T20:05:07.373+0000] {processor.py:925} INFO - DAG(s) 'sportflow_master_pipeline_dag' retrieved from /opt/airflow/dags/sportflow_master_pipeline_dag.py
[2026-06-23T20:05:07.394+0000] {logging_mixin.py:190} INFO - [2026-06-23T20:05:07.394+0000] {dag.py:3239} INFO - Sync 1 DAGs
[2026-06-23T20:05:07.418+0000] {logging_mixin.py:190} INFO - [2026-06-23T20:05:07.418+0000] {dag.py:4180} INFO - Setting next_dagrun for sportflow_master_pipeline_dag to 2026-06-23 00:00:00+00:00, run_after=2026-06-24 00:00:00+00:00
[2026-06-23T20:05:07.447+0000] {processor.py:208} INFO - Processing /opt/airflow/dags/sportflow_master_pipeline_dag.py took 2.325 seconds
[2026-06-23T20:05:37.716+0000] {processor.py:186} INFO - Started process (PID=1272) to work on /opt/airflow/dags/sportflow_master_pipeline_dag.py
[2026-06-23T20:05:37.720+0000] {processor.py:914} INFO - Processing file /opt/airflow/dags/sportflow_master_pipeline_dag.py for tasks to queue
[2026-06-23T20:05:37.726+0000] {logging_mixin.py:190} INFO - [2026-06-23T20:05:37.725+0000] {dagbag.py:588} INFO - Filling up the DagBag from /opt/airflow/dags/sportflow_master_pipeline_dag.py
[2026-06-23T20:05:39.806+0000] {processor.py:925} INFO - DAG(s) 'sportflow_master_pipeline_dag' retrieved from /opt/airflow/dags/sportflow_master_pipeline_dag.py
[2026-06-23T20:05:39.835+0000] {logging_mixin.py:190} INFO - [2026-06-23T20:05:39.834+0000] {dag.py:3239} INFO - Sync 1 DAGs
[2026-06-23T20:05:39.864+0000] {logging_mixin.py:190} INFO - [2026-06-23T20:05:39.864+0000] {dag.py:4180} INFO - Setting next_dagrun for sportflow_master_pipeline_dag to 2026-06-23 00:00:00+00:00, run_after=2026-06-24 00:00:00+00:00
[2026-06-23T20:05:39.900+0000] {processor.py:208} INFO - Processing /opt/airflow/dags/sportflow_master_pipeline_dag.py took 2.194 seconds
[2026-06-23T20:06:10.561+0000] {processor.py:186} INFO - Started process (PID=1289) to work on /opt/airflow/dags/sportflow_master_pipeline_dag.py
[2026-06-23T20:06:10.564+0000] {processor.py:914} INFO - Processing file /opt/airflow/dags/sportflow_master_pipeline_dag.py for tasks to queue
[2026-06-23T20:06:10.571+0000] {logging_mixin.py:190} INFO - [2026-06-23T20:06:10.570+0000] {dagbag.py:588} INFO - Filling up the DagBag from /opt/airflow/dags/sportflow_master_pipeline_dag.py
[2026-06-23T20:06:12.120+0000] {processor.py:925} INFO - DAG(s) 'sportflow_master_pipeline_dag' retrieved from /opt/airflow/dags/sportflow_master_pipeline_dag.py
[2026-06-23T20:06:12.142+0000] {logging_mixin.py:190} INFO - [2026-06-23T20:06:12.142+0000] {dag.py:3239} INFO - Sync 1 DAGs
[2026-06-23T20:06:12.159+0000] {logging_mixin.py:190} INFO - [2026-06-23T20:06:12.159+0000] {dag.py:4180} INFO - Setting next_dagrun for sportflow_master_pipeline_dag to 2026-06-23 00:00:00+00:00, run_after=2026-06-24 00:00:00+00:00
[2026-06-23T20:06:12.181+0000] {processor.py:208} INFO - Processing /opt/airflow/dags/sportflow_master_pipeline_dag.py took 1.638 seconds
[2026-06-23T20:06:42.873+0000] {processor.py:186} INFO - Started process (PID=1306) to work on /opt/airflow/dags/sportflow_master_pipeline_dag.py
[2026-06-23T20:06:42.875+0000] {processor.py:914} INFO - Processing file /opt/airflow/dags/sportflow_master_pipeline_dag.py for tasks to queue
[2026-06-23T20:06:42.878+0000] {logging_mixin.py:190} INFO - [2026-06-23T20:06:42.878+0000] {dagbag.py:588} INFO - Filling up the DagBag from /opt/airflow/dags/sportflow_master_pipeline_dag.py
[2026-06-23T20:06:44.562+0000] {processor.py:925} INFO - DAG(s) 'sportflow_master_pipeline_dag' retrieved from /opt/airflow/dags/sportflow_master_pipeline_dag.py
[2026-06-23T20:06:44.582+0000] {logging_mixin.py:190} INFO - [2026-06-23T20:06:44.582+0000] {dag.py:3239} INFO - Sync 1 DAGs
[2026-06-23T20:06:44.600+0000] {logging_mixin.py:190} INFO - [2026-06-23T20:06:44.600+0000] {dag.py:4180} INFO - Setting next_dagrun for sportflow_master_pipeline_dag to 2026-06-23 00:00:00+00:00, run_after=2026-06-24 00:00:00+00:00
[2026-06-23T20:06:44.623+0000] {processor.py:208} INFO - Processing /opt/airflow/dags/sportflow_master_pipeline_dag.py took 1.759 seconds
[2026-06-23T20:07:14.804+0000] {processor.py:186} INFO - Started process (PID=1323) to work on /opt/airflow/dags/sportflow_master_pipeline_dag.py
[2026-06-23T20:07:14.806+0000] {processor.py:914} INFO - Processing file /opt/airflow/dags/sportflow_master_pipeline_dag.py for tasks to queue
[2026-06-23T20:07:14.810+0000] {logging_mixin.py:190} INFO - [2026-06-23T20:07:14.810+0000] {dagbag.py:588} INFO - Filling up the DagBag from /opt/airflow/dags/sportflow_master_pipeline_dag.py
[2026-06-23T20:07:16.844+0000] {processor.py:925} INFO - DAG(s) 'sportflow_master_pipeline_dag' retrieved from /opt/airflow/dags/sportflow_master_pipeline_dag.py
[2026-06-23T20:07:16.879+0000] {logging_mixin.py:190} INFO - [2026-06-23T20:07:16.878+0000] {dag.py:3239} INFO - Sync 1 DAGs
[2026-06-23T20:07:16.902+0000] {logging_mixin.py:190} INFO - [2026-06-23T20:07:16.902+0000] {dag.py:4180} INFO - Setting next_dagrun for sportflow_master_pipeline_dag to 2026-06-23 00:00:00+00:00, run_after=2026-06-24 00:00:00+00:00
[2026-06-23T20:07:16.925+0000] {processor.py:208} INFO - Processing /opt/airflow/dags/sportflow_master_pipeline_dag.py took 2.130 seconds
[2026-06-23T20:07:47.412+0000] {processor.py:186} INFO - Started process (PID=1340) to work on /opt/airflow/dags/sportflow_master_pipeline_dag.py
[2026-06-23T20:07:47.413+0000] {processor.py:914} INFO - Processing file /opt/airflow/dags/sportflow_master_pipeline_dag.py for tasks to queue
[2026-06-23T20:07:47.417+0000] {logging_mixin.py:190} INFO - [2026-06-23T20:07:47.416+0000] {dagbag.py:588} INFO - Filling up the DagBag from /opt/airflow/dags/sportflow_master_pipeline_dag.py
[2026-06-23T20:07:49.031+0000] {processor.py:925} INFO - DAG(s) 'sportflow_master_pipeline_dag' retrieved from /opt/airflow/dags/sportflow_master_pipeline_dag.py
[2026-06-23T20:07:49.054+0000] {logging_mixin.py:190} INFO - [2026-06-23T20:07:49.053+0000] {dag.py:3239} INFO - Sync 1 DAGs
[2026-06-23T20:07:49.074+0000] {logging_mixin.py:190} INFO - [2026-06-23T20:07:49.074+0000] {dag.py:4180} INFO - Setting next_dagrun for sportflow_master_pipeline_dag to 2026-06-23 00:00:00+00:00, run_after=2026-06-24 00:00:00+00:00
[2026-06-23T20:07:49.102+0000] {processor.py:208} INFO - Processing /opt/airflow/dags/sportflow_master_pipeline_dag.py took 1.696 seconds
[2026-06-23T20:08:19.543+0000] {processor.py:186} INFO - Started process (PID=1357) to work on /opt/airflow/dags/sportflow_master_pipeline_dag.py
[2026-06-23T20:08:19.546+0000] {processor.py:914} INFO - Processing file /opt/airflow/dags/sportflow_master_pipeline_dag.py for tasks to queue
[2026-06-23T20:08:19.549+0000] {logging_mixin.py:190} INFO - [2026-06-23T20:08:19.549+0000] {dagbag.py:588} INFO - Filling up the DagBag from /opt/airflow/dags/sportflow_master_pipeline_dag.py
[2026-06-23T20:08:21.178+0000] {processor.py:925} INFO - DAG(s) 'sportflow_master_pipeline_dag' retrieved from /opt/airflow/dags/sportflow_master_pipeline_dag.py
[2026-06-23T20:08:21.199+0000] {logging_mixin.py:190} INFO - [2026-06-23T20:08:21.199+0000] {dag.py:3239} INFO - Sync 1 DAGs
[2026-06-23T20:08:21.224+0000] {logging_mixin.py:190} INFO - [2026-06-23T20:08:21.224+0000] {dag.py:4180} INFO - Setting next_dagrun for sportflow_master_pipeline_dag to 2026-06-23 00:00:00+00:00, run_after=2026-06-24 00:00:00+00:00
[2026-06-23T20:08:21.254+0000] {processor.py:208} INFO - Processing /opt/airflow/dags/sportflow_master_pipeline_dag.py took 1.719 seconds
[2026-06-23T20:08:51.751+0000] {processor.py:186} INFO - Started process (PID=1374) to work on /opt/airflow/dags/sportflow_master_pipeline_dag.py
[2026-06-23T20:08:51.753+0000] {processor.py:914} INFO - Processing file /opt/airflow/dags/sportflow_master_pipeline_dag.py for tasks to queue
[2026-06-23T20:08:51.756+0000] {logging_mixin.py:190} INFO - [2026-06-23T20:08:51.755+0000] {dagbag.py:588} INFO - Filling up the DagBag from /opt/airflow/dags/sportflow_master_pipeline_dag.py
[2026-06-23T20:08:53.736+0000] {processor.py:925} INFO - DAG(s) 'sportflow_master_pipeline_dag' retrieved from /opt/airflow/dags/sportflow_master_pipeline_dag.py
[2026-06-23T20:08:53.764+0000] {logging_mixin.py:190} INFO - [2026-06-23T20:08:53.763+0000] {dag.py:3239} INFO - Sync 1 DAGs
[2026-06-23T20:08:53.796+0000] {logging_mixin.py:190} INFO - [2026-06-23T20:08:53.795+0000] {dag.py:4180} INFO - Setting next_dagrun for sportflow_master_pipeline_dag to 2026-06-23 00:00:00+00:00, run_after=2026-06-24 00:00:00+00:00
[2026-06-23T20:08:53.820+0000] {processor.py:208} INFO - Processing /opt/airflow/dags/sportflow_master_pipeline_dag.py took 2.076 seconds
[2026-06-23T20:09:24.446+0000] {processor.py:186} INFO - Started process (PID=1391) to work on /opt/airflow/dags/sportflow_master_pipeline_dag.py
[2026-06-23T20:09:24.448+0000] {processor.py:914} INFO - Processing file /opt/airflow/dags/sportflow_master_pipeline_dag.py for tasks to queue
[2026-06-23T20:09:24.452+0000] {logging_mixin.py:190} INFO - [2026-06-23T20:09:24.452+0000] {dagbag.py:588} INFO - Filling up the DagBag from /opt/airflow/dags/sportflow_master_pipeline_dag.py
[2026-06-23T20:09:26.034+0000] {processor.py:925} INFO - DAG(s) 'sportflow_master_pipeline_dag' retrieved from /opt/airflow/dags/sportflow_master_pipeline_dag.py
[2026-06-23T20:09:26.057+0000] {logging_mixin.py:190} INFO - [2026-06-23T20:09:26.057+0000] {dag.py:3239} INFO - Sync 1 DAGs
[2026-06-23T20:09:26.076+0000] {logging_mixin.py:190} INFO - [2026-06-23T20:09:26.076+0000] {dag.py:4180} INFO - Setting next_dagrun for sportflow_master_pipeline_dag to 2026-06-23 00:00:00+00:00, run_after=2026-06-24 00:00:00+00:00
[2026-06-23T20:09:26.098+0000] {processor.py:208} INFO - Processing /opt/airflow/dags/sportflow_master_pipeline_dag.py took 1.659 seconds
[2026-06-23T20:09:56.781+0000] {processor.py:186} INFO - Started process (PID=1408) to work on /opt/airflow/dags/sportflow_master_pipeline_dag.py
[2026-06-23T20:09:56.784+0000] {processor.py:914} INFO - Processing file /opt/airflow/dags/sportflow_master_pipeline_dag.py for tasks to queue
[2026-06-23T20:09:56.790+0000] {logging_mixin.py:190} INFO - [2026-06-23T20:09:56.790+0000] {dagbag.py:588} INFO - Filling up the DagBag from /opt/airflow/dags/sportflow_master_pipeline_dag.py
[2026-06-23T20:09:58.424+0000] {processor.py:925} INFO - DAG(s) 'sportflow_master_pipeline_dag' retrieved from /opt/airflow/dags/sportflow_master_pipeline_dag.py
[2026-06-23T20:09:58.448+0000] {logging_mixin.py:190} INFO - [2026-06-23T20:09:58.447+0000] {dag.py:3239} INFO - Sync 1 DAGs
[2026-06-23T20:09:58.474+0000] {logging_mixin.py:190} INFO - [2026-06-23T20:09:58.474+0000] {dag.py:4180} INFO - Setting next_dagrun for sportflow_master_pipeline_dag to 2026-06-23 00:00:00+00:00, run_after=2026-06-24 00:00:00+00:00
[2026-06-23T20:09:58.500+0000] {processor.py:208} INFO - Processing /opt/airflow/dags/sportflow_master_pipeline_dag.py took 1.727 seconds
[2026-06-23T20:10:28.668+0000] {processor.py:186} INFO - Started process (PID=1425) to work on /opt/airflow/dags/sportflow_master_pipeline_dag.py
[2026-06-23T20:10:28.670+0000] {processor.py:914} INFO - Processing file /opt/airflow/dags/sportflow_master_pipeline_dag.py for tasks to queue
[2026-06-23T20:10:28.673+0000] {logging_mixin.py:190} INFO - [2026-06-23T20:10:28.673+0000] {dagbag.py:588} INFO - Filling up the DagBag from /opt/airflow/dags/sportflow_master_pipeline_dag.py
[2026-06-23T20:10:30.404+0000] {processor.py:925} INFO - DAG(s) 'sportflow_master_pipeline_dag' retrieved from /opt/airflow/dags/sportflow_master_pipeline_dag.py
[2026-06-23T20:10:30.437+0000] {logging_mixin.py:190} INFO - [2026-06-23T20:10:30.437+0000] {dag.py:3239} INFO - Sync 1 DAGs
[2026-06-23T20:10:30.464+0000] {logging_mixin.py:190} INFO - [2026-06-23T20:10:30.464+0000] {dag.py:4180} INFO - Setting next_dagrun for sportflow_master_pipeline_dag to 2026-06-23 00:00:00+00:00, run_after=2026-06-24 00:00:00+00:00
[2026-06-23T20:10:30.500+0000] {processor.py:208} INFO - Processing /opt/airflow/dags/sportflow_master_pipeline_dag.py took 1.838 seconds
[2026-06-23T20:11:01.223+0000] {processor.py:186} INFO - Started process (PID=1442) to work on /opt/airflow/dags/sportflow_master_pipeline_dag.py
[2026-06-23T20:11:01.225+0000] {processor.py:914} INFO - Processing file /opt/airflow/dags/sportflow_master_pipeline_dag.py for tasks to queue
[2026-06-23T20:11:01.228+0000] {logging_mixin.py:190} INFO - [2026-06-23T20:11:01.228+0000] {dagbag.py:588} INFO - Filling up the DagBag from /opt/airflow/dags/sportflow_master_pipeline_dag.py
[2026-06-23T20:11:02.837+0000] {processor.py:925} INFO - DAG(s) 'sportflow_master_pipeline_dag' retrieved from /opt/airflow/dags/sportflow_master_pipeline_dag.py
[2026-06-23T20:11:02.868+0000] {logging_mixin.py:190} INFO - [2026-06-23T20:11:02.867+0000] {dag.py:3239} INFO - Sync 1 DAGs
[2026-06-23T20:11:02.889+0000] {logging_mixin.py:190} INFO - [2026-06-23T20:11:02.889+0000] {dag.py:4180} INFO - Setting next_dagrun for sportflow_master_pipeline_dag to 2026-06-23 00:00:00+00:00, run_after=2026-06-24 00:00:00+00:00
[2026-06-23T20:11:02.912+0000] {processor.py:208} INFO - Processing /opt/airflow/dags/sportflow_master_pipeline_dag.py took 1.695 seconds
[2026-06-23T20:11:33.209+0000] {processor.py:186} INFO - Started process (PID=1459) to work on /opt/airflow/dags/sportflow_master_pipeline_dag.py
[2026-06-23T20:11:33.212+0000] {processor.py:914} INFO - Processing file /opt/airflow/dags/sportflow_master_pipeline_dag.py for tasks to queue
[2026-06-23T20:11:33.217+0000] {logging_mixin.py:190} INFO - [2026-06-23T20:11:33.216+0000] {dagbag.py:588} INFO - Filling up the DagBag from /opt/airflow/dags/sportflow_master_pipeline_dag.py
[2026-06-23T20:11:34.634+0000] {processor.py:925} INFO - DAG(s) 'sportflow_master_pipeline_dag' retrieved from /opt/airflow/dags/sportflow_master_pipeline_dag.py
[2026-06-23T20:11:34.657+0000] {logging_mixin.py:190} INFO - [2026-06-23T20:11:34.657+0000] {dag.py:3239} INFO - Sync 1 DAGs
[2026-06-23T20:11:34.680+0000] {logging_mixin.py:190} INFO - [2026-06-23T20:11:34.679+0000] {dag.py:4180} INFO - Setting next_dagrun for sportflow_master_pipeline_dag to 2026-06-23 00:00:00+00:00, run_after=2026-06-24 00:00:00+00:00
[2026-06-23T20:11:34.707+0000] {processor.py:208} INFO - Processing /opt/airflow/dags/sportflow_master_pipeline_dag.py took 1.509 seconds
[2026-06-23T20:12:05.626+0000] {processor.py:186} INFO - Started process (PID=1476) to work on /opt/airflow/dags/sportflow_master_pipeline_dag.py
[2026-06-23T20:12:05.628+0000] {processor.py:914} INFO - Processing file /opt/airflow/dags/sportflow_master_pipeline_dag.py for tasks to queue
[2026-06-23T20:12:05.634+0000] {logging_mixin.py:190} INFO - [2026-06-23T20:12:05.634+0000] {dagbag.py:588} INFO - Filling up the DagBag from /opt/airflow/dags/sportflow_master_pipeline_dag.py
[2026-06-23T20:12:07.589+0000] {processor.py:925} INFO - DAG(s) 'sportflow_master_pipeline_dag' retrieved from /opt/airflow/dags/sportflow_master_pipeline_dag.py
[2026-06-23T20:12:07.619+0000] {logging_mixin.py:190} INFO - [2026-06-23T20:12:07.618+0000] {dag.py:3239} INFO - Sync 1 DAGs
[2026-06-23T20:12:07.641+0000] {logging_mixin.py:190} INFO - [2026-06-23T20:12:07.640+0000] {dag.py:4180} INFO - Setting next_dagrun for sportflow_master_pipeline_dag to 2026-06-23 00:00:00+00:00, run_after=2026-06-24 00:00:00+00:00
[2026-06-23T20:12:07.678+0000] {processor.py:208} INFO - Processing /opt/airflow/dags/sportflow_master_pipeline_dag.py took 2.058 seconds
[2026-06-23T20:12:38.175+0000] {processor.py:186} INFO - Started process (PID=1493) to work on /opt/airflow/dags/sportflow_master_pipeline_dag.py
[2026-06-23T20:12:38.177+0000] {processor.py:914} INFO - Processing file /opt/airflow/dags/sportflow_master_pipeline_dag.py for tasks to queue
[2026-06-23T20:12:38.182+0000] {logging_mixin.py:190} INFO - [2026-06-23T20:12:38.181+0000] {dagbag.py:588} INFO - Filling up the DagBag from /opt/airflow/dags/sportflow_master_pipeline_dag.py
[2026-06-23T20:12:40.917+0000] {processor.py:925} INFO - DAG(s) 'sportflow_master_pipeline_dag' retrieved from /opt/airflow/dags/sportflow_master_pipeline_dag.py
[2026-06-23T20:12:40.941+0000] {logging_mixin.py:190} INFO - [2026-06-23T20:12:40.941+0000] {dag.py:3239} INFO - Sync 1 DAGs
[2026-06-23T20:12:40.968+0000] {logging_mixin.py:190} INFO - [2026-06-23T20:12:40.967+0000] {dag.py:4180} INFO - Setting next_dagrun for sportflow_master_pipeline_dag to 2026-06-23 00:00:00+00:00, run_after=2026-06-24 00:00:00+00:00
[2026-06-23T20:12:40.999+0000] {processor.py:208} INFO - Processing /opt/airflow/dags/sportflow_master_pipeline_dag.py took 2.832 seconds
[2026-06-23T20:13:11.692+0000] {processor.py:186} INFO - Started process (PID=1510) to work on /opt/airflow/dags/sportflow_master_pipeline_dag.py
[2026-06-23T20:13:11.698+0000] {processor.py:914} INFO - Processing file /opt/airflow/dags/sportflow_master_pipeline_dag.py for tasks to queue
[2026-06-23T20:13:11.708+0000] {logging_mixin.py:190} INFO - [2026-06-23T20:13:11.707+0000] {dagbag.py:588} INFO - Filling up the DagBag from /opt/airflow/dags/sportflow_master_pipeline_dag.py
[2026-06-23T20:13:15.647+0000] {processor.py:925} INFO - DAG(s) 'sportflow_master_pipeline_dag' retrieved from /opt/airflow/dags/sportflow_master_pipeline_dag.py
[2026-06-23T20:13:15.712+0000] {logging_mixin.py:190} INFO - [2026-06-23T20:13:15.711+0000] {dag.py:3239} INFO - Sync 1 DAGs
[2026-06-23T20:13:15.770+0000] {logging_mixin.py:190} INFO - [2026-06-23T20:13:15.770+0000] {dag.py:4180} INFO - Setting next_dagrun for sportflow_master_pipeline_dag to 2026-06-23 00:00:00+00:00, run_after=2026-06-24 00:00:00+00:00
[2026-06-23T20:13:15.840+0000] {processor.py:208} INFO - Processing /opt/airflow/dags/sportflow_master_pipeline_dag.py took 4.180 seconds
[2026-06-23T20:13:46.030+0000] {processor.py:186} INFO - Started process (PID=1527) to work on /opt/airflow/dags/sportflow_master_pipeline_dag.py
[2026-06-23T20:13:46.032+0000] {processor.py:914} INFO - Processing file /opt/airflow/dags/sportflow_master_pipeline_dag.py for tasks to queue
[2026-06-23T20:13:46.035+0000] {logging_mixin.py:190} INFO - [2026-06-23T20:13:46.034+0000] {dagbag.py:588} INFO - Filling up the DagBag from /opt/airflow/dags/sportflow_master_pipeline_dag.py
[2026-06-23T20:13:48.038+0000] {processor.py:925} INFO - DAG(s) 'sportflow_master_pipeline_dag' retrieved from /opt/airflow/dags/sportflow_master_pipeline_dag.py
[2026-06-23T20:13:48.075+0000] {logging_mixin.py:190} INFO - [2026-06-23T20:13:48.075+0000] {dag.py:3239} INFO - Sync 1 DAGs
[2026-06-23T20:13:48.107+0000] {logging_mixin.py:190} INFO - [2026-06-23T20:13:48.106+0000] {dag.py:4180} INFO - Setting next_dagrun for sportflow_master_pipeline_dag to 2026-06-23 00:00:00+00:00, run_after=2026-06-24 00:00:00+00:00
[2026-06-23T20:13:48.143+0000] {processor.py:208} INFO - Processing /opt/airflow/dags/sportflow_master_pipeline_dag.py took 2.120 seconds
[2026-06-23T20:14:18.365+0000] {processor.py:186} INFO - Started process (PID=1544) to work on /opt/airflow/dags/sportflow_master_pipeline_dag.py
[2026-06-23T20:14:18.366+0000] {processor.py:914} INFO - Processing file /opt/airflow/dags/sportflow_master_pipeline_dag.py for tasks to queue
[2026-06-23T20:14:18.370+0000] {logging_mixin.py:190} INFO - [2026-06-23T20:14:18.369+0000] {dagbag.py:588} INFO - Filling up the DagBag from /opt/airflow/dags/sportflow_master_pipeline_dag.py
[2026-06-23T20:14:20.104+0000] {processor.py:925} INFO - DAG(s) 'sportflow_master_pipeline_dag' retrieved from /opt/airflow/dags/sportflow_master_pipeline_dag.py
[2026-06-23T20:14:20.133+0000] {logging_mixin.py:190} INFO - [2026-06-23T20:14:20.132+0000] {dag.py:3239} INFO - Sync 1 DAGs
[2026-06-23T20:14:20.157+0000] {logging_mixin.py:190} INFO - [2026-06-23T20:14:20.156+0000] {dag.py:4180} INFO - Setting next_dagrun for sportflow_master_pipeline_dag to 2026-06-23 00:00:00+00:00, run_after=2026-06-24 00:00:00+00:00
[2026-06-23T20:14:20.188+0000] {processor.py:208} INFO - Processing /opt/airflow/dags/sportflow_master_pipeline_dag.py took 1.829 seconds
[2026-06-23T20:14:50.423+0000] {processor.py:186} INFO - Started process (PID=1561) to work on /opt/airflow/dags/sportflow_master_pipeline_dag.py
[2026-06-23T20:14:50.425+0000] {processor.py:914} INFO - Processing file /opt/airflow/dags/sportflow_master_pipeline_dag.py for tasks to queue
[2026-06-23T20:14:50.429+0000] {logging_mixin.py:190} INFO - [2026-06-23T20:14:50.428+0000] {dagbag.py:588} INFO - Filling up the DagBag from /opt/airflow/dags/sportflow_master_pipeline_dag.py
[2026-06-23T20:14:52.191+0000] {processor.py:925} INFO - DAG(s) 'sportflow_master_pipeline_dag' retrieved from /opt/airflow/dags/sportflow_master_pipeline_dag.py
[2026-06-23T20:14:52.211+0000] {logging_mixin.py:190} INFO - [2026-06-23T20:14:52.210+0000] {dag.py:3239} INFO - Sync 1 DAGs
[2026-06-23T20:14:52.228+0000] {logging_mixin.py:190} INFO - [2026-06-23T20:14:52.228+0000] {dag.py:4180} INFO - Setting next_dagrun for sportflow_master_pipeline_dag to 2026-06-23 00:00:00+00:00, run_after=2026-06-24 00:00:00+00:00
[2026-06-23T20:14:52.259+0000] {processor.py:208} INFO - Processing /opt/airflow/dags/sportflow_master_pipeline_dag.py took 1.842 seconds
[2026-06-23T20:15:22.465+0000] {processor.py:186} INFO - Started process (PID=1578) to work on /opt/airflow/dags/sportflow_master_pipeline_dag.py
[2026-06-23T20:15:22.468+0000] {processor.py:914} INFO - Processing file /opt/airflow/dags/sportflow_master_pipeline_dag.py for tasks to queue
[2026-06-23T20:15:22.471+0000] {logging_mixin.py:190} INFO - [2026-06-23T20:15:22.471+0000] {dagbag.py:588} INFO - Filling up the DagBag from /opt/airflow/dags/sportflow_master_pipeline_dag.py
[2026-06-23T20:15:24.232+0000] {processor.py:925} INFO - DAG(s) 'sportflow_master_pipeline_dag' retrieved from /opt/airflow/dags/sportflow_master_pipeline_dag.py
[2026-06-23T20:15:24.255+0000] {logging_mixin.py:190} INFO - [2026-06-23T20:15:24.255+0000] {dag.py:3239} INFO - Sync 1 DAGs
[2026-06-23T20:15:24.284+0000] {logging_mixin.py:190} INFO - [2026-06-23T20:15:24.283+0000] {dag.py:4180} INFO - Setting next_dagrun for sportflow_master_pipeline_dag to 2026-06-23 00:00:00+00:00, run_after=2026-06-24 00:00:00+00:00
[2026-06-23T20:15:24.317+0000] {processor.py:208} INFO - Processing /opt/airflow/dags/sportflow_master_pipeline_dag.py took 1.859 seconds
[2026-06-23T20:15:54.423+0000] {processor.py:186} INFO - Started process (PID=1595) to work on /opt/airflow/dags/sportflow_master_pipeline_dag.py
[2026-06-23T20:15:54.425+0000] {processor.py:914} INFO - Processing file /opt/airflow/dags/sportflow_master_pipeline_dag.py for tasks to queue
[2026-06-23T20:15:54.428+0000] {logging_mixin.py:190} INFO - [2026-06-23T20:15:54.428+0000] {dagbag.py:588} INFO - Filling up the DagBag from /opt/airflow/dags/sportflow_master_pipeline_dag.py
[2026-06-23T20:15:55.938+0000] {processor.py:925} INFO - DAG(s) 'sportflow_master_pipeline_dag' retrieved from /opt/airflow/dags/sportflow_master_pipeline_dag.py
[2026-06-23T20:15:55.962+0000] {logging_mixin.py:190} INFO - [2026-06-23T20:15:55.962+0000] {dag.py:3239} INFO - Sync 1 DAGs
[2026-06-23T20:15:55.982+0000] {logging_mixin.py:190} INFO - [2026-06-23T20:15:55.982+0000] {dag.py:4180} INFO - Setting next_dagrun for sportflow_master_pipeline_dag to 2026-06-23 00:00:00+00:00, run_after=2026-06-24 00:00:00+00:00
[2026-06-23T20:15:56.007+0000] {processor.py:208} INFO - Processing /opt/airflow/dags/sportflow_master_pipeline_dag.py took 1.590 seconds
