[2026-06-23T17:14:41.324+0000] {local_task_job_runner.py:123} INFO - ::group::Pre task execution logs
[2026-06-23T17:14:41.336+0000] {taskinstance.py:2614} INFO - Dependencies all met for dep_context=non-requeueable deps ti=<TaskInstance: season_pipeline_dag.gold_load scheduled__2026-06-22T00:00:00+00:00 [queued]>
[2026-06-23T17:14:41.343+0000] {taskinstance.py:2614} INFO - Dependencies all met for dep_context=requeueable deps ti=<TaskInstance: season_pipeline_dag.gold_load scheduled__2026-06-22T00:00:00+00:00 [queued]>
[2026-06-23T17:14:41.346+0000] {taskinstance.py:2867} INFO - Starting attempt 1 of 1
[2026-06-23T17:14:41.358+0000] {taskinstance.py:2890} INFO - Executing <Task(PythonOperator): gold_load> on 2026-06-22 00:00:00+00:00
[2026-06-23T17:14:41.371+0000] {standard_task_runner.py:104} INFO - Running: ['airflow', 'tasks', 'run', 'season_pipeline_dag', 'gold_load', 'scheduled__2026-06-22T00:00:00+00:00', '--job-id', '22', '--raw', '--subdir', 'DAGS_FOLDER/seasons_pipeline_dag.py', '--cfg-path', '/tmp/tmpcc3jro04']
[2026-06-23T17:14:41.373+0000] {logging_mixin.py:190} WARNING - /home/airflow/.local/lib/python3.12/site-packages/airflow/task/task_runner/standard_task_runner.py:70 DeprecationWarning: This process (pid=7004) is multi-threaded, use of fork() may lead to deadlocks in the child.
[2026-06-23T17:14:41.374+0000] {standard_task_runner.py:105} INFO - Job 22: Subtask gold_load
[2026-06-23T17:14:41.375+0000] {standard_task_runner.py:72} INFO - Started process 7018 to run task
[2026-06-23T17:14:41.434+0000] {task_command.py:467} INFO - Running <TaskInstance: season_pipeline_dag.gold_load scheduled__2026-06-22T00:00:00+00:00 [running]> on host d817d2ea344d
[2026-06-23T17:14:41.486+0000] {taskinstance.py:3134} INFO - Exporting env vars: AIRFLOW_CTX_DAG_OWNER='airflow' AIRFLOW_CTX_DAG_ID='season_pipeline_dag' AIRFLOW_CTX_TASK_ID='gold_load' AIRFLOW_CTX_EXECUTION_DATE='2026-06-22T00:00:00+00:00' AIRFLOW_CTX_TRY_NUMBER='1' AIRFLOW_CTX_DAG_RUN_ID='scheduled__2026-06-22T00:00:00+00:00'
[2026-06-23T17:14:41.489+0000] {taskinstance.py:732} INFO - ::endgroup::
[2026-06-23T17:14:41.569+0000] {logging_mixin.py:190} INFO - {'records': 25, 'table': 'gold.dim_seasons'}
[2026-06-23T17:14:41.571+0000] {python.py:240} INFO - Done. Returned value was: None
[2026-06-23T17:14:41.577+0000] {taskinstance.py:341} INFO - ::group::Post task execution logs
[2026-06-23T17:14:41.580+0000] {taskinstance.py:353} INFO - Marking task as SUCCESS. dag_id=season_pipeline_dag, task_id=gold_load, run_id=scheduled__2026-06-22T00:00:00+00:00, execution_date=20260622T000000, start_date=20260623T171441, end_date=20260623T171441
[2026-06-23T17:14:41.634+0000] {local_task_job_runner.py:266} INFO - Task exited with return code 0
[2026-06-23T17:14:41.644+0000] {taskinstance.py:3901} INFO - 0 downstream tasks scheduled from follow-on schedule check
[2026-06-23T17:14:41.647+0000] {local_task_job_runner.py:245} INFO - ::endgroup::
[2026-06-23T19:45:05.264+0000] {local_task_job_runner.py:123} INFO - ::group::Pre task execution logs
[2026-06-23T19:45:05.280+0000] {taskinstance.py:2614} INFO - Dependencies all met for dep_context=non-requeueable deps ti=<TaskInstance: season_pipeline_dag.gold_load scheduled__2026-06-22T00:00:00+00:00 [queued]>
[2026-06-23T19:45:05.288+0000] {taskinstance.py:2614} INFO - Dependencies all met for dep_context=requeueable deps ti=<TaskInstance: season_pipeline_dag.gold_load scheduled__2026-06-22T00:00:00+00:00 [queued]>
[2026-06-23T19:45:05.289+0000] {taskinstance.py:2867} INFO - Starting attempt 1 of 1
[2026-06-23T19:45:05.304+0000] {taskinstance.py:2890} INFO - Executing <Task(PythonOperator): gold_load> on 2026-06-22 00:00:00+00:00
[2026-06-23T19:45:05.318+0000] {standard_task_runner.py:104} INFO - Running: ['airflow', 'tasks', 'run', 'season_pipeline_dag', 'gold_load', 'scheduled__2026-06-22T00:00:00+00:00', '--job-id', '29', '--raw', '--subdir', 'DAGS_FOLDER/seasons_pipeline_dag.py', '--cfg-path', '/tmp/tmprjxl3bm9']
[2026-06-23T19:45:05.322+0000] {standard_task_runner.py:105} INFO - Job 29: Subtask gold_load
[2026-06-23T19:45:05.322+0000] {logging_mixin.py:190} WARNING - /home/airflow/.local/lib/python3.12/site-packages/airflow/task/task_runner/standard_task_runner.py:70 DeprecationWarning: This process (pid=527) is multi-threaded, use of fork() may lead to deadlocks in the child.
[2026-06-23T19:45:05.324+0000] {standard_task_runner.py:72} INFO - Started process 541 to run task
[2026-06-23T19:45:05.390+0000] {task_command.py:467} INFO - Running <TaskInstance: season_pipeline_dag.gold_load scheduled__2026-06-22T00:00:00+00:00 [running]> on host 63be96c18349
[2026-06-23T19:45:05.453+0000] {taskinstance.py:3134} INFO - Exporting env vars: AIRFLOW_CTX_DAG_OWNER='airflow' AIRFLOW_CTX_DAG_ID='season_pipeline_dag' AIRFLOW_CTX_TASK_ID='gold_load' AIRFLOW_CTX_EXECUTION_DATE='2026-06-22T00:00:00+00:00' AIRFLOW_CTX_TRY_NUMBER='1' AIRFLOW_CTX_DAG_RUN_ID='scheduled__2026-06-22T00:00:00+00:00'
[2026-06-23T19:45:05.456+0000] {taskinstance.py:732} INFO - ::endgroup::
[2026-06-23T19:45:05.539+0000] {logging_mixin.py:190} INFO - {'records': 25, 'table': 'gold.dim_seasons'}
[2026-06-23T19:45:05.541+0000] {python.py:240} INFO - Done. Returned value was: None
[2026-06-23T19:45:05.547+0000] {taskinstance.py:341} INFO - ::group::Post task execution logs
[2026-06-23T19:45:05.549+0000] {taskinstance.py:353} INFO - Marking task as SUCCESS. dag_id=season_pipeline_dag, task_id=gold_load, run_id=scheduled__2026-06-22T00:00:00+00:00, execution_date=20260622T000000, start_date=20260623T194505, end_date=20260623T194505
[2026-06-23T19:45:05.582+0000] {local_task_job_runner.py:266} INFO - Task exited with return code 0
[2026-06-23T19:45:05.592+0000] {taskinstance.py:3901} INFO - 0 downstream tasks scheduled from follow-on schedule check
[2026-06-23T19:45:05.594+0000] {local_task_job_runner.py:245} INFO - ::endgroup::
